{"/home/runner/work/blacktrigram/blacktrigram/src/audio/AudioAssetLoader.ts": {"path":"/home/runner/work/blacktrigram/blacktrigram/src/audio/AudioAssetLoader.ts","statementMap":{"0":{"start":{"line":35,"column":46},"end":{"line":35,"column":null}},"1":{"start":{"line":36,"column":53},"end":{"line":36,"column":null}},"2":{"start":{"line":37,"column":62},"end":{"line":37,"column":null}},"3":{"start":{"line":51,"column":8},"end":{"line":51,"column":null}},"4":{"start":{"line":54,"column":19},"end":{"line":54,"column":null}},"5":{"start":{"line":55,"column":4},"end":{"line":63,"column":null}},"6":{"start":{"line":56,"column":6},"end":{"line":62,"column":null}},"7":{"start":{"line":66,"column":28},"end":{"line":66,"column":null}},"8":{"start":{"line":67,"column":4},"end":{"line":69,"column":null}},"9":{"start":{"line":68,"column":6},"end":{"line":68,"column":null}},"10":{"start":{"line":71,"column":22},"end":{"line":71,"column":null}},"11":{"start":{"line":72,"column":24},"end":{"line":78,"column":null}},"12":{"start":{"line":80,"column":4},"end":{"line":80,"column":null}},"13":{"start":{"line":82,"column":4},"end":{"line":102,"column":null}},"14":{"start":{"line":83,"column":21},"end":{"line":83,"column":null}},"15":{"start":{"line":84,"column":6},"end":{"line":84,"column":null}},"16":{"start":{"line":86,"column":6},"end":{"line":88,"column":null}},"17":{"start":{"line":87,"column":8},"end":{"line":87,"column":null}},"18":{"start":{"line":90,"column":6},"end":{"line":93,"column":null}},"19":{"start":{"line":95,"column":6},"end":{"line":95,"column":null}},"20":{"start":{"line":96,"column":6},"end":{"line":101,"column":null}},"21":{"start":{"line":115,"column":34},"end":{"line":115,"column":null}},"22":{"start":{"line":116,"column":25},"end":{"line":116,"column":null}},"23":{"start":{"line":117,"column":4},"end":{"line":117,"column":null}},"24":{"start":{"line":120,"column":20},"end":{"line":120,"column":null}},"25":{"start":{"line":122,"column":4},"end":{"line":148,"column":null}},"26":{"start":{"line":122,"column":23},"end":{"line":122,"column":26}},"27":{"start":{"line":123,"column":6},"end":{"line":141,"column":null}},"28":{"start":{"line":124,"column":8},"end":{"line":140,"column":null}},"29":{"start":{"line":125,"column":24},"end":{"line":125,"column":null}},"30":{"start":{"line":126,"column":10},"end":{"line":126,"column":null}},"31":{"start":{"line":127,"column":10},"end":{"line":133,"column":null}},"32":{"start":{"line":135,"column":10},"end":{"line":135,"column":null}},"33":{"start":{"line":136,"column":10},"end":{"line":139,"column":null}},"34":{"start":{"line":144,"column":6},"end":{"line":147,"column":null}},"35":{"start":{"line":145,"column":22},"end":{"line":145,"column":null}},"36":{"start":{"line":146,"column":8},"end":{"line":146,"column":null}},"37":{"start":{"line":151,"column":4},"end":{"line":153,"column":null}},"38":{"start":{"line":154,"column":4},"end":{"line":161,"column":null}},"39":{"start":{"line":168,"column":30},"end":{"line":168,"column":null}},"40":{"start":{"line":171,"column":4},"end":{"line":173,"column":null}},"41":{"start":{"line":172,"column":6},"end":{"line":172,"column":null}},"42":{"start":{"line":176,"column":4},"end":{"line":178,"column":null}},"43":{"start":{"line":177,"column":6},"end":{"line":177,"column":null}},"44":{"start":{"line":181,"column":4},"end":{"line":186,"column":null}},"45":{"start":{"line":182,"column":21},"end":{"line":182,"column":null}},"46":{"start":{"line":183,"column":6},"end":{"line":185,"column":null}},"47":{"start":{"line":184,"column":8},"end":{"line":184,"column":null}},"48":{"start":{"line":188,"column":4},"end":{"line":188,"column":null}},"49":{"start":{"line":199,"column":4},"end":{"line":233,"column":null}},"50":{"start":{"line":200,"column":20},"end":{"line":200,"column":null}},"51":{"start":{"line":201,"column":6},"end":{"line":201,"column":null}},"52":{"start":{"line":203,"column":45},"end":{"line":203,"column":null}},"53":{"start":{"line":204,"column":21},"end":{"line":204,"column":null}},"54":{"start":{"line":206,"column":21},"end":{"line":211,"column":null}},"55":{"start":{"line":207,"column":8},"end":{"line":207,"column":null}},"56":{"start":{"line":207,"column":22},"end":{"line":207,"column":null}},"57":{"start":{"line":208,"column":8},"end":{"line":208,"column":null}},"58":{"start":{"line":209,"column":8},"end":{"line":209,"column":null}},"59":{"start":{"line":209,"column":23},"end":{"line":209,"column":null}},"60":{"start":{"line":210,"column":8},"end":{"line":210,"column":null}},"61":{"start":{"line":213,"column":22},"end":{"line":219,"column":null}},"62":{"start":{"line":214,"column":8},"end":{"line":214,"column":null}},"63":{"start":{"line":214,"column":22},"end":{"line":214,"column":null}},"64":{"start":{"line":215,"column":8},"end":{"line":215,"column":null}},"65":{"start":{"line":216,"column":8},"end":{"line":216,"column":null}},"66":{"start":{"line":216,"column":23},"end":{"line":216,"column":null}},"67":{"start":{"line":217,"column":8},"end":{"line":217,"column":null}},"68":{"start":{"line":218,"column":8},"end":{"line":218,"column":null}},"69":{"start":{"line":221,"column":6},"end":{"line":226,"column":null}},"70":{"start":{"line":222,"column":8},"end":{"line":222,"column":null}},"71":{"start":{"line":222,"column":22},"end":{"line":222,"column":null}},"72":{"start":{"line":223,"column":8},"end":{"line":223,"column":null}},"73":{"start":{"line":224,"column":8},"end":{"line":224,"column":null}},"74":{"start":{"line":225,"column":8},"end":{"line":225,"column":null}},"75":{"start":{"line":228,"column":6},"end":{"line":228,"column":null}},"76":{"start":{"line":229,"column":6},"end":{"line":229,"column":null}},"77":{"start":{"line":231,"column":6},"end":{"line":231,"column":null}},"78":{"start":{"line":232,"column":6},"end":{"line":232,"column":null}},"79":{"start":{"line":244,"column":34},"end":{"line":244,"column":null}},"80":{"start":{"line":245,"column":17},"end":{"line":245,"column":null}},"81":{"start":{"line":246,"column":17},"end":{"line":246,"column":null}},"82":{"start":{"line":248,"column":4},"end":{"line":265,"column":null}},"83":{"start":{"line":249,"column":6},"end":{"line":255,"column":null}},"84":{"start":{"line":257,"column":21},"end":{"line":257,"column":null}},"85":{"start":{"line":258,"column":6},"end":{"line":258,"column":null}},"86":{"start":{"line":260,"column":6},"end":{"line":264,"column":null}},"87":{"start":{"line":261,"column":8},"end":{"line":261,"column":null}},"88":{"start":{"line":263,"column":8},"end":{"line":263,"column":null}},"89":{"start":{"line":267,"column":4},"end":{"line":272,"column":null}},"90":{"start":{"line":274,"column":4},"end":{"line":274,"column":null}},"91":{"start":{"line":285,"column":27},"end":{"line":288,"column":null}},"92":{"start":{"line":287,"column":8},"end":{"line":287,"column":null}},"93":{"start":{"line":290,"column":4},"end":{"line":292,"column":null}},"94":{"start":{"line":291,"column":6},"end":{"line":291,"column":null}},"95":{"start":{"line":294,"column":4},"end":{"line":294,"column":null}},"96":{"start":{"line":303,"column":18},"end":{"line":303,"column":null}},"97":{"start":{"line":304,"column":4},"end":{"line":311,"column":null}},"98":{"start":{"line":305,"column":6},"end":{"line":305,"column":null}},"99":{"start":{"line":306,"column":6},"end":{"line":306,"column":null}},"100":{"start":{"line":307,"column":6},"end":{"line":307,"column":null}},"101":{"start":{"line":308,"column":6},"end":{"line":308,"column":null}},"102":{"start":{"line":309,"column":6},"end":{"line":309,"column":null}},"103":{"start":{"line":310,"column":6},"end":{"line":310,"column":null}},"104":{"start":{"line":312,"column":4},"end":{"line":312,"column":null}},"105":{"start":{"line":321,"column":4},"end":{"line":321,"column":null}},"106":{"start":{"line":330,"column":4},"end":{"line":330,"column":null}},"107":{"start":{"line":338,"column":4},"end":{"line":338,"column":null}},"108":{"start":{"line":345,"column":4},"end":{"line":349,"column":null}},"109":{"start":{"line":346,"column":6},"end":{"line":346,"column":null}},"110":{"start":{"line":347,"column":6},"end":{"line":347,"column":null}},"111":{"start":{"line":348,"column":6},"end":{"line":348,"column":null}},"112":{"start":{"line":350,"column":4},"end":{"line":350,"column":null}},"113":{"start":{"line":351,"column":4},"end":{"line":351,"column":null}},"114":{"start":{"line":352,"column":4},"end":{"line":352,"column":null}},"115":{"start":{"line":359,"column":18},"end":{"line":359,"column":null}},"116":{"start":{"line":362,"column":4},"end":{"line":363,"column":null}},"117":{"start":{"line":364,"column":4},"end":{"line":364,"column":null}},"118":{"start":{"line":371,"column":4},"end":{"line":371,"column":null}},"119":{"start":{"line":371,"column":36},"end":{"line":371,"column":59}},"120":{"start":{"line":383,"column":4},"end":{"line":390,"column":null}},"121":{"start":{"line":387,"column":22},"end":{"line":387,"column":null}}},"fnMap":{"0":{"name":"(anonymous_0)","decl":{"start":{"line":42,"column":8},"end":{"line":42,"column":null}},"loc":{"start":{"line":45,"column":25},"end":{"line":103,"column":null}},"line":45},"1":{"name":"(anonymous_1)","decl":{"start":{"line":108,"column":16},"end":{"line":108,"column":null}},"loc":{"start":{"line":114,"column":25},"end":{"line":162,"column":null}},"line":114},"2":{"name":"(anonymous_2)","decl":{"start":{"line":167,"column":10},"end":{"line":167,"column":26}},"loc":{"start":{"line":167,"column":55},"end":{"line":189,"column":null}},"line":167},"3":{"name":"(anonymous_3)","decl":{"start":{"line":194,"column":10},"end":{"line":194,"column":null}},"loc":{"start":{"line":198,"column":31},"end":{"line":234,"column":null}},"line":198},"4":{"name":"(anonymous_4)","decl":{"start":{"line":199,"column":23},"end":{"line":199,"column":24}},"loc":{"start":{"line":199,"column":44},"end":{"line":233,"column":5}},"line":199},"5":{"name":"(anonymous_5)","decl":{"start":{"line":206,"column":21},"end":{"line":206,"column":27}},"loc":{"start":{"line":206,"column":27},"end":{"line":211,"column":null}},"line":206},"6":{"name":"(anonymous_6)","decl":{"start":{"line":213,"column":22},"end":{"line":213,"column":28}},"loc":{"start":{"line":213,"column":28},"end":{"line":219,"column":null}},"line":213},"7":{"name":"(anonymous_7)","decl":{"start":{"line":221,"column":29},"end":{"line":221,"column":35}},"loc":{"start":{"line":221,"column":35},"end":{"line":226,"column":9}},"line":221},"8":{"name":"(anonymous_8)","decl":{"start":{"line":239,"column":8},"end":{"line":239,"column":null}},"loc":{"start":{"line":243,"column":27},"end":{"line":275,"column":null}},"line":243},"9":{"name":"(anonymous_9)","decl":{"start":{"line":280,"column":8},"end":{"line":280,"column":null}},"loc":{"start":{"line":283,"column":27},"end":{"line":295,"column":null}},"line":283},"10":{"name":"(anonymous_10)","decl":{"start":{"line":286,"column":6},"end":{"line":286,"column":7}},"loc":{"start":{"line":287,"column":8},"end":{"line":287,"column":null}},"line":287},"11":{"name":"(anonymous_11)","decl":{"start":{"line":302,"column":2},"end":{"line":302,"column":14}},"loc":{"start":{"line":302,"column":40},"end":{"line":313,"column":null}},"line":302},"12":{"name":"(anonymous_12)","decl":{"start":{"line":320,"column":2},"end":{"line":320,"column":12}},"loc":{"start":{"line":320,"column":59},"end":{"line":322,"column":null}},"line":320},"13":{"name":"(anonymous_13)","decl":{"start":{"line":329,"column":2},"end":{"line":329,"column":11}},"loc":{"start":{"line":329,"column":37},"end":{"line":331,"column":null}},"line":329},"14":{"name":"(anonymous_14)","decl":{"start":{"line":337,"column":2},"end":{"line":337,"column":25}},"loc":{"start":{"line":337,"column":25},"end":{"line":339,"column":null}},"line":337},"15":{"name":"(anonymous_15)","decl":{"start":{"line":344,"column":2},"end":{"line":344,"column":21}},"loc":{"start":{"line":344,"column":21},"end":{"line":353,"column":null}},"line":344},"16":{"name":"(anonymous_16)","decl":{"start":{"line":345,"column":27},"end":{"line":345,"column":28}},"loc":{"start":{"line":345,"column":38},"end":{"line":349,"column":5}},"line":345},"17":{"name":"(anonymous_17)","decl":{"start":{"line":358,"column":10},"end":{"line":358,"column":54}},"loc":{"start":{"line":358,"column":54},"end":{"line":365,"column":null}},"line":358},"18":{"name":"(anonymous_18)","decl":{"start":{"line":370,"column":10},"end":{"line":370,"column":16}},"loc":{"start":{"line":370,"column":43},"end":{"line":372,"column":null}},"line":370},"19":{"name":"(anonymous_19)","decl":{"start":{"line":371,"column":23},"end":{"line":371,"column":24}},"loc":{"start":{"line":371,"column":36},"end":{"line":371,"column":59}},"line":371},"20":{"name":"(anonymous_20)","decl":{"start":{"line":378,"column":2},"end":{"line":378,"column":null}},"loc":{"start":{"line":382,"column":4},"end":{"line":391,"column":null}},"line":382},"21":{"name":"(anonymous_21)","decl":{"start":{"line":387,"column":8},"end":{"line":387,"column":9}},"loc":{"start":{"line":387,"column":22},"end":{"line":387,"column":null}},"line":387}},"branchMap":{"0":{"loc":{"start":{"line":44,"column":4},"end":{"line":44,"column":null}},"type":"default-arg","locations":[{"start":{"line":44,"column":27},"end":{"line":44,"column":null}}],"line":44},"1":{"loc":{"start":{"line":47,"column":6},"end":{"line":47,"column":null}},"type":"default-arg","locations":[{"start":{"line":47,"column":17},"end":{"line":47,"column":null}}],"line":47},"2":{"loc":{"start":{"line":48,"column":6},"end":{"line":48,"column":null}},"type":"default-arg","locations":[{"start":{"line":48,"column":19},"end":{"line":48,"column":null}}],"line":48},"3":{"loc":{"start":{"line":49,"column":6},"end":{"line":49,"column":null}},"type":"default-arg","locations":[{"start":{"line":49,"column":19},"end":{"line":49,"column":null}}],"line":49},"4":{"loc":{"start":{"line":50,"column":6},"end":{"line":50,"column":null}},"type":"default-arg","locations":[{"start":{"line":50,"column":16},"end":{"line":50,"column":null}}],"line":50},"5":{"loc":{"start":{"line":55,"column":4},"end":{"line":63,"column":null}},"type":"if","locations":[{"start":{"line":55,"column":4},"end":{"line":63,"column":null}},{"start":{},"end":{}}],"line":55},"6":{"loc":{"start":{"line":67,"column":4},"end":{"line":69,"column":null}},"type":"if","locations":[{"start":{"line":67,"column":4},"end":{"line":69,"column":null}},{"start":{},"end":{}}],"line":67},"7":{"loc":{"start":{"line":86,"column":6},"end":{"line":88,"column":null}},"type":"if","locations":[{"start":{"line":86,"column":6},"end":{"line":88,"column":null}},{"start":{},"end":{}}],"line":86},"8":{"loc":{"start":{"line":86,"column":10},"end":{"line":86,"column":42}},"type":"binary-expr","locations":[{"start":{"line":86,"column":10},"end":{"line":86,"column":28}},{"start":{"line":86,"column":28},"end":{"line":86,"column":42}}],"line":86},"9":{"loc":{"start":{"line":98,"column":15},"end":{"line":98,"column":null}},"type":"cond-expr","locations":[{"start":{"line":98,"column":40},"end":{"line":98,"column":48}},{"start":{"line":98,"column":48},"end":{"line":98,"column":null}}],"line":98},"10":{"loc":{"start":{"line":99,"column":22},"end":{"line":99,"column":null}},"type":"binary-expr","locations":[{"start":{"line":99,"column":22},"end":{"line":99,"column":57}},{"start":{"line":99,"column":57},"end":{"line":99,"column":null}}],"line":99},"11":{"loc":{"start":{"line":116,"column":25},"end":{"line":116,"column":null}},"type":"binary-expr","locations":[{"start":{"line":116,"column":25},"end":{"line":116,"column":60}},{"start":{"line":116,"column":60},"end":{"line":116,"column":null}}],"line":116},"12":{"loc":{"start":{"line":135,"column":22},"end":{"line":135,"column":null}},"type":"cond-expr","locations":[{"start":{"line":135,"column":47},"end":{"line":135,"column":55}},{"start":{"line":135,"column":55},"end":{"line":135,"column":null}}],"line":135},"13":{"loc":{"start":{"line":144,"column":6},"end":{"line":147,"column":null}},"type":"if","locations":[{"start":{"line":144,"column":6},"end":{"line":147,"column":null}},{"start":{},"end":{}}],"line":144},"14":{"loc":{"start":{"line":157,"column":13},"end":{"line":157,"column":null}},"type":"binary-expr","locations":[{"start":{"line":157,"column":13},"end":{"line":157,"column":26}},{"start":{"line":157,"column":26},"end":{"line":157,"column":null}}],"line":157},"15":{"loc":{"start":{"line":171,"column":4},"end":{"line":173,"column":null}},"type":"if","locations":[{"start":{"line":171,"column":4},"end":{"line":173,"column":null}},{"start":{},"end":{}}],"line":171},"16":{"loc":{"start":{"line":176,"column":4},"end":{"line":178,"column":null}},"type":"if","locations":[{"start":{"line":176,"column":4},"end":{"line":178,"column":null}},{"start":{},"end":{}}],"line":176},"17":{"loc":{"start":{"line":176,"column":8},"end":{"line":176,"column":66}},"type":"binary-expr","locations":[{"start":{"line":176,"column":8},"end":{"line":176,"column":33}},{"start":{"line":176,"column":33},"end":{"line":176,"column":66}}],"line":176},"18":{"loc":{"start":{"line":181,"column":4},"end":{"line":186,"column":null}},"type":"if","locations":[{"start":{"line":181,"column":4},"end":{"line":186,"column":null}},{"start":{},"end":{}}],"line":181},"19":{"loc":{"start":{"line":183,"column":6},"end":{"line":185,"column":null}},"type":"if","locations":[{"start":{"line":183,"column":6},"end":{"line":185,"column":null}},{"start":{},"end":{}}],"line":183},"20":{"loc":{"start":{"line":207,"column":8},"end":{"line":207,"column":null}},"type":"if","locations":[{"start":{"line":207,"column":8},"end":{"line":207,"column":null}},{"start":{},"end":{}}],"line":207},"21":{"loc":{"start":{"line":209,"column":8},"end":{"line":209,"column":null}},"type":"if","locations":[{"start":{"line":209,"column":8},"end":{"line":209,"column":null}},{"start":{},"end":{}}],"line":209},"22":{"loc":{"start":{"line":214,"column":8},"end":{"line":214,"column":null}},"type":"if","locations":[{"start":{"line":214,"column":8},"end":{"line":214,"column":null}},{"start":{},"end":{}}],"line":214},"23":{"loc":{"start":{"line":216,"column":8},"end":{"line":216,"column":null}},"type":"if","locations":[{"start":{"line":216,"column":8},"end":{"line":216,"column":null}},{"start":{},"end":{}}],"line":216},"24":{"loc":{"start":{"line":222,"column":8},"end":{"line":222,"column":null}},"type":"if","locations":[{"start":{"line":222,"column":8},"end":{"line":222,"column":null}},{"start":{},"end":{}}],"line":222},"25":{"loc":{"start":{"line":241,"column":4},"end":{"line":241,"column":null}},"type":"default-arg","locations":[{"start":{"line":241,"column":27},"end":{"line":241,"column":null}}],"line":241},"26":{"loc":{"start":{"line":260,"column":6},"end":{"line":264,"column":null}},"type":"if","locations":[{"start":{"line":260,"column":6},"end":{"line":264,"column":null}},{"start":{"line":262,"column":13},"end":{"line":264,"column":null}}],"line":260},"27":{"loc":{"start":{"line":287,"column":8},"end":{"line":287,"column":null}},"type":"binary-expr","locations":[{"start":{"line":287,"column":8},"end":{"line":287,"column":38}},{"start":{"line":287,"column":38},"end":{"line":287,"column":null}}],"line":287},"28":{"loc":{"start":{"line":290,"column":4},"end":{"line":292,"column":null}},"type":"if","locations":[{"start":{"line":290,"column":4},"end":{"line":292,"column":null}},{"start":{},"end":{}}],"line":290},"29":{"loc":{"start":{"line":304,"column":4},"end":{"line":311,"column":null}},"type":"if","locations":[{"start":{"line":304,"column":4},"end":{"line":311,"column":null}},{"start":{},"end":{}}],"line":304}},"s":{"0":57,"1":57,"2":57,"3":44,"4":44,"5":44,"6":2,"7":42,"8":42,"9":0,"10":42,"11":42,"12":42,"13":42,"14":42,"15":41,"16":41,"17":17,"18":41,"19":1,"20":1,"21":42,"22":42,"23":42,"24":42,"25":42,"26":42,"27":52,"28":55,"29":55,"30":17,"31":17,"32":38,"33":38,"34":35,"35":10,"36":10,"37":25,"38":25,"39":42,"40":42,"41":42,"42":42,"43":0,"44":42,"45":1,"46":1,"47":1,"48":42,"49":55,"50":55,"51":55,"52":55,"53":55,"54":55,"55":24,"56":7,"57":17,"58":17,"59":17,"60":17,"61":55,"62":16,"63":0,"64":16,"65":16,"66":16,"67":16,"68":16,"69":55,"70":21,"71":0,"72":21,"73":21,"74":21,"75":55,"76":55,"77":55,"78":55,"79":5,"80":5,"81":5,"82":5,"83":10,"84":10,"85":10,"86":10,"87":8,"88":2,"89":5,"90":5,"91":2,"92":3,"93":2,"94":1,"95":1,"96":1,"97":1,"98":1,"99":1,"100":1,"101":1,"102":1,"103":1,"104":0,"105":1,"106":3,"107":4,"108":1,"109":2,"110":2,"111":2,"112":1,"113":1,"114":1,"115":25,"116":25,"117":25,"118":10,"119":10,"120":3,"121":2},"f":{"0":44,"1":42,"2":42,"3":55,"4":55,"5":24,"6":16,"7":21,"8":5,"9":2,"10":3,"11":1,"12":1,"13":3,"14":4,"15":1,"16":2,"17":25,"18":10,"19":10,"20":3,"21":2},"b":{"0":[44],"1":[44],"2":[44],"3":[44],"4":[44],"5":[2,42],"6":[0,42],"7":[17,24],"8":[41,17],"9":[1,0],"10":[1,0],"11":[42,42],"12":[38,0],"13":[10,25],"14":[25,0],"15":[42,0],"16":[0,42],"17":[42,0],"18":[1,41],"19":[1,0],"20":[7,17],"21":[17,0],"22":[0,16],"23":[16,0],"24":[0,21],"25":[5],"26":[8,2],"27":[3,2],"28":[1,1],"29":[1,0]},"meta":{"lastBranch":30,"lastFunction":22,"lastStatement":122,"seen":{"s:35:46:35:Infinity":0,"s:36:53:36:Infinity":1,"s:37:62:37:Infinity":2,"f:42:8:42:Infinity":0,"b:44:27:44:Infinity":0,"s:51:8:51:Infinity":3,"b:47:17:47:Infinity":1,"b:48:19:48:Infinity":2,"b:49:19:49:Infinity":3,"b:50:16:50:Infinity":4,"s:54:19:54:Infinity":4,"b:55:4:63:Infinity:undefined:undefined:undefined:undefined":5,"s:55:4:63:Infinity":5,"s:56:6:62:Infinity":6,"s:66:28:66:Infinity":7,"b:67:4:69:Infinity:undefined:undefined:undefined:undefined":6,"s:67:4:69:Infinity":8,"s:68:6:68:Infinity":9,"s:71:22:71:Infinity":10,"s:72:24:78:Infinity":11,"s:80:4:80:Infinity":12,"s:82:4:102:Infinity":13,"s:83:21:83:Infinity":14,"s:84:6:84:Infinity":15,"b:86:6:88:Infinity:undefined:undefined:undefined:undefined":7,"s:86:6:88:Infinity":16,"b:86:10:86:28:86:28:86:42":8,"s:87:8:87:Infinity":17,"s:90:6:93:Infinity":18,"s:95:6:95:Infinity":19,"s:96:6:101:Infinity":20,"b:98:40:98:48:98:48:98:Infinity":9,"b:99:22:99:57:99:57:99:Infinity":10,"f:108:16:108:Infinity":1,"s:115:34:115:Infinity":21,"s:116:25:116:Infinity":22,"b:116:25:116:60:116:60:116:Infinity":11,"s:117:4:117:Infinity":23,"s:120:20:120:Infinity":24,"s:122:4:148:Infinity":25,"s:122:23:122:26":26,"s:123:6:141:Infinity":27,"s:124:8:140:Infinity":28,"s:125:24:125:Infinity":29,"s:126:10:126:Infinity":30,"s:127:10:133:Infinity":31,"s:135:10:135:Infinity":32,"b:135:47:135:55:135:55:135:Infinity":12,"s:136:10:139:Infinity":33,"b:144:6:147:Infinity:undefined:undefined:undefined:undefined":13,"s:144:6:147:Infinity":34,"s:145:22:145:Infinity":35,"s:146:8:146:Infinity":36,"s:151:4:153:Infinity":37,"s:154:4:161:Infinity":38,"b:157:13:157:26:157:26:157:Infinity":14,"f:167:10:167:26":2,"s:168:30:168:Infinity":39,"b:171:4:173:Infinity:undefined:undefined:undefined:undefined":15,"s:171:4:173:Infinity":40,"s:172:6:172:Infinity":41,"b:176:4:178:Infinity:undefined:undefined:undefined:undefined":16,"s:176:4:178:Infinity":42,"b:176:8:176:33:176:33:176:66":17,"s:177:6:177:Infinity":43,"b:181:4:186:Infinity:undefined:undefined:undefined:undefined":18,"s:181:4:186:Infinity":44,"s:182:21:182:Infinity":45,"b:183:6:185:Infinity:undefined:undefined:undefined:undefined":19,"s:183:6:185:Infinity":46,"s:184:8:184:Infinity":47,"s:188:4:188:Infinity":48,"f:194:10:194:Infinity":3,"s:199:4:233:Infinity":49,"f:199:23:199:24":4,"s:200:20:200:Infinity":50,"s:201:6:201:Infinity":51,"s:203:45:203:Infinity":52,"s:204:21:204:Infinity":53,"s:206:21:211:Infinity":54,"f:206:21:206:27":5,"b:207:8:207:Infinity:undefined:undefined:undefined:undefined":20,"s:207:8:207:Infinity":55,"s:207:22:207:Infinity":56,"s:208:8:208:Infinity":57,"b:209:8:209:Infinity:undefined:undefined:undefined:undefined":21,"s:209:8:209:Infinity":58,"s:209:23:209:Infinity":59,"s:210:8:210:Infinity":60,"s:213:22:219:Infinity":61,"f:213:22:213:28":6,"b:214:8:214:Infinity:undefined:undefined:undefined:undefined":22,"s:214:8:214:Infinity":62,"s:214:22:214:Infinity":63,"s:215:8:215:Infinity":64,"b:216:8:216:Infinity:undefined:undefined:undefined:undefined":23,"s:216:8:216:Infinity":65,"s:216:23:216:Infinity":66,"s:217:8:217:Infinity":67,"s:218:8:218:Infinity":68,"s:221:6:226:Infinity":69,"f:221:29:221:35":7,"b:222:8:222:Infinity:undefined:undefined:undefined:undefined":24,"s:222:8:222:Infinity":70,"s:222:22:222:Infinity":71,"s:223:8:223:Infinity":72,"s:224:8:224:Infinity":73,"s:225:8:225:Infinity":74,"s:228:6:228:Infinity":75,"s:229:6:229:Infinity":76,"s:231:6:231:Infinity":77,"s:232:6:232:Infinity":78,"f:239:8:239:Infinity":8,"b:241:27:241:Infinity":25,"s:244:34:244:Infinity":79,"s:245:17:245:Infinity":80,"s:246:17:246:Infinity":81,"s:248:4:265:Infinity":82,"s:249:6:255:Infinity":83,"s:257:21:257:Infinity":84,"s:258:6:258:Infinity":85,"b:260:6:264:Infinity:262:13:264:Infinity":26,"s:260:6:264:Infinity":86,"s:261:8:261:Infinity":87,"s:263:8:263:Infinity":88,"s:267:4:272:Infinity":89,"s:274:4:274:Infinity":90,"f:280:8:280:Infinity":9,"s:285:27:288:Infinity":91,"f:286:6:286:7":10,"s:287:8:287:Infinity":92,"b:287:8:287:38:287:38:287:Infinity":27,"b:290:4:292:Infinity:undefined:undefined:undefined:undefined":28,"s:290:4:292:Infinity":93,"s:291:6:291:Infinity":94,"s:294:4:294:Infinity":95,"f:302:2:302:14":11,"s:303:18:303:Infinity":96,"b:304:4:311:Infinity:undefined:undefined:undefined:undefined":29,"s:304:4:311:Infinity":97,"s:305:6:305:Infinity":98,"s:306:6:306:Infinity":99,"s:307:6:307:Infinity":100,"s:308:6:308:Infinity":101,"s:309:6:309:Infinity":102,"s:310:6:310:Infinity":103,"s:312:4:312:Infinity":104,"f:320:2:320:12":12,"s:321:4:321:Infinity":105,"f:329:2:329:11":13,"s:330:4:330:Infinity":106,"f:337:2:337:25":14,"s:338:4:338:Infinity":107,"f:344:2:344:21":15,"s:345:4:349:Infinity":108,"f:345:27:345:28":16,"s:346:6:346:Infinity":109,"s:347:6:347:Infinity":110,"s:348:6:348:Infinity":111,"s:350:4:350:Infinity":112,"s:351:4:351:Infinity":113,"s:352:4:352:Infinity":114,"f:358:10:358:54":17,"s:359:18:359:Infinity":115,"s:362:4:363:Infinity":116,"s:364:4:364:Infinity":117,"f:370:10:370:16":18,"s:371:4:371:Infinity":118,"f:371:23:371:24":19,"s:371:36:371:59":119,"f:378:2:378:Infinity":20,"s:383:4:390:Infinity":120,"f:387:8:387:9":21,"s:387:22:387:Infinity":121}}}
,"/home/runner/work/blacktrigram/blacktrigram/src/audio/AudioManager.ts": {"path":"/home/runner/work/blacktrigram/blacktrigram/src/audio/AudioManager.ts","statementMap":{"0":{"start":{"line":19,"column":32},"end":{"line":19,"column":null}},"1":{"start":{"line":22,"column":34},"end":{"line":22,"column":null}},"2":{"start":{"line":23,"column":33},"end":{"line":23,"column":null}},"3":{"start":{"line":24,"column":31},"end":{"line":24,"column":null}},"4":{"start":{"line":25,"column":28},"end":{"line":25,"column":null}},"5":{"start":{"line":26,"column":46},"end":{"line":26,"column":null}},"6":{"start":{"line":27,"column":35},"end":{"line":27,"column":null}},"7":{"start":{"line":28,"column":50},"end":{"line":28,"column":null}},"8":{"start":{"line":29,"column":54},"end":{"line":29,"column":null}},"9":{"start":{"line":30,"column":36},"end":{"line":30,"column":null}},"10":{"start":{"line":36,"column":40},"end":{"line":40,"column":null}},"11":{"start":{"line":43,"column":4},"end":{"line":47,"column":null}},"12":{"start":{"line":44,"column":6},"end":{"line":44,"column":null}},"13":{"start":{"line":45,"column":6},"end":{"line":45,"column":null}},"14":{"start":{"line":46,"column":6},"end":{"line":46,"column":null}},"15":{"start":{"line":50,"column":4},"end":{"line":50,"column":null}},"16":{"start":{"line":51,"column":4},"end":{"line":51,"column":null}},"17":{"start":{"line":52,"column":4},"end":{"line":52,"column":null}},"18":{"start":{"line":61,"column":4},"end":{"line":71,"column":null}},"19":{"start":{"line":62,"column":6},"end":{"line":68,"column":null}},"20":{"start":{"line":65,"column":10},"end":{"line":65,"column":null}},"21":{"start":{"line":70,"column":6},"end":{"line":70,"column":null}},"22":{"start":{"line":76,"column":4},"end":{"line":76,"column":null}},"23":{"start":{"line":80,"column":4},"end":{"line":80,"column":null}},"24":{"start":{"line":84,"column":4},"end":{"line":84,"column":null}},"25":{"start":{"line":88,"column":4},"end":{"line":88,"column":null}},"26":{"start":{"line":92,"column":4},"end":{"line":92,"column":null}},"27":{"start":{"line":96,"column":4},"end":{"line":96,"column":null}},"28":{"start":{"line":100,"column":4},"end":{"line":100,"column":null}},"29":{"start":{"line":104,"column":4},"end":{"line":128,"column":null}},"30":{"start":{"line":106,"column":6},"end":{"line":106,"column":null}},"31":{"start":{"line":107,"column":6},"end":{"line":107,"column":null}},"32":{"start":{"line":108,"column":6},"end":{"line":108,"column":null}},"33":{"start":{"line":110,"column":6},"end":{"line":114,"column":null}},"34":{"start":{"line":111,"column":8},"end":{"line":111,"column":null}},"35":{"start":{"line":112,"column":8},"end":{"line":112,"column":null}},"36":{"start":{"line":113,"column":8},"end":{"line":113,"column":null}},"37":{"start":{"line":117,"column":6},"end":{"line":120,"column":null}},"38":{"start":{"line":118,"column":34},"end":{"line":118,"column":null}},"39":{"start":{"line":119,"column":8},"end":{"line":119,"column":null}},"40":{"start":{"line":122,"column":6},"end":{"line":125,"column":null}},"41":{"start":{"line":126,"column":6},"end":{"line":126,"column":null}},"42":{"start":{"line":127,"column":6},"end":{"line":127,"column":null}},"43":{"start":{"line":132,"column":22},"end":{"line":132,"column":null}},"44":{"start":{"line":134,"column":4},"end":{"line":180,"column":null}},"45":{"start":{"line":138,"column":8},"end":{"line":139,"column":null}},"46":{"start":{"line":140,"column":39},"end":{"line":145,"column":null}},"47":{"start":{"line":148,"column":21},"end":{"line":148,"column":null}},"48":{"start":{"line":150,"column":6},"end":{"line":175,"column":null}},"49":{"start":{"line":151,"column":8},"end":{"line":151,"column":null}},"50":{"start":{"line":152,"column":8},"end":{"line":152,"column":null}},"51":{"start":{"line":155,"column":25},"end":{"line":155,"column":null}},"52":{"start":{"line":156,"column":8},"end":{"line":156,"column":null}},"53":{"start":{"line":159,"column":8},"end":{"line":165,"column":null}},"54":{"start":{"line":160,"column":10},"end":{"line":164,"column":null}},"55":{"start":{"line":168,"column":22},"end":{"line":168,"column":null}},"56":{"start":{"line":169,"column":8},"end":{"line":169,"column":null}},"57":{"start":{"line":172,"column":8},"end":{"line":174,"column":null}},"58":{"start":{"line":173,"column":10},"end":{"line":173,"column":null}},"59":{"start":{"line":177,"column":18},"end":{"line":177,"column":null}},"60":{"start":{"line":178,"column":6},"end":{"line":178,"column":null}},"61":{"start":{"line":179,"column":6},"end":{"line":179,"column":null}},"62":{"start":{"line":184,"column":4},"end":{"line":184,"column":null}},"63":{"start":{"line":184,"column":21},"end":{"line":184,"column":null}},"64":{"start":{"line":186,"column":26},"end":{"line":186,"column":null}},"65":{"start":{"line":188,"column":4},"end":{"line":217,"column":null}},"66":{"start":{"line":190,"column":6},"end":{"line":203,"column":null}},"67":{"start":{"line":191,"column":22},"end":{"line":191,"column":null}},"68":{"start":{"line":192,"column":8},"end":{"line":202,"column":null}},"69":{"start":{"line":193,"column":10},"end":{"line":193,"column":null}},"70":{"start":{"line":194,"column":10},"end":{"line":194,"column":null}},"71":{"start":{"line":197,"column":10},"end":{"line":197,"column":null}},"72":{"start":{"line":199,"column":26},"end":{"line":199,"column":null}},"73":{"start":{"line":200,"column":10},"end":{"line":200,"column":null}},"74":{"start":{"line":201,"column":10},"end":{"line":201,"column":null}},"75":{"start":{"line":206,"column":20},"end":{"line":206,"column":null}},"76":{"start":{"line":207,"column":6},"end":{"line":214,"column":null}},"77":{"start":{"line":208,"column":8},"end":{"line":208,"column":null}},"78":{"start":{"line":209,"column":8},"end":{"line":209,"column":null}},"79":{"start":{"line":210,"column":8},"end":{"line":210,"column":null}},"80":{"start":{"line":212,"column":24},"end":{"line":212,"column":null}},"81":{"start":{"line":213,"column":8},"end":{"line":213,"column":null}},"82":{"start":{"line":216,"column":6},"end":{"line":216,"column":null}},"83":{"start":{"line":222,"column":4},"end":{"line":222,"column":null}},"84":{"start":{"line":222,"column":21},"end":{"line":222,"column":null}},"85":{"start":{"line":224,"column":26},"end":{"line":224,"column":null}},"86":{"start":{"line":226,"column":4},"end":{"line":255,"column":null}},"87":{"start":{"line":228,"column":6},"end":{"line":241,"column":null}},"88":{"start":{"line":229,"column":22},"end":{"line":229,"column":null}},"89":{"start":{"line":230,"column":8},"end":{"line":240,"column":null}},"90":{"start":{"line":231,"column":10},"end":{"line":231,"column":null}},"91":{"start":{"line":232,"column":10},"end":{"line":232,"column":null}},"92":{"start":{"line":235,"column":10},"end":{"line":235,"column":null}},"93":{"start":{"line":237,"column":26},"end":{"line":237,"column":null}},"94":{"start":{"line":238,"column":10},"end":{"line":238,"column":null}},"95":{"start":{"line":239,"column":10},"end":{"line":239,"column":null}},"96":{"start":{"line":244,"column":20},"end":{"line":244,"column":null}},"97":{"start":{"line":245,"column":6},"end":{"line":252,"column":null}},"98":{"start":{"line":246,"column":8},"end":{"line":246,"column":null}},"99":{"start":{"line":247,"column":8},"end":{"line":247,"column":null}},"100":{"start":{"line":248,"column":8},"end":{"line":248,"column":null}},"101":{"start":{"line":250,"column":24},"end":{"line":250,"column":null}},"102":{"start":{"line":251,"column":8},"end":{"line":251,"column":null}},"103":{"start":{"line":254,"column":6},"end":{"line":254,"column":null}},"104":{"start":{"line":259,"column":4},"end":{"line":259,"column":null}},"105":{"start":{"line":259,"column":21},"end":{"line":259,"column":null}},"106":{"start":{"line":261,"column":4},"end":{"line":261,"column":null}},"107":{"start":{"line":263,"column":18},"end":{"line":263,"column":null}},"108":{"start":{"line":264,"column":4},"end":{"line":275,"column":null}},"109":{"start":{"line":265,"column":6},"end":{"line":274,"column":null}},"110":{"start":{"line":266,"column":8},"end":{"line":266,"column":null}},"111":{"start":{"line":267,"column":8},"end":{"line":267,"column":null}},"112":{"start":{"line":268,"column":8},"end":{"line":268,"column":null}},"113":{"start":{"line":269,"column":8},"end":{"line":269,"column":null}},"114":{"start":{"line":270,"column":8},"end":{"line":270,"column":null}},"115":{"start":{"line":271,"column":8},"end":{"line":271,"column":null}},"116":{"start":{"line":273,"column":8},"end":{"line":273,"column":null}},"117":{"start":{"line":279,"column":4},"end":{"line":284,"column":null}},"118":{"start":{"line":280,"column":6},"end":{"line":280,"column":null}},"119":{"start":{"line":281,"column":6},"end":{"line":281,"column":null}},"120":{"start":{"line":282,"column":6},"end":{"line":282,"column":null}},"121":{"start":{"line":283,"column":6},"end":{"line":283,"column":null}},"122":{"start":{"line":288,"column":4},"end":{"line":288,"column":null}},"123":{"start":{"line":289,"column":4},"end":{"line":294,"column":null}},"124":{"start":{"line":290,"column":6},"end":{"line":293,"column":null}},"125":{"start":{"line":291,"column":8},"end":{"line":291,"column":null}},"126":{"start":{"line":292,"column":8},"end":{"line":292,"column":null}},"127":{"start":{"line":298,"column":26},"end":{"line":298,"column":null}},"128":{"start":{"line":300,"column":4},"end":{"line":316,"column":null}},"129":{"start":{"line":302,"column":8},"end":{"line":302,"column":null}},"130":{"start":{"line":303,"column":8},"end":{"line":303,"column":null}},"131":{"start":{"line":305,"column":8},"end":{"line":305,"column":null}},"132":{"start":{"line":306,"column":8},"end":{"line":306,"column":null}},"133":{"start":{"line":308,"column":8},"end":{"line":308,"column":null}},"134":{"start":{"line":309,"column":8},"end":{"line":311,"column":null}},"135":{"start":{"line":310,"column":10},"end":{"line":310,"column":null}},"136":{"start":{"line":312,"column":8},"end":{"line":312,"column":null}},"137":{"start":{"line":315,"column":8},"end":{"line":315,"column":null}},"138":{"start":{"line":320,"column":4},"end":{"line":320,"column":null}},"139":{"start":{"line":321,"column":4},"end":{"line":323,"column":null}},"140":{"start":{"line":322,"column":6},"end":{"line":322,"column":null}},"141":{"start":{"line":327,"column":4},"end":{"line":327,"column":null}},"142":{"start":{"line":328,"column":4},"end":{"line":330,"column":null}},"143":{"start":{"line":329,"column":6},"end":{"line":329,"column":null}},"144":{"start":{"line":334,"column":4},"end":{"line":334,"column":null}},"145":{"start":{"line":334,"column":28},"end":{"line":334,"column":null}},"146":{"start":{"line":336,"column":4},"end":{"line":352,"column":null}},"147":{"start":{"line":337,"column":26},"end":{"line":337,"column":null}},"148":{"start":{"line":338,"column":23},"end":{"line":338,"column":null}},"149":{"start":{"line":340,"column":27},"end":{"line":351,"column":null}},"150":{"start":{"line":341,"column":8},"end":{"line":350,"column":null}},"151":{"start":{"line":342,"column":10},"end":{"line":345,"column":null}},"152":{"start":{"line":347,"column":10},"end":{"line":347,"column":null}},"153":{"start":{"line":348,"column":10},"end":{"line":348,"column":null}},"154":{"start":{"line":349,"column":10},"end":{"line":349,"column":null}},"155":{"start":{"line":356,"column":4},"end":{"line":356,"column":null}},"156":{"start":{"line":358,"column":4},"end":{"line":358,"column":null}},"157":{"start":{"line":358,"column":28},"end":{"line":358,"column":null}},"158":{"start":{"line":360,"column":4},"end":{"line":375,"column":null}},"159":{"start":{"line":361,"column":27},"end":{"line":361,"column":null}},"160":{"start":{"line":362,"column":23},"end":{"line":362,"column":null}},"161":{"start":{"line":364,"column":27},"end":{"line":374,"column":null}},"162":{"start":{"line":365,"column":8},"end":{"line":373,"column":null}},"163":{"start":{"line":366,"column":10},"end":{"line":369,"column":null}},"164":{"start":{"line":371,"column":10},"end":{"line":371,"column":null}},"165":{"start":{"line":372,"column":10},"end":{"line":372,"column":null}},"166":{"start":{"line":384,"column":27},"end":{"line":384,"column":null}},"167":{"start":{"line":385,"column":4},"end":{"line":385,"column":null}},"168":{"start":{"line":386,"column":4},"end":{"line":386,"column":null}},"169":{"start":{"line":387,"column":4},"end":{"line":387,"column":null}},"170":{"start":{"line":391,"column":4},"end":{"line":391,"column":null}},"171":{"start":{"line":396,"column":4},"end":{"line":396,"column":null}},"172":{"start":{"line":403,"column":20},"end":{"line":403,"column":null}},"173":{"start":{"line":404,"column":4},"end":{"line":404,"column":null}},"174":{"start":{"line":408,"column":20},"end":{"line":408,"column":null}},"175":{"start":{"line":409,"column":4},"end":{"line":409,"column":null}},"176":{"start":{"line":413,"column":20},"end":{"line":413,"column":null}},"177":{"start":{"line":414,"column":4},"end":{"line":414,"column":null}},"178":{"start":{"line":418,"column":4},"end":{"line":418,"column":null}},"179":{"start":{"line":423,"column":4},"end":{"line":423,"column":null}},"180":{"start":{"line":427,"column":4},"end":{"line":427,"column":null}},"181":{"start":{"line":431,"column":4},"end":{"line":431,"column":null}},"182":{"start":{"line":435,"column":4},"end":{"line":435,"column":null}},"183":{"start":{"line":452,"column":20},"end":{"line":454,"column":null}},"184":{"start":{"line":453,"column":6},"end":{"line":453,"column":null}},"185":{"start":{"line":457,"column":4},"end":{"line":474,"column":null}},"186":{"start":{"line":457,"column":17},"end":{"line":457,"column":20}},"187":{"start":{"line":458,"column":21},"end":{"line":458,"column":null}},"188":{"start":{"line":459,"column":20},"end":{"line":459,"column":null}},"189":{"start":{"line":461,"column":6},"end":{"line":473,"column":null}},"190":{"start":{"line":462,"column":8},"end":{"line":462,"column":null}},"191":{"start":{"line":463,"column":8},"end":{"line":463,"column":null}},"192":{"start":{"line":466,"column":8},"end":{"line":472,"column":null}},"193":{"start":{"line":467,"column":10},"end":{"line":471,"column":null}},"194":{"start":{"line":484,"column":18},"end":{"line":484,"column":null}},"195":{"start":{"line":485,"column":4},"end":{"line":489,"column":null}},"196":{"start":{"line":486,"column":6},"end":{"line":486,"column":null}},"197":{"start":{"line":487,"column":6},"end":{"line":487,"column":null}},"198":{"start":{"line":488,"column":6},"end":{"line":488,"column":null}},"199":{"start":{"line":492,"column":21},"end":{"line":492,"column":null}},"200":{"start":{"line":495,"column":4},"end":{"line":497,"column":null}},"201":{"start":{"line":496,"column":6},"end":{"line":496,"column":null}},"202":{"start":{"line":500,"column":4},"end":{"line":500,"column":null}},"203":{"start":{"line":502,"column":4},"end":{"line":502,"column":null}},"204":{"start":{"line":510,"column":4},"end":{"line":510,"column":null}},"205":{"start":{"line":518,"column":4},"end":{"line":518,"column":null}},"206":{"start":{"line":526,"column":4},"end":{"line":526,"column":null}},"207":{"start":{"line":534,"column":4},"end":{"line":534,"column":null}},"208":{"start":{"line":547,"column":4},"end":{"line":547,"column":null}},"209":{"start":{"line":555,"column":4},"end":{"line":555,"column":null}},"210":{"start":{"line":562,"column":4},"end":{"line":562,"column":null}},"211":{"start":{"line":571,"column":4},"end":{"line":573,"column":null}},"212":{"start":{"line":572,"column":6},"end":{"line":572,"column":null}},"213":{"start":{"line":574,"column":4},"end":{"line":574,"column":null}},"214":{"start":{"line":586,"column":4},"end":{"line":586,"column":null}}},"fnMap":{"0":{"name":"(anonymous_0)","decl":{"start":{"line":42,"column":2},"end":{"line":42,"column":14}},"loc":{"start":{"line":42,"column":45},"end":{"line":53,"column":null}},"line":42},"1":{"name":"(anonymous_1)","decl":{"start":{"line":60,"column":10},"end":{"line":60,"column":29}},"loc":{"start":{"line":60,"column":72},"end":{"line":72,"column":null}},"line":60},"2":{"name":"(anonymous_2)","decl":{"start":{"line":64,"column":8},"end":{"line":64,"column":14}},"loc":{"start":{"line":64,"column":14},"end":{"line":66,"column":null}},"line":64},"3":{"name":"(anonymous_3)","decl":{"start":{"line":75,"column":6},"end":{"line":75,"column":31}},"loc":{"start":{"line":75,"column":31},"end":{"line":77,"column":null}},"line":75},"4":{"name":"(anonymous_4)","decl":{"start":{"line":79,"column":6},"end":{"line":79,"column":30}},"loc":{"start":{"line":79,"column":30},"end":{"line":81,"column":null}},"line":79},"5":{"name":"(anonymous_5)","decl":{"start":{"line":83,"column":6},"end":{"line":83,"column":41}},"loc":{"start":{"line":83,"column":41},"end":{"line":85,"column":null}},"line":83},"6":{"name":"(anonymous_6)","decl":{"start":{"line":87,"column":6},"end":{"line":87,"column":29}},"loc":{"start":{"line":87,"column":29},"end":{"line":89,"column":null}},"line":87},"7":{"name":"(anonymous_7)","decl":{"start":{"line":91,"column":6},"end":{"line":91,"column":26}},"loc":{"start":{"line":91,"column":26},"end":{"line":93,"column":null}},"line":91},"8":{"name":"(anonymous_8)","decl":{"start":{"line":95,"column":6},"end":{"line":95,"column":28}},"loc":{"start":{"line":95,"column":28},"end":{"line":97,"column":null}},"line":95},"9":{"name":"(anonymous_9)","decl":{"start":{"line":99,"column":6},"end":{"line":99,"column":23}},"loc":{"start":{"line":99,"column":23},"end":{"line":101,"column":null}},"line":99},"10":{"name":"(anonymous_10)","decl":{"start":{"line":103,"column":8},"end":{"line":103,"column":19}},"loc":{"start":{"line":103,"column":56},"end":{"line":129,"column":null}},"line":103},"11":{"name":"(anonymous_11)","decl":{"start":{"line":131,"column":8},"end":{"line":131,"column":18}},"loc":{"start":{"line":131,"column":75},"end":{"line":181,"column":null}},"line":131},"12":{"name":"(anonymous_12)","decl":{"start":{"line":183,"column":8},"end":{"line":183,"column":24}},"loc":{"start":{"line":183,"column":58},"end":{"line":218,"column":null}},"line":183},"13":{"name":"(anonymous_13)","decl":{"start":{"line":221,"column":8},"end":{"line":221,"column":16}},"loc":{"start":{"line":221,"column":67},"end":{"line":256,"column":null}},"line":221},"14":{"name":"(anonymous_14)","decl":{"start":{"line":258,"column":8},"end":{"line":258,"column":18}},"loc":{"start":{"line":258,"column":68},"end":{"line":276,"column":null}},"line":258},"15":{"name":"(anonymous_15)","decl":{"start":{"line":278,"column":2},"end":{"line":278,"column":20}},"loc":{"start":{"line":278,"column":20},"end":{"line":285,"column":null}},"line":278},"16":{"name":"(anonymous_16)","decl":{"start":{"line":287,"column":2},"end":{"line":287,"column":18}},"loc":{"start":{"line":287,"column":18},"end":{"line":295,"column":null}},"line":287},"17":{"name":"(anonymous_17)","decl":{"start":{"line":289,"column":28},"end":{"line":289,"column":29}},"loc":{"start":{"line":289,"column":39},"end":{"line":294,"column":5}},"line":289},"18":{"name":"(anonymous_18)","decl":{"start":{"line":297,"column":2},"end":{"line":297,"column":12}},"loc":{"start":{"line":297,"column":78},"end":{"line":317,"column":null}},"line":297},"19":{"name":"(anonymous_19)","decl":{"start":{"line":319,"column":2},"end":{"line":319,"column":15}},"loc":{"start":{"line":319,"column":15},"end":{"line":324,"column":null}},"line":319},"20":{"name":"(anonymous_20)","decl":{"start":{"line":326,"column":2},"end":{"line":326,"column":17}},"loc":{"start":{"line":326,"column":17},"end":{"line":331,"column":null}},"line":326},"21":{"name":"(anonymous_21)","decl":{"start":{"line":333,"column":8},"end":{"line":333,"column":16}},"loc":{"start":{"line":333,"column":56},"end":{"line":353,"column":null}},"line":333},"22":{"name":"(anonymous_22)","decl":{"start":{"line":336,"column":23},"end":{"line":336,"column":24}},"loc":{"start":{"line":336,"column":36},"end":{"line":352,"column":5}},"line":336},"23":{"name":"(anonymous_23)","decl":{"start":{"line":340,"column":39},"end":{"line":340,"column":45}},"loc":{"start":{"line":340,"column":45},"end":{"line":351,"column":9}},"line":340},"24":{"name":"(anonymous_24)","decl":{"start":{"line":355,"column":8},"end":{"line":355,"column":15}},"loc":{"start":{"line":355,"column":78},"end":{"line":376,"column":null}},"line":355},"25":{"name":"(anonymous_25)","decl":{"start":{"line":360,"column":23},"end":{"line":360,"column":24}},"loc":{"start":{"line":360,"column":36},"end":{"line":375,"column":5}},"line":360},"26":{"name":"(anonymous_26)","decl":{"start":{"line":364,"column":39},"end":{"line":364,"column":45}},"loc":{"start":{"line":364,"column":45},"end":{"line":374,"column":9}},"line":364},"27":{"name":"(anonymous_27)","decl":{"start":{"line":378,"column":8},"end":{"line":378,"column":null}},"loc":{"start":{"line":382,"column":19},"end":{"line":388,"column":null}},"line":382},"28":{"name":"(anonymous_28)","decl":{"start":{"line":390,"column":2},"end":{"line":390,"column":59}},"loc":{"start":{"line":390,"column":59},"end":{"line":392,"column":null}},"line":390},"29":{"name":"(anonymous_29)","decl":{"start":{"line":395,"column":8},"end":{"line":395,"column":18}},"loc":{"start":{"line":395,"column":45},"end":{"line":397,"column":null}},"line":395},"30":{"name":"(anonymous_30)","decl":{"start":{"line":399,"column":8},"end":{"line":399,"column":null}},"loc":{"start":{"line":402,"column":19},"end":{"line":405,"column":null}},"line":402},"31":{"name":"(anonymous_31)","decl":{"start":{"line":407,"column":8},"end":{"line":407,"column":31}},"loc":{"start":{"line":407,"column":62},"end":{"line":410,"column":null}},"line":407},"32":{"name":"(anonymous_32)","decl":{"start":{"line":412,"column":8},"end":{"line":412,"column":31}},"loc":{"start":{"line":412,"column":64},"end":{"line":415,"column":null}},"line":412},"33":{"name":"(anonymous_33)","decl":{"start":{"line":417,"column":8},"end":{"line":417,"column":45}},"loc":{"start":{"line":417,"column":45},"end":{"line":419,"column":null}},"line":417},"34":{"name":"(anonymous_34)","decl":{"start":{"line":422,"column":2},"end":{"line":422,"column":28}},"loc":{"start":{"line":422,"column":28},"end":{"line":424,"column":null}},"line":422},"35":{"name":"(anonymous_35)","decl":{"start":{"line":426,"column":2},"end":{"line":426,"column":27}},"loc":{"start":{"line":426,"column":27},"end":{"line":428,"column":null}},"line":426},"36":{"name":"(anonymous_36)","decl":{"start":{"line":430,"column":2},"end":{"line":430,"column":25}},"loc":{"start":{"line":430,"column":25},"end":{"line":432,"column":null}},"line":430},"37":{"name":"(anonymous_37)","decl":{"start":{"line":434,"column":6},"end":{"line":434,"column":29}},"loc":{"start":{"line":434,"column":29},"end":{"line":436,"column":null}},"line":434},"38":{"name":"(anonymous_38)","decl":{"start":{"line":447,"column":8},"end":{"line":447,"column":null}},"loc":{"start":{"line":451,"column":19},"end":{"line":475,"column":null}},"line":451},"39":{"name":"(anonymous_39)","decl":{"start":{"line":452,"column":70},"end":{"line":452,"column":71}},"loc":{"start":{"line":452,"column":84},"end":{"line":454,"column":5}},"line":452},"40":{"name":"(anonymous_40)","decl":{"start":{"line":482,"column":2},"end":{"line":482,"column":14}},"loc":{"start":{"line":482,"column":40},"end":{"line":503,"column":null}},"line":482},"41":{"name":"(anonymous_41)","decl":{"start":{"line":509,"column":2},"end":{"line":509,"column":37}},"loc":{"start":{"line":509,"column":37},"end":{"line":511,"column":null}},"line":509},"42":{"name":"(anonymous_42)","decl":{"start":{"line":517,"column":2},"end":{"line":517,"column":47}},"loc":{"start":{"line":517,"column":47},"end":{"line":519,"column":null}},"line":517},"43":{"name":"(anonymous_43)","decl":{"start":{"line":525,"column":2},"end":{"line":525,"column":33}},"loc":{"start":{"line":525,"column":33},"end":{"line":527,"column":null}},"line":525},"44":{"name":"(anonymous_44)","decl":{"start":{"line":533,"column":2},"end":{"line":533,"column":12}},"loc":{"start":{"line":533,"column":31},"end":{"line":535,"column":null}},"line":533},"45":{"name":"(anonymous_45)","decl":{"start":{"line":541,"column":2},"end":{"line":541,"column":null}},"loc":{"start":{"line":546,"column":4},"end":{"line":548,"column":null}},"line":546},"46":{"name":"(anonymous_46)","decl":{"start":{"line":554,"column":2},"end":{"line":554,"column":48}},"loc":{"start":{"line":554,"column":48},"end":{"line":556,"column":null}},"line":554},"47":{"name":"(anonymous_47)","decl":{"start":{"line":561,"column":2},"end":{"line":561,"column":30}},"loc":{"start":{"line":561,"column":30},"end":{"line":563,"column":null}},"line":561},"48":{"name":"(anonymous_48)","decl":{"start":{"line":570,"column":2},"end":{"line":570,"column":20}},"loc":{"start":{"line":570,"column":96},"end":{"line":575,"column":null}},"line":570},"49":{"name":"(anonymous_49)","decl":{"start":{"line":581,"column":2},"end":{"line":581,"column":null}},"loc":{"start":{"line":585,"column":4},"end":{"line":587,"column":null}},"line":585}},"branchMap":{"0":{"loc":{"start":{"line":43,"column":4},"end":{"line":47,"column":null}},"type":"if","locations":[{"start":{"line":43,"column":4},"end":{"line":47,"column":null}},{"start":{},"end":{}}],"line":43},"1":{"loc":{"start":{"line":44,"column":27},"end":{"line":44,"column":null}},"type":"binary-expr","locations":[{"start":{"line":44,"column":27},"end":{"line":44,"column":50}},{"start":{"line":44,"column":50},"end":{"line":44,"column":null}}],"line":44},"2":{"loc":{"start":{"line":45,"column":26},"end":{"line":45,"column":null}},"type":"binary-expr","locations":[{"start":{"line":45,"column":26},"end":{"line":45,"column":48}},{"start":{"line":45,"column":48},"end":{"line":45,"column":null}}],"line":45},"3":{"loc":{"start":{"line":46,"column":24},"end":{"line":46,"column":null}},"type":"binary-expr","locations":[{"start":{"line":46,"column":24},"end":{"line":46,"column":44}},{"start":{"line":46,"column":44},"end":{"line":46,"column":null}}],"line":46},"4":{"loc":{"start":{"line":61,"column":4},"end":{"line":71,"column":null}},"type":"if","locations":[{"start":{"line":61,"column":4},"end":{"line":71,"column":null}},{"start":{"line":69,"column":11},"end":{"line":71,"column":null}}],"line":61},"5":{"loc":{"start":{"line":106,"column":11},"end":{"line":106,"column":70}},"type":"binary-expr","locations":[{"start":{"line":106,"column":11},"end":{"line":106,"column":35}},{"start":{"line":106,"column":35},"end":{"line":106,"column":70}}],"line":106},"6":{"loc":{"start":{"line":110,"column":6},"end":{"line":114,"column":null}},"type":"if","locations":[{"start":{"line":110,"column":6},"end":{"line":114,"column":null}},{"start":{},"end":{}}],"line":110},"7":{"loc":{"start":{"line":111,"column":29},"end":{"line":111,"column":null}},"type":"binary-expr","locations":[{"start":{"line":111,"column":29},"end":{"line":111,"column":52}},{"start":{"line":111,"column":52},"end":{"line":111,"column":null}}],"line":111},"8":{"loc":{"start":{"line":112,"column":28},"end":{"line":112,"column":null}},"type":"binary-expr","locations":[{"start":{"line":112,"column":28},"end":{"line":112,"column":50}},{"start":{"line":112,"column":50},"end":{"line":112,"column":null}}],"line":112},"9":{"loc":{"start":{"line":113,"column":26},"end":{"line":113,"column":null}},"type":"binary-expr","locations":[{"start":{"line":113,"column":26},"end":{"line":113,"column":46}},{"start":{"line":113,"column":46},"end":{"line":113,"column":null}}],"line":113},"10":{"loc":{"start":{"line":117,"column":6},"end":{"line":120,"column":null}},"type":"if","locations":[{"start":{"line":117,"column":6},"end":{"line":120,"column":null}},{"start":{},"end":{}}],"line":117},"11":{"loc":{"start":{"line":138,"column":8},"end":{"line":139,"column":null}},"type":"binary-expr","locations":[{"start":{"line":138,"column":8},"end":{"line":138,"column":null}},{"start":{"line":139,"column":8},"end":{"line":139,"column":null}}],"line":138},"12":{"loc":{"start":{"line":141,"column":17},"end":{"line":141,"column":null}},"type":"cond-expr","locations":[{"start":{"line":141,"column":26},"end":{"line":141,"column":32}},{"start":{"line":141,"column":32},"end":{"line":141,"column":null}}],"line":141},"13":{"loc":{"start":{"line":142,"column":20},"end":{"line":142,"column":null}},"type":"cond-expr","locations":[{"start":{"line":142,"column":29},"end":{"line":142,"column":33}},{"start":{"line":142,"column":33},"end":{"line":142,"column":null}}],"line":142},"14":{"loc":{"start":{"line":143,"column":20},"end":{"line":143,"column":null}},"type":"cond-expr","locations":[{"start":{"line":143,"column":29},"end":{"line":143,"column":34}},{"start":{"line":143,"column":34},"end":{"line":143,"column":null}}],"line":143},"15":{"loc":{"start":{"line":150,"column":6},"end":{"line":175,"column":null}},"type":"if","locations":[{"start":{"line":150,"column":6},"end":{"line":175,"column":null}},{"start":{"line":166,"column":13},"end":{"line":175,"column":null}}],"line":150},"16":{"loc":{"start":{"line":150,"column":10},"end":{"line":150,"column":42}},"type":"binary-expr","locations":[{"start":{"line":150,"column":10},"end":{"line":150,"column":28}},{"start":{"line":150,"column":28},"end":{"line":150,"column":42}}],"line":150},"17":{"loc":{"start":{"line":151,"column":30},"end":{"line":151,"column":null}},"type":"binary-expr","locations":[{"start":{"line":151,"column":30},"end":{"line":151,"column":46}},{"start":{"line":151,"column":46},"end":{"line":151,"column":null}}],"line":151},"18":{"loc":{"start":{"line":159,"column":8},"end":{"line":165,"column":null}},"type":"if","locations":[{"start":{"line":159,"column":8},"end":{"line":165,"column":null}},{"start":{},"end":{}}],"line":159},"19":{"loc":{"start":{"line":168,"column":22},"end":{"line":168,"column":null}},"type":"binary-expr","locations":[{"start":{"line":168,"column":22},"end":{"line":168,"column":38}},{"start":{"line":168,"column":38},"end":{"line":168,"column":null}}],"line":168},"20":{"loc":{"start":{"line":172,"column":8},"end":{"line":174,"column":null}},"type":"if","locations":[{"start":{"line":172,"column":8},"end":{"line":174,"column":null}},{"start":{},"end":{}}],"line":172},"21":{"loc":{"start":{"line":177,"column":18},"end":{"line":177,"column":null}},"type":"cond-expr","locations":[{"start":{"line":177,"column":43},"end":{"line":177,"column":51}},{"start":{"line":177,"column":51},"end":{"line":177,"column":null}}],"line":177},"22":{"loc":{"start":{"line":184,"column":4},"end":{"line":184,"column":null}},"type":"if","locations":[{"start":{"line":184,"column":4},"end":{"line":184,"column":null}},{"start":{},"end":{}}],"line":184},"23":{"loc":{"start":{"line":190,"column":6},"end":{"line":203,"column":null}},"type":"if","locations":[{"start":{"line":190,"column":6},"end":{"line":203,"column":null}},{"start":{},"end":{}}],"line":190},"24":{"loc":{"start":{"line":190,"column":10},"end":{"line":190,"column":69}},"type":"binary-expr","locations":[{"start":{"line":190,"column":10},"end":{"line":190,"column":41}},{"start":{"line":190,"column":41},"end":{"line":190,"column":69}}],"line":190},"25":{"loc":{"start":{"line":192,"column":8},"end":{"line":202,"column":null}},"type":"if","locations":[{"start":{"line":192,"column":8},"end":{"line":202,"column":null}},{"start":{},"end":{}}],"line":192},"26":{"loc":{"start":{"line":207,"column":6},"end":{"line":214,"column":null}},"type":"if","locations":[{"start":{"line":207,"column":6},"end":{"line":214,"column":null}},{"start":{},"end":{}}],"line":207},"27":{"loc":{"start":{"line":222,"column":4},"end":{"line":222,"column":null}},"type":"if","locations":[{"start":{"line":222,"column":4},"end":{"line":222,"column":null}},{"start":{},"end":{}}],"line":222},"28":{"loc":{"start":{"line":228,"column":6},"end":{"line":241,"column":null}},"type":"if","locations":[{"start":{"line":228,"column":6},"end":{"line":241,"column":null}},{"start":{},"end":{}}],"line":228},"29":{"loc":{"start":{"line":228,"column":10},"end":{"line":228,"column":69}},"type":"binary-expr","locations":[{"start":{"line":228,"column":10},"end":{"line":228,"column":41}},{"start":{"line":228,"column":41},"end":{"line":228,"column":69}}],"line":228},"30":{"loc":{"start":{"line":230,"column":8},"end":{"line":240,"column":null}},"type":"if","locations":[{"start":{"line":230,"column":8},"end":{"line":240,"column":null}},{"start":{},"end":{}}],"line":230},"31":{"loc":{"start":{"line":231,"column":26},"end":{"line":231,"column":55}},"type":"binary-expr","locations":[{"start":{"line":231,"column":26},"end":{"line":231,"column":36}},{"start":{"line":231,"column":36},"end":{"line":231,"column":55}}],"line":231},"32":{"loc":{"start":{"line":245,"column":6},"end":{"line":252,"column":null}},"type":"if","locations":[{"start":{"line":245,"column":6},"end":{"line":252,"column":null}},{"start":{},"end":{}}],"line":245},"33":{"loc":{"start":{"line":247,"column":24},"end":{"line":247,"column":53}},"type":"binary-expr","locations":[{"start":{"line":247,"column":24},"end":{"line":247,"column":34}},{"start":{"line":247,"column":34},"end":{"line":247,"column":53}}],"line":247},"34":{"loc":{"start":{"line":259,"column":4},"end":{"line":259,"column":null}},"type":"if","locations":[{"start":{"line":259,"column":4},"end":{"line":259,"column":null}},{"start":{},"end":{}}],"line":259},"35":{"loc":{"start":{"line":264,"column":4},"end":{"line":275,"column":null}},"type":"if","locations":[{"start":{"line":264,"column":4},"end":{"line":275,"column":null}},{"start":{},"end":{}}],"line":264},"36":{"loc":{"start":{"line":267,"column":24},"end":{"line":267,"column":55}},"type":"binary-expr","locations":[{"start":{"line":267,"column":24},"end":{"line":267,"column":34}},{"start":{"line":267,"column":34},"end":{"line":267,"column":55}}],"line":267},"37":{"loc":{"start":{"line":279,"column":4},"end":{"line":284,"column":null}},"type":"if","locations":[{"start":{"line":279,"column":4},"end":{"line":284,"column":null}},{"start":{},"end":{}}],"line":279},"38":{"loc":{"start":{"line":290,"column":6},"end":{"line":293,"column":null}},"type":"if","locations":[{"start":{"line":290,"column":6},"end":{"line":293,"column":null}},{"start":{},"end":{}}],"line":290},"39":{"loc":{"start":{"line":300,"column":4},"end":{"line":316,"column":null}},"type":"switch","locations":[{"start":{"line":301,"column":6},"end":{"line":303,"column":null}},{"start":{"line":304,"column":6},"end":{"line":306,"column":null}},{"start":{"line":307,"column":6},"end":{"line":312,"column":null}},{"start":{"line":313,"column":6},"end":{"line":315,"column":null}}],"line":300},"40":{"loc":{"start":{"line":309,"column":8},"end":{"line":311,"column":null}},"type":"if","locations":[{"start":{"line":309,"column":8},"end":{"line":311,"column":null}},{"start":{},"end":{}}],"line":309},"41":{"loc":{"start":{"line":321,"column":4},"end":{"line":323,"column":null}},"type":"if","locations":[{"start":{"line":321,"column":4},"end":{"line":323,"column":null}},{"start":{},"end":{}}],"line":321},"42":{"loc":{"start":{"line":328,"column":4},"end":{"line":330,"column":null}},"type":"if","locations":[{"start":{"line":328,"column":4},"end":{"line":330,"column":null}},{"start":{},"end":{}}],"line":328},"43":{"loc":{"start":{"line":333,"column":16},"end":{"line":333,"column":56}},"type":"default-arg","locations":[{"start":{"line":333,"column":35},"end":{"line":333,"column":56}}],"line":333},"44":{"loc":{"start":{"line":334,"column":4},"end":{"line":334,"column":null}},"type":"if","locations":[{"start":{"line":334,"column":4},"end":{"line":334,"column":null}},{"start":{},"end":{}}],"line":334},"45":{"loc":{"start":{"line":341,"column":8},"end":{"line":350,"column":null}},"type":"if","locations":[{"start":{"line":341,"column":8},"end":{"line":350,"column":null}},{"start":{"line":346,"column":15},"end":{"line":350,"column":null}}],"line":341},"46":{"loc":{"start":{"line":341,"column":12},"end":{"line":341,"column":63}},"type":"binary-expr","locations":[{"start":{"line":341,"column":12},"end":{"line":341,"column":33}},{"start":{"line":341,"column":33},"end":{"line":341,"column":63}}],"line":341},"47":{"loc":{"start":{"line":355,"column":38},"end":{"line":355,"column":78}},"type":"default-arg","locations":[{"start":{"line":355,"column":57},"end":{"line":355,"column":78}}],"line":355},"48":{"loc":{"start":{"line":358,"column":4},"end":{"line":358,"column":null}},"type":"if","locations":[{"start":{"line":358,"column":4},"end":{"line":358,"column":null}},{"start":{},"end":{}}],"line":358},"49":{"loc":{"start":{"line":365,"column":8},"end":{"line":373,"column":null}},"type":"if","locations":[{"start":{"line":365,"column":8},"end":{"line":373,"column":null}},{"start":{"line":370,"column":15},"end":{"line":373,"column":null}}],"line":365},"50":{"loc":{"start":{"line":365,"column":12},"end":{"line":365,"column":74}},"type":"binary-expr","locations":[{"start":{"line":365,"column":12},"end":{"line":365,"column":33}},{"start":{"line":365,"column":33},"end":{"line":365,"column":74}}],"line":365},"51":{"loc":{"start":{"line":381,"column":4},"end":{"line":381,"column":null}},"type":"default-arg","locations":[{"start":{"line":381,"column":23},"end":{"line":381,"column":null}}],"line":381},"52":{"loc":{"start":{"line":461,"column":6},"end":{"line":473,"column":null}},"type":"if","locations":[{"start":{"line":461,"column":6},"end":{"line":473,"column":null}},{"start":{},"end":{}}],"line":461},"53":{"loc":{"start":{"line":461,"column":10},"end":{"line":461,"column":42}},"type":"binary-expr","locations":[{"start":{"line":461,"column":10},"end":{"line":461,"column":28}},{"start":{"line":461,"column":28},"end":{"line":461,"column":42}}],"line":461},"54":{"loc":{"start":{"line":462,"column":30},"end":{"line":462,"column":null}},"type":"binary-expr","locations":[{"start":{"line":462,"column":30},"end":{"line":462,"column":46}},{"start":{"line":462,"column":46},"end":{"line":462,"column":null}}],"line":462},"55":{"loc":{"start":{"line":466,"column":8},"end":{"line":472,"column":null}},"type":"if","locations":[{"start":{"line":466,"column":8},"end":{"line":472,"column":null}},{"start":{},"end":{}}],"line":466},"56":{"loc":{"start":{"line":485,"column":4},"end":{"line":489,"column":null}},"type":"if","locations":[{"start":{"line":485,"column":4},"end":{"line":489,"column":null}},{"start":{},"end":{}}],"line":485},"57":{"loc":{"start":{"line":495,"column":4},"end":{"line":497,"column":null}},"type":"if","locations":[{"start":{"line":495,"column":4},"end":{"line":497,"column":null}},{"start":{},"end":{}}],"line":495},"58":{"loc":{"start":{"line":502,"column":11},"end":{"line":502,"column":null}},"type":"binary-expr","locations":[{"start":{"line":502,"column":11},"end":{"line":502,"column":23}},{"start":{"line":502,"column":23},"end":{"line":502,"column":null}}],"line":502},"59":{"loc":{"start":{"line":571,"column":4},"end":{"line":573,"column":null}},"type":"if","locations":[{"start":{"line":571,"column":4},"end":{"line":573,"column":null}},{"start":{},"end":{}}],"line":571}},"s":{"0":2,"1":39,"2":39,"3":39,"4":39,"5":39,"6":39,"7":39,"8":39,"9":39,"10":39,"11":39,"12":1,"13":1,"14":1,"15":39,"16":39,"17":39,"18":0,"19":0,"20":0,"21":0,"22":4,"23":1,"24":11,"25":4,"26":4,"27":4,"28":6,"29":36,"30":36,"31":36,"32":36,"33":36,"34":35,"35":35,"36":35,"37":35,"38":35,"39":35,"40":1,"41":1,"42":1,"43":19,"44":19,"45":19,"46":19,"47":19,"48":19,"49":0,"50":0,"51":0,"52":0,"53":0,"54":0,"55":19,"56":19,"57":19,"58":18,"59":0,"60":0,"61":0,"62":8,"63":1,"64":7,"65":7,"66":7,"67":0,"68":0,"69":0,"70":0,"71":0,"72":0,"73":0,"74":0,"75":7,"76":7,"77":2,"78":2,"79":2,"80":2,"81":2,"82":0,"83":2,"84":0,"85":2,"86":2,"87":2,"88":0,"89":0,"90":0,"91":0,"92":0,"93":0,"94":0,"95":0,"96":2,"97":2,"98":2,"99":2,"100":2,"101":2,"102":2,"103":0,"104":17,"105":1,"106":16,"107":16,"108":16,"109":11,"110":11,"111":11,"112":11,"113":11,"114":11,"115":11,"116":0,"117":20,"118":5,"119":5,"120":5,"121":5,"122":1,"123":1,"124":1,"125":0,"126":0,"127":6,"128":6,"129":2,"130":2,"131":2,"132":2,"133":2,"134":2,"135":1,"136":2,"137":0,"138":5,"139":5,"140":1,"141":2,"142":2,"143":1,"144":3,"145":1,"146":2,"147":2,"148":2,"149":2,"150":6,"151":4,"152":2,"153":2,"154":2,"155":3,"156":3,"157":1,"158":2,"159":2,"160":2,"161":2,"162":6,"163":4,"164":2,"165":2,"166":1,"167":1,"168":1,"169":1,"170":3,"171":1,"172":1,"173":1,"174":1,"175":1,"176":1,"177":1,"178":1,"179":1,"180":1,"181":1,"182":1,"183":0,"184":0,"185":0,"186":0,"187":0,"188":0,"189":0,"190":0,"191":0,"192":0,"193":0,"194":0,"195":0,"196":0,"197":0,"198":0,"199":0,"200":0,"201":0,"202":0,"203":0,"204":0,"205":0,"206":0,"207":0,"208":0,"209":0,"210":0,"211":0,"212":0,"213":0,"214":0},"f":{"0":39,"1":0,"2":0,"3":4,"4":1,"5":11,"6":4,"7":4,"8":4,"9":6,"10":36,"11":19,"12":8,"13":2,"14":17,"15":20,"16":1,"17":1,"18":6,"19":5,"20":2,"21":3,"22":2,"23":6,"24":3,"25":2,"26":6,"27":1,"28":3,"29":1,"30":1,"31":1,"32":1,"33":1,"34":1,"35":1,"36":1,"37":1,"38":0,"39":0,"40":0,"41":0,"42":0,"43":0,"44":0,"45":0,"46":0,"47":0,"48":0,"49":0},"b":{"0":[1,38],"1":[1,0],"2":[1,0],"3":[1,0],"4":[0,0],"5":[36,1],"6":[35,1],"7":[35,35],"8":[35,35],"9":[35,35],"10":[35,0],"11":[19,19],"12":[19,0],"13":[19,0],"14":[19,0],"15":[0,19],"16":[19,0],"17":[0,0],"18":[0,0],"19":[19,0],"20":[18,1],"21":[0,0],"22":[1,7],"23":[0,7],"24":[7,1],"25":[0,0],"26":[2,5],"27":[0,2],"28":[0,2],"29":[2,0],"30":[0,0],"31":[0,0],"32":[2,0],"33":[2,1],"34":[1,16],"35":[11,5],"36":[11,8],"37":[5,15],"38":[0,1],"39":[2,2,2,0],"40":[1,1],"41":[1,4],"42":[1,1],"43":[3],"44":[1,2],"45":[4,2],"46":[6,6],"47":[3],"48":[1,2],"49":[4,2],"50":[6,6],"51":[1],"52":[0,0],"53":[0,0],"54":[0,0],"55":[0,0],"56":[0,0],"57":[0,0],"58":[0,0],"59":[0,0]},"meta":{"lastBranch":60,"lastFunction":50,"lastStatement":215,"seen":{"s:19:32:19:Infinity":0,"s:22:34:22:Infinity":1,"s:23:33:23:Infinity":2,"s:24:31:24:Infinity":3,"s:25:28:25:Infinity":4,"s:26:46:26:Infinity":5,"s:27:35:27:Infinity":6,"s:28:50:28:Infinity":7,"s:29:54:29:Infinity":8,"s:30:36:30:Infinity":9,"s:36:40:40:Infinity":10,"f:42:2:42:14":0,"b:43:4:47:Infinity:undefined:undefined:undefined:undefined":0,"s:43:4:47:Infinity":11,"s:44:6:44:Infinity":12,"b:44:27:44:50:44:50:44:Infinity":1,"s:45:6:45:Infinity":13,"b:45:26:45:48:45:48:45:Infinity":2,"s:46:6:46:Infinity":14,"b:46:24:46:44:46:44:46:Infinity":3,"s:50:4:50:Infinity":15,"s:51:4:51:Infinity":16,"s:52:4:52:Infinity":17,"f:60:10:60:29":1,"b:61:4:71:Infinity:69:11:71:Infinity":4,"s:61:4:71:Infinity":18,"s:62:6:68:Infinity":19,"f:64:8:64:14":2,"s:65:10:65:Infinity":20,"s:70:6:70:Infinity":21,"f:75:6:75:31":3,"s:76:4:76:Infinity":22,"f:79:6:79:30":4,"s:80:4:80:Infinity":23,"f:83:6:83:41":5,"s:84:4:84:Infinity":24,"f:87:6:87:29":6,"s:88:4:88:Infinity":25,"f:91:6:91:26":7,"s:92:4:92:Infinity":26,"f:95:6:95:28":8,"s:96:4:96:Infinity":27,"f:99:6:99:23":9,"s:100:4:100:Infinity":28,"f:103:8:103:19":10,"s:104:4:128:Infinity":29,"s:106:6:106:Infinity":30,"b:106:11:106:35:106:35:106:70":5,"s:107:6:107:Infinity":31,"s:108:6:108:Infinity":32,"b:110:6:114:Infinity:undefined:undefined:undefined:undefined":6,"s:110:6:114:Infinity":33,"s:111:8:111:Infinity":34,"b:111:29:111:52:111:52:111:Infinity":7,"s:112:8:112:Infinity":35,"b:112:28:112:50:112:50:112:Infinity":8,"s:113:8:113:Infinity":36,"b:113:26:113:46:113:46:113:Infinity":9,"b:117:6:120:Infinity:undefined:undefined:undefined:undefined":10,"s:117:6:120:Infinity":37,"s:118:34:118:Infinity":38,"s:119:8:119:Infinity":39,"s:122:6:125:Infinity":40,"s:126:6:126:Infinity":41,"s:127:6:127:Infinity":42,"f:131:8:131:18":11,"s:132:22:132:Infinity":43,"s:134:4:180:Infinity":44,"s:138:8:139:Infinity":45,"b:138:8:138:Infinity:139:8:139:Infinity":11,"s:140:39:145:Infinity":46,"b:141:26:141:32:141:32:141:Infinity":12,"b:142:29:142:33:142:33:142:Infinity":13,"b:143:29:143:34:143:34:143:Infinity":14,"s:148:21:148:Infinity":47,"b:150:6:175:Infinity:166:13:175:Infinity":15,"s:150:6:175:Infinity":48,"b:150:10:150:28:150:28:150:42":16,"s:151:8:151:Infinity":49,"b:151:30:151:46:151:46:151:Infinity":17,"s:152:8:152:Infinity":50,"s:155:25:155:Infinity":51,"s:156:8:156:Infinity":52,"b:159:8:165:Infinity:undefined:undefined:undefined:undefined":18,"s:159:8:165:Infinity":53,"s:160:10:164:Infinity":54,"s:168:22:168:Infinity":55,"b:168:22:168:38:168:38:168:Infinity":19,"s:169:8:169:Infinity":56,"b:172:8:174:Infinity:undefined:undefined:undefined:undefined":20,"s:172:8:174:Infinity":57,"s:173:10:173:Infinity":58,"s:177:18:177:Infinity":59,"b:177:43:177:51:177:51:177:Infinity":21,"s:178:6:178:Infinity":60,"s:179:6:179:Infinity":61,"f:183:8:183:24":12,"b:184:4:184:Infinity:undefined:undefined:undefined:undefined":22,"s:184:4:184:Infinity":62,"s:184:21:184:Infinity":63,"s:186:26:186:Infinity":64,"s:188:4:217:Infinity":65,"b:190:6:203:Infinity:undefined:undefined:undefined:undefined":23,"s:190:6:203:Infinity":66,"b:190:10:190:41:190:41:190:69":24,"s:191:22:191:Infinity":67,"b:192:8:202:Infinity:undefined:undefined:undefined:undefined":25,"s:192:8:202:Infinity":68,"s:193:10:193:Infinity":69,"s:194:10:194:Infinity":70,"s:197:10:197:Infinity":71,"s:199:26:199:Infinity":72,"s:200:10:200:Infinity":73,"s:201:10:201:Infinity":74,"s:206:20:206:Infinity":75,"b:207:6:214:Infinity:undefined:undefined:undefined:undefined":26,"s:207:6:214:Infinity":76,"s:208:8:208:Infinity":77,"s:209:8:209:Infinity":78,"s:210:8:210:Infinity":79,"s:212:24:212:Infinity":80,"s:213:8:213:Infinity":81,"s:216:6:216:Infinity":82,"f:221:8:221:16":13,"b:222:4:222:Infinity:undefined:undefined:undefined:undefined":27,"s:222:4:222:Infinity":83,"s:222:21:222:Infinity":84,"s:224:26:224:Infinity":85,"s:226:4:255:Infinity":86,"b:228:6:241:Infinity:undefined:undefined:undefined:undefined":28,"s:228:6:241:Infinity":87,"b:228:10:228:41:228:41:228:69":29,"s:229:22:229:Infinity":88,"b:230:8:240:Infinity:undefined:undefined:undefined:undefined":30,"s:230:8:240:Infinity":89,"s:231:10:231:Infinity":90,"b:231:26:231:36:231:36:231:55":31,"s:232:10:232:Infinity":91,"s:235:10:235:Infinity":92,"s:237:26:237:Infinity":93,"s:238:10:238:Infinity":94,"s:239:10:239:Infinity":95,"s:244:20:244:Infinity":96,"b:245:6:252:Infinity:undefined:undefined:undefined:undefined":32,"s:245:6:252:Infinity":97,"s:246:8:246:Infinity":98,"s:247:8:247:Infinity":99,"b:247:24:247:34:247:34:247:53":33,"s:248:8:248:Infinity":100,"s:250:24:250:Infinity":101,"s:251:8:251:Infinity":102,"s:254:6:254:Infinity":103,"f:258:8:258:18":14,"b:259:4:259:Infinity:undefined:undefined:undefined:undefined":34,"s:259:4:259:Infinity":104,"s:259:21:259:Infinity":105,"s:261:4:261:Infinity":106,"s:263:18:263:Infinity":107,"b:264:4:275:Infinity:undefined:undefined:undefined:undefined":35,"s:264:4:275:Infinity":108,"s:265:6:274:Infinity":109,"s:266:8:266:Infinity":110,"s:267:8:267:Infinity":111,"b:267:24:267:34:267:34:267:55":36,"s:268:8:268:Infinity":112,"s:269:8:269:Infinity":113,"s:270:8:270:Infinity":114,"s:271:8:271:Infinity":115,"s:273:8:273:Infinity":116,"f:278:2:278:20":15,"b:279:4:284:Infinity:undefined:undefined:undefined:undefined":37,"s:279:4:284:Infinity":117,"s:280:6:280:Infinity":118,"s:281:6:281:Infinity":119,"s:282:6:282:Infinity":120,"s:283:6:283:Infinity":121,"f:287:2:287:18":16,"s:288:4:288:Infinity":122,"s:289:4:294:Infinity":123,"f:289:28:289:29":17,"b:290:6:293:Infinity:undefined:undefined:undefined:undefined":38,"s:290:6:293:Infinity":124,"s:291:8:291:Infinity":125,"s:292:8:292:Infinity":126,"f:297:2:297:12":18,"s:298:26:298:Infinity":127,"b:301:6:303:Infinity:304:6:306:Infinity:307:6:312:Infinity:313:6:315:Infinity":39,"s:300:4:316:Infinity":128,"s:302:8:302:Infinity":129,"s:303:8:303:Infinity":130,"s:305:8:305:Infinity":131,"s:306:8:306:Infinity":132,"s:308:8:308:Infinity":133,"b:309:8:311:Infinity:undefined:undefined:undefined:undefined":40,"s:309:8:311:Infinity":134,"s:310:10:310:Infinity":135,"s:312:8:312:Infinity":136,"s:315:8:315:Infinity":137,"f:319:2:319:15":19,"s:320:4:320:Infinity":138,"b:321:4:323:Infinity:undefined:undefined:undefined:undefined":41,"s:321:4:323:Infinity":139,"s:322:6:322:Infinity":140,"f:326:2:326:17":20,"s:327:4:327:Infinity":141,"b:328:4:330:Infinity:undefined:undefined:undefined:undefined":42,"s:328:4:330:Infinity":142,"s:329:6:329:Infinity":143,"f:333:8:333:16":21,"b:333:35:333:56":43,"b:334:4:334:Infinity:undefined:undefined:undefined:undefined":44,"s:334:4:334:Infinity":144,"s:334:28:334:Infinity":145,"s:336:4:352:Infinity":146,"f:336:23:336:24":22,"s:337:26:337:Infinity":147,"s:338:23:338:Infinity":148,"s:340:27:351:Infinity":149,"f:340:39:340:45":23,"b:341:8:350:Infinity:346:15:350:Infinity":45,"s:341:8:350:Infinity":150,"b:341:12:341:33:341:33:341:63":46,"s:342:10:345:Infinity":151,"s:347:10:347:Infinity":152,"s:348:10:348:Infinity":153,"s:349:10:349:Infinity":154,"f:355:8:355:15":24,"b:355:57:355:78":47,"s:356:4:356:Infinity":155,"b:358:4:358:Infinity:undefined:undefined:undefined:undefined":48,"s:358:4:358:Infinity":156,"s:358:28:358:Infinity":157,"s:360:4:375:Infinity":158,"f:360:23:360:24":25,"s:361:27:361:Infinity":159,"s:362:23:362:Infinity":160,"s:364:27:374:Infinity":161,"f:364:39:364:45":26,"b:365:8:373:Infinity:370:15:373:Infinity":49,"s:365:8:373:Infinity":162,"b:365:12:365:33:365:33:365:74":50,"s:366:10:369:Infinity":163,"s:371:10:371:Infinity":164,"s:372:10:372:Infinity":165,"f:378:8:378:Infinity":27,"b:381:23:381:Infinity":51,"s:384:27:384:Infinity":166,"s:385:4:385:Infinity":167,"s:386:4:386:Infinity":168,"s:387:4:387:Infinity":169,"f:390:2:390:59":28,"s:391:4:391:Infinity":170,"f:395:8:395:18":29,"s:396:4:396:Infinity":171,"f:399:8:399:Infinity":30,"s:403:20:403:Infinity":172,"s:404:4:404:Infinity":173,"f:407:8:407:31":31,"s:408:20:408:Infinity":174,"s:409:4:409:Infinity":175,"f:412:8:412:31":32,"s:413:20:413:Infinity":176,"s:414:4:414:Infinity":177,"f:417:8:417:45":33,"s:418:4:418:Infinity":178,"f:422:2:422:28":34,"s:423:4:423:Infinity":179,"f:426:2:426:27":35,"s:427:4:427:Infinity":180,"f:430:2:430:25":36,"s:431:4:431:Infinity":181,"f:434:6:434:29":37,"s:435:4:435:Infinity":182,"f:447:8:447:Infinity":38,"s:452:20:454:Infinity":183,"f:452:70:452:71":39,"s:453:6:453:Infinity":184,"s:457:4:474:Infinity":185,"s:457:17:457:20":186,"s:458:21:458:Infinity":187,"s:459:20:459:Infinity":188,"b:461:6:473:Infinity:undefined:undefined:undefined:undefined":52,"s:461:6:473:Infinity":189,"b:461:10:461:28:461:28:461:42":53,"s:462:8:462:Infinity":190,"b:462:30:462:46:462:46:462:Infinity":54,"s:463:8:463:Infinity":191,"b:466:8:472:Infinity:undefined:undefined:undefined:undefined":55,"s:466:8:472:Infinity":192,"s:467:10:471:Infinity":193,"f:482:2:482:14":40,"s:484:18:484:Infinity":194,"b:485:4:489:Infinity:undefined:undefined:undefined:undefined":56,"s:485:4:489:Infinity":195,"s:486:6:486:Infinity":196,"s:487:6:487:Infinity":197,"s:488:6:488:Infinity":198,"s:492:21:492:Infinity":199,"b:495:4:497:Infinity:undefined:undefined:undefined:undefined":57,"s:495:4:497:Infinity":200,"s:496:6:496:Infinity":201,"s:500:4:500:Infinity":202,"s:502:4:502:Infinity":203,"b:502:11:502:23:502:23:502:Infinity":58,"f:509:2:509:37":41,"s:510:4:510:Infinity":204,"f:517:2:517:47":42,"s:518:4:518:Infinity":205,"f:525:2:525:33":43,"s:526:4:526:Infinity":206,"f:533:2:533:12":44,"s:534:4:534:Infinity":207,"f:541:2:541:Infinity":45,"s:547:4:547:Infinity":208,"f:554:2:554:48":46,"s:555:4:555:Infinity":209,"f:561:2:561:30":47,"s:562:4:562:Infinity":210,"f:570:2:570:20":48,"b:571:4:573:Infinity:undefined:undefined:undefined:undefined":59,"s:571:4:573:Infinity":211,"s:572:6:572:Infinity":212,"s:574:4:574:Infinity":213,"f:581:2:581:Infinity":49,"s:586:4:586:Infinity":214}}}
,"/home/runner/work/blacktrigram/blacktrigram/src/audio/AudioMonitor.ts": {"path":"/home/runner/work/blacktrigram/blacktrigram/src/audio/AudioMonitor.ts","statementMap":{"0":{"start":{"line":40,"column":30},"end":{"line":40,"column":null}},"1":{"start":{"line":41,"column":32},"end":{"line":41,"column":null}},"2":{"start":{"line":42,"column":40},"end":{"line":42,"column":null}},"3":{"start":{"line":43,"column":28},"end":{"line":43,"column":null}},"4":{"start":{"line":44,"column":27},"end":{"line":44,"column":null}},"5":{"start":{"line":45,"column":44},"end":{"line":45,"column":null}},"6":{"start":{"line":46,"column":38},"end":{"line":46,"column":null}},"7":{"start":{"line":47,"column":25},"end":{"line":47,"column":null}},"8":{"start":{"line":48,"column":24},"end":{"line":48,"column":null}},"9":{"start":{"line":49,"column":23},"end":{"line":49,"column":null}},"10":{"start":{"line":50,"column":33},"end":{"line":50,"column":null}},"11":{"start":{"line":51,"column":28},"end":{"line":51,"column":null}},"12":{"start":{"line":52,"column":41},"end":{"line":52,"column":null}},"13":{"start":{"line":58,"column":4},"end":{"line":58,"column":null}},"14":{"start":{"line":59,"column":4},"end":{"line":59,"column":null}},"15":{"start":{"line":60,"column":4},"end":{"line":60,"column":null}},"16":{"start":{"line":63,"column":4},"end":{"line":65,"column":null}},"17":{"start":{"line":64,"column":6},"end":{"line":64,"column":null}},"18":{"start":{"line":68,"column":4},"end":{"line":68,"column":null}},"19":{"start":{"line":75,"column":4},"end":{"line":75,"column":null}},"20":{"start":{"line":76,"column":4},"end":{"line":76,"column":null}},"21":{"start":{"line":77,"column":4},"end":{"line":77,"column":null}},"22":{"start":{"line":84,"column":4},"end":{"line":84,"column":null}},"23":{"start":{"line":87,"column":4},"end":{"line":89,"column":null}},"24":{"start":{"line":88,"column":6},"end":{"line":88,"column":null}},"25":{"start":{"line":96,"column":4},"end":{"line":96,"column":null}},"26":{"start":{"line":97,"column":4},"end":{"line":97,"column":null}},"27":{"start":{"line":100,"column":4},"end":{"
[...]
ine":151,"column":24},"end":{"line":151,"column":25}},"loc":{"start":{"line":151,"column":54},"end":{"line":153,"column":null}},"line":151},"9":{"name":"(anonymous_9)","decl":{"start":{"line":155,"column":26},"end":{"line":155,"column":27}},"loc":{"start":{"line":155,"column":67},"end":{"line":157,"column":null}},"line":155},"10":{"name":"(anonymous_10)","decl":{"start":{"line":170,"column":33},"end":{"line":170,"column":null}},"loc":{"start":{"line":175,"column":5},"end":{"line":187,"column":null}},"line":175}},"branchMap":{"0":{"loc":{"start":{"line":50,"column":19},"end":{"line":50,"column":null}},"type":"binary-expr","locations":[{"start":{"line":50,"column":19},"end":{"line":50,"column":41}},{"start":{"line":50,"column":41},"end":{"line":50,"column":null}}],"line":50},"1":{"loc":{"start":{"line":54,"column":29},"end":{"line":58,"column":null}},"type":"cond-expr","locations":[{"start":{"line":55,"column":6},"end":{"line":55,"column":null}},{"start":{"line":56,"column":6},"end":{"line":58,"column":null}}],"line":54},"2":{"loc":{"start":{"line":56,"column":6},"end":{"line":58,"column":null}},"type":"cond-expr","locations":[{"start":{"line":57,"column":6},"end":{"line":57,"column":null}},{"start":{"line":58,"column":6},"end":{"line":58,"column":null}}],"line":56},"3":{"loc":{"start":{"line":73,"column":2},"end":{"line":79,"column":null}},"type":"default-arg","locations":[{"start":{"line":79,"column":6},"end":{"line":79,"column":null}}],"line":73},"4":{"loc":{"start":{"line":82,"column":4},"end":{"line":82,"column":null}},"type":"default-arg","locations":[{"start":{"line":82,"column":16},"end":{"line":82,"column":null}}],"line":82},"5":{"loc":{"start":{"line":83,"column":4},"end":{"line":83,"column":null}},"type":"default-arg","locations":[{"start":{"line":83,"column":18},"end":{"line":83,"column":null}}],"line":83},"6":{"loc":{"start":{"line":84,"column":4},"end":{"line":84,"column":null}},"type":"default-arg","locations":[{"start":{"line":84,"column":18},"end":{"line":84,"column":null}}],"line":84},"7":{"loc":{"start":{"line":85,"column":4},"end":{"line":85,"column":null}},"type":"default-arg","locations":[{"start":{"line":85,"column":12},"end":{"line":85,"column":null}}],"line":85},"8":{"loc":{"start":{"line":86,"column":4},"end":{"line":86,"column":null}},"type":"default-arg","locations":[{"start":{"line":86,"column":19},"end":{"line":86,"column":null}}],"line":86},"9":{"loc":{"start":{"line":94,"column":2},"end":{"line":98,"column":null}},"type":"if","locations":[{"start":{"line":94,"column":2},"end":{"line":98,"column":null}},{"start":{},"end":{}}],"line":94},"10":{"loc":{"start":{"line":108,"column":2},"end":{"line":114,"column":null}},"type":"default-arg","locations":[{"start":{"line":114,"column":6},"end":{"line":114,"column":null}}],"line":108},"11":{"loc":{"start":{"line":117,"column":4},"end":{"line":117,"column":null}},"type":"default-arg","locations":[{"start":{"line":117,"column":16},"end":{"line":117,"column":null}}],"line":117},"12":{"loc":{"start":{"line":118,"column":4},"end":{"line":118,"column":null}},"type":"default-arg","locations":[{"start":{"line":118,"column":18},"end":{"line":118,"column":null}}],"line":118},"13":{"loc":{"start":{"line":119,"column":4},"end":{"line":119,"column":null}},"type":"default-arg","locations":[{"start":{"line":119,"column":18},"end":{"line":119,"column":null}}],"line":119},"14":{"loc":{"start":{"line":120,"column":4},"end":{"line":120,"column":null}},"type":"default-arg","locations":[{"start":{"line":120,"column":12},"end":{"line":120,"column":null}}],"line":120},"15":{"loc":{"start":{"line":121,"column":4},"end":{"line":121,"column":null}},"type":"default-arg","locations":[{"start":{"line":121,"column":19},"end":{"line":121,"column":null}}],"line":121},"16":{"loc":{"start":{"line":151,"column":40},"end":{"line":151,"column":54}},"type":"default-arg","locations":[{"start":{"line":151,"column":48},"end":{"line":151,"column":54}}],"line":151},"17":{"loc":{"start":{"line":155,"column":42},"end":{"line":155,"column":53}},"type":"default-arg","locations":[{"start":{"line":155,"column":50},"end":{"line":155,"column":53}}],"line":155},"18":{"loc":{"start":{"line":155,"column":53},"end":{"line":155,"column":67}},"type":"default-arg","locations":[{"start":{"line":155,"column":61},"end":{"line":155,"column":67}}],"line":155}},"s":{"0":4,"1":4,"2":4,"3":0,"4":0,"5":4,"6":0,"7":4,"8":0,"9":0,"10":0,"11":0,"12":0,"13":4,"14":0,"15":0,"16":0,"17":0,"18":0,"19":0,"20":0,"21":0,"22":0,"23":4,"24":0,"25":0,"26":0,"27":0,"28":0,"29":0,"30":0,"31":0,"32":4,"33":0,"34":0,"35":0,"36":0,"37":0,"38":0,"39":0,"40":0,"41":4,"42":0,"43":0,"44":0,"45":0,"46":0,"47":0,"48":0},"f":{"0":4,"1":0,"2":0,"3":0,"4":0,"5":0,"6":0,"7":0,"8":0,"9":0,"10":0},"b":{"0":[0,0],"1":[0,0],"2":[0,0],"3":[0],"4":[0],"5":[0],"6":[0],"7":[0],"8":[0],"9":[0,0],"10":[0],"11":[0],"12":[0],"13":[0],"14":[0],"15":[0],"16":[0],"17":[0],"18":[0]},"meta":{"lastBranch":19,"lastFunction":11,"lastStatement":49,"seen":{"s:11:36:13:Infinity":0,"f:11:36:11:42":0,"s:12:2:12:Infinity":1,"s:18:33:25:Infinity":2,"f:18:33:18:39":1,"s:20:2:20:Infinity":3,"s:22:2:24:Infinity":4,"s:36:31:40:Infinity":5,"f:36:31:36:Infinity":2,"s:39:2:39:Infinity":6,"s:45:41:64:Infinity":7,"f:45:41:45:Infinity":3,"s:49:19:49:Infinity":8,"s:50:19:50:Infinity":9,"b:50:19:50:41:50:41:50:Infinity":0,"s:53:19:53:Infinity":10,"s:54:29:58:Infinity":11,"b:55:6:55:Infinity:56:6:58:Infinity":1,"b:57:6:57:Infinity:58:6:58:Infinity":2,"s:60:2:63:Infinity":12,"s:69:26:99:Infinity":13,"f:69:26:69:Infinity":4,"b:79:6:79:Infinity":3,"s:87:6:87:Infinity":14,"b:82:16:82:Infinity":4,"b:83:18:83:Infinity":5,"b:84:18:84:Infinity":6,"b:85:12:85:Infinity":7,"b:86:19:86:Infinity":8,"s:89:2:89:Infinity":15,"s:90:2:90:Infinity":16,"s:91:2:91:Infinity":17,"s:92:2:92:Infinity":18,"b:94:2:98:Infinity:undefined:undefined:undefined:undefined":9,"s:94:2:98:Infinity":19,"s:95:4:95:Infinity":20,"s:96:4:96:Infinity":21,"s:97:4:97:Infinity":22,"s:104:31:132:Infinity":23,"f:104:31:104:Infinity":5,"b:114:6:114:Infinity":10,"s:122:6:122:Infinity":24,"b:117:16:117:Infinity":11,"b:118:18:118:Infinity":12,"b:119:18:119:Infinity":13,"b:120:12:120:Infinity":14,"b:121:19:121:Infinity":15,"s:124:2:124:Infinity":25,"s:125:2:125:Infinity":26,"s:126:2:126:Infinity":27,"s:127:2:127:Infinity":28,"s:129:2:129:Infinity":29,"s:130:2:130:Infinity":30,"s:131:2:131:Infinity":31,"s:137:36:165:Infinity":32,"f:137:36:137:42":6,"s:138:19:138:Infinity":33,"s:141:26:149:Infinity":34,"f:141:26:141:Infinity":7,"s:148:4:148:Infinity":35,"s:151:24:153:Infinity":36,"f:151:24:151:25":8,"b:151:48:151:54":16,"s:152:4:152:Infinity":37,"s:155:26:157:Infinity":38,"f:155:26:155:27":9,"b:155:50:155:53":17,"b:155:61:155:67":18,"s:156:4:156:Infinity":39,"s:159:2:164:Infinity":40,"s:170:33:187:Infinity":41,"f:170:33:170:Infinity":10,"s:176:2:176:Infinity":42,"s:179:2:179:Infinity":43,"s:180:2:180:Infinity":44,"s:182:2:182:Infinity":45,"s:183:2:183:Infinity":46,"s:185:2:185:Infinity":47,"s:186:2:186:Infinity":48}}}
,"/home/runner/work/blacktrigram/blacktrigram/src/utils/playerUtils.ts": {"path":"/home/runner/work/blacktrigram/blacktrigram/src/utils/playerUtils.ts","statementMap":{"0":{"start":{"line":16,"column":24},"end":{"line":16,"column":null}},"1":{"start":{"line":18,"column":33},"end":{"line":21,"column":null}},"2":{"start":{"line":23,"column":2},"end":{"line":73,"column":null}},"3":{"start":{"line":83,"column":2},"end":{"line":101,"column":null}},"4":{"start":{"line":112,"column":20},"end":{"line":112,"column":null}},"5":{"start":{"line":113,"column":23},"end":{"line":113,"column":null}},"6":{"start":{"line":115,"column":2},"end":{"line":121,"column":null}},"7":{"start":{"line":131,"column":30},"end":{"line":133,"column":null}},"8":{"start":{"line":132,"column":11},"end":{"line":132,"column":null}},"9":{"start":{"line":136,"column":2},"end":{"line":143,"column":null}},"10":{"start":{"line":138,"column":4},"end":{"line":138,"column":null}},"11":{"start":{"line":139,"column":4},"end":{"line":139,"column":null}},"12":{"start":{"line":142,"column":4},"end":{"line":142,"column":null}},"13":{"start":{"line":145,"column":2},"end":{"line":148,"column":null}},"14":{"start":{"line":163,"column":2},"end":{"line":163,"column":null}},"15":{"start":{"line":163,"column":41},"end":{"line":163,"column":63}},"16":{"start":{"line":170,"column":2},"end":{"line":170,"column":null}},"17":{"start":{"line":170,"column":26},"end":{"line":170,"column":null}},"18":{"start":{"line":171,"column":2},"end":{"line":171,"column":null}},"19":{"start":{"line":171,"column":33},"end":{"line":171,"column":null}},"20":{"start":{"line":172,"column":2},"end":{"line":172,"column":null}},"21":{"start":{"line":172,"column":50},"end":{"line":172,"column":null}},"22":{"start":{"line":173,"column":2},"end":{"line":173,"column":null}},"23":{"start":{"line":173,"column":24},"end":{"line":173,"column":null}},"24":{"start":{"line":174,"column":2},"end":{"line":174,"column":null}},"25":{"start":{"line":185,"column":2},"end":{"line":185,"column":null}},"26":{"start":{"line":196,"column":2},"end":{"line":196,"column":null}},"27":{"start":{"line":208,"column":15},"end":{"line":208,"column":null}},"28":{"start":{"line":209,"column":2},"end":{"line":214,"column":null}},"29":{"start":{"line":221,"column":23},"end":{"line":221,"column":null}},"30":{"start":{"line":222,"column":24},"end":{"line":222,"column":null}},"31":{"start":{"line":223,"column":30},"end":{"line":223,"column":null}},"32":{"start":{"line":224,"column":24},"end":{"line":224,"column":null}},"33":{"start":{"line":226,"column":2},"end":{"line":227,"column":null}},"34":{"start":{"line":238,"column":24},"end":{"line":240,"column":null}},"35":{"start":{"line":239,"column":16},"end":{"line":239,"column":null}},"36":{"start":{"line":242,"column":2},"end":{"line":245,"column":null}},"37":{"start":{"line":244,"column":44},"end":{"line":244,"column":50}},"38":{"start":{"line":255,"column":2},"end":{"line":255,"column":null}}},"fnMap":{"0":{"name":"createPlayerFromArchetype","decl":{"start":{"line":12,"column":16},"end":{"line":12,"column":null}},"loc":{"start":{"line":15,"column":15},"end":{"line":74,"column":null}},"line":15},"1":{"name":"updatePlayerState","decl":{"start":{"line":79,"column":16},"end":{"line":79,"column":null}},"loc":{"start":{"line":82,"column":15},"end":{"line":102,"column":null}},"line":82},"2":{"name":"applyDamage","decl":{"start":{"line":107,"column":16},"end":{"line":107,"column":null}},"loc":{"start":{"line":111,"column":15},"end":{"line":122,"column":null}},"line":111},"3":{"name":"applyStatusEffect","decl":{"start":{"line":127,"column":16},"end":{"line":127,"column":null}},"loc":{"start":{"line":130,"column":15},"end":{"line":149,"column":null}},"line":130},"4":{"name":"(anonymous_4)","decl":{"start":{"line":132,"column":4},"end":{"line":132,"column":5}},"loc":{"start":{"line":132,"column":11},"end":{"line":132,"column":null}},"line":132},"5":{"name":"getVitalPointByOnPlayerId","decl":{"start":{"line":154,"column":16},"end":{"line":154,"column":null}},"loc":{"start":{"line":162,"column":9},"end":{"line":164,"column":null}},"line":162},"6":{"name":"(anonymous_6)","decl":{"start":{"line":163,"column":33},"end":{"line":163,"column":34}},"loc":{"start":{"line":163,"column":41},"end":{"line":163,"column":63}},"line":163},"7":{"name":"canPlayerAct","decl":{"start":{"line":169,"column":16},"end":{"line":169,"column":29}},"loc":{"start":{"line":169,"column":59},"end":{"line":175,"column":null}},"line":169},"8":{"name":"getStanceEffectiveness","decl":{"start":{"line":180,"column":16},"end":{"line":180,"column":null}},"loc":{"start":{"line":183,"column":10},"end":{"line":186,"column":null}},"line":183},"9":{"name":"hasEnoughResources","decl":{"start":{"line":191,"column":16},"end":{"line":191,"column":null}},"loc":{"start":{"line":195,"column":11},"end":{"line":197,"column":null}},"line":195},"10":{"name":"getArchetypeBonuses","decl":{"start":{"line":202,"column":16},"end":{"line":202,"column":36}},"loc":{"start":{"line":207,"column":2},"end":{"line":215,"column":null}},"line":207},"11":{"name":"calculateCombatEffectiveness","decl":{"start":{"line":220,"column":16},"end":{"line":220,"column":45}},"loc":{"start":{"line":220,"column":74},"end":{"line":229,"column":null}},"line":220},"12":{"name":"updateStatusEffects","decl":{"start":{"line":234,"column":16},"end":{"line":234,"column":null}},"loc":{"start":{"line":237,"column":15},"end":{"line":246,"column":null}},"line":237},"13":{"name":"(anonymous_13)","decl":{"start":{"line":239,"column":4},"end":{"line":239,"column":5}},"loc":{"start":{"line":239,"column":16},"end":{"line":239,"column":null}},"line":239},"14":{"name":"(anonymous_14)","decl":{"start":{"line":244,"column":37},"end":{"line":244,"column":38}},"loc":{"start":{"line":244,"column":44},"end":{"line":244,"column":50}},"line":244},"15":{"name":"resetPlayerState","decl":{"start":{"line":251,"column":16},"end":{"line":251,"column":null}},"loc":{"start":{"line":254,"column":15},"end":{"line":256,"column":null}},"line":254}},"branchMap":{"0":{"loc":{"start":{"line":19,"column":7},"end":{"line":19,"column":null}},"type":"cond-expr","locations":[{"start":{"line":19,"column":27},"end":{"line":19,"column":33}},{"start":{"line":19,"column":33},"end":{"line":19,"column":null}}],"line":19},"1":{"loc":{"start":{"line":89,"column":15},"end":{"line":89,"column":48}},"type":"binary-expr","locations":[{"start":{"line":89,"column":15},"end":{"line":89,"column":33}},{"start":{"line":89,"column":33},"end":{"line":89,"column":48}}],"line":89},"2":{"loc":{"start":{"line":91,"column":29},"end":{"line":91,"column":54}},"type":"binary-expr","locations":[{"start":{"line":91,"column":29},"end":{"line":91,"column":43}},{"start":{"line":91,"column":43},"end":{"line":91,"column":54}}],"line":91},"3":{"loc":{"start":{"line":94,"column":15},"end":{"line":94,"column":50}},"type":"binary-expr","locations":[{"start":{"line":94,"column":15},"end":{"line":94,"column":34}},{"start":{"line":94,"column":34},"end":{"line":94,"column":50}}],"line":94},"4":{"loc":{"start":{"line":98,"column":15},"end":{"line":98,"column":62}},"type":"binary-expr","locations":[{"start":{"line":98,"column":15},"end":{"line":98,"column":40}},{"start":{"line":98,"column":40},"end":{"line":98,"column":62}}],"line":98},"5":{"loc":{"start":{"line":100,"column":34},"end":{"line":100,"column":69}},"type":"binary-expr","locations":[{"start":{"line":100,"column":34},"end":{"line":100,"column":53}},{"start":{"line":100,"column":53},"end":{"line":100,"column":69}}],"line":100},"6":{"loc":{"start":{"line":119,"column":17},"end":{"line":119,"column":null}},"type":"cond-expr","locations":[{"start":{"line":119,"column":32},"end":{"line":119,"column":54}},{"start":{"line":119,"column":54},"end":{"line":119,"column":null}}],"line":119},"7":{"loc":{"start":{"line":120,"column":19},"end":{"line":120,"column":null}},"type":"cond-expr","locations":[{"start":{"line":120,"column":34},"end":{"line":120,"column":38}},{"start":{"line":120,"column":38},"end":{"line":120,"column":null}}],"line":120},"8":{"loc":{"start":{"line":132,"column":11},"end":{"line":132,"column":null}},"type":"binary-expr","locations":[{"start":{"line":132,"column":11},"end":{"line":132,"column":37}},{"start":{"line":132,"column":37},"end":{"line":132,"column":null}}],"line":132},"9":{"loc":{"start":{"line":136,"column":2},"end":{"line":143,"column":null}},"type":"if","locations":[{"start":{"line":136,"column":2},"end":{"line":143,"column":null}},{"start":{"line":140,"column":9},"end":{"line":143,"column":null}}],"line":136},"10":{"loc":{"start":{"line":136,"column":6},"end":{"line":136,"column":53}},"type":"binary-expr","locations":[{"start":{"line":136,"column":6},"end":{"line":136,"column":34}},{"start":{"line":136,"column":34},"end":{"line":136,"column":53}}],"line":136},"11":{"loc":{"start":{"line":163,"column":9},"end":{"line":163,"column":null}},"type":"binary-expr","locations":[{"start":{"line":163,"column":9},"end":{"line":163,"column":68}},{"start":{"line":163,"column":68},"end":{"line":163,"column":null}}],"line":163},"12":{"loc":{"start":{"line":170,"column":2},"end":{"line":170,"column":null}},"type":"if","locations":[{"start":{"line":170,"column":2},"end":{"line":170,"column":null}},{"start":{},"end":{}}],"line":170},"13":{"loc":{"start":{"line":171,"column":2},"end":{"line":171,"column":null}},"type":"if","locations":[{"start":{"line":171,"column":2},"end":{"line":171,"column":null}},{"start":{},"end":{}}],"line":171},"14":{"loc":{"start":{"line":172,"column":2},"end":{"line":172,"column":null}},"type":"if","locations":[{"start":{"line":172,"column":2},"end":{"line":172,"column":null}},{"start":{},"end":{}}],"line":172},"15":{"loc":{"start":{"line":173,"column":2},"end":{"line":173,"column":null}},"type":"if","locations":[{"start":{"line":173,"column":2},"end":{"line":173,"column":null}},{"start":{},"end":{}}],"line":173},"16":{"loc":{"start":{"line":196,"column":9},"end":{"line":196,"column":null}},"type":"binary-expr","locations":[{"start":{"line":196,"column":9},"end":{"line":196,"column":32}},{"start":{"line":196,"column":32},"end":{"line":196,"column":null}}],"line":196}},"s":{"0":281,"1":281,"2":281,"3":43,"4":11,"5":11,"6":11,"7":7,"8":2,"9":7,"10":1,"11":1,"12":6,"13":7,"14":0,"15":0,"16":5,"17":1,"18":4,"19":1,"20":3,"21":1,"22":2,"23":0,"24":2,"25":0,"26":5,"27":3,"28":3,"29":4,"30":4,"31":4,"32":4,"33":4,"34":2,"35":2,"36":2,"37":1,"38":2},"f":{"0":281,"1":43,"2":11,"3":7,"4":2,"5":0,"6":0,"7":5,"8":0,"9":5,"10":3,"11":4,"12":2,"13":2,"14":1,"15":2},"b":{"0":[183,98],"1":[43,23],"2":[43,37],"3":[43,35],"4":[43,27],"5":[43,39],"6":[2,9],"7":[2,9],"8":[2,1],"9":[1,6],"10":[7,1],"11":[0,0],"12":[1,4],"13":[1,3],"14":[1,2],"15":[0,2],"16":[5,4]},"meta":{"lastBranch":17,"lastFunction":16,"lastStatement":39,"seen":{"f:12:16:12:Infinity":0,"s:16:24:16:Infinity":0,"s:18:33:21:Infinity":1,"b:19:27:19:33:19:33:19:Infinity":0,"s:23:2:73:Infinity":2,"f:79:16:79:Infinity":1,"s:83:2:101:Infinity":3,"b:89:15:89:33:89:33:89:48":1,"b:91:29:91:43:91:43:91:54":2,"b:94:15:94:34:94:34:94:50":3,"b:98:15:98:40:98:40:98:62":4,"b:100:34:100:53:100:53:100:69":5,"f:107:16:107:Infinity":2,"s:112:20:112:Infinity":4,"s:113:23:113:Infinity":5,"s:115:2:121:Infinity":6,"b:119:32:119:54:119:54:119:Infinity":6,"b:120:34:120:38:120:38:120:Infinity":7,"f:127:16:127:Infinity":3,"s:131:30:133:Infinity":7,"f:132:4:132:5":4,"s:132:11:132:Infinity":8,"b:132:11:132:37:132:37:132:Infinity":8,"b:136:2:143:Infinity:140:9:143:Infinity":9,"s:136:2:143:Infinity":9,"b:136:6:136:34:136:34:136:53":10,"s:138:4:138:Infinity":10,"s:139:4:139:Infinity":11,"s:142:4:142:Infinity":12,"s:145:2:148:Infinity":13,"f:154:16:154:Infinity":5,"s:163:2:163:Infinity":14,"b:163:9:163:68:163:68:163:Infinity":11,"f:163:33:163:34":6,"s:163:41:163:63":15,"f:169:16:169:29":7,"b:170:2:170:Infinity:undefined:undefined:undefined:undefined":12,"s:170:2:170:Infinity":16,"s:170:26:170:Infinity":17,"b:171:2:171:Infinity:undefined:undefined:undefined:undefined":13,"s:171:2:171:Infinity":18,"s:171:33:171:Infinity":19,"b:172:2:172:Infinity:undefined:undefined:undefined:undefined":14,"s:172:2:172:Infinity":20,"s:172:50:172:Infinity":21,"b:173:2:173:Infinity:undefined:undefined:undefined:undefined":15,"s:173:2:173:Infinity":22,"s:173:24:173:Infinity":23,"s:174:2:174:Infinity":24,"f:180:16:180:Infinity":8,"s:185:2:185:Infinity":25,"f:191:16:191:Infinity":9,"s:196:2:196:Infinity":26,"b:196:9:196:32:196:32:196:Infinity":16,"f:202:16:202:36":10,"s:208:15:208:Infinity":27,"s:209:2:214:Infinity":28,"f:220:16:220:45":11,"s:221:23:221:Infinity":29,"s:222:24:222:Infinity":30,"s:223:30:223:Infinity":31,"s:224:24:224:Infinity":32,"s:226:2:227:Infinity":33,"f:234:16:234:Infinity":12,"s:238:24:240:Infinity":34,"f:239:4:239:5":13,"s:239:16:239:Infinity":35,"s:242:2:245:Infinity":36,"f:244:37:244:38":14,"s:244:44:244:50":37,"f:251:16:251:Infinity":15,"s:255:2:255:Infinity":38}}}
}
