{"/home/runner/work/blacktrigram/blacktrigram/src/audio/AudioManager.ts": {"path":"/home/runner/work/blacktrigram/blacktrigram/src/audio/AudioManager.ts","statementMap":{"0":{"start":{"line":10,"column":34},"end":{"line":10,"column":null}},"1":{"start":{"line":11,"column":33},"end":{"line":11,"column":null}},"2":{"start":{"line":12,"column":31},"end":{"line":12,"column":null}},"3":{"start":{"line":13,"column":28},"end":{"line":13,"column":null}},"4":{"start":{"line":14,"column":46},"end":{"line":14,"column":null}},"5":{"start":{"line":15,"column":35},"end":{"line":15,"column":null}},"6":{"start":{"line":16,"column":50},"end":{"line":16,"column":null}},"7":{"start":{"line":17,"column":54},"end":{"line":17,"column":null}},"8":{"start":{"line":18,"column":36},"end":{"line":18,"column":null}},"9":{"start":{"line":21,"column":4},"end":{"line":25,"column":null}},"10":{"start":{"line":22,"column":6},"end":{"line":22,"column":null}},"11":{"start":{"line":23,"column":6},"end":{"line":23,"column":null}},"12":{"start":{"line":24,"column":6},"end":{"line":24,"column":null}},"13":{"start":{"line":30,"column":4},"end":{"line":30,"column":null}},"14":{"start":{"line":34,"column":4},"end":{"line":34,"column":null}},"15":{"start":{"line":38,"column":4},"end":{"line":38,"column":null}},"16":{"start":{"line":42,"column":4},"end":{"line":42,"column":null}},"17":{"start":{"line":46,"column":4},"end":{"line":46,"column":null}},"18":{"start":{"line":50,"column":4},"end":{"line":50,"column":null}},"19":{"start":{"line":54,"column":4},"end":{"line":54,"column":null}},"20":{"start":{"line":58,"column":4},"end":{"line":76,"column":null}},"21":{"start":{"line":60,"column":6},"end":{"line":60,"column":null}},"22":{"start":{"line":61,"column":6},"end":{"line":61,"column":null}},"23":{"start":{"line":62,"column":6},"end":{"line":62,"column":null}},"24":{"start":{"line":64,"column":6},"end":{"line":68,"column":null}},"25":{"start":{"line":65,"column":8},"end":{"line":65,"column":null}},"26":{"start":{"line":66,"column":8},"end":{"line":66,"column":null}},"27":{"start":{"line":67,"column":8},"end":{"line":67,"column":null}},"28":{"start":{"line":70,"column":6},"end":{"line":73,"column":null}},"29":{"start":{"line":74,"column":6},"end":{"line":74,"column":null}},"30":{"start":{"line":75,"column":6},"end":{"line":75,"column":null}},"31":{"start":{"line":80,"column":4},"end":{"line":87,"column":null}},"32":{"start":{"line":81,"column":20},"end":{"line":81,"column":null}},"33":{"start":{"line":82,"column":6},"end":{"line":82,"column":null}},"34":{"start":{"line":83,"column":6},"end":{"line":83,"column":null}},"35":{"start":{"line":84,"column":6},"end":{"line":84,"column":null}},"36":{"start":{"line":86,"column":6},"end":{"line":86,"column":null}},"37":{"start":{"line":91,"column":4},"end":{"line":91,"column":null}},"38":{"start":{"line":91,"column":21},"end":{"line":91,"column":null}},"39":{"start":{"line":93,"column":18},"end":{"line":93,"column":null}},"40":{"start":{"line":94,"column":4},"end":{"line":102,"column":null}},"41":{"start":{"line":95,"column":6},"end":{"line":101,"column":null}},"42":{"start":{"line":96,"column":8},"end":{"line":96,"column":null}},"43":{"start":{"line":97,"column":8},"end":{"line":97,"column":null}},"44":{"start":{"line":98,"column":8},"end":{"line":98,"column":null}},"45":{"start":{"line":100,"column":8},"end":{"line":100,"column":null}},"46":{"start":{"line":107,"column":4},"end":{"line":107,"column":null}},"47":{"start":{"line":107,"column":21},"end":{"line":107,"column":null}},"48":{"start":{"line":109,"column":18},"end":{"line":109,"column":null}},"49":{"start":{"line":110,"column":4},"end":{"line":118,"column":null}},"50":{"start":{"line":111,"column":6},"end":{"line":117,"column":null}},"51":{"start":{"line":112,"column":8},"end":{"line":112,"column":null}},"52":{"start":{"line":113,"column":8},"end":{"line":113,"column":null}},"53":{"start":{"line":114,"column":8},"end":{"line":114,"column":null}},"54":{"start":{"line":116,"column":8},"end":{"line":116,"column":null}},"55":{"start":{"line":122,"column":4},"end":{"line":122,"column":null}},"56":{"start":{"line":122,"column":21},"end":{"line":122,"column":null}},"57":{"start":{"line":124,"column":4},"end":{"line":124,"column":null}},"58":{"start":{"line":126,"column":18},"end":{"line":126,"column":null}},"59":{"start":{"line":127,"column":4},"end":{"line":138,"column":null}},"60":{"start":{"line":128,"column":6},"end":{"line":137,"column":null}},"61":{"start":{"line":129,"column":8},"end":{"line":129,"column":null}},"62":{"start":{"line":130,"column":8},"end":{"line":130,"column":null}},"63":{"start":{"line":131,"column":8},"end":{"line":131,"column":null}},"64":{"start":{"line":132,"column":8},"end":{"line":132,"column":null}},"65":{"start":{"line":133,"column":8},"end":{"line":133,"column":null}},"66":{"start":{"line":134,"column":8},"end":{"line":134,"column":null}},"67":{"start":{"line":136,"column":8},"end":{"line":136,"column":null}},"68":{"start":{"line":142,"column":4},"end":{"line":147,"column":null}},"69":{"start":{"line":143,"column":6},"end":{"line":143,"column":null}},"70":{"start":{"line":144,"column":6},"end":{"line":144,"column":null}},"71":{"start":{"line":145,"column":6},"end":{"line":145,"column":null}},"72":{"start":{"line":146,"column":6},"end":{"line":146,"column":null}},"73":{"start":{"line":151,"column":4},"end":{"line":151,"column":null}},"74":{"start":{"line":152,"column":4},"end":{"line":157,"column":null}},"75":{"start":{"line":153,"column":6},"end":{"line":156,"column":null}},"76":{"start":{"line":154,"column":8},"end":{"line":154,"column":null}},"77":{"start":{"line":155,"column":8},"end":{"line":155,"column":null}},"78":{"start":{"line":161,"column":26},"end":{"line":161,"column":null}},"79":{"start":{"line":163,"column":4},"end":{"line":179,"column":null}},"80":{"start":{"line":165,"column":8},"end":{"line":165,"column":null}},"81":{"start":{"line":166,"column":8},"end":{"line":166,"column":null}},"82":{"start":{"line":168,"column":8},"end":{"line":168,"column":null}},"83":{"start":{"line":169,"column":8},"end":{"line":169,"column":null}},"84":{"start":{"line":171,"column":8},"end":{"line":171,"column":null}},"85":{"start":{"line":172,"column":8},"end":{"line":174,"column":null}},"86":{"start":{"line":173,"column":10},"end":{"line":173,"column":null}},"87":{"start":{"line":175,"column":8},"end":{"line":175,"column":null}},"88":{"start":{"line":178,"column":8},"end":{"line":178,"column":null}},"89":{"start":{"line":183,"column":4},"end":{"line":183,"column":null}},"90":{"start":{"line":184,"column":4},"end":{"line":186,"column":null}},"91":{"start":{"line":185,"column":6},"end":{"line":185,"column":null}},"92":{"start":{"line":190,"column":4},"end":{"line":190,"column":null}},"93":{"start":{"line":191,"column":4},"end":{"line":193,"column":null}},"94":{"start":{"line":192,"column":6},"end":{"line":192,"column":null}},"95":{"start":{"line":197,"column":4},"end":{"line":197,"column":null}},"96":{"start":{"line":197,"column":28},"end":{"line":197,"column":null}},"97":{"start":{"line":199,"column":4},"end":{"line":215,"column":null}},"98":{"start":{"line":200,"column":26},"end":{"line":200,"column":null}},"99":{"start":{"line":201,"column":23},"end":{"line":201,"column":null}},"100":{"start":{"line":203,"column":27},"end":{"line":214,"column":null}},"101":{"start":{"line":204,"column":8},"end":{"line":213,"column":null}},"102":{"start":{"line":205,"column":10},"end":{"line":208,"column":null}},"103":{"start":{"line":210,"column":10},"end":{"line":210,"column":null}},"104":{"start":{"line":211,"column":10},"end":{"line":211,"column":null}},"105":{"start":{"line":212,"column":10},"end":{"line":212,"column":null}},"106":{"start":{"line":219,"column":4},"end":{"line":219,"column":null}},"107":{"start":{"line":221,"column":4},"end":{"line":221,"column":null}},"108":{"start":{"line":221,"column":28},"end":{"line":221,"column":null}},"109":{"start":{"line":223,"column":4},"end":{"line":238,"column":null}},"110":{"start":{"line":224,"column":27},"end":{"line":224,"column":null}},"111":{"start":{"line":225,"column":23},"end":{"line":225,"column":null}},"112":{"start":{"line":227,"column":27},"end":{"line":237,"column":null}},"113":{"start":{"line":228,"column":8},"end":{"line":236,"column":null}},"114":{"start":{"line":229,"column":10},"end":{"line":232,"column":null}},"115":{"start":{"line":234,"column":10},"end":{"line":234,"column":null}},"116":{"start":{"line":235,"column":10},"end":{"line":235,"column":null}},"117":{"start":{"line":247,"column":27},"end":{"line":247,"column":null}},"118":{"start":{"line":248,"column":4},"end":{"line":248,"column":null}},"119":{"start":{"line":249,"column":4},"end":{"line":249,"column":null}},"120":{"start":{"line":250,"column":4},"end":{"line":250,"column":null}},"121":{"start":{"line":254,"column":4},"end":{"line":254,"column":null}},"122":{"start":{"line":259,"column":4},"end":{"line":259,"column":null}},"123":{"start":{"line":266,"column":20},"end":{"line":266,"column":null}},"124":{"start":{"line":267,"column":4},"end":{"line":267,"column":null}},"125":{"start":{"line":271,"column":20},"end":{"line":271,"column":null}},"126":{"start":{"line":272,"column":4},"end":{"line":272,"column":null}},"127":{"start":{"line":276,"column":20},"end":{"line":276,"column":null}},"128":{"start":{"line":277,"column":4},"end":{"line":277,"column":null}},"129":{"start":{"line":281,"column":4},"end":{"line":281,"column":null}},"130":{"start":{"line":286,"column":4},"end":{"line":286,"column":null}},"131":{"start":{"line":290,"column":4},"end":{"line":290,"column":null}},"132":{"start":{"line":294,"column":4},"end":{"line":294,"column":null}},"133":{"start":{"line":298,"column":4},"end":{"line":298,"column":null}}},"fnMap":{"0":{"name":"(anonymous_0)","decl":{"start":{"line":20,"column":2},"end":{"line":20,"column":14}},"loc":{"start":{"line":20,"column":45},"end":{"line":26,"column":null}},"line":20},"1":{"name":"(anonymous_1)","decl":{"start":{"line":29,"column":6},"end":{"line":29,"column":31}},"loc":{"start":{"line":29,"column":31},"end":{"line":31,"column":null}},"line":29},"2":{"name":"(anonymous_2)","decl":{"start":{"line":33,"column":6},"end":{"line":33,"column":30}},"loc":{"start":{"line":33,"column":30},"end":{"line":35,"column":null}},"line":33},"3":{"name":"(anonymous_3)","decl":{"start":{"line":37,"column":6},"end":{"line":37,"column":41}},"loc":{"start":{"line":37,"column":41},"end":{"line":39,"column":null}},"line":37},"4":{"name":"(anonymous_4)","decl":{"start":{"line":41,"column":6},"end":{"line":41,"column":29}},"loc":{"start":{"line":41,"column":29},"end":{"line":43,"column":null}},"line":41},"5":{"name":"(anonymous_5)","decl":{"start":{"line":45,"column":6},"end":{"line":45,"column":26}},"loc":{"start":{"line":45,"column":26},"end":{"line":47,"column":null}},"line":45},"6":{"name":"(anonymous_6)","decl":{"start":{"line":49,"column":6},"end":{"line":49,"column":28}},"loc":{"start":{"line":49,"column":28},"end":{"line":51,"column":null}},"line":49},"7":{"name":"(anonymous_7)","decl":{"start":{"line":53,"column":6},"end":{"line":53,"column":23}},"loc":{"start":{"line":53,"column":23},"end":{"line":55,"column":null}},"line":53},"8":{"name":"(anonymous_8)","decl":{"start":{"line":57,"column":8},"end":{"line":57,"column":19}},"loc":{"start":{"line":57,"column":56},"end":{"line":77,"column":null}},"line":57},"9":{"name":"(anonymous_9)","decl":{"start":{"line":79,"column":8},"end":{"line":79,"column":18}},"loc":{"start":{"line":79,"column":52},"end":{"line":88,"column":null}},"line":79},"10":{"name":"(anonymous_10)","decl":{"start":{"line":90,"column":8},"end":{"line":90,"column":24}},"loc":{"start":{"line":90,"column":58},"end":{"line":103,"column":null}},"line":90},"11":{"name":"(anonymous_11)","decl":{"start":{"line":106,"column":8},"end":{"line":106,"column":16}},"loc":{"start":{"line":106,"column":67},"end":{"line":119,"column":null}},"line":106},"12":{"name":"(anonymous_12)","decl":{"start":{"line":121,"column":8},"end":{"line":121,"column":18}},"loc":{"start":{"line":121,"column":68},"end":{"line":139,"column":null}},"line":121},"13":{"name":"(anonymous_13)","decl":{"start":{"line":141,"column":2},"end":{"line":141,"column":20}},"loc":{"start":{"line":141,"column":20},"end":{"line":148,"column":null}},"line":141},"14":{"name":"(anonymous_14)","decl":{"start":{"line":150,"column":2},"end":{"line":150,"column":18}},"loc":{"start":{"line":150,"column":18},"end":{"line":158,"column":null}},"line":150},"15":{"name":"(anonymous_15)","decl":{"start":{"line":152,"column":28},"end":{"line":152,"column":29}},"loc":{"start":{"line":152,"column":39},"end":{"line":157,"column":5}},"line":152},"16":{"name":"(anonymous_16)","decl":{"start":{"line":160,"column":2},"end":{"line":160,"column":12}},"loc":{"start":{"line":160,"column":78},"end":{"line":180,"column":null}},"line":160},"17":{"name":"(anonymous_17)","decl":{"start":{"line":182,"column":2},"end":{"line":182,"column":15}},"loc":{"start":{"line":182,"column":15},"end":{"line":187,"column":null}},"line":182},"18":{"name":"(anonymous_18)","decl":{"start":{"line":189,"column":2},"end":{"line":189,"column":17}},"loc":{"start":{"line":189,"column":17},"end":{"line":194,"column":null}},"line":189},"19":{"name":"(anonymous_19)","decl":{"start":{"line":196,"column":8},"end":{"line":196,"column":16}},"loc":{"start":{"line":196,"column":56},"end":{"line":216,"column":null}},"line":196},"20":{"name":"(anonymous_20)","decl":{"start":{"line":199,"column":23},"end":{"line":199,"column":24}},"loc":{"start":{"line":199,"column":36},"end":{"line":215,"column":5}},"line":199},"21":{"name":"(anonymous_21)","decl":{"start":{"line":203,"column":39},"end":{"line":203,"column":45}},"loc":{"start":{"line":203,"column":45},"end":{"line":214,"column":9}},"line":203},"22":{"name":"(anonymous_22)","decl":{"start":{"line":218,"column":8},"end":{"line":218,"column":15}},"loc":{"start":{"line":218,"column":78},"end":{"line":239,"column":null}},"line":218},"23":{"name":"(anonymous_23)","decl":{"start":{"line":223,"column":23},"end":{"line":223,"column":24}},"loc":{"start":{"line":223,"column":36},"end":{"line":238,"column":5}},"line":223},"24":{"name":"(anonymous_24)","decl":{"start":{"line":227,"column":39},"end":{"line":227,"column":45}},"loc":{"start":{"line":227,"column":45},"end":{"line":237,"column":9}},"line":227},"25":{"name":"(anonymous_25)","decl":{"start":{"line":241,"column":8},"end":{"line":241,"column":null}},"loc":{"start":{"line":245,"column":19},"end":{"line":251,"column":null}},"line":245},"26":{"name":"(anonymous_26)","decl":{"start":{"line":253,"column":2},"end":{"line":253,"column":59}},"loc":{"start":{"line":253,"column":59},"end":{"line":255,"column":null}},"line":253},"27":{"name":"(anonymous_27)","decl":{"start":{"line":258,"column":8},"end":{"line":258,"column":18}},"loc":{"start":{"line":258,"column":45},"end":{"line":260,"column":null}},"line":258},"28":{"name":"(anonymous_28)","decl":{"start":{"line":262,"column":8},"end":{"line":262,"column":null}},"loc":{"start":{"line":265,"column":19},"end":{"line":268,"column":null}},"line":265},"29":{"name":"(anonymous_29)","decl":{"start":{"line":270,"column":8},"end":{"line":270,"column":31}},"loc":{"start":{"line":270,"column":62},"end":{"line":273,"column":null}},"line":270},"30":{"name":"(anonymous_30)","decl":{"start":{"line":275,"column":8},"end":{"line":275,"column":31}},"loc":{"start":{"line":275,"column":64},"end":{"line":278,"column":null}},"line":275},"31":{"name":"(anonymous_31)","decl":{"start":{"line":280,"column":8},"end":{"line":280,"column":45}},"loc":{"start":{"line":280,"column":45},"end":{"line":282,"column":null}},"line":280},"32":{"name":"(anonymous_32)","decl":{"start":{"line":285,"column":2},"end":{"line":285,"column":28}},"loc":{"start":{"line":285,"column":28},"end":{"line":287,"column":null}},"line":285},"33":{"name":"(anonymous_33)","decl":{"start":{"line":289,"column":2},"end":{"line":289,"column":27}},"loc":{"start":{"line":289,"column":27},"end":{"line":291,"column":null}},"line":289},"34":{"name":"(anonymous_34)","decl":{"start":{"line":293,"column":2},"end":{"line":293,"column":25}},"loc":{"start":{"line":293,"column":25},"end":{"line":295,"column":null}},"line":293},"35":{"name":"(anonymous_35)","decl":{"start":{"line":297,"column":6},"end":{"line":297,"column":29}},"loc":{"start":{"line":297,"column":29},"end":{"line":299,"column":null}},"line":297}},"branchMap":{"0":{"loc":{"start":{"line":21,"column":4},"end":{"line":25,"column":null}},"type":"if","locations":[{"start":{"line":21,"column":4},"end":{"line":25,"column":null}},{"start":{},"end":{}}],"line":21},"1":{"loc":{"start":{"line":22,"column":27},"end":{"line":22,"column":null}},"type":"binary-expr","locations":[{"start":{"line":22,"column":27},"end":{"line":22,"column":50}},{"start":{"line":22,"column":50},"end":{"line":22,"column":null}}],"line":22},"2":{"loc":{"start":{"line":23,"column":26},"end":{"line":23,"column":null}},"type":"binary-expr","locations":[{"start":{"line":23,"column":26},"end":{"line":23,"column":48}},{"start":{"line":23,"column":48},"end":{"line":23,"column":null}}],"line":23},"3":{"loc":{"start":{"line":24,"column":24},"end":{"line":24,"column":null}},"type":"binary-expr","locations":[{"start":{"line":24,"column":24},"end":{"line":24,"column":44}},{"start":{"line":24,"column":44},"end":{"line":24,"column":null}}],"line":24},"4":{"loc":{"start":{"line":60,"column":11},"end":{"line":60,"column":70}},"type":"binary-expr","locations":[{"start":{"line":60,"column":11},"end":{"line":60,"column":35}},{"start":{"line":60,"column":35},"end":{"line":60,"column":70}}],"line":60},"5":{"loc":{"start":{"line":64,"column":6},"end":{"line":68,"column":null}},"type":"if","locations":[{"start":{"line":64,"column":6},"end":{"line":68,"column":null}},{"start":{},"end":{}}],"line":64},"6":{"loc":{"start":{"line":65,"column":29},"end":{"line":65,"column":null}},"type":"binary-expr","locations":[{"start":{"line":65,"column":29},"end":{"line":65,"column":52}},{"start":{"line":65,"column":52},"end":{"line":65,"column":null}}],"line":65},"7":{"loc":{"start":{"line":66,"column":28},"end":{"line":66,"column":null}},"type":"binary-expr","locations":[{"start":{"line":66,"column":28},"end":{"line":66,"column":50}},{"start":{"line":66,"column":50},"end":{"line":66,"column":null}}],"line":66},"8":{"loc":{"start":{"line":67,"column":26},"end":{"line":67,"column":null}},"type":"binary-expr","locations":[{"start":{"line":67,"column":26},"end":{"line":67,"column":46}},{"start":{"line":67,"column":46},"end":{"line":67,"column":null}}],"line":67},"9":{"loc":{"start":{"line":82,"column":21},"end":{"line":82,"column":null}},"type":"binary-expr","locations":[{"start":{"line":82,"column":21},"end":{"line":82,"column":37}},{"start":{"line":82,"column":37},"end":{"line":82,"column":null}}],"line":82},"10":{"loc":{"start":{"line":91,"column":4},"end":{"line":91,"column":null}},"type":"if","locations":[{"start":{"line":91,"column":4},"end":{"line":91,"column":null}},{"start":{},"end":{}}],"line":91},"11":{"loc":{"start":{"line":94,"column":4},"end":{"line":102,"column":null}},"type":"if","locations":[{"start":{"line":94,"column":4},"end":{"line":102,"column":null}},{"start":{},"end":{}}],"line":94},"12":{"loc":{"start":{"line":107,"column":4},"end":{"line":107,"column":null}},"type":"if","locations":[{"start":{"line":107,"column":4},"end":{"line":107,"column":null}},{"start":{},"end":{}}],"line":107},"13":{"loc":{"start":{"line":110,"column":4},"end":{"line":118,"column":null}},"type":"if","locations":[{"start":{"line":110,"column":4},"end":{"line":118,"column":null}},{"start":{},"end":{}}],"line":110},"14":{"loc":{"start":{"line":113,"column":24},"end":{"line":113,"column":53}},"type":"binary-expr","locations":[{"start":{"line":113,"column":24},"end":{"line":113,"column":34}},{"start":{"line":113,"column":34},"end":{"line":113,"column":53}}],"line":113},"15":{"loc":{"start":{"line":122,"column":4},"end":{"line":122,"column":null}},"type":"if","locations":[{"start":{"line":122,"column":4},"end":{"line":122,"column":null}},{"start":{},"end":{}}],"line":122},"16":{"loc":{"start":{"line":127,"column":4},"end":{"line":138,"column":null}},"type":"if","locations":[{"start":{"line":127,"column":4},"end":{"line":138,"column":null}},{"start":{},"end":{}}],"line":127},"17":{"loc":{"start":{"line":130,"column":24},"end":{"line":130,"column":55}},"type":"binary-expr","locations":[{"start":{"line":130,"column":24},"end":{"line":130,"column":34}},{"start":{"line":130,"column":34},"end":{"line":130,"column":55}}],"line":130},"18":{"loc":{"start":{"line":142,"column":4},"end":{"line":147,"column":null}},"type":"if","locations":[{"start":{"line":142,"column":4},"end":{"line":147,"column":null}},{"start":{},"end":{}}],"line":142},"19":{"loc":{"start":{"line":153,"column":6},"end":{"line":156,"column":null}},"type":"if","locations":[{"start":{"line":153,"column":6},"end":{"line":156,"column":null}},{"start":{},"end":{}}],"line":153},"20":{"loc":{"start":{"line":163,"column":4},"end":{"line":179,"column":null}},"type":"switch","locations":[{"start":{"line":164,"column":6},"end":{"line":166,"column":null}},{"start":{"line":167,"column":6},"end":{"line":169,"column":null}},{"start":{"line":170,"column":6},"end":{"line":175,"column":null}},{"start":{"line":176,"column":6},"end":{"line":178,"column":null}}],"line":163},"21":{"loc":{"start":{"line":172,"column":8},"end":{"line":174,"column":null}},"type":"if","locations":[{"start":{"line":172,"column":8},"end":{"line":174,"column":null}},{"start":{},"end":{}}],"line":172},"22":{"loc":{"start":{"line":184,"column":4},"end":{"line":186,"column":null}},"type":"if","locations":[{"start":{"line":184,"column":4},"end":{"line":186,"column":null}},{"start":{},"end":{}}],"line":184},"23":{"loc":{"start":{"line":191,"column":4},"end":{"line":193,"column":null}},"type":"if","locations":[{"start":{"line":191,"column":4},"end":{"line":193,"column":null}},{"start":{},"end":{}}],"line":191},"24":{"loc":{"start":{"line":196,"column":16},"end":{"line":196,"column":56}},"type":"default-arg","locations":[{"start":{"line":196,"column":35},"end":{"line":196,"column":56}}],"line":196},"25":{"loc":{"start":{"line":197,"column":4},"end":{"line":197,"column":null}},"type":"if","locations":[{"start":{"line":197,"column":4},"end":{"line":197,"column":null}},{"start":{},"end":{}}],"line":197},"26":{"loc":{"start":{"line":204,"column":8},"end":{"line":213,"column":null}},"type":"if","locations":[{"start":{"line":204,"column":8},"end":{"line":213,"column":null}},{"start":{"line":209,"column":15},"end":{"line":213,"column":null}}],"line":204},"27":{"loc":{"start":{"line":204,"column":12},"end":{"line":204,"column":63}},"type":"binary-expr","locations":[{"start":{"line":204,"column":12},"end":{"line":204,"column":33}},{"start":{"line":204,"column":33},"end":{"line":204,"column":63}}],"line":204},"28":{"loc":{"start":{"line":218,"column":38},"end":{"line":218,"column":78}},"type":"default-arg","locations":[{"start":{"line":218,"column":57},"end":{"line":218,"column":78}}],"line":218},"29":{"loc":{"start":{"line":221,"column":4},"end":{"line":221,"column":null}},"type":"if","locations":[{"start":{"line":221,"column":4},"end":{"line":221,"column":null}},{"start":{},"end":{}}],"line":221},"30":{"loc":{"start":{"line":228,"column":8},"end":{"line":236,"column":null}},"type":"if","locations":[{"start":{"line":228,"column":8},"end":{"line":236,"column":null}},{"start":{"line":233,"column":15},"end":{"line":236,"column":null}}],"line":228},"31":{"loc":{"start":{"line":228,"column":12},"end":{"line":228,"column":74}},"type":"binary-expr","locations":[{"start":{"line":228,"column":12},"end":{"line":228,"column":33}},{"start":{"line":228,"column":33},"end":{"line":228,"column":74}}],"line":228},"32":{"loc":{"start":{"line":244,"column":4},"end":{"line":244,"column":null}},"type":"default-arg","locations":[{"start":{"line":244,"column":23},"end":{"line":244,"column":null}}],"line":244}},"s":{"0":6,"1":6,"2":6,"3":6,"4":6,"5":6,"6":6,"7":6,"8":6,"9":6,"10":0,"11":0,"12":0,"13":2,"14":0,"15":0,"16":0,"17":0,"18":0,"19":0,"20":6,"21":6,"22":6,"23":6,"24":6,"25":6,"26":6,"27":6,"28":0,"29":0,"30":0,"31":0,"32":0,"33":0,"34":0,"35":0,"36":0,"37":4,"38":0,"39":4,"40":4,"41":0,"42":0,"43":0,"44":0,"45":0,"46":0,"47":0,"48":0,"49":0,"50":0,"51":0,"52":0,"53":0,"54":0,"55":2,"56":0,"57":2,"58":2,"59":2,"60":0,"61":0,"62":0,"63":0,"64":0,"65":0,"66":0,"67":0,"68":2,"69":0,"70":0,"71":0,"72":0,"73":0,"74":0,"75":0,"76":0,"77":0,"78":0,"79":0,"80":0,"81":0,"82":0,"83":0,"84":0,"85":0,"86":0,"87":0,"88":0,"89":0,"90":0,"91":0,"92":0,"93":0,"94":0,"95":0,"96":0,"97":0,"98":0,"99":0,"100":0,"101":0,"102":0,"103":0,"104":0,"105":0,"106":0,"107":0,"108":0,"109":0,"110":0,"111":0,"112":0,"113":0,"114":0,"115":0,"116":0,"117":0,"118":0,"119":0,"120":0,"121":0,"122":0,"123":1,"124":1,"125":1,"126":1,"127":1,"128":1,"129":0,"130":0,"131":0,"132":0,"133":0},"f":{"0":6,"1":2,"2":0,"3":0,"4":0,"5":0,"6":0,"7":0,"8":6,"9":0,"10":4,"11":0,"12":2,"13":2,"14":0,"15":0,"16":0,"17":0,"18":0,"19":0,"20":0,"21":0,"22":0,"23":0,"24":0,"25":0,"26":0,"27":0,"28":1,"29":1,"30":1,"31":0,"32":0,"33":0,"34":0,"35":0},"b":{"0":[0,6],"1":[0,0],"2":[0,0],"3":[0,0],"4":[6,0],"5":[6,0],"6":[6,6],"7":[6,6],"8":[6,6],"9":[0,0],"10":[0,4],"11":[0,4],"12":[0,0],"13":[0,0],"14":[0,0],"15":[0,2],"16":[0,2],"17":[0,0],"18":[0,2],"19":[0,0],"20":[0,0,0,0],"21":[0,0],"22":[0,0],"23":[0,0],"24":[0],"25":[0,0],"26":[0,0],"27":[0,0],"28":[0],"29":[0,0],"30":[0,0],"31":[0,0],"32":[0]},"meta":{"lastBranch":33,"lastFunction":36,"lastStatement":134,"seen":{"s:10:34:10:Infinity":0,"s:11:33:11:Infinity":1,"s:12:31:12:Infinity":2,"s:13:28:13:Infinity":3,"s:14:46:14:Infinity":4,"s:15:35:15:Infinity":5,"s:16:50:16:Infinity":6,"s:17:54:17:Infinity":7,"s:18:36:18:Infinity":8,"f:20:2:20:14":0,"b:21:4:25:Infinity:undefined:undefined:undefined:undefined":0,"s:21:4:25:Infinity":9,"s:22:6:22:Infinity":10,"b:22:27:22:50:22:50:22:Infinity":1,"s:23:6:23:Infinity":11,"b:23:26:23:48:23:48:23:Infinity":2,"s:24:6:24:Infinity":12,"b:24:24:24:44:24:44:24:Infinity":3,"f:29:6:29:31":1,"s:30:4:30:Infinity":13,"f:33:6:33:30":2,"s:34:4:34:Infinity":14,"f:37:6:37:41":3,"s:38:4:38:Infinity":15,"f:41:6:41:29":4,"s:42:4:42:Infinity":16,"f:45:6:45:26":5,"s:46:4:46:Infinity":17,"f:49:6:49:28":6,"s:50:4:50:Infinity":18,"f:53:6:53:23":7,"s:54:4:54:Infinity":19,"f:57:8:57:19":8,"s:58:4:76:Infinity":20,"s:60:6:60:Infinity":21,"b:60:11:60:35:60:35:60:70":4,"s:61:6:61:Infinity":22,"s:62:6:62:Infinity":23,"b:64:6:68:Infinity:undefined:undefined:undefined:undefined":5,"s:64:6:68:Infinity":24,"s:65:8:65:Infinity":25,"b:65:29:65:52:65:52:65:Infinity":6,"s:66:8:66:Infinity":26,"b:66:28:66:50:66:50:66:Infinity":7,"s:67:8:67:Infinity":27,"b:67:26:67:46:67:46:67:Infinity":8,"s:70:6:73:Infinity":28,"s:74:6:74:Infinity":29,"s:75:6:75:Infinity":30,"f:79:8:79:18":9,"s:80:4:87:Infinity":31,"s:81:20:81:Infinity":32,"s:82:6:82:Infinity":33,"b:82:21:82:37:82:37:82:Infinity":9,"s:83:6:83:Infinity":34,"s:84:6:84:Infinity":35,"s:86:6:86:Infinity":36,"f:90:8:90:24":10,"b:91:4:91:Infinity:undefined:undefined:undefined:undefined":10,"s:91:4:91:Infinity":37,"s:91:21:91:Infinity":38,"s:93:18:93:Infinity":39,"b:94:4:102:Infinity:undefined:undefined:undefined:undefined":11,"s:94:4:102:Infinity":40,"s:95:6:101:Infinity":41,"s:96:8:96:Infinity":42,"s:97:8:97:Infinity":43,"s:98:8:98:Infinity":44,"s:100:8:100:Infinity":45,"f:106:8:106:16":11,"b:107:4:107:Infinity:undefined:undefined:undefined:undefined":12,"s:107:4:107:Infinity":46,"s:107:21:107:Infinity":47,"s:109:18:109:Infinity":48,"b:110:4:118:Infinity:undefined:undefined:undefined:undefined":13,"s:110:4:118:Infinity":49,"s:111:6:117:Infinity":50,"s:112:8:112:Infinity":51,"s:113:8:113:Infinity":52,"b:113:24:113:34:113:34:113:53":14,"s:114:8:114:Infinity":53,"s:116:8:116:Infinity":54,"f:121:8:121:18":12,"b:122:4:122:Infinity:undefined:undefined:undefined:undefined":15,"s:122:4:122:Infinity":55,"s:122:21:122:Infinity":56,"s:124:4:124:Infinity":57,"s:126:18:126:Infinity":58,"b:127:4:138:Infinity:undefined:undefined:undefined:undefined":16,"s:127:4:138:Infinity":59,"s:128:6:137:Infinity":60,"s:129:8:129:Infinity":61,"s:130:8:130:Infinity":62,"b:130:24:130:34:130:34:130:55":17,"s:131:8:131:Infinity":63,"s:132:8:132:Infinity":64,"s:133:8:133:Infinity":65,"s:134:8:134:Infinity":66,"s:136:8:136:Infinity":67,"f:141:2:141:20":13,"b:142:4:147:Infinity:undefined:undefined:undefined:undefined":18,"s:142:4:147:Infinity":68,"s:143:6:143:Infinity":69,"s:144:6:144:Infinity":70,"s:145:6:145:Infinity":71,"s:146:6:146:Infinity":72,"f:150:2:150:18":14,"s:151:4:151:Infinity":73,"s:152:4:157:Infinity":74,"f:152:28:152:29":15,"b:153:6:156:Infinity:undefined:undefined:undefined:undefined":19,"s:153:6:156:Infinity":75,"s:154:8:154:Infinity":76,"s:155:8:155:Infinity":77,"f:160:2:160:12":16,"s:161:26:161:Infinity":78,"b:164:6:166:Infinity:167:6:169:Infinity:170:6:175:Infinity:176:6:178:Infinity":20,"s:163:4:179:Infinity":79,"s:165:8:165:Infinity":80,"s:166:8:166:Infinity":81,"s:168:8:168:Infinity":82,"s:169:8:169:Infinity":83,"s:171:8:171:Infinity":84,"b:172:8:174:Infinity:undefined:undefined:undefined:undefined":21,"s:172:8:174:Infinity":85,"s:173:10:173:Infinity":86,"s:175:8:175:Infinity":87,"s:178:8:178:Infinity":88,"f:182:2:182:15":17,"s:183:4:183:Infinity":89,"b:184:4:186:Infinity:undefined:undefined:undefined:undefined":22,"s:184:4:186:Infinity":90,"s:185:6:185:Infinity":91,"f:189:2:189:17":18,"s:190:4:190:Infinity":92,"b:191:4:193:Infinity:undefined:undefined:undefined:undefined":23,"s:191:4:193:Infinity":93,"s:192:6:192:Infinity":94,"f:196:8:196:16":19,"b:196:35:196:56":24,"b:197:4:197:Infinity:undefined:undefined:undefined:undefined":25,"s:197:4:197:Infinity":95,"s:197:28:197:Infinity":96,"s:199:4:215:Infinity":97,"f:199:23:199:24":20,"s:200:26:200:Infinity":98,"s:201:23:201:Infinity":99,"s:203:27:214:Infinity":100,"f:203:39:203:45":21,"b:204:8:213:Infinity:209:15:213:Infinity":26,"s:204:8:213:Infinity":101,"b:204:12:204:33:204:33:204:63":27,"s:205:10:208:Infinity":102,"s:210:10:210:Infinity":103,"s:211:10:211:Infinity":104,"s:212:10:212:Infinity":105,"f:218:8:218:15":22,"b:218:57:218:78":28,"s:219:4:219:Infinity":106,"b:221:4:221:Infinity:undefined:undefined:undefined:undefined":29,"s:221:4:221:Infinity":107,"s:221:28:221:Infinity":108,"s:223:4:238:Infinity":109,"f:223:23:223:24":23,"s:224:27:224:Infinity":110,"s:225:23:225:Infinity":111,"s:227:27:237:Infinity":112,"f:227:39:227:45":24,"b:228:8:236:Infinity:233:15:236:Infinity":30,"s:228:8:236:Infinity":113,"b:228:12:228:33:228:33:228:74":31,"s:229:10:232:Infinity":114,"s:234:10:234:Infinity":115,"s:235:10:235:Infinity":116,"f:241:8:241:Infinity":25,"b:244:23:244:Infinity":32,"s:247:27:247:Infinity":117,"s:248:4:248:Infinity":118,"s:249:4:249:Infinity":119,"s:250:4:250:Infinity":120,"f:253:2:253:59":26,"s:254:4:254:Infinity":121,"f:258:8:258:18":27,"s:259:4:259:Infinity":122,"f:262:8:262:Infinity":28,"s:266:20:266:Infinity":123,"s:267:4:267:Infinity":124,"f:270:8:270:31":29,"s:271:20:271:Infinity":125,"s:272:4:272:Infinity":126,"f:275:8:275:31":30,"s:276:20:276:Infinity":127,"s:277:4:277:Infinity":128,"f:280:8:280:45":31,"s:281:4:281:Infinity":129,"f:285:2:285:28":32,"s:286:4:286:Infinity":130,"f:289:2:289:27":33,"s:290:4:290:Infinity":131,"f:293:2:293:25":34,"s:294:4:294:Infinity":132,"f:297:6:297:29":35,"s:298:4:298:Infinity":133}}}
,"/home/runner/work/blacktrigram/blacktrigram/src/audio/AudioUtils.ts": {"path":"/home/runner/work/blacktrigram/blacktrigram/src/audio/AudioUtils.ts","statementMap":{"0":{"start":{"line":7,"column":53},"end":{"line":12,"column":null}},"1":{"start":{"line":22,"column":2},"end":{"line":26,"column":null}},"2":{"start":{"line":23,"column":4},"end":{"line":25,"column":null}},"3":{"start":{"line":24,"column":6},"end":{"line":24,"column":null}},"4":{"start":{"line":29,"column":2},"end":{"line":33,"column":null}},"5":{"start":{"line":30,"column":4},"end":{"line":32,"column":null}},"6":{"start":{"line":31,"column":6},"end":{"line":31,"column":null}},"7":{"start":{"line":35,"column":2},"end":{"line":35,"column":null}},"8":{"start":{"line":46,"column":25},"end":{"line":46,"column":null}},"9":{"start":{"line":48,"column":2},"end":{"line":56,"column":null}},"10":{"start":{"line":50,"column":27},"end":{"line":50,"column":null}},"11":{"start":{"line":51,"column":4},"end":{"line":54,"column":null}},"12":{"start":{"line":52,"column":24},"end":{"line":52,"column":null}},"13":{"start":{"line":53,"column":6},"end":{"line":53,"column":null}},"14":{"start":{"line":55,"column":4},"end":{"line":55,"column":null}},"15":{"start":{"line":58,"column":20},"end":{"line":58,"column":null}},"16":{"start":{"line":59,"column":2},"end":{"line":59,"column":null}},"17":{"start":{"line":66,"column":2},"end":{"line":69,"column":null}},"18":{"start":{"line":68,"column":4},"end":{"line":68,"column":null}},"19":{"start":{"line":71,"column":16},"end":{"line":71,"column":null}},"20":{"start":{"line":72,"column":18},"end":{"line":72,"column":null}},"21":{"start":{"line":73,"column":2},"end":{"line":73,"column":null}},"22":{"start":{"line":80,"column":2},"end":{"line":80,"column":null}},"23":{"start":{"line":89,"column":25},"end":{"line":89,"column":null}},"24":{"start":{"line":90,"column":2},"end":{"line":94,"column":null}},"25":{"start":{"line":100,"column":2},"end":{"line":100,"column":null}},"26":{"start":{"line":100,"column":15},"end":{"line":100,"column":null}},"27":{"start":{"line":102,"column":2},"end":{"line":111,"column":null}},"28":{"start":{"line":104,"column":6},"end":{"line":104,"column":null}},"29":{"start":{"line":107,"column":6},"end":{"line":107,"column":null}},"30":{"start":{"line":110,"column":6},"end":{"line":110,"column":null}},"31":{"start":{"line":119,"column":18},"end":{"line":119,"column":null}},"32":{"start":{"line":120,"column":20},"end":{"line":120,"column":null}},"33":{"start":{"line":121,"column":4},"end":{"line":121,"column":null}},"34":{"start":{"line":137,"column":44},"end":{"line":137,"column":null}},"35":{"start":{"line":138,"column":44},"end":{"line":138,"column":null}},"36":{"start":{"line":141,"column":4},"end":{"line":145,"column":null}},"37":{"start":{"line":142,"column":6},"end":{"line":144,"column":null}},"38":{"start":{"line":143,"column":8},"end":{"line":143,"column":null}},"39":{"start":{"line":148,"column":4},"end":{"line":152,"column":null}},"40":{"start":{"line":149,"column":6},"end":{"line":151,"column":null}},"41":{"start":{"line":150,"column":8},"end":{"line":150,"column":null}},"42":{"start":{"line":154,"column":4},"end":{"line":154,"column":null}},"43":{"start":{"line":165,"column":27},"end":{"line":165,"column":null}},"44":{"start":{"line":167,"column":4},"end":{"line":173,"column":null}},"45":{"start":{"line":168,"column":6},"end":{"line":172,"column":null}},"46":{"start":{"line":175,"column":18},"end":{"line":175,"column":null}},"47":{"start":{"line":176,"column":23},"end":{"line":176,"column":null}},"48":{"start":{"line":178,"column":4},"end":{"line":182,"column":null}},"49":{"start":{"line":190,"column":16},"end":{"line":190,"column":null}},"50":{"start":{"line":191,"column":33},"end":{"line":191,"column":null}},"51":{"start":{"line":193,"column":2},"end":{"line":195,"column":null}},"52":{"start":{"line":194,"column":4},"end":{"line":194,"column":null}},"53":{"start":{"line":197,"column":2},"end":{"line":199,"column":null}},"54":{"start":{"line":198,"column":4},"end":{"line":198,"column":null}},"55":{"start":{"line":201,"column":2},"end":{"line":203,"column":null}},"56":{"start":{"line":202,"column":4},"end":{"line":202,"column":null}},"57":{"start":{"line":205,"column":2},"end":{"line":207,"column":null}},"58":{"start":{"line":206,"column":4},"end":{"line":206,"column":null}},"59":{"start":{"line":209,"column":2},"end":{"line":209,"column":null}},"60":{"start":{"line":219,"column":16},"end":{"line":219,"column":null}},"61":{"start":{"line":220,"column":2},"end":{"line":220,"column":null}},"62":{"start":{"line":221,"column":2},"end":{"line":221,"column":null}},"63":{"start":{"line":222,"column":2},"end":{"line":222,"column":null}},"64":{"start":{"line":229,"column":2},"end":{"line":229,"column":null}},"65":{"start":{"line":236,"column":2},"end":{"line":236,"column":null}},"66":{"start":{"line":243,"column":18},"end":{"line":243,"column":null}},"67":{"start":{"line":244,"column":27},"end":{"line":244,"column":null}},"68":{"start":{"line":245,"column":2},"end":{"line":245,"column":null}},"69":{"start":{"line":252,"column":2},"end":{"line":252,"column":null}},"70":{"start":{"line":261,"column":40},"end":{"line":266,"column":null}},"71":{"start":{"line":268,"column":2},"end":{"line":272,"column":null}},"72":{"start":{"line":269,"column":4},"end":{"line":271,"column":null}},"73":{"start":{"line":270,"column":6},"end":{"line":270,"column":null}},"74":{"start":{"line":274,"column":2},"end":{"line":274,"column":null}}},"fnMap":{"0":{"name":"selectAudioFormat","decl":{"start":{"line":17,"column":16},"end":{"line":17,"column":null}},"loc":{"start":{"line":20,"column":22},"end":{"line":36,"column":null}},"line":20},"1":{"name":"getPreferredFormat","decl":{"start":{"line":42,"column":16},"end":{"line":42,"column":null}},"loc":{"start":{"line":45,"column":12},"end":{"line":60,"column":null}},"line":45},"2":{"name":"canPlayType","decl":{"start":{"line":65,"column":16},"end":{"line":65,"column":28}},"loc":{"start":{"line":65,"column":58},"end":{"line":74,"column":null}},"line":65},"3":{"name":"clampVolume","decl":{"start":{"line":79,"column":16},"end":{"line":79,"column":28}},"loc":{"start":{"line":79,"column":52},"end":{"line":81,"column":null}},"line":79},"4":{"name":"getBestFormatMetadata","decl":{"start":{"line":86,"column":16},"end":{"line":86,"column":null}},"loc":{"start":{"line":88,"column":2},"end":{"line":95,"column":null}},"line":88},"5":{"name":"getFormatQuality","decl":{"start":{"line":97,"column":9},"end":{"line":97,"column":null}},"loc":{"start":{"line":99,"column":29},"end":{"line":112,"column":null}},"line":99},"6":{"name":"(anonymous_6)","decl":{"start":{"line":118,"column":9},"end":{"line":118,"column":21}},"loc":{"start":{"line":118,"column":48},"end":{"line":122,"column":null}},"line":118},"7":{"name":"(anonymous_7)","decl":{"start":{"line":127,"column":9},"end":{"line":127,"column":null}},"loc":{"start":{"line":135,"column":24},"end":{"line":155,"column":null}},"line":135},"8":{"name":"(anonymous_8)","decl":{"start":{"line":160,"column":9},"end":{"line":160,"column":31}},"loc":{"start":{"line":164,"column":4},"end":{"line":183,"column":null}},"line":164},"9":{"name":"detectSupportedFormats","decl":{"start":{"line":189,"column":16},"end":{"line":189,"column":56}},"loc":{"start":{"line":189,"column":56},"end":{"line":210,"column":null}},"line":189},"10":{"name":"createAudioElement","decl":{"start":{"line":215,"column":16},"end":{"line":215,"column":null}},"loc":{"start":{"line":218,"column":20},"end":{"line":223,"column":null}},"line":218},"11":{"name":"validateAudioUrl","decl":{"start":{"line":228,"column":16},"end":{"line":228,"column":33}},"loc":{"start":{"line":228,"column":55},"end":{"line":230,"column":null}},"line":228},"12":{"name":"normalizeVolume","decl":{"start":{"line":235,"column":16},"end":{"line":235,"column":32}},"loc":{"start":{"line":235,"column":56},"end":{"line":237,"column":null}},"line":235},"13":{"name":"formatDuration","decl":{"start":{"line":242,"column":16},"end":{"line":242,"column":31}},"loc":{"start":{"line":242,"column":56},"end":{"line":246,"column":null}},"line":242},"14":{"name":"isAudioSupported","decl":{"start":{"line":251,"column":16},"end":{"line":251,"column":44}},"loc":{"start":{"line":251,"column":44},"end":{"line":253,"column":null}},"line":251},"15":{"name":"getOptimalFormat","decl":{"start":{"line":258,"column":16},"end":{"line":258,"column":null}},"loc":{"start":{"line":260,"column":22},"end":{"line":275,"column":null}},"line":260}},"branchMap":{"0":{"loc":{"start":{"line":19,"column":2},"end":{"line":19,"column":null}},"type":"default-arg","locations":[{"start":{"line":19,"column":45},"end":{"line":19,"column":null}}],"line":19},"1":{"loc":{"start":{"line":23,"column":4},"end":{"line":25,"column":null}},"type":"if","locations":[{"start":{"line":23,"column":4},"end":{"line":25,"column":null}},{"start":{},"end":{}}],"line":23},"2":{"loc":{"start":{"line":23,"column":8},"end":{"line":23,"column":72}},"type":"binary-expr","locations":[{"start":{"line":23,"column":8},"end":{"line":23,"column":48}},{"start":{"line":23,"column":48},"end":{"line":23,"column":72}}],"line":23},"3":{"loc":{"start":{"line":30,"column":4},"end":{"line":32,"column":null}},"type":"if","locations":[{"start":{"line":30,"column":4},"end":{"line":32,"column":null}},{"start":{},"end":{}}],"line":30},"4":{"loc":{"start":{"line":48,"column":2},"end":{"line":56,"column":null}},"type":"if","locations":[{"start":{"line":48,"column":2},"end":{"line":56,"column":null}},{"start":{},"end":{}}],"line":48},"5":{"loc":{"start":{"line":51,"column":4},"end":{"line":54,"column":null}},"type":"if","locations":[{"start":{"line":51,"column":4},"end":{"line":54,"column":null}},{"start":{},"end":{}}],"line":51},"6":{"loc":{"start":{"line":66,"column":2},"end":{"line":69,"column":null}},"type":"if","locations":[{"start":{"line":66,"column":2},"end":{"line":69,"column":null}},{"start":{},"end":{}}],"line":66},"7":{"loc":{"start":{"line":73,"column":9},"end":{"line":73,"column":null}},"type":"binary-expr","locations":[{"start":{"line":73,"column":9},"end":{"line":73,"column":35}},{"start":{"line":73,"column":35},"end":{"line":73,"column":null}}],"line":73},"8":{"loc":{"start":{"line":92,"column":15},"end":{"line":92,"column":null}},"type":"cond-expr","locations":[{"start":{"line":92,"column":32},"end":{"line":92,"column":62}},{"start":{"line":92,"column":62},"end":{"line":92,"column":null}}],"line":92},"9":{"loc":{"start":{"line":100,"column":2},"end":{"line":100,"column":null}},"type":"if","locations":[{"start":{"line":100,"column":2},"end":{"line":100,"column":null}},{"start":{},"end":{}}],"line":100},"10":{"loc":{"start":{"line":102,"column":2},"end":{"line":111,"column":null}},"type":"switch","locations":[{"start":{"line":103,"column":4},"end":{"line":104,"column":null}},{"start":{"line":105,"column":4},"end":{"line":105,"column":null}},{"start":{"line":106,"column":4},"end":{"line":107,"column":null}},{"start":{"line":108,"column":4},"end":{"line":108,"column":null}},{"start":{"line":109,"column":4},"end":{"line":110,"column":null}}],"line":102},"11":{"loc":{"start":{"line":121,"column":11},"end":{"line":121,"column":null}},"type":"binary-expr","locations":[{"start":{"line":121,"column":11},"end":{"line":121,"column":37}},{"start":{"line":121,"column":37},"end":{"line":121,"column":null}}],"line":121},"12":{"loc":{"start":{"line":129,"column":4},"end":{"line":134,"column":null}},"type":"default-arg","locations":[{"start":{"line":129,"column":40},"end":{"line":134,"column":null}}],"line":129},"13":{"loc":{"start":{"line":142,"column":6},"end":{"line":144,"column":null}},"type":"if","locations":[{"start":{"line":142,"column":6},"end":{"line":144,"column":null}},{"start":{},"end":{}}],"line":142},"14":{"loc":{"start":{"line":142,"column":10},"end":{"line":142,"column":73}},"type":"binary-expr","locations":[{"start":{"line":142,"column":10},"end":{"line":142,"column":47}},{"start":{"line":142,"column":47},"end":{"line":142,"column":73}}],"line":142},"15":{"loc":{"start":{"line":149,"column":6},"end":{"line":151,"column":null}},"type":"if","locations":[{"start":{"line":149,"column":6},"end":{"line":151,"column":null}},{"start":{},"end":{}}],"line":149},"16":{"loc":{"start":{"line":167,"column":4},"end":{"line":173,"column":null}},"type":"if","locations":[{"start":{"line":167,"column":4},"end":{"line":173,"column":null}},{"start":{},"end":{}}],"line":167},"17":{"loc":{"start":{"line":193,"column":2},"end":{"line":195,"column":null}},"type":"if","locations":[{"start":{"line":193,"column":2},"end":{"line":195,"column":null}},{"start":{},"end":{}}],"line":193},"18":{"loc":{"start":{"line":197,"column":2},"end":{"line":199,"column":null}},"type":"if","locations":[{"start":{"line":197,"column":2},"end":{"line":199,"column":null}},{"start":{},"end":{}}],"line":197},"19":{"loc":{"start":{"line":201,"column":2},"end":{"line":203,"column":null}},"type":"if","locations":[{"start":{"line":201,"column":2},"end":{"line":203,"column":null}},{"start":{},"end":{}}],"line":201},"20":{"loc":{"start":{"line":205,"column":2},"end":{"line":207,"column":null}},"type":"if","locations":[{"start":{"line":205,"column":2},"end":{"line":207,"column":null}},{"start":{},"end":{}}],"line":205},"21":{"loc":{"start":{"line":217,"column":2},"end":{"line":217,"column":null}},"type":"default-arg","locations":[{"start":{"line":217,"column":19},"end":{"line":217,"column":null}}],"line":217},"22":{"loc":{"start":{"line":229,"column":9},"end":{"line":229,"column":null}},"type":"binary-expr","locations":[{"start":{"line":229,"column":9},"end":{"line":229,"column":36}},{"start":{"line":229,"column":36},"end":{"line":229,"column":null}}],"line":229},"23":{"loc":{"start":{"line":269,"column":4},"end":{"line":271,"column":null}},"type":"if","locations":[{"start":{"line":269,"column":4},"end":{"line":271,"column":null}},{"start":{},"end":{}}],"line":269},"24":{"loc":{"start":{"line":274,"column":9},"end":{"line":274,"column":null}},"type":"cond-expr","locations":[{"start":{"line":274,"column":39},"end":{"line":274,"column":61}},{"start":{"line":274,"column":61},"end":{"line":274,"column":null}}],"line":274}},"s":{"0":1,"1":14,"2":29,"3":9,"4":5,"5":4,"6":2,"7":3,"8":3,"9":3,"10":1,"11":1,"12":1,"13":1,"14":0,"15":2,"16":2,"17":23,"18":0,"19":23,"20":23,"21":23,"22":3,"23":2,"24":2,"25":2,"26":0,"27":2,"28":0,"29":0,"30":2,"31":0,"32":0,"33":0,"34":0,"35":0,"36":0,"37":0,"38":0,"39":0,"40":0,"41":0,"42":0,"43":0,"44":0,"45":0,"46":0,"47":0,"48":0,"49":0,"50":0,"51":0,"52":0,"53":0,"54":0,"55":0,"56":0,"57":0,"58":0,"59":0,"60":0,"61":0,"62":0,"63":0,"64":0,"65":0,"66":0,"67":0,"68":0,"69":0,"70":0,"71":0,"72":0,"73":0,"74":0},"f":{"0":14,"1":3,"2":23,"3":3,"4":2,"5":2,"6":1,"7":1,"8":1,"9":0,"10":0,"11":0,"12":0,"13":0,"14":0,"15":0},"b":{"0":[14],"1":[9,20],"2":[29,14],"3":[2,2],"4":[1,2],"5":[1,0],"6":[0,23],"7":[23,9],"8":[2,0],"9":[0,2],"10":[0,0,0,2,2],"11":[0,0],"12":[0],"13":[0,0],"14":[0,0],"15":[0,0],"16":[0,0],"17":[0,0],"18":[0,0],"19":[0,0],"20":[0,0],"21":[0],"22":[0,0],"23":[0,0],"24":[0,0]},"meta":{"lastBranch":25,"lastFunction":16,"lastStatement":75,"seen":{"s:7:53:12:Infinity":0,"f:17:16:17:Infinity":0,"b:19:45:19:Infinity":0,"s:22:2:26:Infinity":1,"b:23:4:25:Infinity:undefined:undefined:undefined:undefined":1,"s:23:4:25:Infinity":2,"b:23:8:23:48:23:48:23:72":2,"s:24:6:24:Infinity":3,"s:29:2:33:Infinity":4,"b:30:4:32:Infinity:undefined:undefined:undefined:undefined":3,"s:30:4:32:Infinity":5,"s:31:6:31:Infinity":6,"s:35:2:35:Infinity":7,"f:42:16:42:Infinity":1,"s:46:25:46:Infinity":8,"b:48:2:56:Infinity:undefined:undefined:undefined:undefined":4,"s:48:2:56:Infinity":9,"s:50:27:50:Infinity":10,"b:51:4:54:Infinity:undefined:undefined:undefined:undefined":5,"s:51:4:54:Infinity":11,"s:52:24:52:Infinity":12,"s:53:6:53:Infinity":13,"s:55:4:55:Infinity":14,"s:58:20:58:Infinity":15,"s:59:2:59:Infinity":16,"f:65:16:65:28":2,"b:66:2:69:Infinity:undefined:undefined:undefined:undefined":6,"s:66:2:69:Infinity":17,"s:68:4:68:Infinity":18,"s:71:16:71:Infinity":19,"s:72:18:72:Infinity":20,"s:73:2:73:Infinity":21,"b:73:9:73:35:73:35:73:Infinity":7,"f:79:16:79:28":3,"s:80:2:80:Infinity":22,"f:86:16:86:Infinity":4,"s:89:25:89:Infinity":23,"s:90:2:94:Infinity":24,"b:92:32:92:62:92:62:92:Infinity":8,"f:97:9:97:Infinity":5,"b:100:2:100:Infinity:undefined:undefined:undefined:undefined":9,"s:100:2:100:Infinity":25,"s:100:15:100:Infinity":26,"b:103:4:104:Infinity:105:4:105:Infinity:106:4:107:Infinity:108:4:108:Infinity:109:4:110:Infinity":10,"s:102:2:111:Infinity":27,"s:104:6:104:Infinity":28,"s:107:6:107:Infinity":29,"s:110:6:110:Infinity":30,"f:118:9:118:21":6,"s:119:18:119:Infinity":31,"s:120:20:120:Infinity":32,"s:121:4:121:Infinity":33,"b:121:11:121:37:121:37:121:Infinity":11,"f:127:9:127:Infinity":7,"b:129:40:134:Infinity":12,"s:137:44:137:Infinity":34,"s:138:44:138:Infinity":35,"s:141:4:145:Infinity":36,"b:142:6:144:Infinity:undefined:undefined:undefined:undefined":13,"s:142:6:144:Infinity":37,"b:142:10:142:47:142:47:142:73":14,"s:143:8:143:Infinity":38,"s:148:4:152:Infinity":39,"b:149:6:151:Infinity:undefined:undefined:undefined:undefined":15,"s:149:6:151:Infinity":40,"s:150:8:150:Infinity":41,"s:154:4:154:Infinity":42,"f:160:9:160:31":8,"s:165:27:165:Infinity":43,"b:167:4:173:Infinity:undefined:undefined:undefined:undefined":16,"s:167:4:173:Infinity":44,"s:168:6:172:Infinity":45,"s:175:18:175:Infinity":46,"s:176:23:176:Infinity":47,"s:178:4:182:Infinity":48,"f:189:16:189:56":9,"s:190:16:190:Infinity":49,"s:191:33:191:Infinity":50,"b:193:2:195:Infinity:undefined:undefined:undefined:undefined":17,"s:193:2:195:Infinity":51,"s:194:4:194:Infinity":52,"b:197:2:199:Infinity:undefined:undefined:undefined:undefined":18,"s:197:2:199:Infinity":53,"s:198:4:198:Infinity":54,"b:201:2:203:Infinity:undefined:undefined:undefined:undefined":19,"s:201:2:203:Infinity":55,"s:202:4:202:Infinity":56,"b:205:2:207:Infinity:undefined:undefined:undefined:undefined":20,"s:205:2:207:Infinity":57,"s:206:4:206:Infinity":58,"s:209:2:209:Infinity":59,"f:215:16:215:Infinity":10,"b:217:19:217:Infinity":21,"s:219:16:219:Infinity":60,"s:220:2:220:Infinity":61,"s:221:2:221:Infinity":62,"s:222:2:222:Infinity":63,"f:228:16:228:33":11,"s:229:2:229:Infinity":64,"b:229:9:229:36:229:36:229:Infinity":22,"f:235:16:235:32":12,"s:236:2:236:Infinity":65,"f:242:16:242:31":13,"s:243:18:243:Infinity":66,"s:244:27:244:Infinity":67,"s:245:2:245:Infinity":68,"f:251:16:251:44":14,"s:252:2:252:Infinity":69,"f:258:16:258:Infinity":15,"s:261:40:266:Infinity":70,"s:268:2:272:Infinity":71,"b:269:4:271:Infinity:undefined:undefined:undefined:undefined":23,"s:269:4:271:Infinity":72,"s:270:6:270:Infinity":73,"s:274:2:274:Infinity":74,"b:274:39:274:61:274:61:274:Infinity":24}}}
,"/home/runner/work/blacktrigram/blacktrigram/src/audio/types.ts": {"path":"/home/runner/work/blacktrigram/blacktrigram/src/audio/types.ts","statementMap":{"0":{"start":{"line":10,"column":7},"end":{"line":10,"column":null}},"1":{"start":{"line":11,"column":2},"end":{"line":11,"column":null}},"2":{"start":{"line":12,"column":2},"end":{"line":12,"column":null}},"3":{"start":{"line":13,"column":2},"end":{"line":13,"column":null}},"4":{"start":{"line":14,"column":2},"end":{"line":14,"column":null}},"5":{"start":{"line":10,"column":12},"end":{"line":10,"column":null}}},"fnMap":{"0":{"name":"(anonymous_0)","decl":{"start":{"line":10,"column":7},"end":{"line":10,"column":12}},"loc":{"start":{"line":10,"column":7},"end":{"line":10,"column":null}},"line":10}},"branchMap":{"0":{"loc":{"start":{"line":10,"column":12},"end":{"line":10,"column":null}},"type":"binary-expr","locations":[{"start":{"line":10,"column":12},"end":{"line":10,"column":null}},{"start":{"line":10,"column":12},"end":{"line":10,"column":null}}],"line":10}},"s":{"0":1,"1":1,"2":1,"3":1,"4":1,"5":1},"f":{"0":1},"b":{"0":[1,1]},"meta":{"lastBranch":1,"lastFunction":1,"lastStatement":6,"seen":{"s:10:7:10:Infinity":0,"f:10:7:10:12":0,"s:11:2:11:Infinity":1,"s:12:2:12:Infinity":2,"s:13:2:13:Infinity":3,"s:14:2:14:Infinity":4,"s:10:12:10:Infinity":5,"b:10:12:10:Infinity:10:12:10:Infinity":0}}}
,"/home/runner/work/blacktrigram/blacktrigram/src/components/combat/components/CombatControls.tsx": {"path":"/home/runner/work/blacktrigram/blacktrigram/src/components/combat/components/CombatControls.tsx","statementMap":{"0":{"start":{"line":13,"column":4},"end":{"line":20,"column":null}},"1":{"start":{"line":25,"column":0},"end":{"line":25,"column":null}},"2":{"start":{"line":42,"column":21},"end":{"line":51,"column":null}},"3":{"start":{"line":53,"column":61},"end":{"line":529,"column":null}},"4":{"start":{"line":66,"column":42},"end":{"line":66,"column":null}},"5":{"start":{"line":67,"column":40},"end":{"line":67,"column":null}},"6":{"start":{"line":70,"column":8},"end":{"line":73,"column":null}},"7":{"start":{"line":71,"column":10},"end":{"line":71,"column":null}},"8":{"start":{"line":75,"column":8},"end":{"line":79,"column":null}},"9":{"start":{"line":77,"column":6},"end":{"line":77,"column":null}},"10":{"start":{"line":81,"column":8},"end":{"line":83,"column":null}},"11":{"start":{"line":82,"column":4},"end":{"line":82,"column":null}},"12":{"start":{"line":82,"column":32},"end":{"line":82,"column":37}},"13":{"start":{"line":85,"column":8},"end":{"line":91,"column":null}},"14":{"start":{"line":87,"column":6},"end":{"line":87,"column":null}},"15":{"start":{"line":88,"column":6},"end":{"line":88,"column":null}},"16":{"start":{"line":94,"column":8},"end":{"line":102,"column":null}},"17":{"start":{"line":95,"column":22},"end":{"line":95,"column":null}},"18":{"start":{"line":96,"column":4},"end":{"line":96,"column":null}},"19":{"start":{"line":96,"column":20},"end":{"line":96,"column":null}},"20":{"start":{"line":97,"column":4},"end":{"line":100,"column":null}},"21":{"start":{"line":105,"column":19},"end":{"line":105,"column":null}},"22":{"start":{"line":106,"column":22},"end":{"line":106,"column":null}},"23":{"start":{"line":107,"column":23},"end":{"line":107,"column":null}},"24":{"start":{"line":108,"column":19},"end":{"line":108,"column":null}},"25":{"start":{"line":111,"column":8},"end":{"line":156,"column":null}},"26":{"start":{"line":118,"column":6},"end":{"line":118,"column":null}},"27":{"start":{"line":120,"column":20},"end":{"line":120,"column":null}},"28":{"start":{"line":121,"column":26},"end":{"line":121,"column":null}},"29":{"start":{"line":124,"column":6},"end":{"line":127,"column":null}},"30":{"start":{"line":125,"column":8},"end":{"line":125,"column":null}},"31":{"start":{"line":126,"column":8},"end":{"line":126,"column":null}},"32":{"start":{"line":130,"column":6},"end":{"line":130,"column":null}},"33":{"start":{"line":131,"column":6},"end":{"line":131,"column":null}},"34":{"start":{"line":134,"column":6},"end":{"line":140,"column":null}},"35":{"start":{"line":141,"column":6},"end":{"line":141,"column":null}},"36":{"start":{"line":144,"column":6},"end":{"line":147,"column":null}},"37":{"start":{"line":145,"column":8},"end":{"line":145,"column":null}},"38":{"start":{"line":146,"column":8},"end":{"line":146,"column":null}},"39":{"start":{"line":150,"column":6},"end":{"line":153,"column":null}},"40":{"start":{"line":151,"column":8},"end":{"line":151,"column":null}},"41":{"start":{"line":152,"column":8},"end":{"line":152,"column":null}},"42":{"start":{"line":158,"column":2},"end":{"line":527,"column":null}},"43":{"start":{"line":163,"column":10},"end":{"line":163,"column":null}},"44":{"start":{"line":164,"column":10},"end":{"line":164,"column":null}},"45":{"start":{"line":165,"column":10},"end":{"line":165,"column":null}},"46":{"start":{"line":168,"column":10},"end":{"line":168,"column":null}},"47":{"start":{"line":169,"column":10},"end":{"line":169,"column":null}},"48":{"start":{"line":172,"column":10},"end":{"line":172,"column":null}},"49":{"start":{"line":173,"column":10},"end":{"line":173,"column":null}},"50":{"start":{"line":174,"column":10},"end":{"line":174,"column":null}},"51":{"start":{"line":175,"column":10},"end":{"line":175,"column":null}},"52":{"start":{"line":210,"column":14},"end":{"line":215,"column":null}},"53":{"start":{"line":219,"column":33},"end":{"line":219,"column":null}},"54":{"start":{"line":220,"column":32},"end":{"line":220,"column":null}},"55":{"start":{"line":240,"column":14},"end":{"line":245,"column":null}},"56":{"start":{"line":249,"column":33},"end":{"line":249,"column":null}},"57":{"start":{"line":250,"column":32},"end":{"line":250,"column":null}},"58":{"start":{"line":274,"column":14},"end":{"line":281,"column":null}},"59":{"start":{"line":284,"column":33},"end":{"line":284,"column":null}},"60":{"start":{"line":286,"column":14},"end":{"line":286,"column":null}},"61":{"start":{"line":288,"column":32},"end":{"line":288,"column":null}},"62":{"start":{"line":344,"column":14},"end":{"line":349,"column":null}},"63":{"start":{"line":353,"column":33},"end":{"line":353,"column":null}},"64":{"start":{"line":354,"column":32},"end":{"line":354,"column":null}},"65":{"start":{"line":400,"column":14},"end":{"line":400,"column":null}},"66":{"start":{"line":401,"column":14},"end":{"line":401,"column":null}},"67":{"start":{"line":402,"column":14},"end":{"line":402,"column":null}},"68":{"start":{"line":404,"column":14},"end":{"line":408,"column":null}},"69":{"start":{"line":409,"column":14},"end":{"line":409,"column":null}},"70":{"start":{"line":440,"column":31},"end":{"line":440,"column":null}},"71":{"start":{"line":441,"column":24},"end":{"line":441,"column":null}},"72":{"start":{"line":442,"column":24},"end":{"line":442,"column":null}},"73":{"start":{"line":443,"column":31},"end":{"line":443,"column":null}},"74":{"start":{"line":445,"column":12},"end":{"line":500,"column":null}},"75":{"start":{"line":451,"column":37},"end":{"line":451,"column":null}},"76":{"start":{"line":456,"column":20},"end":{"line":456,"column":null}},"77":{"start":{"line":457,"column":20},"end":{"line":462,"column":null}},"78":{"start":{"line":463,"column":20},"end":{"line":463,"column":null}},"79":{"start":{"line":465,"column":20},"end":{"line":471,"column":null}},"80":{"start":{"line":472,"column":20},"end":{"line":472,"column":null}},"81":{"start":{"line":509,"column":33},"end":{"line":509,"column":null}},"82":{"start":{"line":513,"column":16},"end":{"line":513,"column":null}},"83":{"start":{"line":514,"column":16},"end":{"line":514,"column":null}},"84":{"start":{"line":515,"column":16},"end":{"line":515,"column":null}},"85":{"start":{"line":517,"column":16},"end":{"line":517,"column":null}},"86":{"start":{"line":518,"column":16},"end":{"line":518,"column":null}},"87":{"start":{"line":519,"column":16},"end":{"line":519,"column":null}},"88":{"start":{"line":520,"column":16},"end":{"line":520,"column":null}},"89":{"start":{"line":521,"column":16},"end":{"line":521,"column":null}}},"fnMap":{"0":{"name":"(anonymous_0)","decl":{"start":{"line":11,"column":2},"end":{"line":11,"column":25}},"loc":{"start":{"line":11,"column":46},"end":{"line":21,"column":null}},"line":11},"1":{"name":"(anonymous_1)","decl":{"start":{"line":53,"column":61},"end":{"line":53,"column":62}},"loc":{"start":{"line":65,"column":6},"end":{"line":529,"column":null}},"line":65},"2":{"name":"(anonymous_2)","decl":{"start":{"line":71,"column":4},"end":{"line":71,"column":10}},"loc":{"start":{"line":71,"column":10},"end":{"line":71,"column":null}},"line":71},"3":{"name":"(anonymous_3)","decl":{"start":{"line":76,"column":4},"end":{"line":76,"column":null}},"loc":{"start":{"line":77,"column":6},"end":{"line":77,"column":null}},"line":77},"4":{"name":"(anonymous_4)","decl":{"start":{"line":81,"column":39},"end":{"line":81,"column":45}},"loc":{"start":{"line":81,"column":45},"end":{"line":83,"column":5}},"line":81},"5":{"name":"(anonymous_5)","decl":{"start":{"line":82,"column":22},"end":{"line":82,"column":23}},"loc":{"start":{"line":82,"column":32},"end":{"line":82,"column":37}},"line":82},"6":{"name":"(anonymous_6)","decl":{"start":{"line":86,"column":4},"end":{"line":86,"column":5}},"loc":{"start":{"line":86,"column":31},"end":{"line":89,"column":null}},"line":86},"7":{"name":"(anonymous_7)","decl":{"start":{"line":94,"column":38},"end":{"line":94,"column":44}},"loc":{"start":{"line":94,"column":44},"end":{"line":102,"column":5}},"line":94},"8":{"name":"(anonymous_8)","decl":{"start":{"line":112,"column":4},"end":{"line":112,"column":null}},"loc":{"start":{"line":117,"column":9},"end":{"line":154,"column":null}},"line":117},"9":{"name":"(anonymous_9)","decl":{"start":{"line":162,"column":14},"end":{"line":162,"column":15}},"loc":{"start":{"line":162,"column":21},"end":{"line":176,"column":null}},"line":162},"10":{"name":"(anonymous_10)","decl":{"start":{"line":209,"column":18},"end":{"line":209,"column":19}},"loc":{"start":{"line":210,"column":14},"end":{"line":215,"column":null}},"line":210},"11":{"name":"(anonymous_11)","decl":{"start":{"line":219,"column":27},"end":{"line":219,"column":33}},"loc":{"start":{"line":219,"column":33},"end":{"line":219,"column":null}},"line":219},"12":{"name":"(anonymous_12)","decl":{"start":{"line":220,"column":26},"end":{"line":220,"column":32}},"loc":{"start":{"line":220,"column":32},"end":{"line":220,"column":null}},"line":220},"13":{"name":"(anonymous_13)","decl":{"start":{"line":239,"column":18},"end":{"line":239,"column":19}},"loc":{"start":{"line":240,"column":14},"end":{"line":245,"column":null}},"line":240},"14":{"name":"(anonymous_14)","decl":{"start":{"line":249,"column":27},"end":{"line":249,"column":33}},"loc":{"start":{"line":249,"column":33},"end":{"line":249,"column":null}},"line":249},"15":{"name":"(anonymous_15)","decl":{"start":{"line":250,"column":26},"end":{"line":250,"column":32}},"loc":{"start":{"line":250,"column":32},"end":{"line":250,"column":null}},"line":250},"16":{"name":"(anonymous_16)","decl":{"start":{"line":273,"column":18},"end":{"line":273,"column":19}},"loc":{"start":{"line":274,"column":14},"end":{"line":281,"column":null}},"line":274},"17":{"name":"(anonymous_17)","decl":{"start":{"line":284,"column":27},"end":{"line":284,"column":33}},"loc":{"start":{"line":284,"column":33},"end":{"line":284,"column":null}},"line":284},"18":{"name":"(anonymous_18)","decl":{"start":{"line":285,"column":27},"end":{"line":285,"column":null}},"loc":{"start":{"line":286,"column":14},"end":{"line":286,"column":null}},"line":286},"19":{"name":"(anonymous_19)","decl":{"start":{"line":288,"column":26},"end":{"line":288,"column":32}},"loc":{"start":{"line":288,"column":32},"end":{"line":288,"column":null}},"line":288},"20":{"name":"(anonymous_20)","decl":{"start":{"line":343,"column":18},"end":{"line":343,"column":19}},"loc":{"start":{"line":344,"column":14},"end":{"line":349,"column":null}},"line":344},"21":{"name":"(anonymous_21)","decl":{"start":{"line":353,"column":27},"end":{"line":353,"column":33}},"loc":{"start":{"line":353,"column":33},"end":{"line":353,"column":null}},"line":353},"22":{"name":"(anonymous_22)","decl":{"start":{"line":354,"column":26},"end":{"line":354,"column":32}},"loc":{"start":{"line":354,"column":32},"end":{"line":354,"column":null}},"line":354},"23":{"name":"(anonymous_23)","decl":{"start":{"line":399,"column":18},"end":{"line":399,"column":19}},"loc":{"start":{"line":399,"column":25},"end":{"line":410,"column":null}},"line":399},"24":{"name":"(anonymous_24)","decl":{"start":{"line":439,"column":44},"end":{"line":439,"column":45}},"loc":{"start":{"line":439,"column":63},"end":{"line":502,"column":11}},"line":439},"25":{"name":"(anonymous_25)","decl":{"start":{"line":451,"column":31},"end":{"line":451,"column":37}},"loc":{"start":{"line":451,"column":37},"end":{"line":451,"column":null}},"line":451},"26":{"name":"(anonymous_26)","decl":{"start":{"line":455,"column":24},"end":{"line":455,"column":25}},"loc":{"start":{"line":455,"column":31},"end":{"line":473,"column":null}},"line":455},"27":{"name":"(anonymous_27)","decl":{"start":{"line":509,"column":27},"end":{"line":509,"column":33}},"loc":{"start":{"line":509,"column":33},"end":{"line":509,"column":null}},"line":509},"28":{"name":"(anonymous_28)","decl":{"start":{"line":512,"column":20},"end":{"line":512,"column":21}},"loc":{"start":{"line":512,"column":27},"end":{"line":522,"column":null}},"line":512}},"branchMap":{"0":{"loc":{"start":{"line":60,"column":2},"end":{"line":60,"column":null}},"type":"default-arg","locations":[{"start":{"line":60,"column":10},"end":{"line":60,"column":null}}],"line":60},"1":{"loc":{"start":{"line":61,"column":2},"end":{"line":61,"column":null}},"type":"default-arg","locations":[{"start":{"line":61,"column":11},"end":{"line":61,"column":null}}],"line":61},"2":{"loc":{"start":{"line":62,"column":2},"end":{"line":62,"column":null}},"type":"default-arg","locations":[{"start":{"line":62,"column":6},"end":{"line":62,"column":null}}],"line":62},"3":{"loc":{"start":{"line":63,"column":2},"end":{"line":63,"column":null}},"type":"default-arg","locations":[{"start":{"line":63,"column":6},"end":{"line":63,"column":null}}],"line":63},"4":{"loc":{"start":{"line":64,"column":2},"end":{"line":64,"column":null}},"type":"default-arg","locations":[{"start":{"line":64,"column":17},"end":{"line":64,"column":null}}],"line":64},"5":{"loc":{"start":{"line":77,"column":6},"end":{"line":77,"column":null}},"type":"binary-expr","locations":[{"start":{"line":77,"column":6},"end":{"line":77,"column":44}},{"start":{"line":77,"column":44},"end":{"line":77,"column":null}}],"line":77},"6":{"loc":{"start":{"line":96,"column":4},"end":{"line":96,"column":null}},"type":"if","locations":[{"start":{"line":96,"column":4},"end":{"line":96,"column":null}},{"start":{},"end":{}}],"line":96},"7":{"loc":{"start":{"line":98,"column":6},"end":{"line":100,"column":null}},"type":"binary-expr","locations":[{"start":{"line":98,"column":6},"end":{"line":98,"column":null}},{"start":{"line":99,"column":6},"end":{"line":99,"column":null}},{"start":{"line":100,"column":6},"end":{"line":100,"column":null}}],"line":98},"8":{"loc":{"start":{"line":106,"column":22},"end":{"line":106,"column":null}},"type":"cond-expr","locations":[{"start":{"line":106,"column":33},"end":{"line":106,"column":38}},{"start":{"line":106,"column":38},"end":{"line":106,"column":null}}],"line":106},"9":{"loc":{"start":{"line":107,"column":23},"end":{"line":107,"column":null}},"type":"cond-expr","locations":[{"start":{"line":107,"column":34},"end":{"line":107,"column":39}},{"start":{"line":107,"column":39},"end":{"line":107,"column":null}}],"line":107},"10":{"loc":{"start":{"line":108,"column":19},"end":{"line":108,"column":null}},"type":"cond-expr","locations":[{"start":{"line":108,"column":30},"end":{"line":108,"column":34}},{"start":{"line":108,"column":34},"end":{"line":108,"column":null}}],"line":108},"11":{"loc":{"start":{"line":115,"column":6},"end":{"line":115,"column":null}},"type":"default-arg","locations":[{"start":{"line":115,"column":28},"end":{"line":115,"column":null}}],"line":115},"12":{"loc":{"start":{"line":116,"column":6},"end":{"line":116,"column":null}},"type":"default-arg","locations":[{"start":{"line":116,"column":27},"end":{"line":116,"column":null}}],"line":116},"13":{"loc":{"start":{"line":120,"column":20},"end":{"line":120,"column":null}},"type":"cond-expr","locations":[{"start":{"line":120,"column":33},"end":{"line":120,"column":39}},{"start":{"line":120,"column":39},"end":{"line":120,"column":null}}],"line":120},"14":{"loc":{"start":{"line":120,"column":39},"end":{"line":120,"column":null}},"type":"cond-expr","locations":[{"start":{"line":120,"column":51},"end":{"line":120,"column":57}},{"start":{"line":120,"column":57},"end":{"line":120,"column":null}}],"line":120},"15":{"loc":{"start":{"line":121,"column":26},"end":{"line":121,"column":null}},"type":"cond-expr","locations":[{"start":{"line":121,"column":38},"end":{"line":121,"column":42}},{"start":{"line":121,"column":42},"end":{"line":121,"column":null}}],"line":121},"16":{"loc":{"start":{"line":124,"column":6},"end":{"line":127,"column":null}},"type":"if","locations":[{"start":{"line":124,"column":6},"end":{"line":127,"column":null}},{"start":{},"end":{}}],"line":124},"17":{"loc":{"start":{"line":124,"column":10},"end":{"line":124,"column":36}},"type":"binary-expr","locations":[{"start":{"line":124,"column":10},"end":{"line":124,"column":23}},{"start":{"line":124,"column":23},"end":{"line":124,"column":36}}],"line":124},"18":{"loc":{"start":{"line":136,"column":15},"end":{"line":138,"column":null}},"type":"cond-expr","locations":[{"start":{"line":137,"column":12},"end":{"line":137,"column":null}},{"start":{"line":138,"column":12},"end":{"line":138,"column":null}}],"line":136},"19":{"loc":{"start":{"line":144,"column":6},"end":{"line":147,"column":null}},"type":"if","locations":[{"start":{"line":144,"column":6},"end":{"line":147,"column":null}},{"start":{},"end":{}}],"line":144},"20":{"loc":{"start":{"line":150,"column":6},"end":{"line":153,"column":null}},"type":"if","locations":[{"start":{"line":150,"column":6},"end":{"line":153,"column":null}},{"start":{},"end":{}}],"line":150},"21":{"loc":{"start":{"line":186,"column":22},"end":{"line":186,"column":null}},"type":"cond-expr","locations":[{"start":{"line":186,"column":33},"end":{"line":186,"column":37}},{"start":{"line":186,"column":37},"end":{"line":186,"column":null}}],"line":186},"22":{"loc":{"start":{"line":196,"column":22},"end":{"line":196,"column":null}},"type":"cond-expr","locations":[{"start":{"line":196,"column":33},"end":{"line":196,"column":37}},{"start":{"line":196,"column":37},"end":{"line":196,"column":null}}],"line":196},"23":{"loc":{"start":{"line":205,"column":30},"end":{"line":205,"column":null}},"type":"cond-expr","locations":[{"start":{"line":205,"column":41},"end":{"line":205,"column":46}},{"start":{"line":205,"column":46},"end":{"line":205,"column":null}}],"line":205},"24":{"loc":{"start":{"line":276,"column":16},"end":{"line":278,"column":null}},"type":"cond-expr","locations":[{"start":{"line":277,"column":20},"end":{"line":277,"column":null}},{"start":{"line":278,"column":20},"end":{"line":278,"column":null}}],"line":276},"25":{"loc":{"start":{"line":280,"column":16},"end":{"line":280,"column":null}},"type":"binary-expr","locations":[{"start":{"line":280,"column":16},"end":{"line":280,"column":49}},{"start":{"line":280,"column":49},"end":{"line":280,"column":null}}],"line":280},"26":{"loc":{"start":{"line":284,"column":33},"end":{"line":284,"column":null}},"type":"binary-expr","locations":[{"start":{"line":284,"column":33},"end":{"line":284,"column":56}},{"start":{"line":284,"column":56},"end":{"line":284,"column":null}}],"line":284},"27":{"loc":{"start":{"line":286,"column":14},"end":{"line":286,"column":null}},"type":"binary-expr","locations":[{"start":{"line":286,"column":14},"end":{"line":286,"column":37}},{"start":{"line":286,"column":37},"end":{"line":286,"column":null}}],"line":286},"28":{"loc":{"start":{"line":294,"column":20},"end":{"line":296,"column":null}},"type":"cond-expr","locations":[{"start":{"line":295,"column":18},"end":{"line":295,"column":null}},{"start":{"line":296,"column":18},"end":{"line":296,"column":null}}],"line":294},"29":{"loc":{"start":{"line":307,"column":24},"end":{"line":307,"column":null}},"type":"cond-expr","locations":[{"start":{"line":307,"column":35},"end":{"line":307,"column":39}},{"start":{"line":307,"column":39},"end":{"line":307,"column":null}}],"line":307},"30":{"loc":{"start":{"line":308,"column":20},"end":{"line":310,"column":null}},"type":"cond-expr","locations":[{"start":{"line":309,"column":18},"end":{"line":309,"column":null}},{"start":{"line":310,"column":18},"end":{"line":310,"column":null}}],"line":308},"31":{"loc":{"start":{"line":319,"column":11},"end":{"line":332,"column":null}},"type":"binary-expr","locations":[{"start":{"line":319,"column":11},"end":{"line":319,"column":35}},{"start":{"line":319,"column":35},"end":{"line":319,"column":null}},{"start":{"line":320,"column":12},"end":{"line":332,"column":null}}],"line":319},"32":{"loc":{"start":{"line":321,"column":23},"end":{"line":321,"column":57}},"type":"binary-expr","locations":[{"start":{"line":321,"column":23},"end":{"line":321,"column":56}},{"start":{"line":321,"column":56},"end":{"line":321,"column":57}}],"line":321},"33":{"loc":{"start":{"line":322,"column":16},"end":{"line":322,"column":null}},"type":"binary-expr","locations":[{"start":{"line":322,"column":16},"end":{"line":322,"column":54}},{"start":{"line":322,"column":54},"end":{"line":322,"column":null}}],"line":322},"34":{"loc":{"start":{"line":371,"column":24},"end":{"line":371,"column":null}},"type":"cond-expr","locations":[{"start":{"line":371,"column":35},"end":{"line":371,"column":39}},{"start":{"line":371,"column":39},"end":{"line":371,"column":null}}],"line":371},"35":{"loc":{"start":{"line":387,"column":22},"end":{"line":387,"column":null}},"type":"cond-expr","locations":[{"start":{"line":387,"column":33},"end":{"line":387,"column":37}},{"start":{"line":387,"column":37},"end":{"line":387,"column":null}}],"line":387},"36":{"loc":{"start":{"line":396,"column":7},"end":{"line":525,"column":null}},"type":"binary-expr","locations":[{"start":{"line":396,"column":7},"end":{"line":396,"column":null}},{"start":{"line":397,"column":8},"end":{"line":525,"column":null}}],"line":396},"37":{"loc":{"start":{"line":458,"column":29},"end":{"line":460,"column":null}},"type":"cond-expr","locations":[{"start":{"line":459,"column":26},"end":{"line":459,"column":null}},{"start":{"line":460,"column":26},"end":{"line":460,"column":null}}],"line":458},"38":{"loc":{"start":{"line":467,"column":29},"end":{"line":469,"column":null}},"type":"cond-expr","locations":[{"start":{"line":468,"column":26},"end":{"line":468,"column":null}},{"start":{"line":469,"column":26},"end":{"line":469,"column":null}}],"line":467},"39":{"loc":{"start":{"line":479,"column":26},"end":{"line":481,"column":null}},"type":"cond-expr","locations":[{"start":{"line":480,"column":24},"end":{"line":480,"column":null}},{"start":{"line":481,"column":24},"end":{"line":481,"column":null}}],"line":479},"40":{"loc":{"start":{"line":483,"column":32},"end":{"line":483,"column":null}},"type":"cond-expr","locations":[{"start":{"line":483,"column":45},"end":{"line":483,"column":54}},{"start":{"line":483,"column":54},"end":{"line":483,"column":null}}],"line":483},"41":{"loc":{"start":{"line":492,"column":26},"end":{"line":494,"column":null}},"type":"cond-expr","locations":[{"start":{"line":493,"column":24},"end":{"line":493,"column":null}},{"start":{"line":494,"column":24},"end":{"line":494,"column":null}}],"line":492}},"s":{"0":6,"1":1,"2":1,"3":1,"4":6,"5":6,"6":6,"7":6,"8":6,"9":6,"10":6,"11":0,"12":0,"13":6,"14":0,"15":0,"16":6,"17":6,"18":6,"19":0,"20":6,"21":6,"22":6,"23":6,"24":6,"25":6,"26":0,"27":0,"28":0,"29":0,"30":0,"31":0,"32":0,"33":0,"34":0,"35":0,"36":0,"37":0,"38":0,"39":0,"40":0,"41":0,"42":6,"43":0,"44":0,"45":0,"46":0,"47":0,"48":0,"49":0,"50":0,"51":0,"52":0,"53":0,"54":0,"55":0,"56":0,"57":0,"58":0,"59":0,"60":0,"61":0,"62":0,"63":0,"64":0,"65":0,"66":0,"67":0,"68":0,"69":0,"70":0,"71":0,"72":0,"73":0,"74":0,"75":0,"76":0,"77":0,"78":0,"79":0,"80":0,"81":0,"82":0,"83":0,"84":0,"85":0,"86":0,"87":0,"88":0,"89":0},"f":{"0":6,"1":6,"2":6,"3":6,"4":0,"5":0,"6":0,"7":6,"8":0,"9":0,"10":0,"11":0,"12":0,"13":0,"14":0,"15":0,"16":0,"17":0,"18":0,"19":0,"20":0,"21":0,"22":0,"23":0,"24":0,"25":0,"26":0,"27":0,"28":0},"b":{"0":[6],"1":[6],"2":[6],"3":[6],"4":[6],"5":[6,0],"6":[0,6],"7":[6,4,4],"8":[0,6],"9":[0,6],"10":[0,6],"11":[0],"12":[0],"13":[0,0],"14":[0,0],"15":[0,0],"16":[0,0],"17":[0,0],"18":[0,0],"19":[0,0],"20":[0,0],"21":[0,6],"22":[0,6],"23":[0,6],"24":[0,0],"25":[0,0],"26":[0,0],"27":[0,0],"28":[4,2],"29":[0,6],"30":[4,2],"31":[6,2,2],"32":[2,0],"33":[2,0],"34":[0,6],"35":[0,6],"36":[6,0],"37":[0,0],"38":[0,0],"39":[0,0],"40":[0,0],"41":[0,0]},"meta":{"lastBranch":42,"lastFunction":29,"lastStatement":90,"seen":{"f:11:2:11:25":0,"s:13:4:20:Infinity":0,"s:25:0:25:Infinity":1,"s:42:21:51:Infinity":2,"s:53:61:529:Infinity":3,"f:53:61:53:62":1,"b:60:10:60:Infinity":0,"b:61:11:61:Infinity":1,"b:62:6:62:Infinity":2,"b:63:6:63:Infinity":3,"b:64:17:64:Infinity":4,"s:66:42:66:Infinity":4,"s:67:40:67:Infinity":5,"s:70:8:73:Infinity":6,"f:71:4:71:10":2,"s:71:10:71:Infinity":7,"s:75:8:79:Infinity":8,"f:76:4:76:Infinity":3,"s:77:6:77:Infinity":9,"b:77:6:77:44:77:44:77:Infinity":5,"s:81:8:83:Infinity":10,"f:81:39:81:45":4,"s:82:4:82:Infinity":11,"f:82:22:82:23":5,"s:82:32:82:37":12,"s:85:8:91:Infinity":13,"f:86:4:86:5":6,"s:87:6:87:Infinity":14,"s:88:6:88:Infinity":15,"s:94:8:102:Infinity":16,"f:94:38:94:44":7,"s:95:22:95:Infinity":17,"b:96:4:96:Infinity:undefined:undefined:undefined:undefined":6,"s:96:4:96:Infinity":18,"s:96:20:96:Infinity":19,"s:97:4:100:Infinity":20,"b:98:6:98:Infinity:99:6:99:Infinity:100:6:100:Infinity":7,"s:105:19:105:Infinity":21,"s:106:22:106:Infinity":22,"b:106:33:106:38:106:38:106:Infinity":8,"s:107:23:107:Infinity":23,"b:107:34:107:39:107:39:107:Infinity":9,"s:108:19:108:Infinity":24,"b:108:30:108:34:108:34:108:Infinity":10,"s:111:8:156:Infinity":25,"f:112:4:112:Infinity":8,"b:115:28:115:Infinity":11,"b:116:27:116:Infinity":12,"s:118:6:118:Infinity":26,"s:120:20:120:Infinity":27,"b:120:33:120:39:120:39:120:Infinity":13,"b:120:51:120:57:120:57:120:Infinity":14,"s:121:26:121:Infinity":28,"b:121:38:121:42:121:42:121:Infinity":15,"b:124:6:127:Infinity:undefined:undefined:undefined:undefined":16,"s:124:6:127:Infinity":29,"b:124:10:124:23:124:23:124:36":17,"s:125:8:125:Infinity":30,"s:126:8:126:Infinity":31,"s:130:6:130:Infinity":32,"s:131:6:131:Infinity":33,"s:134:6:140:Infinity":34,"b:137:12:137:Infinity:138:12:138:Infinity":18,"s:141:6:141:Infinity":35,"b:144:6:147:Infinity:undefined:undefined:undefined:undefined":19,"s:144:6:147:Infinity":36,"s:145:8:145:Infinity":37,"s:146:8:146:Infinity":38,"b:150:6:153:Infinity:undefined:undefined:undefined:undefined":20,"s:150:6:153:Infinity":39,"s:151:8:151:Infinity":40,"s:152:8:152:Infinity":41,"s:158:2:527:Infinity":42,"f:162:14:162:15":9,"s:163:10:163:Infinity":43,"s:164:10:164:Infinity":44,"s:165:10:165:Infinity":45,"s:168:10:168:Infinity":46,"s:169:10:169:Infinity":47,"s:172:10:172:Infinity":48,"s:173:10:173:Infinity":49,"s:174:10:174:Infinity":50,"s:175:10:175:Infinity":51,"b:186:33:186:37:186:37:186:Infinity":21,"b:196:33:196:37:196:37:196:Infinity":22,"b:205:41:205:46:205:46:205:Infinity":23,"f:209:18:209:19":10,"s:210:14:215:Infinity":52,"f:219:27:219:33":11,"s:219:33:219:Infinity":53,"f:220:26:220:32":12,"s:220:32:220:Infinity":54,"f:239:18:239:19":13,"s:240:14:245:Infinity":55,"f:249:27:249:33":14,"s:249:33:249:Infinity":56,"f:250:26:250:32":15,"s:250:32:250:Infinity":57,"f:273:18:273:19":16,"s:274:14:281:Infinity":58,"b:277:20:277:Infinity:278:20:278:Infinity":24,"b:280:16:280:49:280:49:280:Infinity":25,"f:284:27:284:33":17,"s:284:33:284:Infinity":59,"b:284:33:284:56:284:56:284:Infinity":26,"f:285:27:285:Infinity":18,"s:286:14:286:Infinity":60,"b:286:14:286:37:286:37:286:Infinity":27,"f:288:26:288:32":19,"s:288:32:288:Infinity":61,"b:295:18:295:Infinity:296:18:296:Infinity":28,"b:307:35:307:39:307:39:307:Infinity":29,"b:309:18:309:Infinity:310:18:310:Infinity":30,"b:319:11:319:35:319:35:319:Infinity:320:12:332:Infinity":31,"b:321:23:321:56:321:56:321:57":32,"b:322:16:322:54:322:54:322:Infinity":33,"f:343:18:343:19":20,"s:344:14:349:Infinity":62,"f:353:27:353:33":21,"s:353:33:353:Infinity":63,"f:354:26:354:32":22,"s:354:32:354:Infinity":64,"b:371:35:371:39:371:39:371:Infinity":34,"b:387:33:387:37:387:37:387:Infinity":35,"b:396:7:396:Infinity:397:8:525:Infinity":36,"f:399:18:399:19":23,"s:400:14:400:Infinity":65,"s:401:14:401:Infinity":66,"s:402:14:402:Infinity":67,"s:404:14:408:Infinity":68,"s:409:14:409:Infinity":69,"f:439:44:439:45":24,"s:440:31:440:Infinity":70,"s:441:24:441:Infinity":71,"s:442:24:442:Infinity":72,"s:443:31:443:Infinity":73,"s:445:12:500:Infinity":74,"f:451:31:451:37":25,"s:451:37:451:Infinity":75,"f:455:24:455:25":26,"s:456:20:456:Infinity":76,"s:457:20:462:Infinity":77,"b:459:26:459:Infinity:460:26:460:Infinity":37,"s:463:20:463:Infinity":78,"s:465:20:471:Infinity":79,"b:468:26:468:Infinity:469:26:469:Infinity":38,"s:472:20:472:Infinity":80,"b:480:24:480:Infinity:481:24:481:Infinity":39,"b:483:45:483:54:483:54:483:Infinity":40,"b:493:24:493:Infinity:494:24:494:Infinity":41,"f:509:27:509:33":
[...]
ine":151,"column":24},"end":{"line":151,"column":25}},"loc":{"start":{"line":151,"column":54},"end":{"line":153,"column":null}},"line":151},"9":{"name":"(anonymous_9)","decl":{"start":{"line":155,"column":26},"end":{"line":155,"column":27}},"loc":{"start":{"line":155,"column":67},"end":{"line":157,"column":null}},"line":155},"10":{"name":"(anonymous_10)","decl":{"start":{"line":170,"column":33},"end":{"line":170,"column":null}},"loc":{"start":{"line":175,"column":5},"end":{"line":187,"column":null}},"line":175}},"branchMap":{"0":{"loc":{"start":{"line":50,"column":19},"end":{"line":50,"column":null}},"type":"binary-expr","locations":[{"start":{"line":50,"column":19},"end":{"line":50,"column":41}},{"start":{"line":50,"column":41},"end":{"line":50,"column":null}}],"line":50},"1":{"loc":{"start":{"line":54,"column":29},"end":{"line":58,"column":null}},"type":"cond-expr","locations":[{"start":{"line":55,"column":6},"end":{"line":55,"column":null}},{"start":{"line":56,"column":6},"end":{"line":58,"column":null}}],"line":54},"2":{"loc":{"start":{"line":56,"column":6},"end":{"line":58,"column":null}},"type":"cond-expr","locations":[{"start":{"line":57,"column":6},"end":{"line":57,"column":null}},{"start":{"line":58,"column":6},"end":{"line":58,"column":null}}],"line":56},"3":{"loc":{"start":{"line":73,"column":2},"end":{"line":79,"column":null}},"type":"default-arg","locations":[{"start":{"line":79,"column":6},"end":{"line":79,"column":null}}],"line":73},"4":{"loc":{"start":{"line":82,"column":4},"end":{"line":82,"column":null}},"type":"default-arg","locations":[{"start":{"line":82,"column":16},"end":{"line":82,"column":null}}],"line":82},"5":{"loc":{"start":{"line":83,"column":4},"end":{"line":83,"column":null}},"type":"default-arg","locations":[{"start":{"line":83,"column":18},"end":{"line":83,"column":null}}],"line":83},"6":{"loc":{"start":{"line":84,"column":4},"end":{"line":84,"column":null}},"type":"default-arg","locations":[{"start":{"line":84,"column":18},"end":{"line":84,"column":null}}],"line":84},"7":{"loc":{"start":{"line":85,"column":4},"end":{"line":85,"column":null}},"type":"default-arg","locations":[{"start":{"line":85,"column":12},"end":{"line":85,"column":null}}],"line":85},"8":{"loc":{"start":{"line":86,"column":4},"end":{"line":86,"column":null}},"type":"default-arg","locations":[{"start":{"line":86,"column":19},"end":{"line":86,"column":null}}],"line":86},"9":{"loc":{"start":{"line":94,"column":2},"end":{"line":98,"column":null}},"type":"if","locations":[{"start":{"line":94,"column":2},"end":{"line":98,"column":null}},{"start":{},"end":{}}],"line":94},"10":{"loc":{"start":{"line":108,"column":2},"end":{"line":114,"column":null}},"type":"default-arg","locations":[{"start":{"line":114,"column":6},"end":{"line":114,"column":null}}],"line":108},"11":{"loc":{"start":{"line":117,"column":4},"end":{"line":117,"column":null}},"type":"default-arg","locations":[{"start":{"line":117,"column":16},"end":{"line":117,"column":null}}],"line":117},"12":{"loc":{"start":{"line":118,"column":4},"end":{"line":118,"column":null}},"type":"default-arg","locations":[{"start":{"line":118,"column":18},"end":{"line":118,"column":null}}],"line":118},"13":{"loc":{"start":{"line":119,"column":4},"end":{"line":119,"column":null}},"type":"default-arg","locations":[{"start":{"line":119,"column":18},"end":{"line":119,"column":null}}],"line":119},"14":{"loc":{"start":{"line":120,"column":4},"end":{"line":120,"column":null}},"type":"default-arg","locations":[{"start":{"line":120,"column":12},"end":{"line":120,"column":null}}],"line":120},"15":{"loc":{"start":{"line":121,"column":4},"end":{"line":121,"column":null}},"type":"default-arg","locations":[{"start":{"line":121,"column":19},"end":{"line":121,"column":null}}],"line":121},"16":{"loc":{"start":{"line":151,"column":40},"end":{"line":151,"column":54}},"type":"default-arg","locations":[{"start":{"line":151,"column":48},"end":{"line":151,"column":54}}],"line":151},"17":{"loc":{"start":{"line":155,"column":42},"end":{"line":155,"column":53}},"type":"default-arg","locations":[{"start":{"line":155,"column":50},"end":{"line":155,"column":53}}],"line":155},"18":{"loc":{"start":{"line":155,"column":53},"end":{"line":155,"column":67}},"type":"default-arg","locations":[{"start":{"line":155,"column":61},"end":{"line":155,"column":67}}],"line":155}},"s":{"0":3,"1":3,"2":3,"3":0,"4":0,"5":3,"6":0,"7":3,"8":0,"9":0,"10":0,"11":0,"12":0,"13":3,"14":0,"15":0,"16":0,"17":0,"18":0,"19":0,"20":0,"21":0,"22":0,"23":3,"24":0,"25":0,"26":0,"27":0,"28":0,"29":0,"30":0,"31":0,"32":3,"33":0,"34":0,"35":0,"36":0,"37":0,"38":0,"39":0,"40":0,"41":3,"42":0,"43":0,"44":0,"45":0,"46":0,"47":0,"48":0},"f":{"0":3,"1":0,"2":0,"3":0,"4":0,"5":0,"6":0,"7":0,"8":0,"9":0,"10":0},"b":{"0":[0,0],"1":[0,0],"2":[0,0],"3":[0],"4":[0],"5":[0],"6":[0],"7":[0],"8":[0],"9":[0,0],"10":[0],"11":[0],"12":[0],"13":[0],"14":[0],"15":[0],"16":[0],"17":[0],"18":[0]},"meta":{"lastBranch":19,"lastFunction":11,"lastStatement":49,"seen":{"s:11:36:13:Infinity":0,"f:11:36:11:42":0,"s:12:2:12:Infinity":1,"s:18:33:25:Infinity":2,"f:18:33:18:39":1,"s:20:2:20:Infinity":3,"s:22:2:24:Infinity":4,"s:36:31:40:Infinity":5,"f:36:31:36:Infinity":2,"s:39:2:39:Infinity":6,"s:45:41:64:Infinity":7,"f:45:41:45:Infinity":3,"s:49:19:49:Infinity":8,"s:50:19:50:Infinity":9,"b:50:19:50:41:50:41:50:Infinity":0,"s:53:19:53:Infinity":10,"s:54:29:58:Infinity":11,"b:55:6:55:Infinity:56:6:58:Infinity":1,"b:57:6:57:Infinity:58:6:58:Infinity":2,"s:60:2:63:Infinity":12,"s:69:26:99:Infinity":13,"f:69:26:69:Infinity":4,"b:79:6:79:Infinity":3,"s:87:6:87:Infinity":14,"b:82:16:82:Infinity":4,"b:83:18:83:Infinity":5,"b:84:18:84:Infinity":6,"b:85:12:85:Infinity":7,"b:86:19:86:Infinity":8,"s:89:2:89:Infinity":15,"s:90:2:90:Infinity":16,"s:91:2:91:Infinity":17,"s:92:2:92:Infinity":18,"b:94:2:98:Infinity:undefined:undefined:undefined:undefined":9,"s:94:2:98:Infinity":19,"s:95:4:95:Infinity":20,"s:96:4:96:Infinity":21,"s:97:4:97:Infinity":22,"s:104:31:132:Infinity":23,"f:104:31:104:Infinity":5,"b:114:6:114:Infinity":10,"s:122:6:122:Infinity":24,"b:117:16:117:Infinity":11,"b:118:18:118:Infinity":12,"b:119:18:119:Infinity":13,"b:120:12:120:Infinity":14,"b:121:19:121:Infinity":15,"s:124:2:124:Infinity":25,"s:125:2:125:Infinity":26,"s:126:2:126:Infinity":27,"s:127:2:127:Infinity":28,"s:129:2:129:Infinity":29,"s:130:2:130:Infinity":30,"s:131:2:131:Infinity":31,"s:137:36:165:Infinity":32,"f:137:36:137:42":6,"s:138:19:138:Infinity":33,"s:141:26:149:Infinity":34,"f:141:26:141:Infinity":7,"s:148:4:148:Infinity":35,"s:151:24:153:Infinity":36,"f:151:24:151:25":8,"b:151:48:151:54":16,"s:152:4:152:Infinity":37,"s:155:26:157:Infinity":38,"f:155:26:155:27":9,"b:155:50:155:53":17,"b:155:61:155:67":18,"s:156:4:156:Infinity":39,"s:159:2:164:Infinity":40,"s:170:33:187:Infinity":41,"f:170:33:170:Infinity":10,"s:176:2:176:Infinity":42,"s:179:2:179:Infinity":43,"s:180:2:180:Infinity":44,"s:182:2:182:Infinity":45,"s:183:2:183:Infinity":46,"s:185:2:185:Infinity":47,"s:186:2:186:Infinity":48}}}
,"/home/runner/work/blacktrigram/blacktrigram/src/utils/playerUtils.ts": {"path":"/home/runner/work/blacktrigram/blacktrigram/src/utils/playerUtils.ts","statementMap":{"0":{"start":{"line":16,"column":24},"end":{"line":16,"column":null}},"1":{"start":{"line":18,"column":33},"end":{"line":21,"column":null}},"2":{"start":{"line":23,"column":2},"end":{"line":73,"column":null}},"3":{"start":{"line":83,"column":2},"end":{"line":101,"column":null}},"4":{"start":{"line":112,"column":20},"end":{"line":112,"column":null}},"5":{"start":{"line":113,"column":23},"end":{"line":113,"column":null}},"6":{"start":{"line":115,"column":2},"end":{"line":121,"column":null}},"7":{"start":{"line":131,"column":30},"end":{"line":133,"column":null}},"8":{"start":{"line":132,"column":11},"end":{"line":132,"column":null}},"9":{"start":{"line":136,"column":2},"end":{"line":143,"column":null}},"10":{"start":{"line":138,"column":4},"end":{"line":138,"column":null}},"11":{"start":{"line":139,"column":4},"end":{"line":139,"column":null}},"12":{"start":{"line":142,"column":4},"end":{"line":142,"column":null}},"13":{"start":{"line":145,"column":2},"end":{"line":148,"column":null}},"14":{"start":{"line":163,"column":2},"end":{"line":163,"column":null}},"15":{"start":{"line":163,"column":41},"end":{"line":163,"column":63}},"16":{"start":{"line":170,"column":2},"end":{"line":170,"column":null}},"17":{"start":{"line":170,"column":26},"end":{"line":170,"column":null}},"18":{"start":{"line":171,"column":2},"end":{"line":171,"column":null}},"19":{"start":{"line":171,"column":33},"end":{"line":171,"column":null}},"20":{"start":{"line":172,"column":2},"end":{"line":172,"column":null}},"21":{"start":{"line":172,"column":50},"end":{"line":172,"column":null}},"22":{"start":{"line":173,"column":2},"end":{"line":173,"column":null}},"23":{"start":{"line":173,"column":24},"end":{"line":173,"column":null}},"24":{"start":{"line":174,"column":2},"end":{"line":174,"column":null}},"25":{"start":{"line":185,"column":2},"end":{"line":185,"column":null}},"26":{"start":{"line":196,"column":2},"end":{"line":196,"column":null}},"27":{"start":{"line":208,"column":15},"end":{"line":208,"column":null}},"28":{"start":{"line":209,"column":2},"end":{"line":214,"column":null}},"29":{"start":{"line":221,"column":23},"end":{"line":221,"column":null}},"30":{"start":{"line":222,"column":24},"end":{"line":222,"column":null}},"31":{"start":{"line":223,"column":30},"end":{"line":223,"column":null}},"32":{"start":{"line":224,"column":24},"end":{"line":224,"column":null}},"33":{"start":{"line":226,"column":2},"end":{"line":227,"column":null}},"34":{"start":{"line":238,"column":24},"end":{"line":240,"column":null}},"35":{"start":{"line":239,"column":16},"end":{"line":239,"column":null}},"36":{"start":{"line":242,"column":2},"end":{"line":245,"column":null}},"37":{"start":{"line":244,"column":44},"end":{"line":244,"column":50}},"38":{"start":{"line":255,"column":2},"end":{"line":255,"column":null}}},"fnMap":{"0":{"name":"createPlayerFromArchetype","decl":{"start":{"line":12,"column":16},"end":{"line":12,"column":null}},"loc":{"start":{"line":15,"column":15},"end":{"line":74,"column":null}},"line":15},"1":{"name":"updatePlayerState","decl":{"start":{"line":79,"column":16},"end":{"line":79,"column":null}},"loc":{"start":{"line":82,"column":15},"end":{"line":102,"column":null}},"line":82},"2":{"name":"applyDamage","decl":{"start":{"line":107,"column":16},"end":{"line":107,"column":null}},"loc":{"start":{"line":111,"column":15},"end":{"line":122,"column":null}},"line":111},"3":{"name":"applyStatusEffect","decl":{"start":{"line":127,"column":16},"end":{"line":127,"column":null}},"loc":{"start":{"line":130,"column":15},"end":{"line":149,"column":null}},"line":130},"4":{"name":"(anonymous_4)","decl":{"start":{"line":132,"column":4},"end":{"line":132,"column":5}},"loc":{"start":{"line":132,"column":11},"end":{"line":132,"column":null}},"line":132},"5":{"name":"getVitalPointByOnPlayerId","decl":{"start":{"line":154,"column":16},"end":{"line":154,"column":null}},"loc":{"start":{"line":162,"column":9},"end":{"line":164,"column":null}},"line":162},"6":{"name":"(anonymous_6)","decl":{"start":{"line":163,"column":33},"end":{"line":163,"column":34}},"loc":{"start":{"line":163,"column":41},"end":{"line":163,"column":63}},"line":163},"7":{"name":"canPlayerAct","decl":{"start":{"line":169,"column":16},"end":{"line":169,"column":29}},"loc":{"start":{"line":169,"column":59},"end":{"line":175,"column":null}},"line":169},"8":{"name":"getStanceEffectiveness","decl":{"start":{"line":180,"column":16},"end":{"line":180,"column":null}},"loc":{"start":{"line":183,"column":10},"end":{"line":186,"column":null}},"line":183},"9":{"name":"hasEnoughResources","decl":{"start":{"line":191,"column":16},"end":{"line":191,"column":null}},"loc":{"start":{"line":195,"column":11},"end":{"line":197,"column":null}},"line":195},"10":{"name":"getArchetypeBonuses","decl":{"start":{"line":202,"column":16},"end":{"line":202,"column":36}},"loc":{"start":{"line":207,"column":2},"end":{"line":215,"column":null}},"line":207},"11":{"name":"calculateCombatEffectiveness","decl":{"start":{"line":220,"column":16},"end":{"line":220,"column":45}},"loc":{"start":{"line":220,"column":74},"end":{"line":229,"column":null}},"line":220},"12":{"name":"updateStatusEffects","decl":{"start":{"line":234,"column":16},"end":{"line":234,"column":null}},"loc":{"start":{"line":237,"column":15},"end":{"line":246,"column":null}},"line":237},"13":{"name":"(anonymous_13)","decl":{"start":{"line":239,"column":4},"end":{"line":239,"column":5}},"loc":{"start":{"line":239,"column":16},"end":{"line":239,"column":null}},"line":239},"14":{"name":"(anonymous_14)","decl":{"start":{"line":244,"column":37},"end":{"line":244,"column":38}},"loc":{"start":{"line":244,"column":44},"end":{"line":244,"column":50}},"line":244},"15":{"name":"resetPlayerState","decl":{"start":{"line":251,"column":16},"end":{"line":251,"column":null}},"loc":{"start":{"line":254,"column":15},"end":{"line":256,"column":null}},"line":254}},"branchMap":{"0":{"loc":{"start":{"line":19,"column":7},"end":{"line":19,"column":null}},"type":"cond-expr","locations":[{"start":{"line":19,"column":27},"end":{"line":19,"column":33}},{"start":{"line":19,"column":33},"end":{"line":19,"column":null}}],"line":19},"1":{"loc":{"start":{"line":89,"column":15},"end":{"line":89,"column":48}},"type":"binary-expr","locations":[{"start":{"line":89,"column":15},"end":{"line":89,"column":33}},{"start":{"line":89,"column":33},"end":{"line":89,"column":48}}],"line":89},"2":{"loc":{"start":{"line":91,"column":29},"end":{"line":91,"column":54}},"type":"binary-expr","locations":[{"start":{"line":91,"column":29},"end":{"line":91,"column":43}},{"start":{"line":91,"column":43},"end":{"line":91,"column":54}}],"line":91},"3":{"loc":{"start":{"line":94,"column":15},"end":{"line":94,"column":50}},"type":"binary-expr","locations":[{"start":{"line":94,"column":15},"end":{"line":94,"column":34}},{"start":{"line":94,"column":34},"end":{"line":94,"column":50}}],"line":94},"4":{"loc":{"start":{"line":98,"column":15},"end":{"line":98,"column":62}},"type":"binary-expr","locations":[{"start":{"line":98,"column":15},"end":{"line":98,"column":40}},{"start":{"line":98,"column":40},"end":{"line":98,"column":62}}],"line":98},"5":{"loc":{"start":{"line":100,"column":34},"end":{"line":100,"column":69}},"type":"binary-expr","locations":[{"start":{"line":100,"column":34},"end":{"line":100,"column":53}},{"start":{"line":100,"column":53},"end":{"line":100,"column":69}}],"line":100},"6":{"loc":{"start":{"line":119,"column":17},"end":{"line":119,"column":null}},"type":"cond-expr","locations":[{"start":{"line":119,"column":32},"end":{"line":119,"column":54}},{"start":{"line":119,"column":54},"end":{"line":119,"column":null}}],"line":119},"7":{"loc":{"start":{"line":120,"column":19},"end":{"line":120,"column":null}},"type":"cond-expr","locations":[{"start":{"line":120,"column":34},"end":{"line":120,"column":38}},{"start":{"line":120,"column":38},"end":{"line":120,"column":null}}],"line":120},"8":{"loc":{"start":{"line":132,"column":11},"end":{"line":132,"column":null}},"type":"binary-expr","locations":[{"start":{"line":132,"column":11},"end":{"line":132,"column":37}},{"start":{"line":132,"column":37},"end":{"line":132,"column":null}}],"line":132},"9":{"loc":{"start":{"line":136,"column":2},"end":{"line":143,"column":null}},"type":"if","locations":[{"start":{"line":136,"column":2},"end":{"line":143,"column":null}},{"start":{"line":140,"column":9},"end":{"line":143,"column":null}}],"line":136},"10":{"loc":{"start":{"line":136,"column":6},"end":{"line":136,"column":53}},"type":"binary-expr","locations":[{"start":{"line":136,"column":6},"end":{"line":136,"column":34}},{"start":{"line":136,"column":34},"end":{"line":136,"column":53}}],"line":136},"11":{"loc":{"start":{"line":163,"column":9},"end":{"line":163,"column":null}},"type":"binary-expr","locations":[{"start":{"line":163,"column":9},"end":{"line":163,"column":68}},{"start":{"line":163,"column":68},"end":{"line":163,"column":null}}],"line":163},"12":{"loc":{"start":{"line":170,"column":2},"end":{"line":170,"column":null}},"type":"if","locations":[{"start":{"line":170,"column":2},"end":{"line":170,"column":null}},{"start":{},"end":{}}],"line":170},"13":{"loc":{"start":{"line":171,"column":2},"end":{"line":171,"column":null}},"type":"if","locations":[{"start":{"line":171,"column":2},"end":{"line":171,"column":null}},{"start":{},"end":{}}],"line":171},"14":{"loc":{"start":{"line":172,"column":2},"end":{"line":172,"column":null}},"type":"if","locations":[{"start":{"line":172,"column":2},"end":{"line":172,"column":null}},{"start":{},"end":{}}],"line":172},"15":{"loc":{"start":{"line":173,"column":2},"end":{"line":173,"column":null}},"type":"if","locations":[{"start":{"line":173,"column":2},"end":{"line":173,"column":null}},{"start":{},"end":{}}],"line":173},"16":{"loc":{"start":{"line":196,"column":9},"end":{"line":196,"column":null}},"type":"binary-expr","locations":[{"start":{"line":196,"column":9},"end":{"line":196,"column":32}},{"start":{"line":196,"column":32},"end":{"line":196,"column":null}}],"line":196}},"s":{"0":150,"1":150,"2":150,"3":43,"4":11,"5":11,"6":11,"7":7,"8":2,"9":7,"10":1,"11":1,"12":6,"13":7,"14":0,"15":0,"16":5,"17":1,"18":4,"19":1,"20":3,"21":1,"22":2,"23":0,"24":2,"25":0,"26":5,"27":3,"28":3,"29":4,"30":4,"31":4,"32":4,"33":4,"34":2,"35":2,"36":2,"37":1,"38":2},"f":{"0":150,"1":43,"2":11,"3":7,"4":2,"5":0,"6":0,"7":5,"8":0,"9":5,"10":3,"11":4,"12":2,"13":2,"14":1,"15":2},"b":{"0":[109,41],"1":[43,23],"2":[43,37],"3":[43,35],"4":[43,27],"5":[43,39],"6":[2,9],"7":[2,9],"8":[2,1],"9":[1,6],"10":[7,1],"11":[0,0],"12":[1,4],"13":[1,3],"14":[1,2],"15":[0,2],"16":[5,4]},"meta":{"lastBranch":17,"lastFunction":16,"lastStatement":39,"seen":{"f:12:16:12:Infinity":0,"s:16:24:16:Infinity":0,"s:18:33:21:Infinity":1,"b:19:27:19:33:19:33:19:Infinity":0,"s:23:2:73:Infinity":2,"f:79:16:79:Infinity":1,"s:83:2:101:Infinity":3,"b:89:15:89:33:89:33:89:48":1,"b:91:29:91:43:91:43:91:54":2,"b:94:15:94:34:94:34:94:50":3,"b:98:15:98:40:98:40:98:62":4,"b:100:34:100:53:100:53:100:69":5,"f:107:16:107:Infinity":2,"s:112:20:112:Infinity":4,"s:113:23:113:Infinity":5,"s:115:2:121:Infinity":6,"b:119:32:119:54:119:54:119:Infinity":6,"b:120:34:120:38:120:38:120:Infinity":7,"f:127:16:127:Infinity":3,"s:131:30:133:Infinity":7,"f:132:4:132:5":4,"s:132:11:132:Infinity":8,"b:132:11:132:37:132:37:132:Infinity":8,"b:136:2:143:Infinity:140:9:143:Infinity":9,"s:136:2:143:Infinity":9,"b:136:6:136:34:136:34:136:53":10,"s:138:4:138:Infinity":10,"s:139:4:139:Infinity":11,"s:142:4:142:Infinity":12,"s:145:2:148:Infinity":13,"f:154:16:154:Infinity":5,"s:163:2:163:Infinity":14,"b:163:9:163:68:163:68:163:Infinity":11,"f:163:33:163:34":6,"s:163:41:163:63":15,"f:169:16:169:29":7,"b:170:2:170:Infinity:undefined:undefined:undefined:undefined":12,"s:170:2:170:Infinity":16,"s:170:26:170:Infinity":17,"b:171:2:171:Infinity:undefined:undefined:undefined:undefined":13,"s:171:2:171:Infinity":18,"s:171:33:171:Infinity":19,"b:172:2:172:Infinity:undefined:undefined:undefined:undefined":14,"s:172:2:172:Infinity":20,"s:172:50:172:Infinity":21,"b:173:2:173:Infinity:undefined:undefined:undefined:undefined":15,"s:173:2:173:Infinity":22,"s:173:24:173:Infinity":23,"s:174:2:174:Infinity":24,"f:180:16:180:Infinity":8,"s:185:2:185:Infinity":25,"f:191:16:191:Infinity":9,"s:196:2:196:Infinity":26,"b:196:9:196:32:196:32:196:Infinity":16,"f:202:16:202:36":10,"s:208:15:208:Infinity":27,"s:209:2:214:Infinity":28,"f:220:16:220:45":11,"s:221:23:221:Infinity":29,"s:222:24:222:Infinity":30,"s:223:30:223:Infinity":31,"s:224:24:224:Infinity":32,"s:226:2:227:Infinity":33,"f:234:16:234:Infinity":12,"s:238:24:240:Infinity":34,"f:239:4:239:5":13,"s:239:16:239:Infinity":35,"s:242:2:245:Infinity":36,"f:244:37:244:38":14,"s:244:44:244:50":37,"f:251:16:251:Infinity":15,"s:255:2:255:Infinity":38}}}
}
