{"total": {"lines":{"total":11849,"covered":8386,"skipped":0,"pct":70.77},"statements":{"total":12409,"covered":8713,"skipped":0,"pct":70.21},"functions":{"total":2613,"covered":1865,"skipped":0,"pct":71.37},"branches":{"total":8237,"covered":5113,"skipped":0,"pct":62.07},"branchesTrue":{"total":0,"covered":0,"skipped":0,"pct":100}}
,"/home/runner/work/blacktrigram/blacktrigram/src/audio/AudioAssetLoader.ts": {"lines":{"total":115,"covered":114,"skipped":0,"pct":99.13},"functions":{"total":22,"covered":22,"skipped":0,"pct":100},"statements":{"total":122,"covered":119,"skipped":0,"pct":97.54},"branches":{"total":54,"covered":43,"skipped":0,"pct":79.62}}
,"/home/runner/work/blacktrigram/blacktrigram/src/audio/AudioAssetRegistry.ts": {"lines":{"total":125,"covered":94,"skipped":0,"pct":75.2},"functions":{"total":32,"covered":14,"skipped":0,"pct":43.75},"statements":{"total":143,"covered":111,"skipped":0,"pct":77.62},"branches":{"total":11,"covered":4,"skipped":0,"pct":36.36}}
,"/home/runner/work/blacktrigram/blacktrigram/src/audio/AudioManager.ts": {"lines":{"total":211,"covered":152,"skipped":0,"pct":72.03},"functions":{"total":50,"covered":36,"skipped":0,"pct":72},"statements":{"total":217,"covered":156,"skipped":0,"pct":71.88},"branches":{"total":119,"covered":76,"skipped":0,"pct":63.86}}
,"/home/runner/work/blacktrigram/blacktrigram/src/audio/AudioMonitor.ts": {"lines":{"total":93,"covered":86,"skipped":0,"pct":92.47},"functions":{"total":22,"covered":21,"skipped":0,"pct":95.45},"statements":{"total":95,"covered":87,"skipped":0,"pct":91.57},"branches":{"total":45,"covered":39,"skipped":0,"pct":86.66}}
,"/home/runner/work/blacktrigram/blacktrigram/src/audio/AudioPool.ts": {"lines":{"total":81,"covered":81,"skipped":0,"pct":100},"functions":{"total":25,"covered":25,"skipped":0,"pct":100},"statements":{"total":84,"covered":84,"skipped":0,"pct":100},"branches":{"total":17,"covered":17,"skipped":0,"pct":100}}
,"/home/runner/work/blacktrigram/blacktrigram/src/audio/AudioProvider.tsx": {"lines":{"total":64,"covered":53,"skipped":0,"pct":82.81},"functions":{"total":27,"covered":21,"skipped":0,"pct":77.77},"statements":{"total":66,"covered":54,"skipped":0,"pct":81.81},"branches":{"total":11,"covered":8,"skipped":0,"pct":72.72}}
,"/home/runner/work/blacktrigram/blacktrigram/src/audio/AudioUtils.ts": {"lines":{"total":74,"covered":70,"skipped":0,"pct":94.59},"functions":{"total":16,"covered":16,"skipped":0,"pct":100},"statements":{"total":75,"covered":71,"skipped":0,"pct":94.66},"branches":{"total":50,"covered":41,"skipped":0,"pct":82}}
,"/home/runner/work/blacktrigram/blacktrigram/src/audio/BoneImpactAudioMap.ts": {"lines":{"total":31,"covered":31,"skipped":0,"pct":100},"functions":{"total":4,"covered":4,"skipped":0,"pct":100},"statements":{"total":34,"covered":34,"skipped":0,"pct":100},"branches":{"total":27,"covered":26,"skipped":0,"pct":96.29}}
,"/home/runner/work/blacktrigram/blacktrigram/src/audio/placeholder-sounds.ts": {"lines":{"total":10,"covered":10,"skipped":0,"pct":100},"functions":{"total":0,"covered":0,"skipped":0,"pct":100},"statements":{"total":10,"covered":10,"skipped":0,"pct":100},"branches":{"total":0,"covered":0,"skipped":0,"pct":100}}
,"/home/runner/work/blacktrigram/blacktrigram/src/audio/types.ts": {"lines":{"total":5,"covered":5,"skipped":0,"pct":100},"functions":{"total":1,"covered":1,"skipped":0,"pct":100},"statements":{"total":6,"covered":6,"skipped":0,"pct":100},"branches":{"total":2,"covered":2,"skipped":0,"pct":100}}
,"/home/runner/work/blacktrigram/blacktrigram/src/components/base/BaseButton.tsx": {"lines":{"total":39,"covered":38,"skipped":0,"pct":97.43},"functions":{"total":13,"covered":12,"skipped":0,"pct":92.3},"statements":{"total":41,"covered":39,"skipped":0,"pct":95.12},"branches":{"total":38,"covered":33,"skipped":0,"pct":86.84}}
,"/home/runner/work/blacktrigram/blacktrigram/src/components/base/BaseButtonHTML.tsx": {"lines":{"total":28,"covered":26,"skipped":0,"pct":92.85},"functions":{"total":7,"covered":6,"skipped":0,"pct":85.71},"statements":{"total":28,"covered":26,"skipped":0,"pct":92.85},"branches":{"total":32,"covered":29,"skipped":0,"pct":90.62}}
,"/home/runner/work/blacktrigram/blacktrigram/src/components/base/BasePanel.tsx": {"lines":{"total":6,"covered":6,"skipped":0,"pct":100},"functions":{"total":2,"covered":2,"skipped":0,"pct":100},"statements":{"total":6,"covered":6,"skipped":0,"pct":100},"branches":{"total":8,"covered":8,"skipped":0,"pct":100}}
,"/home/runner/work/blacktrigram/blacktrigram/src/components/base/BaseText.tsx": {"lines":{"total":20,"covered":19,"skipped":0,"pct":95},"functions":{"total":11,"covered":10,"skipped":0,"pct":90.9},"statements":{"total":26,"covered":24,"skipped":0,"pct":92.3},"branches":{"total":25,"covered":23,"skipped":0,"pct":92}}
,"/home/runner/work/blacktrigram/blacktrigram/src/components/base/ResponsiveContainer.tsx": {"lines":{"total":33,"covered":29,"skipped":0,"pct":87.87},"functions":{"total":3,"covered":3,"skipped":0,"pct":100},"statements":{"total":33,"covered":29,"skipped":0,"pct":87.87},"branches":{"total":44,"covered":26,"skipped":0,"pct":59.09}}
,"/home/runner/work/blacktrigram/blacktrigram/src/components/base/index.ts": {"lines":{"total":0,"covered":0,"skipped":0,"pct":0},"functions":{"total":0,"covered":0,"skipped":0,"pct":0},"statements":{"total":0,"covered":0,"skipped":0,"pct":0},"branches":{"total":0,"covered":0,"skipped":0,"pct":0}}
,"/home/runner/work/blacktrigram/blacktrigram/src/components/base/layoutUtils.ts": {"lines":{"total":11,"covered":11,"skipped":0,"pct":100},"functions":{"total":8,"covered":8,"skipped":0,"pct":100},"statements":{"total":11,"covered":11,"skipped":0,"pct":100},"branches":{"total":31,"covered":31,"skipped":0,"pct":100}}
,"/home/runner/work/blacktrigram/blacktrigram/src/components/base/useKoreanTheme.ts": {"lines":{"total":32,"covered":32,"skipped":0,"pct":100},"functions":{"total":9,"covered":9,"skipped":0,"pct":100},"statements":{"total":32,"covered":32,"skipped":0,"pct":100},"branches":{"total":33,"covered":32,"skipped":0,"pct":96.96}}
,"/home/runner/work/blacktrigram/blacktrigram/src/components/combat/CombatScreen3D.tsx": {"lines":{"total":567,"covered":225,"skipped":0,"pct":39.68},"functions":{"total":105,"covered":45,"skipped":0,"pct":42.85},"statements":{"total":582,"covered":232,"skipped":0,"pct":39.86},"branches":{"total":392,"covered":103,"skipped":0,"pct":26.27}}
,"/home/runner/work/blacktrigram/blacktrigram/src/components/combat/components/ActionFeedback.tsx": {"lines":{"total":68,"covered":49,"skipped":0,"pct":72.05},"functions":{"total":10,"covered":8,"skipped":0,"pct":80},"statements":{"total":71,"covered":51,"skipped":0,"pct":71.83},"branches":{"total":37,"covered":25,"skipped":0,"pct":67.56}}
,"/home/runner/work/blacktrigram/blacktrigram/src/components/combat/components/BalanceIndicator.tsx": {"lines":{"total":20,"covered":14,"skipped":0,"pct":70},"functions":{"total":5,"covered":5,"skipped":0,"pct":100},"statements":{"total":21,"covered":15,"skipped":0,"pct":71.42},"branches":{"total":24,"covered":9,"skipped":0,"pct":37.5}}
,"/home/runner/work/blacktrigram/blacktrigram/src/components/combat/components/BloodDecals3D.tsx": {"lines":{"total":90,"covered":4,"skipped":0,"pct":4.44},"functions":{"total":16,"covered":0,"skipped":0,"pct":0},"statements":{"total":95,"covered":4,"skipped":0,"pct":4.21},"branches":{"total":30,"covered":0,"skipped":0,"pct":0}}
,"/home/runner/work/blacktrigram/blacktrigram/src/components/combat/components/BloodLossOverlay.tsx": {"lines":{"total":16,"covered":12,"skipped":0,"pct":75},"functions":{"total":2,"covered":2,"skipped":0,"pct":100},"statements":{"total":16,"covered":12,"skipped":0,"pct":75},"branches":{"total":8,"covered":3,"skipped":0,"pct":37.5}}
,"/home/runner/work/blacktrigram/blacktrigram/src/components/combat/components/BloodParticles3D.tsx": {"lines":{"total":87,"covered":3,"skipped":0,"pct":3.44},"functions":{"total":12,"covered":0,"skipped":0,"pct":0},"statements":{"total":93,"covered":3,"skipped":0,"pct":3.22},"branches":{"total":36,"covered":0,"skipped":0,"pct":0}}
,"/home/runner/work/blacktrigram/blacktrigram/src/components/combat/components/BodyPartHealthDisplay.tsx": {"lines":{"total":22,"covered":22,"skipped":0,"pct":100},"functions":{"total":5,"covered":5,"skipped":0,"pct":100},"statements":{"total":26,"covered":26,"skipped":0,"pct":100},"branches":{"total":46,"covered":46,"skipped":0,"pct":100}}
,"/home/runner/work/blacktrigram/blacktrigram/src/components/combat/components/BreathingIndicator.css": {"lines":{"total":0,"covered":0,"skipped":0,"pct":0},"functions":{"total":0,"covered":0,"skipped":0,"pct":0},"statements":{"total":0,"covered":0,"skipped":0,"pct":0},"branches":{"total":0,"covered":0,"skipped":0,"pct":0}}
,"/home/runner/work/blacktrigram/blacktrigram/src/components/combat/components/BreathingIndicator.tsx": {"lines":{"total":20,"covered":19,"skipped":0,"pct":95},"functions":{"total":6,"covered":5,"skipped":0,"pct":83.33},"statements":{"total":22,"covered":21,"skipped":0,"pct":95.45},"branches":{"total":17,"covered":17,"skipped":0,"pct":100}}
,"/home/runner/work/blacktrigram/blacktrigram/src/components/combat/components/CombatArena3D.tsx": {"lines":{"total":12,"covered":10,"skipped":0,"pct":83.33},"functions":{"total":3,"covered":2,"skipped":0,"pct":66.66},"statements":{"total":12,"covered":10,"skipped":0,"pct":83.33},"branches":{"total":10,"covered":8,"skipped":0,"pct":80}}
,"/home/runner/work/blacktrigram/blacktrigram/src/components/combat/components/CombatControlsPanel.tsx": {"lines":{"total":3,"covered":3,"skipped":0,"pct":100},"functions":{"total":2,"covered":2,"skipped":0,"pct":100},"statements":{"total":3,"covered":3,"skipped":0,"pct":100},"branches":{"total":12,"covered":12,"skipped":0,"pct":100}}
,"/home/runner/work/blacktrigram/blacktrigram/src/components/combat/components/CombatHUDThree.tsx": {"lines":{"total":49,"covered":25,"skipped":0,"pct":51.02},"functions":{"total":12,"covered":11,"skipped":0,"pct":91.66},"statements":{"total":49,"covered":25,"skipped":0,"pct":51.02},"branches":{"total":40,"covered":8,"skipped":0,"pct":20}}
,"/home/runner/work/blacktrigram/blacktrigram/src/components/combat/components/CombatReadinessBar.tsx": {"lines":{"total":15,"covered":15,"skipped":0,"pct":100},"functions":{"total":3,"covered":3,"skipped":0,"pct":100},"statements":{"total":15,"covered":15,"skipped":0,"pct":100},"branches":{"total":16,"covered":16,"skipped":0,"pct":100}}
,"/home/runner/work/blacktrigram/blacktrigram/src/components/combat/components/CombatTimer.tsx": {"lines":{"total":32,"covered":32,"skipped":0,"pct":100},"functions":{"total":7,"covered":7,"skipped":0,"pct":100},"statements":{"total":35,"covered":35,"skipped":0,"pct":100},"branches":{"total":41,"covered":41,"skipped":0,"pct":100}}
,"/home/runner/work/blacktrigram/blacktrigram/src/components/combat/components/ComboCounter.tsx": {"lines":{"total":75,"covered":64,"skipped":0,"pct":85.33},"functions":{"total":14,"covered":11,"skipped":0,"pct":78.57},"statements":{"total":78,"covered":67,"skipped":0,"pct":85.89},"branches":{"total":57,"covered":47,"skipped":0,"pct":82.45}}
,"/home/runner/work/blacktrigram/blacktrigram/src/components/combat/components/ConsciousnessBlur.tsx": {"lines":{"total":13,"covered":11,"skipped":0,"pct":84.61},"functions":{"total":2,"covered":2,"skipped":0,"pct":100},"statements":{"total":13,"covered":11,"skipped":0,"pct":84.61},"branches":{"total":8,"covered":4,"skipped":0,"pct":50}}
,"/home/runner/work/blacktrigram/blacktrigram/src/components/combat/components/ControlsGuide.tsx": {"lines":{"total":12,"covered":10,"skipped":0,"pct":83.33},"functions":{"total":6,"covered":5,"skipped":0,"pct":83.33},"statements":{"total":12,"covered":10,"skipped":0,"pct":83.33},"branches":{"total":36,"covered":36,"skipped":0,"pct":100}}
,"/home/runner/work/blacktrigram/blacktrigram/src/components/combat/components/DamageNumbers.tsx": {"lines":{"total":48,"covered":38,"skipped":0,"pct":79.16},"functions":{"total":10,"covered":8,"skipped":0,"pct":80},"statements":{"total":53,"covered":42,"skipped":0,"pct":79.24},"branches":{"total":41,"covered":29,"skipped":0,"pct":70.73}}
,"/home/runner/work/blacktrigram/blacktrigram/src/components/combat/components/DifficultyIndicator.tsx": {"lines":{"total":22,"covered":20,"skipped":0,"pct":90.9},"functions":{"total":3,"covered":3,"skipped":0,"pct":100},"statements":{"total":22,"covered":20,"skipped":0,"pct":90.9},"branches":{"total":22,"covered":20,"skipped":0,"pct":90.9}}
,"/home/runner/work/blacktrigram/blacktrigram/src/components/combat/components/FPSMonitor.tsx": {"lines":{"total":44,"covered":1,"skipped":0,"pct":2.27},"functions":{"total":6,"covered":0,"skipped":0,"pct":0},"statements":{"total":48,"covered":1,"skipped":0,"pct":2.08},"branches":{"total":31,"covered":0,"skipped":0,"pct":0}}
,"/home/runner/work/blacktrigram/blacktrigram/src/components/combat/components/GuardIndicator.tsx": {"lines":{"total":29,"covered":29,"skipped":0,"pct":100},"functions":{"total":11,"covered":11,"skipped":0,"pct":100},"statements":{"total":32,"covered":32,"skipped":0,"pct":100},"branches":{"total":36,"covered":36,"skipped":0,"pct":100}}
,"/home/runner/work/blacktrigram/blacktrigram/src/components/combat/components/HealthBar.tsx": {"lines":{"total":17,"covered":17,"skipped":0,"pct":100},"functions":{"total":4,"covered":4,"skipped":0,"pct":100},"statements":{"total":19,"covered":19,"skipped":0,"pct":100},"branches":{"total":18,"covered":18,"skipped":0,"pct":100}}
,"/home/runner/work/blacktrigram/blacktrigram/src/components/combat/components/HitEffects3D.tsx": {"lines":{"total":69,"covered":49,"skipped":0,"pct":71.01},"functions":{"total":20,"covered":16,"skipped":0,"pct":80},"statements":{"total":73,"covered":51,"skipped":0,"pct":69.86},"branches":{"total":35,"covered":15,"skipped":0,"pct":42.85}}
,"/home/runner/work/blacktrigram/blacktrigram/src/components/combat/components/InputBufferDisplay.tsx": {"lines":{"total":11,"covered":11,"skipped":0,"pct":100},"functions":{"total":3,"covered":3,"skipped":0,"pct":100},"statements":{"total":12,"covered":12,"skipped":0,"pct":100},"branches":{"total":19,"covered":19,"skipped":0,"pct":100}}
,"/home/runner/work/blacktrigram/blacktrigram/src/components/combat/components/KeyboardHints.tsx": {"lines":{"total":18,"covered":18,"skipped":0,"pct":100},"functions":{"total":4,"covered":4,"skipped":0,"pct":100},"statements":{"total":19,"covered":19,"skipped":0,"pct":100},"branches":{"total":29,"covered":29,"skipped":0,"pct":100}}
,"/home/runner/work/blacktrigram/blacktrigram/src/components/combat/components/MatchCountdown.tsx": {"lines":{"total":52,"covered":39,"skipped":0,"pct":75},"functions":{"total":14,"covered":9,"skipped":0,"pct":64.28},"statements":{"total":54,"covered":40,"skipped":0,"pct":74.07},"branches":{"total":56,"covered":47,"skipped":0,"pct":83.92}}
,"/home/runner/work/blacktrigram/blacktrigram/src/components/combat/components/MobileControlsWrapper.tsx": {"lines":{"total":2,"covered":2,"skipped":0,"pct":100},"functions":{"total":1,"covered":1,"skipped":0,"pct":100},"statements":{"total":2,"covered":2,"skipped":0,"pct":100},"branches":{"total":0,"covered":0,"skipped":0,"pct":100}}
,"/home/runner/work/blacktrigram/blacktrigram/src/components/combat/components/PainVignette.tsx": {"lines":{"total":15,"covered":14,"skipped":0,"pct":93.33},"functions":{"total":2,"covered":2,"skipped":0,"pct":100},"statements":{"total":15,"covered":14,"skipped":0,"pct":93.33},"branches":{"total":6,"covered":3,"skipped":0,"pct":50}}
,"/home/runner/work/blacktrigram/blacktrigram/src/components/combat/components/PauseMenu.tsx": {"lines":{"total":55,"covered":31,"skipped":0,"pct":56.36},"functions":{"total":25,"covered":13,"skipped":0,"pct":52},"statements":{"total":55,"covered":31,"skipped":0,"pct":56.36},"branches":{"total":32,"covered":27,"skipped":0,"pct":84.37}}
,"/home/runner/work/blacktrigram/blacktrigram/src/components/combat/components/PlayerHUD.tsx": {"lines":{"total":53,"covered":49,"skipped":0,"pct":92.45},"functions":{"total":15,"covered":13,"skipped":0,"pct":86.66},"statements":{"total":56,"covered":52,"skipped":0,"pct":92.85},"branches":{"total":62,"covered":59,"skipped":0,"pct":95.16}}
,"/home/runner/work/blacktrigram/blacktrigram/src/components/combat/components/PlayerStateOverlay.tsx": {"lines":{"total":3,"covered":3,"skipped":0,"pct":100},"functions":{"total":1,"covered":1,"skipped":0,"pct":100},"statements":{"total":3,"covered":3,"skipped":0,"pct":100},"branches":{"total":1,"covered":1,"skipped":0,"pct":100}}
,"/home/runner/work/blacktrigram/blacktrigram/src/components/combat/components/QuickSettings.tsx": {"lines":{"total":19,"covered":12,"skipped":0,"pct":63.15},"functions":{"total":9,"covered":6,"skipped":0,"pct":66.66},"statements":{"total":19,"covered":12,"skipped":0,"pct":63.15},"branches":{"total":38,"covered":33,"skipped":0,"pct":86.84}}
,"/home/runner/work/blacktrigram/blacktrigram/src/components/combat/components/RoundAnnouncement.tsx": {"lines":{"total":37,"covered":37,"skipped":0,"pct":100},"functions":{"total":15,"covered":15,"skipped":0,"pct":100},"statements":{"total":40,"covered":40,"skipped":0,"pct":100},"branches":{"total":54,"covered":49,"skipped":0,"pct":90.74}}
,"/home/runner/work/blacktrigram/blacktrigram/src/components/combat/components/RoundStartAnnouncement.tsx": {"lines":{"total":31,"covered":31,"skipped":0,"pct":100},"functions":{"total":13,"covered":13,"skipped":0,"pct":100},"statements":{"total":34,"covered":34,"skipped":0,"pct":100},"branches":{"total":13,"covered":10,"skipped":0,"pct":76.92}}
,"/home/runner/work/blacktrigram/blacktrigram/src/components/combat/components/StaminaBar.tsx": {"lines":{"total":12,"covered":12,"skipped":0,"pct":100},"functions":{"total":3,"covered":3,"skipped":0,"pct":100},"statements":{"total":12,"covered":12,"skipped":0,"pct":100},"branches":{"total":14,"covered":14,"skipped":0,"pct":100}}
,"/home/runner/work/blacktrigram/blacktrigram/src/components/combat/components/StaminaWarning.tsx": {"lines":{"total":16,"covered":12,"skipped":0,"pct":75},"functions":{"total":2,"covered":2,"skipped":0,"pct":100},"statements":{"total":16,"covered":12,"skipped":0,"pct":75},"branches":{"total":8,"covered":3,"skipped":0,"pct":37.5}}
,"/home/runner/work/blacktrigram/blacktrigram/src/components/combat/components/StanceChangeIndicator.tsx": {"lines":{"total":50,"covered":38,"skipped":0,"pct":76},"functions":{"total":10,"covered":8,"skipped":0,"pct":80},"statements":{"total":52,"covered":39,"skipped":0,"pct":75},"branches":{"total":36,"covered":22,"skipped":0,"pct":61.11}}
,"/home/runner/work/blacktrigram/blacktrigram/src/components/combat/components/TechniqueBar.tsx": {"lines":{"total":19,"covered":18,"skipped":0,"pct":94.73},"functions":{"total":6,"covered":5,"skipped":0,"pct":83.33},"statements":{"total":19,"covered":18,"skipped":0,"pct":94.73},"branches":{"total":20,"covered":14,"skipped":0,"pct":70}}
,"/home/runner/work/blacktrigram/blacktrigram/src/components/combat/components/TechniqueCard.tsx": {"lines":{"total":42,"covered":27,"skipped":0,"pct":64.28},"functions":{"total":14,"covered":9,"skipped":0,"pct":64.28},"statements":{"total":48,"covered":30,"skipped":0,"pct":62.5},"branches":{"total":55,"covered":29,"skipped":0,"pct":52.72}}
,"/home/runner/work/blacktrigram/blacktrigram/src/components/combat/components/TechniqueNameDisplay.tsx": {"lines":{"total":22,"covered":1,"skipped":0,"pct":4.54},"functions":{"total":5,"covered":0,"skipped":0,"pct":0},"statements":{"total":22,"covered":1,"skipped":0,"pct":4.54},"branches":{"total":28,"covered":0,"skipped":0,"pct":0}}
,"/home/runner/work/blacktrigram/blacktrigram/src/components/combat/components/TraumaOverlay3D.tsx": {"lines":{"total":47,"covered":11,"skipped":0,"pct":23.4},"functions":{"total":16,"covered":1,"skipped":0,"pct":6.25},"statements":{"total":52,"covered":12,"skipped":0,"pct":23.07},"branches":{"total":46,"covered":2,"skipped":0,"pct":4.34}}
,"/home/runner/work/blacktrigram/blacktrigram/src/components/combat/components/VitalPointMarkers3D.tsx": {"lines":{"total":81,"covered":11,"skipped":0,"pct":13.58},"functions":{"total":22,"covered":0,"skipped":0,"pct":0},"statements":{"total":87,"covered":11,"skipped":0,"pct":12.64},"branches":{"total":73,"covered":0,"skipped":0,"pct":0}}
,"/home/runner/work/blacktrigram/blacktrigram/src/components/combat/components/VitalPointOverlayControls.tsx": {"lines":{"total":93,"covered":26,"skipped":0,"pct":27.95},"functions":{"total":39,"covered":5,"skipped":0,"pct":12.82},"statements":{"total":96,"covered":27,"skipped":0,"pct":28.12},"branches":{"total":96,"covered":23,"skipped":0,"pct":23.95}}
,"/home/runner/work/blacktrigram/blacktrigram/src/components/combat/components/index.ts": {"lines":{"total":0,"covered":0,"skipped":0,"pct":0},"functions":{"total":0,"covered":0,"skipped":0,"pct":0},"statements":{"total":0,"covered":0,"skipped":0,"pct":0},"branches":{"total":0,"covered":0,"skipped":0,"pct":0}}
,"/home/runner/work/blacktrigram/blacktrigram/src/components/combat/helpers/AnimationUpdater.tsx": {"lines":{"total":5,"covered":3,"skipped":0,"pct":60},"functions":{"total":2,"covered":1,"skipped":0,"pct":50},"statements":{"total":5,"covered":3,"skipped":0,"pct":60},"branches":{"total":0,"covered":0,"skipped":0,"pct":100}}
,"/home/runner/work/blacktrigram/blacktrigram/src/components/combat/helpers/combatHelpers.ts": {"lines":{"total":11,"covered":5,"skipped":0,"pct":45.45},"functions":{"total":2,"covered":1,"skipped":0,"pct":50},"statements":{"total":11,"covered":5,"skipped":0,"pct":45.45},"branches":{"total":8,"covered":0,"skipped":0,"pct":0}}
,"/home/runner/work/blacktrigram/blacktrigram/src/components/combat/helpers/index.ts": {"lines":{"total":0,"covered":0,"skipped":0,"pct":0},"functions":{"total":0,"covered":0,"skipped":0,"pct":0},"statements":{"total":0,"covered":0,"skipped":0,"pct":0},"branches":{"total":0,"covered":0,"skipped":0,"pct":0}}
,"/home/runner/work/blacktrigram/blacktrigram/src/components/combat/hooks/useAICombat.ts": {"lines":{"total":258,"covered":184,"skipped":0,"pct":71.31},"functions":{"total":37,"covered":32,"skipped":0,"pct":86.48},"statements":{"total":264,"covered":189,"skipped":0,"pct":71.59},"branches":{"total":194,"covered":87,"skipped":0,"pct":44.84}}
,"/home/runner/work/blacktrigram/blacktrigram/src/components/combat/hooks/useCombatActions.ts": {"lines":{"total":204,"covered":169,"skipped":0,"pct":82.84},"functions":{"total":20,"covered":16,"skipped":0,"pct":80},"statements":{"total":213,"covered":175,"skipped":0,"pct":82.15},"branches":{"total":169,"covered":105,"skipped":0,"pct":62.13}}
,"/home/runner/work/blacktrigram/blacktrigram/src/components/combat/hooks/useCombatAudio.ts": {"lines":{"total":151,"covered":137,"skipped":0,"pct":90.72},"functions":{"total":18,"covered":18,"skipped":0,"pct":100},"statements":{"total":151,"covered":137,"skipped":0,"pct":90.72},"branches":{"total":56,"covered":49,"skipped":0,"pct":87.5}}
,"/home/runner/work/blacktrigram/blacktrigram/src/components/combat/hooks/useCombatLayout.ts": {"lines":{"total":37,"covered":35,"skipped":0,"pct":94.59},"functions":{"total":6,"covered":6,"skipped":0,"pct":100},"statements":{"total":40,"covered":38,"skipped":0,"pct":95},"branches":{"total":34,"covered":33,"skipped":0,"pct":97.05}}
,"/home/runner/work/blacktrigram/blacktrigram/src/components/combat/hooks/useCombatState.ts": {"lines":{"total":43,"covered":40,"skipped":0,"pct":93.02},"functions":{"total":20,"covered":19,"skipped":0,"pct":95},"statements":{"total":43,"covered":40,"skipped":0,"pct":93.02},"branches":{"total":18,"covered":16,"skipped":0,"pct":88.88}}
,"/home/runner/work/blacktrigram/blacktrigram/src/components/combat/hooks/usePreloadCombatAudio.ts": {"lines":{"total":25,"covered":23,"skipped":0,"pct":92},"functions":{"total":4,"covered":4,"skipped":0,"pct":100},"statements":{"total":26,"covered":24,"skipped":0,"pct":92.3},"branches":{"total":6,"covered":5,"skipped":0,"pct":83.33}}
,"/home/runner/work/blacktrigram/blacktrigram/src/components/endscreen/EndScreen3D.tsx": {"lines":{"total":75,"covered":45,"skipped":0,"pct":60},"functions":{"total":22,"covered":11,"skipped":0,"pct":50},"statements":{"total":83,"covered":50,"skipped":0,"pct":60.24},"branches":{"total":65,"covered":36,"skipped":0,"pct":55.38}}
,"/home/runner/work/blacktrigram/blacktrigram/src/components/endscreen/components/MatchStatisticsDisplay.tsx": {"lines":{"total":11,"covered":4,"skipped":0,"pct":36.36},"functions":{"total":4,"covered":0,"skipped":0,"pct":0},"statements":{"total":12,"covered":4,"skipped":0,"pct":33.33},"branches":{"total":38,"covered":0,"skipped":0,"pct":0}}
,"/home/runner/work/blacktrigram/blacktrigram/src/components/endscreen/components/NavigationButtons.tsx": {"lines":{"total":37,"covered":26,"skipped":0,"pct":70.27},"functions":{"total":9,"covered":6,"skipped":0,"pct":66.66},"statements":{"total":38,"covered":27,"skipped":0,"pct":71.05},"branches":{"total":43,"covered":35,"skipped":0,"pct":81.39}}
,"/home/runner/work/blacktrigram/blacktrigram/src/components/endscreen/components/PerformanceRating.tsx": {"lines":{"total":27,"covered":27,"skipped":0,"pct":100},"functions":{"total":7,"covered":7,"skipped":0,"pct":100},"statements":{"total":31,"covered":31,"skipped":0,"pct":100},"branches":{"total":42,"covered":33,"skipped":0,"pct":78.57}}
,"/home/runner/work/blacktrigram/blacktrigram/src/components/endscreen/components/VictoryAnimation3D.tsx": {"lines":{"total":27,"covered":1,"skipped":0,"pct":3.7},"functions":{"total":3,"covered":0,"skipped":0,"pct":0},"statements":{"total":28,"covered":1,"skipped":0,"pct":3.57},"branches":{"total":6,"covered":0,"skipped":0,"pct":0}}
,"/home/runner/work/blacktrigram/blacktrigram/src/components/endscreen/components/WinnerDisplay.tsx": {"lines":{"total":11,"covered":11,"skipped":0,"pct":100},"functions":{"total":2,"covered":2,"skipped":0,"pct":100},"statements":{"total":12,"covered":12,"skipped":0,"pct":100},"branches":{"total":22,"covered":21,"skipped":0,"pct":95.45}}
,"/home/runner/work/blacktrigram/blacktrigram/src/components/endscreen/components/animations.ts": {"lines":{"total":5,"covered":5,"skipped":0,"pct":100},"functions":{"total":0,"covered":0,"skipped":0,"pct":100},"statements":{"total":5,"covered":5,"skipped":0,"pct":100},"branches":{"total":0,"covered":0,"skipped":0,"pct":100}}
,"/home/runner/work/blacktrigram/blacktrigram/src/components/intro/IntroScreenThreeJS.tsx": {"lines":{"total":84,"covered":48,"skipped":0,"pct":57.14},"functions":{"total":21,"covered":10,"skipped":0,"pct":47.61},"statements":{"total":85,"covered":49,"skipped":0,"pct":57.64},"branches":{"total":160,"covered":115,"skipped":0,"pct":71.87}}
,"/home/runner/work/blacktrigram/blacktrigram/src/components/intro/components/AbilityList.tsx": {"lines":{"total":16,"covered":16,"skipped":0,"pct":100},"functions":{"total":5,"covered":5,"skipped":0,"pct":100},"statements":{"total":16,"covered":16,"skipped":0,"pct":100},"branches":{"total":19,"covered":19,"skipped":0,"pct":100}}
,"/home/runner/work/blacktrigram/blacktrigram/src/components/intro/components/ArchetypeCard.tsx": {"lines":{"total":30,"covered":23,"skipped":0,"pct":76.66},"functions":{"total":10,"covered":7,"skipped":0,"pct":70},"statements":{"total":30,"covered":23,"skipped":0,"pct":76.66},"branches":{"total":59,"covered":54,"skipped":0,"pct":91.52}}
,"/home/runner/work/blacktrigram/blacktrigram/src/components/intro/components/ArchetypeCardGrid.tsx": {"lines":{"total":40,"covered":37,"skipped":0,"pct":92.5},"functions":{"total":13,"covered":10,"skipped":0,"pct":76.92},"statements":{"total":42,"covered":39,"skipped":0,"pct":92.85},"branches":{"total":41,"covered":38,"skipped":0,"pct":92.68}}
,"/home/runner/work/blacktrigram/blacktrigram/src/components/intro/components/ArchetypeDisplayHTML.tsx": {"lines":{"total":37,"covered":27,"skipped":0,"pct":72.97},"functions":{"total":9,"covered":6,"skipped":0,"pct":66.66},"statements":{"total":37,"covered":27,"skipped":0,"pct":72.97},"branches":{"total":51,"covered":34,"skipped":0,"pct":66.66}}
,"/home/runner/work/blacktrigram/blacktrigram/src/components/intro/components/EnhancedArchetypeDisplay.tsx": {"lines":{"total":23,"covered":21,"skipped":0,"pct":91.3},"functions":{"total":13,"covered":11,"skipped":0,"pct":84.61},"statements":{"total":26,"covered":24,"skipped":0,"pct":92.3},"branches":{"total":19,"covered":18,"skipped":0,"pct":94.73}}
,"/home/runner/work/blacktrigram/blacktrigram/src/components/intro/components/MenuSection.css": {"lines":{"total":0,"covered":0,"skipped":0,"pct":0},"functions":{"total":0,"covered":0,"skipped":0,"pct":0},"statements":{"total":0,"covered":0,"skipped":0,"pct":0},"branches":{"total":0,"covered":0,"skipped":0,"pct":0}}
,"/home/runner/work/blacktrigram/blacktrigram/src/components/intro/components/MenuSectionHTML.tsx": {"lines":{"total":64,"covered":31,"skipped":0,"pct":48.43},"functions":{"total":15,"covered":7,"skipped":0,"pct":46.66},"statements":{"total":68,"covered":32,"skipped":0,"pct":47.05},"branches":{"total":78,"covered":46,"skipped":0,"pct":58.97}}
,"/home/runner/work/blacktrigram/blacktrigram/src/components/intro/components/StatBar.tsx": {"lines":{"total":10,"covered":10,"skipped":0,"pct":100},"functions":{"total":3,"covered":3,"skipped":0,"pct":100},"statements":{"total":10,"covered":10,"skipped":0,"pct":100},"branches":{"total":13,"covered":13,"skipped":0,"pct":100}}
,"/home/runner/work/blacktrigram/blacktrigram/src/components/mobile/ActionButtons.tsx": {"lines":{"total":57,"covered":18,"skipped":0,"pct":31.57},"functions":{"total":17,"covered":3,"skipped":0,"pct":17.64},"statements":{"total":65,"covered":19,"skipped":0,"pct":29.23},"branches":{"total":42,"covered":23,"skipped":0,"pct":54.76}}
,"/home/runner/work/blacktrigram/blacktrigram/src/components/mobile/GestureRecognizer.tsx": {"lines":{"total":32,"covered":14,"skipped":0,"pct":43.75},"functions":{"total":12,"covered":3,"skipped":0,"pct":25},"statements":{"total":36,"covered":15,"skipped":0,"pct":41.66},"branches":{"total":18,"covered":7,"skipped":0,"pct":38.88}}
,"/home/runner/work/blacktrigram/blacktrigram/src/components/mobile/StanceWheel.tsx": {"lines":{"total":80,"covered":18,"skipped":0,"pct":22.5},"functions":{"total":22,"covered":2,"skipped":0,"pct":9.09},"statements":{"total":84,"covered":18,"skipped":0,"pct":21.42},"branches":{"total":58,"covered":13,"skipped":0,"pct":22.41}}
,"/home/runner/work/blacktrigram/blacktrigram/src/components/mobile/VirtualDPad.tsx": {"lines":{"total":48,"covered":26,"skipped":0,"pct":54.16},"functions":{"total":16,"covered":8,"skipped":0,"pct":50},"statements":{"total":53,"covered":28,"skipped":0,"pct":52.83},"branches":{"total":39,"covered":25,"skipped":0,"pct":64.1}}
,"/home/runner/work/blacktrigram/blacktrigram/src/components/mobile/index.ts": {"lines":{"total":0,"covered":0,"skipped":0,"pct":0},"functions":{"total":0,"covered":0,"skipped":0,"pct":0},"statements":{"total":0,"covered":0,"skipped":0,"pct":0},"branches":{"total":0,"covered":0,"skipped":0,"pct":0}}
,"/home/runner/work/blacktrigram/blacktrigram/src/components/screens/ControlsScreenThreeJS.tsx": {"lines":{"total":41,"covered":28,"skipped":0,"pct":68.29},"functions":{"total":16,"covered":9,"skipped":0,"pct":56.25},"statements":{"total":42,"covered":29,"skipped":0,"pct":69.04},"branches":{"total":92,"covered":52,"skipped":0,"pct":56.52}}
,"/home/runner/work/blacktrigram/blacktrigram/src/components/screens/PhilosophyScreenThreeJS.tsx": {"lines":{"total":59,"covered":38,"skipped":0,"pct":64.4},"functions":{"total":28,"covered":16,"skipped":0,"pct":57.14},"statements":{"total":62,"covered":41,"skipped":0,"pct":66.12},"branches":{"total":86,"covered":48,"skipped":0,"pct":55.81}}
,"/home/runner/work/blacktrigram/blacktrigram/src/components/test/HelloThreeJS.tsx": {"lines":{"total":10,"covered":3,"skipped":0,"pct":30},"functions":{"total":3,"covered":0,"skipped":0,"pct":0},"statements":{"total":10,"covered":3,"skipped":0,"pct":30},"branches":{"total":5,"covered":0,"skipped":0,"pct":0}}
,"/home/runner/work/blacktrigram/blacktrigram/src/components/three/ArchetypeCard.tsx": {"lines":{"total":42,"covered":2,"skipped":0,"pct":4.76},"functions":{"total":14,"covered":0,"skipped":0,"pct":0},"statements":{"total":42,"covered":2,"skipped":0,"pct":4.76},"branches":{"total":22,"covered":0,"skipped":0,"pct":0}}
,"/home/runner/work/blacktrigram/blacktrigram/src/components/three/BackgroundScene3D.tsx": {"lines":{"total":11,"covered":9,"skipped":0,"pct":81.81},"functions":{"total":2,"covered":1,"skipped":0,"pct":50},"statements":{"total":11,"covered":9,"skipped":0,"pct":81.81},"branches":{"total":15,"covered":13,"skipped":0,"pct":86.66}}
,"/home/runner/work/blacktrigram/blacktrigram/src/components/three/BoneRenderer.tsx": {"lines":{"total":28,"covered":27,"skipped":0,"pct":96.42},"functions":{"total":6,"covered":6,"skipped":0,"pct":100},"statements":{"total":29,"covered":27,"skipped":0,"pct":93.1},"branches":{"total":36,"covered":29,"skipped":0,"pct":80.55}}
,"/home/runner/work/blacktrigram/blacktrigram/src/components/three/Face3D.tsx": {"lines":{"total":42,"covered":36,"skipped":0,"pct":85.71},"functions":{"total":10,"covered":10,"skipped":0,"pct":100},"statements":{"total":44,"covered":37,"skipped":0,"pct":84.09},"branches":{"total":42,"covered":25,"skipped":0,"pct":59.52}}
,"/home/runner/work/blacktrigram/blacktrigram/src/components/three/Hand3D.tsx": {"lines":{"total":36,"covered":34,"skipped":0,"pct":94.44},"functions":{"total":6,"covered":6,"skipped":0,"pct":100},"statements":{"total":36,"covered":34,"skipped":0,"pct":94.44},"branches":{"total":56,"covered":32,"skipped":0,"pct":57.14}}
,"/home/runner/work/blacktrigram/blacktrigram/src/components/three/KoreanButton.tsx": {"lines":{"total":3,"covered":3,"skipped":0,"pct":100},"functions":{"total":1,"covered":1,"skipped":0,"pct":100},"statements":{"total":3,"covered":3,"skipped":0,"pct":100},"branches":{"total":2,"covered":2,"skipped":0,"pct":100}}
,"/home/runner/work/blacktrigram/blacktrigram/src/components/three/KoreanPanel.tsx": {"lines":{"total":3,"covered":2,"skipped":0,"pct":66.66},"functions":{"total":1,"covered":0,"skipped":0,"pct":0},"statements":{"total":3,"covered":2,"skipped":0,"pct":66.66},"branches":{"total":2,"covered":0,"skipped":0,"pct":0}}
,"/home/runner/work/blacktrigram/blacktrigram/src/components/three/KoreanText.tsx": {"lines":{"total":3,"covered":3,"skipped":0,"pct":100},"functions":{"total":1,"covered":1,"skipped":0,"pct":100},"statements":{"total":3,"covered":3,"skipped":0,"pct":100},"branches":{"total":2,"covered":2,"skipped":0,"pct":100}}
,"/home/runner/work/blacktrigram/blacktrigram/src/components/three/KoreanUIDemo.tsx": {"lines":{"total":24,"covered":2,"skipped":0,"pct":8.33},"functions":{"total":9,"covered":0,"skipped":0,"pct":0},"statements":{"total":25,"covered":2,"skipped":0,"pct":8},"branches":{"total":16,"covered":0,"skipped":0,"pct":0}}
,"/home/runner/work/blacktrigram/blacktrigram/src/components/three/MenuList.tsx": {"lines":{"total":31,"covered":2,"skipped":0,"pct":6.45},"functions":{"total":10,"covered":0,"skipped":0,"pct":0},"statements":{"total":31,"covered":2,"skipped":0,"pct":6.45},"branches":{"total":28,"covered":0,"skipped":0,"pct":0}}
,"/home/runner/work/blacktrigram/blacktrigram/src/components/three/MuscleSystem.tsx": {"lines":{"total":57,"covered":49,"skipped":0,"pct":85.96},"functions":{"total":18,"covered":17,"skipped":0,"pct":94.44},"statements":{"total":63,"covered":51,"skipped":0,"pct":80.95},"branches":{"total":24,"covered":14,"skipped":0,"pct":58.33}}
,"/home/runner/work/blacktrigram/blacktrigram/src/components/three/Player3DWithTransitions.tsx": {"lines":{"total":20,"covered":2,"skipped":0,"pct":10},"functions":{"total":3,"covered":0,"skipped":0,"pct":0},"statements":{"total":20,"covered":2,"skipped":0,"pct":10},"branches":{"total":21,"covered":0,"skipped":0,"pct":0}}
,"/home/runner/work/blacktrigram/blacktrigram/src/components/three/PlayerStateIndicators.tsx": {"lines":{"total":31,"covered":23,"skipped":0,"pct":74.19},"functions":{"total":11,"covered":11,"skipped":0,"pct":100},"statements":{"total":36,"covered":27,"skipped":0,"pct":75},"branches":{"total":39,"covered":18,"skipped":0,"pct":46.15}}
,"/home/runner/work/blacktrigram/blacktrigram/src/components/three/ProgressBar.tsx": {"lines":{"total":27,"covered":26,"skipped":0,"pct":96.29},"functions":{"total":9,"covered":9,"skipped":0,"pct":100},"statements":{"total":27,"covered":26,"skipped":0,"pct":96.29},"branches":{"total":26,"covered":24,"skipped":0,"pct":92.3}}
,"/home/runner/work/blacktrigram/blacktrigram/src/components/three/SkeletalPlayer3D.tsx": {"lines":{"total":309,"covered":90,"skipped":0,"pct":29.12},"functions":{"total":46,"covered":23,"skipped":0,"pct":50},"statements":{"total":336,"covered":96,"skipped":0,"pct":28.57},"branches":{"total":235,"covered":56,"skipped":0,"pct":23.82}}
,"/home/runner/work/blacktrigram/blacktrigram/src/components/three/StanceAura.tsx": {"lines":{"total":20,"covered":10,"skipped":0,"pct":50},"functions":{"total":4,"covered":3,"skipped":0,"pct":75},"statements":{"total":23,"covered":11,"skipped":0,"pct":47.82},"branches":{"total":11,"covered":3,"skipped":0,"pct":27.27}}
,"/home/runner/work/blacktrigram/blacktrigram/src/components/three/StanceAuraParticles.tsx": {"lines":{"total":58,"covered":3,"skipped":0,"pct":5.17},"functions":{"total":6,"covered":0,"skipped":0,"pct":0},"statements":{"total":64,"covered":3,"skipped":0,"pct":4.68},"branches":{"total":21,"covered":0,"skipped":0,"pct":0}}
,"/home/runner/work/blacktrigram/blacktrigram/src/components/three/StanceSymbol3D.tsx": {"lines":{"total":12,"covered":2,"skipped":0,"pct":16.66},"functions":{"total":5,"covered":0,"skipped":0,"pct":0},"statements":{"total":16,"covered":2,"skipped":0,"pct":12.5},"branches":{"total":10,"covered":0,"skipped":0,"pct":0}}
,"/home/runner/work/blacktrigram/blacktrigram/src/components/three/StanceTransitionEffect.tsx": {"lines":{"total":37,"covered":1,"skipped":0,"pct":2.7},"functions":{"total":8,"covered":0,"skipped":0,"pct":0},"statements":{"total":41,"covered":1,"skipped":0,"pct":2.43},"branches":{"total":16,"covered":0,"skipped":0,"pct":0}}
,"/home/runner/work/blacktrigram/blacktrigram/src/components/three/index.ts": {"lines":{"total":0,"covered":0,"skipped":0,"pct":0},"functions":{"total":0,"covered":0,"skipped":0,"pct":0},"statements":{"total":0,"covered":0,"skipped":0,"pct":0},"branches":{"total":0,"covered":0,"skipped":0,"pct":0}}
,"/home/runner/work/blacktrigram/blacktrigram/src/components/training/TrainingScreen3D.tsx": {"lines":{"total":210,"covered":110,"skipped":0,"pct":52.38},"functions":{"total":59,"covered":28,"skipped":0,"pct":47.45},"statements":{"total":218,"covered":116,"skipped":0,"pct":53.21},"branches":{"total":122,"covered":40,"skipped":0,"pct":32.78}}
,"/home/runner/work/blacktrigram/blacktrigram/src/components/training/training.css": {"lines":{"total":0,"covered":0,"skipped":0,"pct":0},"functions":{"total":0,"covered":0,"skipped":0,"pct":0},"statements":{"total":0,"covered":0,"skipped":0,"pct":0},"branches":{"total":0,"covered":0,"skipped":0,"pct":0}}
,"/home/runner/work/blacktrigram/blacktrigram/src/components/training/components/AnatomyControlsHTML.tsx": {"lines":{"total":11,"covered":9,"skipped":0,"pct":81.81},"functions":{"total":6,"covered":4,"skipped":0,"pct":66.66},"statements":{"total":11,"covered":9,"skipped":0,"pct":81.81},"branches":{"total":43,"covered":41,"skipped":0,"pct":95.34}}
,"/home/runner/work/blacktrigram/blacktrigram/src/components/training/components/AnatomyOverlay3D.tsx": {"lines":{"total":57,"covered":5,"skipped":0,"pct":8.77},"functions":{"total":28,"covered":0,"skipped":0,"pct":0},"statements":{"total":62,"covered":5,"skipped":0,"pct":8.06},"branches":{"total":39,"covered":0,"skipped":0,"pct":0}}
,"/home/runner/work/blacktrigram/blacktrigram/src/components/training/components/HitFeedbackEffect3D.tsx": {"lines":{"total":98,"covered":4,"skipped":0,"pct":4.08},"functions":{"total":16,"covered":0,"skipped":0,"pct":0},"statements":{"total":104,"covered":4,"skipped":0,"pct":3.84},"branches":{"total":55,"covered":0,"skipped":0,"pct":0}}
,"/home/runner/work/blacktrigram/blacktrigram/src/components/training/components/TrainingAICharacter3D.tsx": {"lines":{"total":18,"covered":9,"skipped":0,"pct":50},"functions":{"total":4,"covered":3,"skipped":0,"pct":75},"statements":{"total":20,"covered":10,"skipped":0,"pct":50},"branches":{"total":20,"covered":12,"skipped":0,"pct":60}}
,"/home/runner/work/blacktrigram/blacktrigram/src/components/training/components/TrainingArena3D.tsx": {"lines":{"total":14,"covered":14,"skipped":0,"pct":100},"functions":{"total":7,"covered":7,"skipped":0,"pct":100},"statements":{"total":14,"covered":14,"skipped":0,"pct":100},"branches":{"total":4,"covered":4,"skipped":0,"pct":100}}
,"/home/runner/work/blacktrigram/blacktrigram/src/components/training/components/TrainingControlsHTML.tsx": {"lines":{"total":5,"covered":5,"skipped":0,"pct":100},"functions":{"total":1,"covered":1,"skipped":0,"pct":100},"statements":{"total":5,"covered":5,"skipped":0,"pct":100},"branches":{"total":34,"covered":28,"skipped":0,"pct":82.35}}
,"/home/runner/work/blacktrigram/blacktrigram/src/components/training/components/TrainingDummy3D.tsx": {"lines":{"total":70,"covered":57,"skipped":0,"pct":81.42},"functions":{"total":25,"covered":23,"skipped":0,"pct":92},"statements":{"total":76,"covered":60,"skipped":0,"pct":78.94},"branches":{"total":26,"covered":13,"skipped":0,"pct":50}}
,"/home/runner/work/blacktrigram/blacktrigram/src/components/training/components/TrainingFeedbackHTML.tsx": {"lines":{"total":2,"covered":2,"skipped":0,"pct":100},"functions":{"total":1,"covered":1,"skipped":0,"pct":100},"statements":{"total":2,"covered":2,"skipped":0,"pct":100},"branches":{"total":2,"covered":1,"skipped":0,"pct":50}}
,"/home/runner/work/blacktrigram/blacktrigram/src/components/training/components/TrainingModeSelectorHTML.tsx": {"lines":{"total":8,"covered":7,"skipped":0,"pct":87.5},"functions":{"total":3,"covered":2,"skipped":0,"pct":66.66},"statements":{"total":8,"covered":7,"skipped":0,"pct":87.5},"branches":{"total":26,"covered":16,"skipped":0,"pct":61.53}}
,"/home/runner/work/blacktrigram/blacktrigram/src/components/training/components/TrainingStatsHTML.tsx": {"lines":{"total":16,"covered":12,"skipped":0,"pct":75},"functions":{"total":5,"covered":5,"skipped":0,"pct":100},"statements":{"total":18,"covered":14,"skipped":0,"pct":77.77},"branches":{"total":35,"covered":17,"skipped":0,"pct":48.57}}
,"/home/runner/work/blacktrigram/blacktrigram/src/components/training/components/VitalPointMarker3D.tsx": {"lines":{"total":40,"covered":28,"skipped":0,"pct":70},"functions":{"total":14,"covered":9,"skipped":0,"pct":64.28},"statements":{"total":45,"covered":31,"skipped":0,"pct":68.88},"branches":{"total":50,"covered":19,"skipped":0,"pct":38}}
,"/home/runner/work/blacktrigram/blacktrigram/src/components/training/components/VitalPointTrainingHTML.tsx": {"lines":{"total":18,"covered":17,"skipped":0,"pct":94.44},"functions":{"total":8,"covered":7,"skipped":0,"pct":87.5},"statements":{"total":19,"covered":18,"skipped":0,"pct":94.73},"branches":{"total":32,"covered":13,"skipped":0,"pct":40.62}}
,"/home/runner/work/blacktrigram/blacktrigram/src/components/training/hooks/useTrainingActions.ts": {"lines":{"total":63,"covered":11,"skipped":0,"pct":17.46},"functions":{"total":9,"covered":2,"skipped":0,"pct":22.22},"statements":{"total":63,"covered":11,"skipped":0,"pct":17.46},"branches":{"total":18,"covered":0,"skipped":0,"pct":0}}
,"/home/runner/work/blacktrigram/blacktrigram/src/components/training/hooks/useTrainingState.ts": {"lines":{"total":54,"covered":38,"skipped":0,"pct":70.37},"functions":{"total":21,"covered":15,"skipped":0,"pct":71.42},"statements":{"total":54,"covered":38,"skipped":0,"pct":70.37},"branches":{"total":30,"covered":17,"skipped":0,"pct":56.66}}
,"/home/runner/work/blacktrigram/blacktrigram/src/components/ui/ErrorModal.tsx": {"lines":{"total":14,"covered":14,"skipped":0,"pct":100},"functions":{"total":6,"covered":6,"skipped":0,"pct":100},"statements":{"total":15,"covered":15,"skipped":0,"pct":100},"branches":{"total":2,"covered":1,"skipped":0,"pct":50}}
,"/home/runner/work/blacktrigram/blacktrigram/src/components/ui/KoreanHeaderHTML.css": {"lines":{"total":0,"covered":0,"skipped":0,"pct":0},"functions":{"total":0,"covered":0,"skipped":0,"pct":0},"statements":{"total":0,"covered":0,"skipped":0,"pct":0},"branches":{"total":0,"covered":0,"skipped":0,"pct":0}}
,"/home/runner/work/blacktrigram/blacktrigram/src/components/ui/KoreanHeaderHTML.tsx": {"lines":{"total":6,"covered":6,"skipped":0,"pct":100},"functions":{"total":2,"covered":2,"skipped":0,"pct":100},"statements":{"total":7,"covered":7,"skipped":0,"pct":100},"branches":{"total":27,"covered":18,"skipped":0,"pct":66.66}}
,"/home/runner/work/blacktrigram/blacktrigram/src/components/ui/MobileHUDLayout.tsx": {"lines":{"total":18,"covered":4,"skipped":0,"pct":22.22},"functions":{"total":5,"covered":0,"skipped":0,"pct":0},"statements":{"total":18,"covered":4,"skipped":0,"pct":22.22},"branches":{"total":14,"covered":0,"skipped":0,"pct":0}}
,"/home/runner/work/blacktrigram/blacktrigram/src/components/ui/ResponsiveContainer.tsx": {"lines":{"total":13,"covered":13,"skipped":0,"pct":100},"functions":{"total":2,"covered":2,"skipped":0,"pct":100},"statements":{"total":13,"covered":13,"skipped":0,"pct":100},"branches":{"total":16,"covered":16,"skipped":0,"pct":100}}
,"/home/runner/work/blacktrigram/blacktrigram/src/components/ui/SplashScreen.tsx": {"lines":{"total":17,"covered":14,"skipped":0,"pct":82.35},"functions":{"total":7,"covered":6,"skipped":0,"pct":85.71},"statements":{"total":19,"covered":16,"skipped":0,"pct":84.21},"branches":{"total":36,"covered":31,"skipped":0,"pct":86.11}}
,"/home/runner/work/blacktrigram/blacktrigram/src/components/ui/VolumeControl.tsx": {"lines":{"total":56,"covered":53,"skipped":0,"pct":94.64},"functions":{"total":13,"covered":13,"skipped":0,"pct":100},"statements":{"total":57,"covered":53,"skipped":0,"pct":92.98},"branches":{"total":74,"covered":62,"skipped":0,"pct":83.78}}
,"/home/runner/work/blacktrigram/blacktrigram/src/components/ui/shared/ConfirmDialog.tsx": {"lines":{"total":23,"covered":23,"skipped":0,"pct":100},"functions":{"total":9,"covered":9,"skipped":0,"pct":100},"statements":{"total":26,"covered":26,"skipped":0,"pct":100},"branches":{"total":22,"covered":21,"skipped":0,"pct":95.45}}
,"/home/runner/work/blacktrigram/blacktrigram/src/data/archetypePhysicalAttributes.ts": {"lines":{"total":21,"covered":21,"skipped":0,"pct":100},"functions":{"total":6,"covered":6,"skipped":0,"pct":100},"statements":{"total":21,"covered":21,"skipped":0,"pct":100},"branches":{"total":3,"covered":3,"skipped":0,"pct":100}}
,"/home/runner/work/blacktrigram/blacktrigram/src/data/techniques.ts": {"lines":{"total":28,"covered":23,"skipped":0,"pct":82.14},"functions":{"total":8,"covered":8,"skipped":0,"pct":100},"statements":{"total":30,"covered":25,"skipped":0,"pct":83.33},"branches":{"total":16,"covered":9,"skipped":0,"pct":56.25}}
,"/home/runner/work/blacktrigram/blacktrigram/src/hooks/useActionFeedback.ts": {"lines":{"total":61,"covered":61,"skipped":0,"pct":100},"functions":{"total":20,"covered":20,"skipped":0,"pct":100},"statements":{"total":66,"covered":66,"skipped":0,"pct":100},"branches":{"total":16,"covered":13,"skipped":0,"pct":81.25}}
,"/home/runner/work/blacktrigram/blacktrigram/src/hooks/useCombatTimer.ts": {"lines":{"total":52,"covered":50,"skipped":0,"pct":96.15},"functions":{"total":8,"covered":8,"skipped":0,"pct":100},"statements":{"total":54,"covered":52,"skipped":0,"pct":96.29},"branches":{"total":36,"covered":34,"skipped":0,"pct":94.44}}
,"/home/runner/work/blacktrigram/blacktrigram/src/hooks/useDebounce.ts": {"lines":{"total":14,"covered":13,"skipped":0,"pct":92.85},"functions":{"total":6,"covered":6,"skipped":0,"pct":100},"statements":{"total":14,"covered":13,"skipped":0,"pct":92.85},"branches":{"total":4,"covered":3,"skipped":0,"pct":75}}
,"/home/runner/work/blacktrigram/blacktrigram/src/hooks/useKeyboardControls.ts": {"lines":{"total":153,"covered":94,"skipped":0,"pct":61.43},"functions":{"total":15,"covered":10,"skipped":0,"pct":66.66},"statements":{"total":167,"covered":100,"skipped":0,"pct":59.88},"branches":{"total":100,"covered":36,"skipped":0,"pct":36}}
,"/home/runner/work/blacktrigram/blacktrigram/src/hooks/useMatchCountdown.ts": {"lines":{"total":52,"covered":52,"skipped":0,"pct":100},"functions":{"total":12,"covered":12,"skipped":0,"pct":100},"statements":{"total":52,"covered":52,"skipped":0,"pct":100},"branches":{"total":21,"covered":20,"skipped":0,"pct":95.23}}
,"/home/runner/work/blacktrigram/blacktrigram/src/hooks/usePauseMenu.ts": {"lines":{"total":18,"covered":18,"skipped":0,"pct":100},"functions":{"total":8,"covered":7,"skipped":0,"pct":87.5},"statements":{"total":18,"covered":18,"skipped":0,"pct":100},"branches":{"total":2,"covered":1,"skipped":0,"pct":50}}
,"/home/runner/work/blacktrigram/blacktrigram/src/hooks/usePlayerAnimation.ts": {"lines":{"total":52,"covered":52,"skipped":0,"pct":100},"functions":{"total":16,"covered":16,"skipped":0,"pct":100},"statements":{"total":57,"covered":57,"skipped":0,"pct":100},"branches":{"total":16,"covered":13,"skipped":0,"pct":81.25}}
,"/home/runner/work/blacktrigram/blacktrigram/src/hooks/useResponsiveLayout.ts": {"lines":{"total":20,"covered":20,"skipped":0,"pct":100},"functions":{"total":4,"covered":4,"skipped":0,"pct":100},"statements":{"total":20,"covered":20,"skipped":0,"pct":100},"branches":{"total":13,"covered":13,"skipped":0,"pct":100}}
,"/home/runner/work/blacktrigram/blacktrigram/src/hooks/useRoundTransition.ts": {"lines":{"total":50,"covered":50,"skipped":0,"pct":100},"functions":{"total":12,"covered":12,"skipped":0,"pct":100},"statements":{"total":50,"covered":50,"skipped":0,"pct":100},"branches":{"total":11,"covered":10,"skipped":0,"pct":90.9}}
,"/home/runner/work/blacktrigram/blacktrigram/src/hooks/useTechniqueSelection.ts": {"lines":{"total":80,"covered":76,"skipped":0,"pct":95},"functions":{"total":20,"covered":20,"skipped":0,"pct":100},"statements":{"total":88,"covered":79,"skipped":0,"pct":89.77},"branches":{"total":52,"covered":40,"skipped":0,"pct":76.92}}
,"/home/runner/work/blacktrigram/blacktrigram/src/hooks/useThrottle.ts": {"lines":{"total":21,"covered":20,"skipped":0,"pct":95.23},"functions":{"total":6,"covered":6,"skipped":0,"pct":100},"statements":{"total":21,"covered":20,"skipped":0,"pct":95.23},"branches":{"total":6,"covered":5,"skipped":0,"pct":83.33}}
,"/home/runner/work/blacktrigram/blacktrigram/src/hooks/useTouchControls.ts": {"lines":{"total":95,"covered":85,"skipped":0,"pct":89.47},"functions":{"total":9,"covered":9,"skipped":0,"pct":100},"statements":{"total":103,"covered":87,"skipped":0,"pct":84.46},"branches":{"total":80,"covered":48,"skipped":0,"pct":60}}
,"/home/runner/work/blacktrigram/blacktrigram/src/hooks/useWebGLContextLossHandler.ts": {"lines":{"total":88,"covered":77,"skipped":0,"pct":87.5},"functions":{"total":17,"covered":14,"skipped":0,"pct":82.35},"statements":{"total":92,"covered":79,"skipped":0,"pct":85.86},"branches":{"total":38,"covered":25,"skipped":0,"pct":65.78}}
,"/home/runner/work/blacktrigram/blacktrigram/src/hooks/useWindowSize.ts": {"lines":{"total":22,"covered":21,"skipped":0,"pct":95.45},"functions":{"total":7,"covered":7,"skipped":0,"pct":100},"statements":{"total":25,"covered":22,"skipped":0,"pct":88},"branches":{"total":15,"covered":12,"skipped":0,"pct":80}}
,"/home/runner/work/blacktrigram/blacktrigram/src/systems/CombatSystem.ts": {"lines":{"total":200,"covered":169,"skipped":0,"pct":84.5},"functions":{"total":27,"covered":24,"skipped":0,"pct":88.88},"statements":{"total":200,"covered":169,"skipped":0,"pct":84.5},"branches":{"total":221,"covered":163,"skipped":0,"pct":73.75}}
,"/home/runner/work/blacktrigram/blacktrigram/src/systems/EffectCalculator.ts": {"lines":{"total":39,"covered":39,"skipped":0,"pct":100},"functions":{"total":10,"covered":10,"skipped":0,"pct":100},"statements":{"total":39,"covered":39,"skipped":0,"pct":100},"branches":{"total":20,"covered":14,"skipped":0,"pct":70}}
,"/home/runner/work/blacktrigram/blacktrigram/src/systems/LayoutSystem.ts": {"lines":{"total":59,"covered":59,"skipped":0,"pct":100},"functions":{"total":12,"covered":12,"skipped":0,"pct":100},"statements":{"total":59,"covered":59,"skipped":0,"pct":100},"branches":{"total":54,"covered":54,"skipped":0,"pct":100}}
,"/home/runner/work/blacktrigram/blacktrigram/src/systems/PlayerEffectManager.ts": {"lines":{"total":67,"covered":56,"skipped":0,"pct":83.58},"functions":{"total":19,"covered":19,"skipped":0,"pct":100},"statements":{"total":73,"covered":62,"skipped":0,"pct":84.93},"branches":{"total":12,"covered":9,"skipped":0,"pct":75}}
,"/home/runner/work/blacktrigram/blacktrigram/src/systems/ResponsiveScaling.ts": {"lines":{"total":38,"covered":38,"skipped":0,"pct":100},"functions":{"total":13,"covered":13,"skipped":0,"pct":100},"statements":{"total":42,"covered":42,"skipped":0,"pct":100},"branches":{"total":25,"covered":25,"skipped":0,"pct":100}}
,"/home/runner/work/blacktrigram/blacktrigram/src/systems/TrigramSystem.ts": {"lines":{"total":49,"covered":47,"skipped":0,"pct":95.91},"functions":{"total":11,"covered":11,"skipped":0,"pct":100},"statements":{"total":50,"covered":48,"skipped":0,"pct":96},"branches":{"total":27,"covered":22,"skipped":0,"pct":81.48}}
,"/home/runner/work/blacktrigram/blacktrigram/src/systems/VitalPointSystem.ts": {"lines":{"total":81,"covered":79,"skipped":0,"pct":97.53},"functions":{"total":20,"covered":20,"skipped":0,"pct":100},"statements":{"total":83,"covered":80,"skipped":0,"pct":96.38},"branches":{"total":38,"covered":33,"skipped":0,"pct":86.84}}
,"/home/runner/work/blacktrigram/blacktrigram/src/systems/effects.ts": {"lines":{"total":33,"covered":33,"skipped":0,"pct":100},"functions":{"total":3,"covered":3,"skipped":0,"pct":100},"statements":{"total":36,"covered":36,"skipped":0,"pct":100},"branches":{"total":6,"covered":6,"skipped":0,"pct":100}}
,"/home/runner/work/blacktrigram/blacktrigram/src/systems/game.ts": {"lines":{"total":13,"covered":13,"skipped":0,"pct":100},"functions":{"total":1,"covered":1,"skipped":0,"pct":100},"statements":{"total":14,"covered":14,"skipped":0,"pct":100},"branches":{"total":2,"covered":2,"skipped":0,"pct":100}}
,"/home/runner/work/blacktrigram/blacktrigram/src/systems/index.ts": {"lines":{"total":0,"covered":0,"skipped":0,"pct":0},"functions":{"total":0,"covered":0,"skipped":0,"pct":0},"statements":{"total":0,"covered":0,"skipped":0,"pct":0},"branches":{"total":0,"covered":0,"skipped":0,"pct":0}}
,"/home/runner/work/blacktrigram/blacktrigram/src/systems/player.ts": {"lines":{"total":0,"covered":0,"skipped":0,"pct":0},"functions":{"total":0,"covered":0,"skipped":0,"pct":0},"statements":{"total":0,"covered":0,"skipped":0,"pct":0},"branches":{"total":0,"covered":0,"skipped":0,"pct":0}}
,"/home/runner/work/blacktrigram/blacktrigram/src/systems/types.ts": {"lines":{"total":47,"covered":45,"skipped":0,"pct":95.74},"functions":{"total":1,"covered":0,"skipped":0,"pct":0},"statements":{"total":47,"covered":45,"skipped":0,"pct":95.74},"branches":{"total":2,"covered":0,"skipped":0,"pct":0}}
,"/home/runner/work/blacktrigram/blacktrigram/src/systems/ai/AIPersonality.ts": {"lines":{"total":12,"covered":10,"skipped":0,"pct":83.33},"functions":{"total":8,"covered":6,"skipped":0,"pct":75},"statements":{"total":12,"covered":10,"skipped":0,"pct":83.33},"branches":{"total":4,"covered":4,"skipped":0,"pct":100}}
,"/home/runner/work/blacktrigram/blacktrigram/src/systems/ai/AdaptiveDifficulty.ts": {"lines":{"total":72,"covered":71,"skipped":0,"pct":98.61},"functions":{"total":17,"covered":17,"skipped":0,"pct":100},"statements":{"total":77,"covered":76,"skipped":0,"pct":98.7},"branches":{"total":24,"covered":18,"skipped":0,"pct":75}}
,"/home/runner/work/blacktrigram/blacktrigram/src/systems/ai/ComboSystem.ts": {"lines":{"total":70,"covered":62,"skipped":0,"pct":88.57},"functions":{"total":12,"covered":12,"skipped":0,"pct":100},"statements":{"total":70,"covered":62,"skipped":0,"pct":88.57},"branches":{"total":46,"covered":36,"skipped":0,"pct":78.26}}
,"/home/runner/work/blacktrigram/blacktrigram/src/systems/ai/DecisionTree.ts": {"lines":{"total":261,"covered":211,"skipped":0,"pct":80.84},"functions":{"total":36,"covered":30,"skipped":0,"pct":83.33},"statements":{"total":263,"covered":212,"skipped":0,"pct":80.6},"branches":{"total":187,"covered":135,"skipped":0,"pct":72.19}}
,"/home/runner/work/blacktrigram/blacktrigram/src/systems/ai/TrainingAI.ts": {"lines":{"total":50,"covered":48,"skipped":0,"pct":96},"functions":{"total":17,"covered":16,"skipped":0,"pct":94.11},"statements":{"total":50,"covered":48,"skipped":0,"pct":96},"branches":{"total":16,"covered":14,"skipped":0,"pct":87.5}}
,"/home/runner/work/blacktrigram/blacktrigram/src/systems/ai/index.ts": {"lines":{"total":0,"covered":0,"skipped":0,"pct":0},"functions":{"total":0,"covered":0,"skipped":0,"pct":0},"statements":{"total":0,"covered":0,"skipped":0,"pct":0},"branches":{"total":0,"covered":0,"skipped":0,"pct":0}}
,"/home/runner/work/blacktrigram/blacktrigram/src/systems/animation/AnimationPriority.ts": {"lines":{"total":10,"covered":10,"skipped":0,"pct":100},"functions":{"total":3,"covered":3,"skipped":0,"pct":100},"statements":{"total":10,"covered":10,"skipped":0,"pct":100},"branches":{"total":4,"covered":4,"skipped":0,"pct":100}}
,"/home/runner/work/blacktrigram/blacktrigram/src/systems/animation/AnimationStateMachine.ts": {"lines":{"total":163,"covered":140,"skipped":0,"pct":85.88},"functions":{"total":18,"covered":18,"skipped":0,"pct":100},"statements":{"total":165,"covered":142,"skipped":0,"pct":86.06},"branches":{"total":91,"covered":75,"skipped":0,"pct":82.41}}
,"/home/runner/work/blacktrigram/blacktrigram/src/systems/animation/AnimationTransitions.ts": {"lines":{"total":100,"covered":96,"skipped":0,"pct":96},"functions":{"total":17,"covered":17,"skipped":0,"pct":100},"statements":{"total":105,"covered":100,"skipped":0,"pct":95.23},"branches":{"total":43,"covered":37,"skipped":0,"pct":86.04}}
,"/home/runner/work/blacktrigram/blacktrigram/src/systems/animation/AttackAnimations.ts": {"lines":{"total":23,"covered":23,"skipped":0,"pct":100},"functions":{"total":2,"covered":2,"skipped":0,"pct":100},"statements":{"total":23,"covered":23,"skipped":0,"pct":100},"branches":{"total":2,"covered":2,"skipped":0,"pct":100}}
,"/home/runner/work/blacktrigram/blacktrigram/src/systems/animation/BodyFacingSystem.ts": {"lines":{"total":54,"covered":54,"skipped":0,"pct":100},"functions":{"total":16,"covered":16,"skipped":0,"pct":100},"statements":{"total":54,"covered":54,"skipped":0,"pct":100},"branches":{"total":24,"covered":23,"skipped":0,"pct":95.83}}
,"/home/runner/work/blacktrigram/blacktrigram/src/systems/animation/FacialExpressions.ts": {"lines":{"total":69,"covered":63,"skipped":0,"pct":91.3},"functions":{"total":8,"covered":8,"skipped":0,"pct":100},"statements":{"total":69,"covered":63,"skipped":0,"pct":91.3},"branches":{"total":46,"covered":42,"skipped":0,"pct":91.3}}
,"/home/runner/work/blacktrigram/blacktrigram/src/systems/animation/FallAnimations.ts": {"lines":{"total":31,"covered":30,"skipped":0,"pct":96.77},"functions":{"total":4,"covered":4,"skipped":0,"pct":100},"statements":{"total":33,"covered":31,"skipped":0,"pct":93.93},"branches":{"total":24,"covered":22,"skipped":0,"pct":91.66}}
,"/home/runner/work/blacktrigram/blacktrigram/src/systems/animation/FootworkSkeletalAnimations.ts": {"lines":{"total":11,"covered":11,"skipped":0,"pct":100},"functions":{"total":1,"covered":1,"skipped":0,"pct":100},"statements":{"total":11,"covered":11,"skipped":0,"pct":100},"branches":{"total":0,"covered":0,"skipped":0,"pct":100}}
,"/home/runner/work/blacktrigram/blacktrigram/src/systems/animation/HandPoses.ts": {"lines":{"total":51,"covered":51,"skipped":0,"pct":100},"functions":{"total":8,"covered":8,"skipped":0,"pct":100},"statements":{"total":51,"covered":51,"skipped":0,"pct":100},"branches":{"total":15,"covered":15,"skipped":0,"pct":100}}
,"/home/runner/work/blacktrigram/blacktrigram/src/systems/animation/HeadMovements.ts": {"lines":{"total":72,"covered":71,"skipped":0,"pct":98.61},"functions":{"total":10,"covered":10,"skipped":0,"pct":100},"statements":{"total":74,"covered":72,"skipped":0,"pct":97.29},"branches":{"total":19,"covered":18,"skipped":0,"pct":94.73}}
,"/home/runner/work/blacktrigram/blacktrigram/src/systems/animation/KeyframeInterpolation.ts": {"lines":{"total":94,"covered":12,"skipped":0,"pct":12.76},"functions":{"total":16,"covered":0,"skipped":0,"pct":0},"statements":{"total":98,"covered":12,"skipped":0,"pct":12.24},"branches":{"total":40,"covered":0,"skipped":0,"pct":0}}
,"/home/runner/work/blacktrigram/blacktrigram/src/systems/animation/MuscleActivation.ts": {"lines":{"total":140,"covered":104,"skipped":0,"pct":74.28},"functions":{"total":16,"covered":16,"skipped":0,"pct":100},"statements":{"total":142,"covered":106,"skipped":0,"pct":74.64},"branches":{"total":42,"covered":29,"skipped":0,"pct":69.04}}
,"/home/runner/work/blacktrigram/blacktrigram/src/systems/animation/RecoveryAnimations.ts": {"lines":{"total":20,"covered":20,"skipped":0,"pct":100},"functions":{"total":5,"covered":5,"skipped":0,"pct":100},"statements":{"total":20,"covered":20,"skipped":0,"pct":100},"branches":{"total":6,"covered":6,"skipped":0,"pct":100}}
,"/home/runner/work/blacktrigram/blacktrigram/src/systems/animation/SkeletonRig.ts": {"lines":{"total":160,"covered":104,"skipped":0,"pct":65},"functions":{"total":13,"covered":9,"skipped":0,"pct":69.23},"statements":{"total":160,"covered":104,"skipped":0,"pct":65},"branches":{"total":12,"covered":3,"skipped":0,"pct":25}}
,"/home/runner/work/blacktrigram/blacktrigram/src/systems/animation/StanceGuardPoses.ts": {"lines":{"total":29,"covered":29,"skipped":0,"pct":100},"functions":{"total":4,"covered":4,"skipped":0,"pct":100},"statements":{"total":29,"covered":29,"skipped":0,"pct":100},"branches":{"total":11,"covered":9,"skipped":0,"pct":81.81}}
,"/home/runner/work/blacktrigram/blacktrigram/src/systems/animation/StepAnimations.ts": {"lines":{"total":25,"covered":25,"skipped":0,"pct":100},"functions":{"total":5,"covered":5,"skipped":0,"pct":100},"statements":{"total":27,"covered":27,"skipped":0,"pct":100},"branches":{"total":8,"covered":7,"skipped":0,"pct":87.5}}
,"/home/runner/work/blacktrigram/blacktrigram/src/systems/animation/StepSkeletalAnimations.ts": {"lines":{"total":12,"covered":5,"skipped":0,"pct":41.66},"functions":{"total":1,"covered":0,"skipped":0,"pct":0},"statements":{"total":12,"covered":5,"skipped":0,"pct":41.66},"branches":{"total":6,"covered":0,"skipped":0,"pct":0}}
,"/home/runner/work/blacktrigram/blacktrigram/src/systems/animation/TechniqueAnimationMapper.ts": {"lines":{"total":41,"covered":21,"skipped":0,"pct":51.21},"functions":{"total":5,"covered":4,"skipped":0,"pct":80},"statements":{"total":41,"covered":21,"skipped":0,"pct":51.21},"branches":{"total":81,"covered":48,"skipped":0,"pct":59.25}}
,"/home/runner/work/blacktrigram/blacktrigram/src/systems/animation/index.ts": {"lines":{"total":0,"covered":0,"skipped":0,"pct":0},"functions":{"total":0,"covered":0,"skipped":0,"pct":0},"statements":{"total":0,"covered":0,"skipped":0,"pct":0},"branches":{"total":0,"covered":0,"skipped":0,"pct":0}}
,"/home/runner/work/blacktrigram/blacktrigram/src/systems/animation/types.ts": {"lines":{"total":19,"covered":19,"skipped":0,"pct":100},"functions":{"total":1,"covered":1,"skipped":0,"pct":100},"statements":{"total":20,"covered":20,"skipped":0,"pct":100},"branches":{"total":2,"covered":2,"skipped":0,"pct":100}}
,"/home/runner/work/blacktrigram/blacktrigram/src/systems/bodypart/BodyPartDamageIntegration.ts": {"lines":{"total":53,"covered":47,"skipped":0,"pct":88.67},"functions":{"total":9,"covered":9,"skipped":0,"pct":100},"statements":{"total":53,"covered":47,"skipped":0,"pct":88.67},"branches":{"total":84,"covered":78,"skipped":0,"pct":92.85}}
,"/home/runner/work/blacktrigram/blacktrigram/src/systems/bodypart/BodyPartHealthSystem.ts": {"lines":{"total":96,"covered":55,"skipped":0,"pct":57.29},"functions":{"total":13,"covered":10,"skipped":0,"pct":76.92},"statements":{"total":99,"covered":57,"skipped":0,"pct":57.57},"branches":{"total":44,"covered":26,"skipped":0,"pct":59.09}}
,"/home/runner/work/blacktrigram/blacktrigram/src/systems/bodypart/MovementPenaltySystem.ts": {"lines":{"total":49,"covered":47,"skipped":0,"pct":95.91},"functions":{"total":7,"covered":7,"skipped":0,"pct":100},"statements":{"total":49,"covered":47,"skipped":0,"pct":95.91},"branches":{"total":35,"covered":32,"skipped":0,"pct":91.42}}
,"/home/runner/work/blacktrigram/blacktrigram/src/systems/bodypart/index.ts": {"lines":{"total":0,"covered":0,"skipped":0,"pct":0},"functions":{"total":0,"covered":0,"skipped":0,"pct":0},"statements":{"total":0,"covered":0,"skipped":0,"pct":0},"branches":{"total":0,"covered":0,"skipped":0,"pct":0}}
,"/home/runner/work/blacktrigram/blacktrigram/src/systems/bodypart/types.ts": {"lines":{"total":17,"covered":17,"skipped":0,"pct":100},"functions":{"total":2,"covered":2,"skipped":0,"pct":100},"statements":{"total":19,"covered":19,"skipped":0,"pct":100},"branches":{"total":4,"covered":4,"skipped":0,"pct":100}}
,"/home/runner/work/blacktrigram/blacktrigram/src/systems/breathing/BreathingDisruptionSystem.ts": {"lines":{"total":55,"covered":54,"skipped":0,"pct":98.18},"functions":{"total":13,"covered":13,"skipped":0,"pct":100},"statements":{"total":56,"covered":55,"skipped":0,"pct":98.21},"branches":{"total":33,"covered":30,"skipped":0,"pct":90.9}}
,"/home/runner/work/blacktrigram/blacktrigram/src/systems/breathing/feedback.ts": {"lines":{"total":13,"covered":7,"skipped":0,"pct":53.84},"functions":{"total":3,"covered":1,"skipped":0,"pct":33.33},"statements":{"total":13,"covered":7,"skipped":0,"pct":53.84},"branches":{"total":6,"covered":2,"skipped":0,"pct":33.33}}
,"/home/runner/work/blacktrigram/blacktrigram/src/systems/breathing/index.ts": {"lines":{"total":0,"covered":0,"skipped":0,"pct":0},"functions":{"total":0,"covered":0,"skipped":0,"pct":0},"statements":{"total":0,"covered":0,"skipped":0,"pct":0},"branches":{"total":0,"covered":0,"skipped":0,"pct":0}}
,"/home/runner/work/blacktrigram/blacktrigram/src/systems/breathing/integration.ts": {"lines":{"total":57,"covered":50,"skipped":0,"pct":87.71},"functions":{"total":13,"covered":11,"skipped":0,"pct":84.61},"statements":{"total":57,"covered":50,"skipped":0,"pct":87.71},"branches":{"total":32,"covered":29,"skipped":0,"pct":90.62}}
,"/home/runner/work/blacktrigram/blacktrigram/src/systems/combat/BalanceSystem.ts": {"lines":{"total":68,"covered":49,"skipped":0,"pct":72.05},"functions":{"total":19,"covered":12,"skipped":0,"pct":63.15},"statements":{"total":72,"covered":52,"skipped":0,"pct":72.22},"branches":{"total":34,"covered":25,"skipped":0,"pct":73.52}}
,"/home/runner/work/blacktrigram/blacktrigram/src/systems/combat/CombatStateSystem.ts": {"lines":{"total":61,"covered":58,"skipped":0,"pct":95.08},"functions":{"total":12,"covered":12,"skipped":0,"pct":100},"statements":{"total":62,"covered":59,"skipped":0,"pct":95.16},"branches":{"total":69,"covered":61,"skipped":0,"pct":88.4}}
,"/home/runner/work/blacktrigram/blacktrigram/src/systems/combat/ConsciousnessSystem.ts": {"lines":{"total":63,"covered":47,"skipped":0,"pct":74.6},"functions":{"total":16,"covered":12,"skipped":0,"pct":75},"statements":{"total":67,"covered":51,"skipped":0,"pct":76.11},"branches":{"total":35,"covered":24,"skipped":0,"pct":68.57}}
,"/home/runner/work/blacktrigram/blacktrigram/src/systems/combat/FallIntegration.ts": {"lines":{"total":12,"covered":0,"skipped":0,"pct":0},"functions":{"total":3,"covered":0,"skipped":0,"pct":0},"statements":{"total":12,"covered":0,"skipped":0,"pct":0},"branches":{"total":14,"covered":0,"skipped":0,"pct":0}}
,"/home/runner/work/blacktrigram/blacktrigram/src/systems/combat/PainResponseSystem.ts": {"lines":{"total":61,"covered":61,"skipped":0,"pct":100},"functions":{"total":11,"covered":11,"skipped":0,"pct":100},"statements":{"total":66,"covered":66,"skipped":0,"pct":100},"branches":{"total":26,"covered":24,"skipped":0,"pct":92.3}}
,"/home/runner/work/blacktrigram/blacktrigram/src/systems/combat/TrainingCombatSystem.ts": {"lines":{"total":76,"covered":55,"skipped":0,"pct":72.36},"functions":{"total":19,"covered":13,"skipped":0,"pct":68.42},"statements":{"total":82,"covered":55,"skipped":0,"pct":67.07},"branches":{"total":34,"covered":11,"skipped":0,"pct":32.35}}
,"/home/runner/work/blacktrigram/blacktrigram/src/systems/combat/index.ts": {"lines":{"total":0,"covered":0,"skipped":0,"pct":0},"functions":{"total":0,"covered":0,"skipped":0,"pct":0},"statements":{"total":0,"covered":0,"skipped":0,"pct":0},"branches":{"total":0,"covered":0,"skipped":0,"pct":0}}
,"/home/runner/work/blacktrigram/blacktrigram/src/systems/combat/painConsciousnessUtils.ts": {"lines":{"total":68,"covered":55,"skipped":0,"pct":80.88},"functions":{"total":7,"covered":7,"skipped":0,"pct":100},"statements":{"total":68,"covered":55,"skipped":0,"pct":80.88},"branches":{"total":59,"covered":35,"skipped":0,"pct":59.32}}
,"/home/runner/work/blacktrigram/blacktrigram/src/systems/combat/typeGuards.ts": {"lines":{"total":11,"covered":11,"skipped":0,"pct":100},"functions":{"total":3,"covered":3,"skipped":0,"pct":100},"statements":{"total":11,"covered":11,"skipped":0,"pct":100},"branches":{"total":26,"covered":26,"skipped":0,"pct":100}}
,"/home/runner/work/blacktrigram/blacktrigram/src/systems/combat/types.ts": {"lines":{"total":0,"covered":0,"skipped":0,"pct":0},"functions":{"total":0,"covered":0,"skipped":0,"pct":0},"statements":{"total":0,"covered":0,"skipped":0,"pct":0},"branches":{"total":0,"covered":0,"skipped":0,"pct":0}}
,"/home/runner/work/blacktrigram/blacktrigram/src/systems/trigram/KoreanCulture.ts": {"lines":{"total":7,"covered":3,"skipped":0,"pct":42.85},"functions":{"total":4,"covered":4,"skipped":0,"pct":100},"statements":{"total":7,"covered":3,"skipped":0,"pct":42.85},"branches":{"total":0,"covered":0,"skipped":0,"pct":100}}
,"/home/runner/work/blacktrigram/blacktrigram/src/systems/trigram/KoreanTechniques.ts": {"lines":{"total":37,"covered":34,"skipped":0,"pct":91.89},"functions":{"total":17,"covered":17,"skipped":0,"pct":100},"statements":{"total":43,"covered":36,"skipped":0,"pct":83.72},"branches":{"total":37,"covered":23,"skipped":0,"pct":62.16}}
,"/home/runner/work/blacktrigram/blacktrigram/src/systems/trigram/StanceManager.ts": {"lines":{"total":49,"covered":46,"skipped":0,"pct":93.87},"functions":{"total":10,"covered":8,"skipped":0,"pct":80},"statements":{"total":49,"covered":46,"skipped":0,"pct":93.87},"branches":{"total":36,"covered":32,"skipped":0,"pct":88.88}}
,"/home/runner/work/blacktrigram/blacktrigram/src/systems/trigram/TransitionCalculator.ts": {"lines":{"total":41,"covered":0,"skipped":0,"pct":0},"functions":{"total":14,"covered":12,"skipped":0,"pct":85.71},"statements":{"total":45,"covered":0,"skipped":0,"pct":0},"branches":{"total":18,"covered":0,"skipped":0,"pct":0}}
,"/home/runner/work/blacktrigram/blacktrigram/src/systems/trigram/TrigramCalculator.ts": {"lines":{"total":53,"covered":34,"skipped":0,"pct":64.15},"functions":{"total":8,"covered":6,"skipped":0,"pct":75},"statements":{"total":54,"covered":34,"skipped":0,"pct":62.96},"branches":{"total":35,"covered":26,"skipped":0,"pct":74.28}}
,"/home/runner/work/blacktrigram/blacktrigram/src/systems/trigram/index.ts": {"lines":{"total":0,"covered":0,"skipped":0,"pct":0},"functions":{"total":0,"covered":0,"skipped":0,"pct":0},"statements":{"total":0,"covered":0,"skipped":0,"pct":0},"branches":{"total":0,"covered":0,"skipped":0,"pct":0}}
,"/home/runner/work/blacktrigram/blacktrigram/src/systems/trigram/techniques.ts": {"lines":{"total":14,"covered":14,"skipped":0,"pct":100},"functions":{"total":0,"covered":0,"skipped":0,"pct":100},"statements":{"total":14,"covered":14,"skipped":0,"pct":100},"branches":{"total":0,"covered":0,"skipped":0,"pct":100}}
,"/home/runner/work/blacktrigram/blacktrigram/src/systems/trigram/types.ts": {"lines":{"total":12,"covered":12,"skipped":0,"pct":100},"functions":{"total":2,"covered":2,"skipped":0,"pct":100},"statements":{"total":12,"covered":12,"skipped":0,"pct":100},"branches":{"total":8,"covered":8,"skipped":0,"pct":100}}
,"/home/runner/work/blacktrigram/blacktrigram/src/systems/vitalpoint/DamageCalculator.ts": {"lines":{"total":85,"covered":71,"skipped":0,"pct":83.52},"functions":{"total":11,"covered":11,"skipped":0,"pct":100},"statements":{"total":86,"covered":72,"skipped":0,"pct":83.72},"branches":{"total":71,"covered":49,"skipped":0,"pct":69.01}}
,"/home/runner/work/blacktrigram/blacktrigram/src/systems/vitalpoint/HitDetection.ts": {"lines":{"total":16,"covered":16,"skipped":0,"pct":100},"functions":{"total":3,"covered":3,"skipped":0,"pct":100},"statements":{"total":16,"covered":16,"skipped":0,"pct":100},"branches":{"total":12,"covered":10,"skipped":0,"pct":83.33}}
,"/home/runner/work/blacktrigram/blacktrigram/src/systems/vitalpoint/KoreanAnatomy.ts": {"lines":{"total":131,"covered":121,"skipped":0,"pct":92.36},"functions":{"total":37,"covered":33,"skipped":0,"pct":89.18},"statements":{"total":144,"covered":133,"skipped":0,"pct":92.36},"branches":{"total":66,"covered":52,"skipped":0,"pct":78.78}}
,"/home/runner/work/blacktrigram/blacktrigram/src/systems/vitalpoint/KoreanVitalPoints.ts": {"lines":{"total":22,"covered":22,"skipped":0,"pct":100},"functions":{"total":17,"covered":17,"skipped":0,"pct":100},"statements":{"total":26,"covered":26,"skipped":0,"pct":100},"branches":{"total":2,"covered":2,"skipped":0,"pct":100}}
,"/home/runner/work/blacktrigram/blacktrigram/src/systems/vitalpoint/MeridianVitalPointMapping.ts": {"lines":{"total":15,"covered":15,"skipped":0,"pct":100},"functions":{"total":8,"covered":8,"skipped":0,"pct":100},"statements":{"total":15,"covered":15,"skipped":0,"pct":100},"branches":{"total":4,"covered":4,"skipped":0,"pct":100}}
,"/home/runner/work/blacktrigram/blacktrigram/src/systems/vitalpoint/VitalPointsData.ts": {"lines":{"total":6,"covered":1,"skipped":0,"pct":16.66},"functions":{"total":4,"covered":0,"skipped":0,"pct":0},"statements":{"total":7,"covered":1,"skipped":0,"pct":14.28},"branches":{"total":2,"covered":0,"skipped":0,"pct":0}}
,"/home/runner/work/blacktrigram/blacktrigram/src/systems/vitalpoint/index.ts": {"lines":{"total":0,"covered":0,"skipped":0,"pct":0},"functions":{"total":0,"covered":0,"skipped":0,"pct":0},"statements":{"total":0,"covered":0,"skipped":0,"pct":0},"branches":{"total":0,"covered":0,"skipped":0,"pct":0}}
,"/home/runner/work/blacktrigram/blacktrigram/src/systems/vitalpoint/types.ts": {"lines":{"total":0,"covered":0,"skipped":0,"pct":0},"functions":{"total":0,"covered":0,"skipped":0,"pct":0},"statements":{"total":0,"covered":0,"skipped":0,"pct":0},"branches":{"total":0,"covered":0,"skipped":0,"pct":0}}
,"/home/runner/work/blacktrigram/blacktrigram/src/test/setup.ts": {"lines":{"total":115,"covered":47,"skipped":0,"pct":40.86},"functions":{"total":20,"covered":10,"skipped":0,"pct":50},"statements":{"total":125,"covered":50,"skipped":0,"pct":40},"branches":{"total":26,"covered":13,"skipped":0,"pct":50}}
,"/home/runner/work/blacktrigram/blacktrigram/src/test/test-utils.ts": {"lines":{"total":3,"covered":2,"skipped":0,"pct":66.66},"functions":{"total":3,"covered":2,"skipped":0,"pct":66.66},"statements":{"total":3,"covered":2,"skipped":0,"pct":66.66},"branches":{"total":0,"covered":0,"skipped":0,"pct":100}}
,"/home/runner/work/blacktrigram/blacktrigram/src/types/AccessibilityTypes.ts": {"lines":{"total":19,"covered":19,"skipped":0,"pct":100},"functions":{"total":3,"covered":3,"skipped":0,"pct":100},"statements":{"total":21,"covered":21,"skipped":0,"pct":100},"branches":{"total":4,"covered":4,"skipped":0,"pct":100}}
,"/home/runner/work/blacktrigram/blacktrigram/src/types/HtmlOverlayTypes.ts": {"lines":{"total":0,"covered":0,"skipped":0,"pct":0},"functions":{"total":0,"covered":0,"skipped":0,"pct":0},"statements":{"total":0,"covered":0,"skipped":0,"pct":0},"branches":{"total":0,"covered":0,"skipped":0,"pct":0}}
,"/home/runner/work/blacktrigram/blacktrigram/src/types/LayoutTypes.ts": {"lines":{"total":1,"covered":1,"skipped":0,"pct":100},"functions":{"total":0,"covered":0,"skipped":0,"pct":100},"statements":{"total":1,"covered":1,"skipped":0,"pct":100},"branches":{"total":0,"covered":0,"skipped":0,"pct":100}}
,"/home/runner/work/blacktrigram/blacktrigram/src/types/common.ts": {"lines":{"total":130,"covered":130,"skipped":0,"pct":100},"functions":{"total":13,"covered":13,"skipped":0,"pct":100},"statements":{"total":143,"covered":143,"skipped":0,"pct":100},"branches":{"total":26,"covered":26,"skipped":0,"pct":100}}
,"/home/runner/work/blacktrigram/blacktrigram/src/types/facial.ts": {"lines":{"total":20,"covered":20,"skipped":0,"pct":100},"functions":{"total":2,"covered":2,"skipped":0,"pct":100},"statements":{"total":22,"covered":22,"skipped":0,"pct":100},"branches":{"total":4,"covered":4,"skipped":0,"pct":100}}
,"/home/runner/work/blacktrigram/blacktrigram/src/types/hand-animation.ts": {"lines":{"total":14,"covered":14,"skipped":0,"pct":100},"functions":{"total":2,"covered":2,"skipped":0,"pct":100},"statements":{"total":16,"covered":16,"skipped":0,"pct":100},"branches":{"total":4,"covered":4,"skipped":0,"pct":100}}
,"/home/runner/work/blacktrigram/blacktrigram/src/types/index.ts": {"lines":{"total":0,"covered":0,"skipped":0,"pct":0},"functions":{"total":0,"covered":0,"skipped":0,"pct":0},"statements":{"total":0,"covered":0,"skipped":0,"pct":0},"branches":{"total":0,"covered":0,"skipped":0,"pct":0}}
,"/home/runner/work/blacktrigram/blacktrigram/src/types/muscle.ts": {"lines":{"total":1,"covered":1,"skipped":0,"pct":100},"functions":{"total":0,"covered":0,"skipped":0,"pct":100},"statements":{"total":1,"covered":1,"skipped":0,"pct":100},"branches":{"total":0,"covered":0,"skipped":0,"pct":100}}
,"/home/runner/work/blacktrigram/blacktrigram/src/types/player-visual.ts": {"lines":{"total":0,"covered":0,"skipped":0,"pct":0},"functions":{"total":0,"covered":0,"skipped":0,"pct":0},"statements":{"total":0,"covered":0,"skipped":0,"pct":0},"branches":{"total":0,"covered":0,"skipped":0,"pct":0}}
,"/home/runner/work/blacktrigram/blacktrigram/src/types/skeletal.ts": {"lines":{"total":83,"covered":83,"skipped":0,"pct":100},"functions":{"total":4,"covered":4,"skipped":0,"pct":100},"statements":{"total":85,"covered":85,"skipped":0,"pct":100},"branches":{"total":4,"covered":4,"skipped":0,"pct":100}}
,"/home/runner/work/blacktrigram/blacktrigram/src/types/technique.ts": {"lines":{"total":0,"covered":0,"skipped":0,"pct":0},"functions":{"total":0,"covered":0,"skipped":0,"pct":0},"statements":{"total":0,"covered":0,"skipped":0,"pct":0},"branches":{"total":0,"covered":0,"skipped":0,"pct":0}}
,"/home/runner/work/blacktrigram/blacktrigram/src/types/constants/animations.ts": {"lines":{"total":4,"covered":4,"skipped":0,"pct":100},"functions":{"total":0,"covered":0,"skipped":0,"pct":100},"statements":{"total":4,"covered":4,"skipped":0,"pct":100},"branches":{"total":0,"covered":0,"skipped":0,"pct":100}}
,"/home/runner/work/blacktrigram/blacktrigram/src/types/constants/colors.ts": {"lines":{"total":11,"covered":4,"skipped":0,"pct":36.36},"functions":{"total":3,"covered":1,"skipped":0,"pct":33.33},"statements":{"total":11,"covered":4,"skipped":0,"pct":36.36},"branches":{"total":0,"covered":0,"skipped":0,"pct":100}}
,"/home/runner/work/blacktrigram/blacktrigram/src/types/constants/index.ts": {"lines":{"total":9,"covered":9,"skipped":0,"pct":100},"functions":{"total":0,"covered":0,"skipped":0,"pct":100},"statements":{"total":9,"covered":9,"skipped":0,"pct":100},"branches":{"total":0,"covered":0,"skipped":0,"pct":100}}
,"/home/runner/work/blacktrigram/blacktrigram/src/types/constants/typography.ts": {"lines":{"total":5,"covered":5,"skipped":0,"pct":100},"functions":{"total":0,"covered":0,"skipped":0,"pct":100},"statements":{"total":5,"covered":5,"skipped":0,"pct":100},"branches":{"total":0,"covered":0,"skipped":0,"pct":100}}
,"/home/runner/work/blacktrigram/blacktrigram/src/types/constants/ui.ts": {"lines":{"total":13,"covered":13,"skipped":0,"pct":100},"functions":{"total":0,"covered":0,"skipped":0,"pct":100},"statements":{"total":13,"covered":13,"skipped":0,"pct":100},"branches":{"total":0,"covered":0,"skipped":0,"pct":100}}
,"/home/runner/work/blacktrigram/blacktrigram/src/utils/accessibility.ts": {"lines":{"total":140,"covered":41,"skipped":0,"pct":29.28},"functions":{"total":25,"covered":10,"skipped":0,"pct":40},"statements":{"total":143,"covered":41,"skipped":0,"pct":28.67},"branches":{"total":89,"covered":12,"skipped":0,"pct":13.48}}
,"/home/runner/work/blacktrigram/blacktrigram/src/utils/colorHelpers.ts": {"lines":{"total":12,"covered":12,"skipped":0,"pct":100},"functions":{"total":2,"covered":2,"skipped":0,"pct":100},"statements":{"total":12,"covered":12,"skipped":0,"pct":100},"branches":{"total":0,"covered":0,"skipped":0,"pct":100}}
,"/home/runner/work/blacktrigram/blacktrigram/src/utils/colorUtils.ts": {"lines":{"total":29,"covered":7,"skipped":0,"pct":24.13},"functions":{"total":12,"covered":5,"skipped":0,"pct":41.66},"statements":{"total":29,"covered":7,"skipped":0,"pct":24.13},"branches":{"total":11,"covered":2,"skipped":0,"pct":18.18}}
,"/home/runner/work/blacktrigram/blacktrigram/src/utils/combatReadiness.ts": {"lines":{"total":52,"covered":52,"skipped":0,"pct":100},"functions":{"total":6,"covered":6,"skipped":0,"pct":100},"statements":{"total":54,"covered":54,"skipped":0,"pct":100},"branches":{"total":39,"covered":38,"skipped":0,"pct":97.43}}
,"/home/runner/work/blacktrigram/blacktrigram/src/utils/controlMapping.ts": {"lines":{"total":72,"covered":69,"skipped":0,"pct":95.83},"functions":{"total":19,"covered":19,"skipped":0,"pct":100},"statements":{"total":80,"covered":77,"skipped":0,"pct":96.25},"branches":{"total":57,"covered":54,"skipped":0,"pct":94.73}}
,"/home/runner/work/blacktrigram/blacktrigram/src/utils/deviceDetection.ts": {"lines":{"total":116,"covered":107,"skipped":0,"pct":92.24},"functions":{"total":12,"covered":12,"skipped":0,"pct":100},"statements":{"total":118,"covered":109,"skipped":0,"pct":92.37},"branches":{"total":108,"covered":87,"skipped":0,"pct":80.55}}
,"/home/runner/work/blacktrigram/blacktrigram/src/utils/haptics.ts": {"lines":{"total":21,"covered":21,"skipped":0,"pct":100},"functions":{"total":12,"covered":12,"skipped":0,"pct":100},"statements":{"total":21,"covered":21,"skipped":0,"pct":100},"branches":{"total":8,"covered":8,"skipped":0,"pct":100}}
,"/home/runner/work/blacktrigram/blacktrigram/src/utils/htmlOverlayHelpers.ts": {"lines":{"total":54,"covered":41,"skipped":0,"pct":75.92},"functions":{"total":8,"covered":8,"skipped":0,"pct":100},"statements":{"total":54,"covered":41,"skipped":0,"pct":75.92},"branches":{"total":34,"covered":31,"skipped":0,"pct":91.17}}
,"/home/runner/work/blacktrigram/blacktrigram/src/utils/inputSystem.ts": {"lines":{"total":158,"covered":31,"skipped":0,"pct":19.62},"functions":{"total":42,"covered":7,"skipped":0,"pct":16.66},"statements":{"total":180,"covered":33,"skipped":0,"pct":18.33},"branches":{"total":106,"covered":19,"skipped":0,"pct":17.92}}
,"/home/runner/work/blacktrigram/blacktrigram/src/utils/objectPool.ts": {"lines":{"total":16,"covered":16,"skipped":0,"pct":100},"functions":{"total":8,"covered":8,"skipped":0,"pct":100},"statements":{"total":18,"covered":18,"skipped":0,"pct":100},"branches":{"total":5,"covered":5,"skipped":0,"pct":100}}
,"/home/runner/work/blacktrigram/blacktrigram/src/utils/performanceOptimization.ts": {"lines":{"total":44,"covered":26,"skipped":0,"pct":59.09},"functions":{"total":16,"covered":10,"skipped":0,"pct":62.5},"statements":{"total":45,"covered":26,"skipped":0,"pct":57.77},"branches":{"total":25,"covered":17,"skipped":0,"pct":68}}
,"/home/runner/work/blacktrigram/blacktrigram/src/utils/player3DHelpers.ts": {"lines":{"total":16,"covered":15,"skipped":0,"pct":93.75},"functions":{"total":4,"covered":4,"skipped":0,"pct":100},"statements":{"total":22,"covered":21,"skipped":0,"pct":95.45},"branches":{"total":29,"covered":28,"skipped":0,"pct":96.55}}
,"/home/runner/work/blacktrigram/blacktrigram/src/utils/playerUtils.ts": {"lines":{"total":44,"covered":40,"skipped":0,"pct":90.9},"functions":{"total":18,"covered":15,"skipped":0,"pct":83.33},"statements":{"total":49,"covered":43,"skipped":0,"pct":87.75},"branches":{"total":36,"covered":32,"skipped":0,"pct":88.88}}
,"/home/runner/work/blacktrigram/blacktrigram/src/utils/responsiveLayout.ts": {"lines":{"total":35,"covered":35,"skipped":0,"pct":100},"functions":{"total":8,"covered":8,"skipped":0,"pct":100},"statements":{"total":35,"covered":35,"skipped":0,"pct":100},"branches":{"total":40,"covered":39,"skipped":0,"pct":97.5}}
,"/home/runner/work/blacktrigram/blacktrigram/src/utils/skeletonScaling.ts": {"lines":{"total":49,"covered":46,"skipped":0,"pct":93.87},"functions":{"total":7,"covered":7,"skipped":0,"pct":100},"statements":{"total":49,"covered":46,"skipped":0,"pct":93.87},"branches":{"total":35,"covered":32,"skipped":0,"pct":91.42}}
,"/home/runner/work/blacktrigram/blacktrigram/src/utils/stanceHelpers.ts": {"lines":{"total":14,"covered":14,"skipped":0,"pct":100},"functions":{"total":5,"covered":5,"skipped":0,"pct":100},"statements":{"total":14,"covered":14,"skipped":0,"pct":100},"branches":{"total":6,"covered":3,"skipped":0,"pct":50}}
,"/home/runner/work/blacktrigram/blacktrigram/src/utils/performance/PerformanceMonitor.ts": {"lines":{"total":64,"covered":54,"skipped":0,"pct":84.37},"functions":{"total":15,"covered":15,"skipped":0,"pct":100},"statements":{"total":70,"covered":60,"skipped":0,"pct":85.71},"branches":{"total":37,"covered":32,"skipped":0,"pct":86.48}}
,"/home/runner/work/blacktrigram/blacktrigram/src/utils/performance/PerformanceOverlay3D.tsx": {"lines":{"total":7,"covered":5,"skipped":0,"pct":71.42},"functions":{"total":2,"covered":1,"skipped":0,"pct":50},"statements":{"total":7,"covered":5,"skipped":0,"pct":71.42},"branches":{"total":24,"covered":13,"skipped":0,"pct":54.16}}
,"/home/runner/work/blacktrigram/blacktrigram/src/utils/performance/index.ts": {"lines":{"total":0,"covered":0,"skipped":0,"pct":0},"functions":{"total":0,"covered":0,"skipped":0,"pct":0},"statements":{"total":0,"covered":0,"skipped":0,"pct":0},"branches":{"total":0,"covered":0,"skipped":0,"pct":0}}
,"/home/runner/work/blacktrigram/blacktrigram/src/utils/performance/usePerformanceMonitor.ts": {"lines":{"total":19,"covered":13,"skipped":0,"pct":68.42},"functions":{"total":8,"covered":6,"skipped":0,"pct":75},"statements":{"total":22,"covered":14,"skipped":0,"pct":63.63},"branches":{"total":7,"covered":3,"skipped":0,"pct":42.85}}
}
