{"total": {"lines":{"total":7478,"covered":5316,"skipped":0,"pct":71.08},"statements":{"total":7884,"covered":5556,"skipped":0,"pct":70.47},"functions":{"total":1828,"covered":1290,"skipped":0,"pct":70.56},"branches":{"total":5360,"covered":3432,"skipped":0,"pct":64.02},"branchesTrue":{"total":0,"covered":0,"skipped":0,"pct":100}}
,"/home/runner/work/blacktrigram/blacktrigram/src/audio/AudioAssetLoader.ts": {"lines":{"total":115,"covered":114,"skipped":0,"pct":99.13},"functions":{"total":22,"covered":22,"skipped":0,"pct":100},"statements":{"total":122,"covered":119,"skipped":0,"pct":97.54},"branches":{"total":54,"covered":43,"skipped":0,"pct":79.62}}
,"/home/runner/work/blacktrigram/blacktrigram/src/audio/AudioAssetRegistry.ts": {"lines":{"total":118,"covered":87,"skipped":0,"pct":73.72},"functions":{"total":32,"covered":14,"skipped":0,"pct":43.75},"statements":{"total":133,"covered":101,"skipped":0,"pct":75.93},"branches":{"total":11,"covered":4,"skipped":0,"pct":36.36}}
,"/home/runner/work/blacktrigram/blacktrigram/src/audio/AudioManager.ts": {"lines":{"total":211,"covered":152,"skipped":0,"pct":72.03},"functions":{"total":50,"covered":36,"skipped":0,"pct":72},"statements":{"total":217,"covered":156,"skipped":0,"pct":71.88},"branches":{"total":119,"covered":76,"skipped":0,"pct":63.86}}
,"/home/runner/work/blacktrigram/blacktrigram/src/audio/AudioMonitor.ts": {"lines":{"total":93,"covered":86,"skipped":0,"pct":92.47},"functions":{"total":22,"covered":21,"skipped":0,"pct":95.45},"statements":{"total":95,"covered":87,"skipped":0,"pct":91.57},"branches":{"total":45,"covered":39,"skipped":0,"pct":86.66}}
,"/home/runner/work/blacktrigram/blacktrigram/src/audio/AudioPool.ts": {"lines":{"total":81,"covered":81,"skipped":0,"pct":100},"functions":{"total":25,"covered":25,"skipped":0,"pct":100},"statements":{"total":84,"covered":84,"skipped":0,"pct":100},"branches":{"total":17,"covered":17,"skipped":0,"pct":100}}
,"/home/runner/work/blacktrigram/blacktrigram/src/audio/AudioProvider.tsx": {"lines":{"total":52,"covered":45,"skipped":0,"pct":86.53},"functions":{"total":22,"covered":18,"skipped":0,"pct":81.81},"statements":{"total":53,"covered":45,"skipped":0,"pct":84.9},"branches":{"total":11,"covered":8,"skipped":0,"pct":72.72}}
,"/home/runner/work/blacktrigram/blacktrigram/src/audio/AudioUtils.ts": {"lines":{"total":74,"covered":70,"skipped":0,"pct":94.59},"functions":{"total":16,"covered":16,"skipped":0,"pct":100},"statements":{"total":75,"covered":71,"skipped":0,"pct":94.66},"branches":{"total":50,"covered":41,"skipped":0,"pct":82}}
,"/home/runner/work/blacktrigram/blacktrigram/src/audio/placeholder-sounds.ts": {"lines":{"total":10,"covered":10,"skipped":0,"pct":100},"functions":{"total":0,"covered":0,"skipped":0,"pct":100},"statements":{"total":10,"covered":10,"skipped":0,"pct":100},"branches":{"total":0,"covered":0,"skipped":0,"pct":100}}
,"/home/runner/work/blacktrigram/blacktrigram/src/audio/types.ts": {"lines":{"total":5,"covered":5,"skipped":0,"pct":100},"functions":{"total":1,"covered":1,"skipped":0,"pct":100},"statements":{"total":6,"covered":6,"skipped":0,"pct":100},"branches":{"total":2,"covered":2,"skipped":0,"pct":100}}
,"/home/runner/work/blacktrigram/blacktrigram/src/components/combat/CombatScreen3D.tsx": {"lines":{"total":425,"covered":169,"skipped":0,"pct":39.76},"functions":{"total":84,"covered":33,"skipped":0,"pct":39.28},"statements":{"total":435,"covered":173,"skipped":0,"pct":39.77},"branches":{"total":307,"covered":102,"skipped":0,"pct":33.22}}
,"/home/runner/work/blacktrigram/blacktrigram/src/components/combat/components/ActionFeedback.tsx": {"lines":{"total":68,"covered":49,"skipped":0,"pct":72.05},"functions":{"total":10,"covered":8,"skipped":0,"pct":80},"statements":{"total":71,"covered":51,"skipped":0,"pct":71.83},"branches":{"total":37,"covered":25,"skipped":0,"pct":67.56}}
,"/home/runner/work/blacktrigram/blacktrigram/src/components/combat/components/BalanceIndicator.tsx": {"lines":{"total":20,"covered":14,"skipped":0,"pct":70},"functions":{"total":5,"covered":5,"skipped":0,"pct":100},"statements":{"total":21,"covered":15,"skipped":0,"pct":71.42},"branches":{"total":24,"covered":18,"skipped":0,"pct":75}}
,"/home/runner/work/blacktrigram/blacktrigram/src/components/combat/components/BloodLossOverlay.tsx": {"lines":{"total":16,"covered":12,"skipped":0,"pct":75},"functions":{"total":2,"covered":2,"skipped":0,"pct":100},"statements":{"total":16,"covered":12,"skipped":0,"pct":75},"branches":{"total":8,"covered":3,"skipped":0,"pct":37.5}}
,"/home/runner/work/blacktrigram/blacktrigram/src/components/combat/components/CombatArena3D.tsx": {"lines":{"total":7,"covered":5,"skipped":0,"pct":71.42},"functions":{"total":3,"covered":2,"skipped":0,"pct":66.66},"statements":{"total":7,"covered":5,"skipped":0,"pct":71.42},"branches":{"total":9,"covered":7,"skipped":0,"pct":77.77}}
,"/home/runner/work/blacktrigram/blacktrigram/src/components/combat/components/CombatHUDThree.tsx": {"lines":{"total":14,"covered":14,"skipped":0,"pct":100},"functions":{"total":6,"covered":6,"skipped":0,"pct":100},"statements":{"total":14,"covered":14,"skipped":0,"pct":100},"branches":{"total":8,"covered":8,"skipped":0,"pct":100}}
,"/home/runner/work/blacktrigram/blacktrigram/src/components/combat/components/CombatTimer.tsx": {"lines":{"total":32,"covered":32,"skipped":0,"pct":100},"functions":{"total":7,"covered":7,"skipped":0,"pct":100},"statements":{"total":35,"covered":35,"skipped":0,"pct":100},"branches":{"total":41,"covered":41,"skipped":0,"pct":100}}
,"/home/runner/work/blacktrigram/blacktrigram/src/components/combat/components/ComboCounter.tsx": {"lines":{"total":75,"covered":64,"skipped":0,"pct":85.33},"functions":{"total":14,"covered":11,"skipped":0,"pct":78.57},"statements":{"total":78,"covered":67,"skipped":0,"pct":85.89},"branches":{"total":57,"covered":47,"skipped":0,"pct":82.45}}
,"/home/runner/work/blacktrigram/blacktrigram/src/components/combat/components/ConsciousnessBlur.tsx": {"lines":{"total":13,"covered":11,"skipped":0,"pct":84.61},"functions":{"total":2,"covered":2,"skipped":0,"pct":100},"statements":{"total":13,"covered":11,"skipped":0,"pct":84.61},"branches":{"total":8,"covered":5,"skipped":0,"pct":62.5}}
,"/home/runner/work/blacktrigram/blacktrigram/src/components/combat/components/ControlsGuide.tsx": {"lines":{"total":12,"covered":10,"skipped":0,"pct":83.33},"functions":{"total":6,"covered":5,"skipped":0,"pct":83.33},"statements":{"total":12,"covered":10,"skipped":0,"pct":83.33},"branches":{"total":36,"covered":36,"skipped":0,"pct":100}}
,"/home/runner/work/blacktrigram/blacktrigram/src/components/combat/components/DamageNumbers.tsx": {"lines":{"total":35,"covered":32,"skipped":0,"pct":91.42},"functions":{"total":8,"covered":7,"skipped":0,"pct":87.5},"statements":{"total":39,"covered":35,"skipped":0,"pct":89.74},"branches":{"total":23,"covered":22,"skipped":0,"pct":95.65}}
,"/home/runner/work/blacktrigram/blacktrigram/src/components/combat/components/HealthBar.tsx": {"lines":{"total":17,"covered":17,"skipped":0,"pct":100},"functions":{"total":4,"covered":4,"skipped":0,"pct":100},"statements":{"total":19,"covered":19,"skipped":0,"pct":100},"branches":{"total":18,"covered":18,"skipped":0,"pct":100}}
,"/home/runner/work/blacktrigram/blacktrigram/src/components/combat/components/HitEffects3D.tsx": {"lines":{"total":69,"covered":49,"skipped":0,"pct":71.01},"functions":{"total":20,"covered":16,"skipped":0,"pct":80},"statements":{"total":73,"covered":51,"skipped":0,"pct":69.86},"branches":{"total":35,"covered":15,"skipped":0,"pct":42.85}}
,"/home/runner/work/blacktrigram/blacktrigram/src/components/combat/components/InputBufferDisplay.tsx": {"lines":{"total":11,"covered":11,"skipped":0,"pct":100},"functions":{"total":3,"covered":3,"skipped":0,"pct":100},"statements":{"total":12,"covered":12,"skipped":0,"pct":100},"branches":{"total":19,"covered":19,"skipped":0,"pct":100}}
,"/home/runner/work/blacktrigram/blacktrigram/src/components/combat/components/KeyboardHints.tsx": {"lines":{"total":18,"covered":18,"skipped":0,"pct":100},"functions":{"total":4,"covered":4,"skipped":0,"pct":100},"statements":{"total":19,"covered":19,"skipped":0,"pct":100},"branches":{"total":29,"covered":29,"skipped":0,"pct":100}}
,"/home/runner/work/blacktrigram/blacktrigram/src/components/combat/components/MatchCountdown.tsx": {"lines":{"total":52,"covered":39,"skipped":0,"pct":75},"functions":{"total":14,"covered":9,"skipped":0,"pct":64.28},"statements":{"total":54,"covered":40,"skipped":0,"pct":74.07},"branches":{"total":56,"covered":47,"skipped":0,"pct":83.92}}
,"/home/runner/work/blacktrigram/blacktrigram/src/components/combat/components/PainVignette.tsx": {"lines":{"total":15,"covered":14,"skipped":0,"pct":93.33},"functions":{"total":2,"covered":2,"skipped":0,"pct":100},"statements":{"total":15,"covered":14,"skipped":0,"pct":93.33},"branches":{"total":6,"covered":5,"skipped":0,"pct":83.33}}
,"/home/runner/work/blacktrigram/blacktrigram/src/components/combat/components/PauseMenu.tsx": {"lines":{"total":35,"covered":23,"skipped":0,"pct":65.71},"functions":{"total":17,"covered":10,"skipped":0,"pct":58.82},"statements":{"total":35,"covered":23,"skipped":0,"pct":65.71},"branches":{"total":26,"covered":26,"skipped":0,"pct":100}}
,"/home/runner/work/blacktrigram/blacktrigram/src/components/combat/components/PlayerHUD.tsx": {"lines":{"total":6,"covered":6,"skipped":0,"pct":100},"functions":{"total":1,"covered":1,"skipped":0,"pct":100},"statements":{"total":6,"covered":6,"skipped":0,"pct":100},"branches":{"total":20,"covered":20,"skipped":0,"pct":100}}
,"/home/runner/work/blacktrigram/blacktrigram/src/components/combat/components/PlayerStateOverlay.tsx": {"lines":{"total":3,"covered":3,"skipped":0,"pct":100},"functions":{"total":1,"covered":1,"skipped":0,"pct":100},"statements":{"total":3,"covered":3,"skipped":0,"pct":100},"branches":{"total":1,"covered":1,"skipped":0,"pct":100}}
,"/home/runner/work/blacktrigram/blacktrigram/src/components/combat/components/QuickSettings.tsx": {"lines":{"total":19,"covered":12,"skipped":0,"pct":63.15},"functions":{"total":9,"covered":6,"skipped":0,"pct":66.66},"statements":{"total":19,"covered":12,"skipped":0,"pct":63.15},"branches":{"total":38,"covered":33,"skipped":0,"pct":86.84}}
,"/home/runner/work/blacktrigram/blacktrigram/src/components/combat/components/RoundAnnouncement.tsx": {"lines":{"total":28,"covered":28,"skipped":0,"pct":100},"functions":{"total":13,"covered":13,"skipped":0,"pct":100},"statements":{"total":32,"covered":32,"skipped":0,"pct":100},"branches":{"total":52,"covered":48,"skipped":0,"pct":92.3}}
,"/home/runner/work/blacktrigram/blacktrigram/src/components/combat/components/RoundStartAnnouncement.tsx": {"lines":{"total":26,"covered":26,"skipped":0,"pct":100},"functions":{"total":11,"covered":11,"skipped":0,"pct":100},"statements":{"total":29,"covered":29,"skipped":0,"pct":100},"branches":{"total":13,"covered":10,"skipped":0,"pct":76.92}}
,"/home/runner/work/blacktrigram/blacktrigram/src/components/combat/components/StaminaBar.tsx": {"lines":{"total":12,"covered":12,"skipped":0,"pct":100},"functions":{"total":3,"covered":3,"skipped":0,"pct":100},"statements":{"total":12,"covered":12,"skipped":0,"pct":100},"branches":{"total":14,"covered":14,"skipped":0,"pct":100}}
,"/home/runner/work/blacktrigram/blacktrigram/src/components/combat/components/StaminaWarning.tsx": {"lines":{"total":16,"covered":12,"skipped":0,"pct":75},"functions":{"total":2,"covered":2,"skipped":0,"pct":100},"statements":{"total":16,"covered":12,"skipped":0,"pct":75},"branches":{"total":8,"covered":3,"skipped":0,"pct":37.5}}
,"/home/runner/work/blacktrigram/blacktrigram/src/components/combat/components/StanceChangeIndicator.tsx": {"lines":{"total":27,"covered":25,"skipped":0,"pct":92.59},"functions":{"total":9,"covered":8,"skipped":0,"pct":88.88},"statements":{"total":28,"covered":26,"skipped":0,"pct":92.85},"branches":{"total":16,"covered":13,"skipped":0,"pct":81.25}}
,"/home/runner/work/blacktrigram/blacktrigram/src/components/combat/components/TechniqueBar.tsx": {"lines":{"total":19,"covered":18,"skipped":0,"pct":94.73},"functions":{"total":6,"covered":5,"skipped":0,"pct":83.33},"statements":{"total":19,"covered":18,"skipped":0,"pct":94.73},"branches":{"total":20,"covered":20,"skipped":0,"pct":100}}
,"/home/runner/work/blacktrigram/blacktrigram/src/components/combat/components/TechniqueCard.tsx": {"lines":{"total":37,"covered":26,"skipped":0,"pct":70.27},"functions":{"total":13,"covered":9,"skipped":0,"pct":69.23},"statements":{"total":42,"covered":29,"skipped":0,"pct":69.04},"branches":{"total":53,"covered":33,"skipped":0,"pct":62.26}}
,"/home/runner/work/blacktrigram/blacktrigram/src/components/combat/components/VitalPointMarkers3D.tsx": {"lines":{"total":65,"covered":9,"skipped":0,"pct":13.84},"functions":{"total":18,"covered":0,"skipped":0,"pct":0},"statements":{"total":70,"covered":9,"skipped":0,"pct":12.85},"branches":{"total":51,"covered":0,"skipped":0,"pct":0}}
,"/home/runner/work/blacktrigram/blacktrigram/src/components/combat/hooks/useAICombat.ts": {"lines":{"total":204,"covered":154,"skipped":0,"pct":75.49},"functions":{"total":29,"covered":26,"skipped":0,"pct":89.65},"statements":{"total":209,"covered":159,"skipped":0,"pct":76.07},"branches":{"total":162,"covered":73,"skipped":0,"pct":45.06}}
,"/home/runner/work/blacktrigram/blacktrigram/src/components/combat/hooks/useCombatActions.ts": {"lines":{"total":155,"covered":138,"skipped":0,"pct":89.03},"functions":{"total":18,"covered":14,"skipped":0,"pct":77.77},"statements":{"total":163,"covered":143,"skipped":0,"pct":87.73},"branches":{"total":122,"covered":84,"skipped":0,"pct":68.85}}
,"/home/runner/work/blacktrigram/blacktrigram/src/components/combat/hooks/useCombatAudio.ts": {"lines":{"total":128,"covered":114,"skipped":0,"pct":89.06},"functions":{"total":17,"covered":17,"skipped":0,"pct":100},"statements":{"total":128,"covered":114,"skipped":0,"pct":89.06},"branches":{"total":40,"covered":33,"skipped":0,"pct":82.5}}
,"/home/runner/work/blacktrigram/blacktrigram/src/components/combat/hooks/useCombatLayout.ts": {"lines":{"total":11,"covered":11,"skipped":0,"pct":100},"functions":{"total":5,"covered":5,"skipped":0,"pct":100},"statements":{"total":13,"covered":13,"skipped":0,"pct":100},"branches":{"total":16,"covered":16,"skipped":0,"pct":100}}
,"/home/runner/work/blacktrigram/blacktrigram/src/components/combat/hooks/useCombatState.ts": {"lines":{"total":37,"covered":36,"skipped":0,"pct":97.29},"functions":{"total":18,"covered":18,"skipped":0,"pct":100},"statements":{"total":37,"covered":36,"skipped":0,"pct":97.29},"branches":{"total":16,"covered":15,"skipped":0,"pct":93.75}}
,"/home/runner/work/blacktrigram/blacktrigram/src/components/combat/hooks/usePreloadCombatAudio.ts": {"lines":{"total":25,"covered":23,"skipped":0,"pct":92},"functions":{"total":4,"covered":4,"skipped":0,"pct":100},"statements":{"total":26,"covered":24,"skipped":0,"pct":92.3},"branches":{"total":6,"covered":5,"skipped":0,"pct":83.33}}
,"/home/runner/work/blacktrigram/blacktrigram/src/components/endscreen/EndScreen3D.tsx": {"lines":{"total":71,"covered":43,"skipped":0,"pct":60.56},"functions":{"total":20,"covered":11,"skipped":0,"pct":55},"statements":{"total":79,"covered":48,"skipped":0,"pct":60.75},"branches":{"total":66,"covered":37,"skipped":0,"pct":56.06}}
,"/home/runner/work/blacktrigram/blacktrigram/src/components/endscreen/components/MatchStatisticsDisplay.tsx": {"lines":{"total":11,"covered":4,"skipped":0,"pct":36.36},"functions":{"total":4,"covered":0,"skipped":0,"pct":0},"statements":{"total":12,"covered":4,"skipped":0,"pct":33.33},"branches":{"total":38,"covered":0,"skipped":0,"pct":0}}
,"/home/runner/work/blacktrigram/blacktrigram/src/components/endscreen/components/NavigationButtons.tsx": {"lines":{"total":38,"covered":27,"skipped":0,"pct":71.05},"functions":{"total":9,"covered":6,"skipped":0,"pct":66.66},"statements":{"total":39,"covered":28,"skipped":0,"pct":71.79},"branches":{"total":43,"covered":35,"skipped":0,"pct":81.39}}
,"/home/runner/work/blacktrigram/blacktrigram/src/components/endscreen/components/PerformanceRating.tsx": {"lines":{"total":27,"covered":27,"skipped":0,"pct":100},"functions":{"total":7,"covered":7,"skipped":0,"pct":100},"statements":{"total":31,"covered":31,"skipped":0,"pct":100},"branches":{"total":42,"covered":33,"skipped":0,"pct":78.57}}
,"/home/runner/work/blacktrigram/blacktrigram/src/components/endscreen/components/VictoryAnimation3D.tsx": {"lines":{"total":27,"covered":1,"skipped":0,"pct":3.7},"functions":{"total":3,"covered":0,"skipped":0,"pct":0},"statements":{"total":28,"covered":1,"skipped":0,"pct":3.57},"branches":{"total":6,"covered":0,"skipped":0,"pct":0}}
,"/home/runner/work/blacktrigram/blacktrigram/src/components/endscreen/components/WinnerDisplay.tsx": {"lines":{"total":11,"covered":11,"skipped":0,"pct":100},"functions":{"total":2,"covered":2,"skipped":0,"pct":100},"statements":{"total":12,"covered":12,"skipped":0,"pct":100},"branches":{"total":22,"covered":21,"skipped":0,"pct":95.45}}
,"/home/runner/work/blacktrigram/blacktrigram/src/components/endscreen/components/animations.ts": {"lines":{"total":5,"covered":5,"skipped":0,"pct":100},"functions":{"total":0,"covered":0,"skipped":0,"pct":100},"statements":{"total":5,"covered":5,"skipped":0,"pct":100},"branches":{"total":0,"covered":0,"skipped":0,"pct":100}}
,"/home/runner/work/blacktrigram/blacktrigram/src/components/intro/IntroScreenThreeJS.tsx": {"lines":{"total":82,"covered":47,"skipped":0,"pct":57.31},"functions":{"total":20,"covered":10,"skipped":0,"pct":50},"statements":{"total":83,"covered":48,"skipped":0,"pct":57.83},"branches":{"total":158,"covered":114,"skipped":0,"pct":72.15}}
,"/home/runner/work/blacktrigram/blacktrigram/src/components/intro/components/AbilityList.tsx": {"lines":{"total":16,"covered":16,"skipped":0,"pct":100},"functions":{"total":5,"covered":5,"skipped":0,"pct":100},"statements":{"total":16,"covered":16,"skipped":0,"pct":100},"branches":{"total":19,"covered":19,"skipped":0,"pct":100}}
,"/home/runner/work/blacktrigram/blacktrigram/src/components/intro/components/ArchetypeCard.tsx": {"lines":{"total":30,"covered":23,"skipped":0,"pct":76.66},"functions":{"total":10,"covered":7,"skipped":0,"pct":70},"statements":{"total":30,"covered":23,"skipped":0,"pct":76.66},"branches":{"total":59,"covered":54,"skipped":0,"pct":91.52}}
,"/home/runner/work/blacktrigram/blacktrigram/src/components/intro/components/ArchetypeCardGrid.tsx": {"lines":{"total":40,"covered":37,"skipped":0,"pct":92.5},"functions":{"total":13,"covered":10,"skipped":0,"pct":76.92},"statements":{"total":42,"covered":39,"skipped":0,"pct":92.85},"branches":{"total":41,"covered":38,"skipped":0,"pct":92.68}}
,"/home/runner/work/blacktrigram/blacktrigram/src/components/intro/components/ArchetypeDisplayHTML.tsx": {"lines":{"total":37,"covered":27,"skipped":0,"pct":72.97},"functions":{"total":9,"covered":6,"skipped":0,"pct":66.66},"statements":{"total":37,"covered":27,"skipped":0,"pct":72.97},"branches":{"total":51,"covered":34,"skipped":0,"pct":66.66}}
,"/home/runner/work/blacktrigram/blacktrigram/src/components/intro/components/EnhancedArchetypeDisplay.tsx": {"lines":{"total":23,"covered":21,"skipped":0,"pct":91.3},"functions":{"total":13,"covered":11,"skipped":0,"pct":84.61},"statements":{"total":26,"covered":24,"skipped":0,"pct":92.3},"branches":{"total":19,"covered":18,"skipped":0,"pct":94.73}}
,"/home/runner/work/blacktrigram/blacktrigram/src/components/intro/components/MenuSection.css": {"lines":{"total":0,"covered":0,"skipped":0,"pct":0},"functions":{"total":0,"covered":0,"skipped":0,"pct":0},"statements":{"total":0,"covered":0,"skipped":0,"pct":0},"branches":{"total":0,"covered":0,"skipped":0,"pct":0}}
,"/home/runner/work/blacktrigram/blacktrigram/src/components/intro/components/MenuSectionHTML.tsx": {"lines":{"total":64,"covered":31,"skipped":0,"pct":48.43},"functions":{"total":15,"covered":7,"skipped":0,"pct":46.66},"statements":{"total":68,"covered":32,"skipped":0,"pct":47.05},"branches":{"total":78,"covered":46,"skipped":0,"pct":58.97}}
,"/home/runner/work/blacktrigram/blacktrigram/src/components/intro/components/StatBar.tsx": {"lines":{"total":10,"covered":10,"skipped":0,"pct":100},"functions":{"total":3,"covered":3,"skipped":0,"pct":100},"statements":{"total":10,"covered":10,"skipped":0,"pct":100},"branches":{"total":13,"covered":13,"skipped":0,"pct":100}}
,"/home/runner/work/blacktrigram/blacktrigram/src/components/mobile/ActionButtons.tsx": {"lines":{"total":32,"covered":11,"skipped":0,"pct":34.37},"functions":{"total":5,"covered":1,"skipped":0,"pct":20},"statements":{"total":36,"covered":11,"skipped":0,"pct":30.55},"branches":{"total":28,"covered":14,"skipped":0,"pct":50}}
,"/home/runner/work/blacktrigram/blacktrigram/src/components/mobile/GestureRecognizer.tsx": {"lines":{"total":32,"covered":14,"skipped":0,"pct":43.75},"functions":{"total":12,"covered":3,"skipped":0,"pct":25},"statements":{"total":36,"covered":15,"skipped":0,"pct":41.66},"branches":{"total":18,"covered":7,"skipped":0,"pct":38.88}}
,"/home/runner/work/blacktrigram/blacktrigram/src/components/mobile/StanceWheel.tsx": {"lines":{"total":46,"covered":15,"skipped":0,"pct":32.6},"functions":{"total":9,"covered":2,"skipped":0,"pct":22.22},"statements":{"total":48,"covered":15,"skipped":0,"pct":31.25},"branches":{"total":38,"covered":11,"skipped":0,"pct":28.94}}
,"/home/runner/work/blacktrigram/blacktrigram/src/components/mobile/VirtualDPad.tsx": {"lines":{"total":30,"covered":18,"skipped":0,"pct":60},"functions":{"total":6,"covered":3,"skipped":0,"pct":50},"statements":{"total":32,"covered":18,"skipped":0,"pct":56.25},"branches":{"total":25,"covered":15,"skipped":0,"pct":60}}
,"/home/runner/work/blacktrigram/blacktrigram/src/components/mobile/index.ts": {"lines":{"total":0,"covered":0,"skipped":0,"pct":0},"functions":{"total":0,"covered":0,"skipped":0,"pct":0},"statements":{"total":0,"covered":0,"skipped":0,"pct":0},"branches":{"total":0,"covered":0,"skipped":0,"pct":0}}
,"/home/runner/work/blacktrigram/blacktrigram/src/components/screens/ControlsScreenThreeJS.tsx": {"lines":{"total":39,"covered":27,"skipped":0,"pct":69.23},"functions":{"total":15,"covered":9,"skipped":0,"pct":60},"statements":{"total":40,"covered":28,"skipped":0,"pct":70},"branches":{"total":90,"covered":51,"skipped":0,"pct":56.66}}
,"/home/runner/work/blacktrigram/blacktrigram/src/components/screens/PhilosophyScreenThreeJS.tsx": {"lines":{"total":57,"covered":37,"skipped":0,"pct":64.91},"functions":{"total":27,"covered":16,"skipped":0,"pct":59.25},"statements":{"total":60,"covered":40,"skipped":0,"pct":66.66},"branches":{"total":84,"covered":47,"skipped":0,"pct":55.95}}
,"/home/runner/work/blacktrigram/blacktrigram/src/components/test/HelloThreeJS.tsx": {"lines":{"total":10,"covered":3,"skipped":0,"pct":30},"functions":{"total":3,"covered":0,"skipped":0,"pct":0},"statements":{"total":10,"covered":3,"skipped":0,"pct":30},"branches":{"total":5,"covered":0,"skipped":0,"pct":0}}
,"/home/runner/work/blacktrigram/blacktrigram/src/components/three/ArchetypeCard.tsx": {"lines":{"total":42,"covered":2,"skipped":0,"pct":4.76},"functions":{"total":14,"covered":0,"skipped":0,"pct":0},"statements":{"total":42,"covered":2,"skipped":0,"pct":4.76},"branches":{"total":22,"covered":0,"skipped":0,"pct":0}}
,"/home/runner/work/blacktrigram/blacktrigram/src/components/three/BackgroundScene3D.tsx": {"lines":{"total":11,"covered":9,"skipped":0,"pct":81.81},"functions":{"total":2,"covered":1,"skipped":0,"pct":50},"statements":{"total":11,"covered":9,"skipped":0,"pct":81.81},"branches":{"total":15,"covered":13,"skipped":0,"pct":86.66}}
,"/home/runner/work/blacktrigram/blacktrigram/src/components/three/KoreanButton.tsx": {"lines":{"total":37,"covered":27,"skipped":0,"pct":72.97},"functions":{"total":9,"covered":5,"skipped":0,"pct":55.55},"statements":{"total":37,"covered":27,"skipped":0,"pct":72.97},"branches":{"total":39,"covered":27,"skipped":0,"pct":69.23}}
,"/home/runner/work/blacktrigram/blacktrigram/src/components/three/KoreanPanel.tsx": {"lines":{"total":9,"covered":2,"skipped":0,"pct":22.22},"functions":{"total":2,"covered":0,"skipped":0,"pct":0},"statements":{"total":9,"covered":2,"skipped":0,"pct":22.22},"branches":{"total":11,"covered":0,"skipped":0,"pct":0}}
,"/home/runner/work/blacktrigram/blacktrigram/src/components/three/KoreanText.tsx": {"lines":{"total":13,"covered":13,"skipped":0,"pct":100},"functions":{"total":6,"covered":6,"skipped":0,"pct":100},"statements":{"total":17,"covered":17,"skipped":0,"pct":100},"branches":{"total":23,"covered":23,"skipped":0,"pct":100}}
,"/home/runner/work/blacktrigram/blacktrigram/src/components/three/KoreanUIDemo.tsx": {"lines":{"total":24,"covered":2,"skipped":0,"pct":8.33},"functions":{"total":9,"covered":0,"skipped":0,"pct":0},"statements":{"total":25,"covered":2,"skipped":0,"pct":8},"branches":{"total":16,"covered":0,"skipped":0,"pct":0}}
,"/home/runner/work/blacktrigram/blacktrigram/src/components/three/MenuList.tsx": {"lines":{"total":31,"covered":2,"skipped":0,"pct":6.45},"functions":{"total":10,"covered":0,"skipped":0,"pct":0},"statements":{"total":31,"covered":2,"skipped":0,"pct":6.45},"branches":{"total":28,"covered":0,"skipped":0,"pct":0}}
,"/home/runner/work/blacktrigram/blacktrigram/src/components/three/Player3DUnified.tsx": {"lines":{"total":77,"covered":34,"skipped":0,"pct":44.15},"functions":{"total":13,"covered":10,"skipped":0,"pct":76.92},"statements":{"total":84,"covered":38,"skipped":0,"pct":45.23},"branches":{"total":106,"covered":51,"skipped":0,"pct":48.11}}
,"/home/runner/work/blacktrigram/blacktrigram/src/components/three/Player3DWithTransitions.tsx": {"lines":{"total":20,"covered":2,"skipped":0,"pct":10},"functions":{"total":3,"covered":0,"skipped":0,"pct":0},"statements":{"total":20,"covered":2,"skipped":0,"pct":10},"branches":{"total":21,"covered":0,"skipped":0,"pct":0}}
,"/home/runner/work/blacktrigram/blacktrigram/src/components/three/PlayerStateIndicators.tsx": {"lines":{"total":31,"covered":23,"skipped":0,"pct":74.19},"functions":{"total":11,"covered":11,"skipped":0,"pct":100},"statements":{"total":36,"covered":27,"skipped":0,"pct":75},"branches":{"total":39,"covered":25,"skipped":0,"pct":64.1}}
,"/home/runner/work/blacktrigram/blacktrigram/src/components/three/ProgressBar.tsx": {"lines":{"total":27,"covered":26,"skipped":0,"pct":96.29},"functions":{"total":9,"covered":9,"skipped":0,"pct":100},"statements":{"total":27,"covered":26,"skipped":0,"pct":96.29},"branches":{"total":26,"covered":24,"skipped":0,"pct":92.3}}
,"/home/runner/work/blacktrigram/blacktrigram/src/components/three/StanceAura.tsx": {"lines":{"total":20,"covered":10,"skipped":0,"pct":50},"functions":{"total":4,"covered":3,"skipped":0,"pct":75},"statements":{"total":23,"covered":11,"skipped":0,"pct":47.82},"branches":{"total":11,"covered":3,"skipped":0,"pct":27.27}}
,"/home/runner/work/blacktrigram/blacktrigram/src/components/three/StanceAuraParticles.tsx": {"lines":{"total":58,"covered":3,"skipped":0,"pct":5.17},"functions":{"total":6,"covered":0,"skipped":0,"pct":0},"statements":{"total":64,"covered":3,"skipped":0,"pct":4.68},"branches":{"total":21,"covered":0,"skipped":0,"pct":0}}
,"/home/runner/work/blacktrigram/blacktrigram/src/components/three/StanceSymbol3D.tsx": {"lines":{"total":12,"covered":2,"skipped":0,"pct":16.66},"functions":{"total":5,"covered":0,"skipped":0,"pct":0},"statements":{"total":16,"covered":2,"skipped":0,"pct":12.5},"branches":{"total":10,"covered":0,"skipped":0,"pct":0}}
,"/home/runner/work/blacktrigram/blacktrigram/src/components/three/StanceTransitionEffect.tsx": {"lines":{"total":37,"covered":1,"skipped":0,"pct":2.7},"functions":{"total":8,"covered":0,"skipped":0,"pct":0},"statements":{"total":41,"covered":1,"skipped":0,"pct":2.43},"branches":{"total":16,"covered":0,"skipped":0,"pct":0}}
,"/home/runner/work/blacktrigram/blacktrigram/src/components/three/index.ts": {"lines":{"total":0,"covered":0,"skipped":0,"pct":0},"functions":{"total":0,"covered":0,"skipped":0,"pct":0},"statements":{"total":0,"covered":0,"skipped":0,"pct":0},"branches":{"total":0,"covered":0,"skipped":0,"pct":0}}
,"/home/runner/work/blacktrigram/blacktrigram/src/components/training/TrainingScreen3D.tsx": {"lines":{"total":142,"covered":67,"skipped":0,"pct":47.18},"functions":{"total":49,"covered":21,"skipped":0,"pct":42.85},"statements":{"total":151,"covered":71,"skipped":0,"pct":47.01},"branches":{"total":82,"covered":30,"skipped":0,"pct":36.58}}
,"/home/runner/work/blacktrigram/blacktrigram/src/components/training/training.css": {"lines":{"total":0,"covered":0,"skipped":0,"pct":0},"functions":{"total":0,"covered":0,"skipped":0,"pct":0},"statements":{"total":0,"covered":0,"skipped":0,"pct":0},"branches":{"total":0,"covered":0,"skipped":0,"pct":0}}
,"/home/runner/work/blacktrigram/blacktrigram/src/components/training/components/AnatomyControlsHTML.tsx": {"lines":{"total":11,"covered":9,"skipped":0,"pct":81.81},"functions":{"total":6,"covered":4,"skipped":0,"pct":66.66},"statements":{"total":11,"covered":9,"skipped":0,"pct":81.81},"branches":{"total":43,"covered":41,"skipped":0,"pct":95.34}}
,"/home/runner/work/blacktrigram/blacktrigram/src/components/training/components/AnatomyOverlay3D.tsx": {"lines":{"total":57,"covered":5,"skipped":0,"pct":8.77},"functions":{"total":28,"covered":0,"skipped":0,"pct":0},"statements":{"total":62,"covered":5,"skipped":0,"pct":8.06},"branches":{"total":39,"covered":0,"skipped":0,"pct":0}}
,"/home/runner/work/blacktrigram/blacktrigram/src/components/training/components/HitFeedbackEffect3D.tsx": {"lines":{"total":98,"covered":4,"skipped":0,"pct":4.08},"functions":{"total":16,"covered":0,"skipped":0,"pct":0},"statements":{"total":104,"covered":4,"skipped":0,"pct":3.84},"branches":{"total":55,"covered":0,"skipped":0,"pct":0}}
,"/home/runner/work/blacktrigram/blacktrigram/src/components/training/components/TrainingAICharacter3D.tsx": {"lines":{"total":18,"covered":9,"skipped":0,"pct":50},"functions":{"total":4,"covered":3,"skipped":0,"pct":75},"statements":{"total":20,"covered":10,"skipped":0,"pct":50},"branches":{"total":20,"covered":12,"skipped":0,"pct":60}}
,"/home/runner/work/blacktrigram/blacktrigram/src/components/training/components/TrainingArena3D.tsx": {"lines":{"total":14,"covered":14,"skipped":0,"pct":100},"functions":{"total":7,"covered":7,"skipped":0,"pct":100},"statements":{"total":14,"covered":14,"skipped":0,"pct":100},"branches":{"total":4,"covered":4,"skipped":0,"pct":100}}
,"/home/runner/work/blacktrigram/blacktrigram/src/components/training/components/TrainingControlsHTML.tsx": {"lines":{"total":5,"covered":5,"skipped":0,"pct":100},"functions":{"total":1,"covered":1,"skipped":0,"pct":100},"statements":{"total":5,"covered":5,"skipped":0,"pct":100},"branches":{"total":24,"covered":18,"skipped":0,"pct":75}}
,"/home/runner/work/blacktrigram/blacktrigram/src/components/training/components/TrainingDummy3D.tsx": {"lines":{"total":70,"covered":57,"skipped":0,"pct":81.42},"functions":{"total":25,"covered":23,"skipped":0,"pct":92},"statements":{"total":76,"covered":60,"skipped":0,"pct":78.94},"branches":{"total":26,"covered":12,"skipped":0,"pct":46.15}}
,"/home/runner/work/blacktrigram/blacktrigram/src/components/training/components/TrainingFeedbackHTML.tsx": {"lines":{"total":2,"covered":1,"skipped":0,"pct":50},"functions":{"total":1,"covered":0,"skipped":0,"pct":0},"statements":{"total":2,"covered":1,"skipped":0,"pct":50},"branches":{"total":2,"covered":0,"skipped":0,"pct":0}}
,"/home/runner/work/blacktrigram/blacktrigram/src/components/training/components/TrainingModeSelectorHTML.tsx": {"lines":{"total":8,"covered":7,"skipped":0,"pct":87.5},"functions":{"total":3,"covered":2,"skipped":0,"pct":66.66},"statements":{"total":8,"covered":7,"skipped":0,"pct":87.5},"branches":{"total":16,"covered":16,"skipped":0,"pct":100}}
,"/home/runner/work/blacktrigram/blacktrigram/src/components/training/components/TrainingStatsHTML.tsx": {"lines":{"total":16,"covered":12,"skipped":0,"pct":75},"functions":{"total":5,"covered":5,"skipped":0,"pct":100},"statements":{"total":18,"covered":14,"skipped":0,"pct":77.77},"branches":{"total":35,"covered":23,"skipped":0,"pct":65.71}}
,"/home/runner/work/blacktrigram/blacktrigram/src/components/training/components/VitalPointMarker3D.tsx": {"lines":{"total":28,"covered":14,"skipped":0,"pct":50},"functions":{"total":8,"covered":4,"skipped":0,"pct":50},"statements":{"total":31,"covered":16,"skipped":0,"pct":51.61},"branches":{"total":46,"covered":14,"skipped":0,"pct":30.43}}
,"/home/runner/work/blacktrigram/blacktrigram/src/components/training/components/VitalPointTrainingHTML.tsx": {"lines":{"total":18,"covered":17,"skipped":0,"pct":94.44},"functions":{"total":8,"covered":7,"skipped":0,"pct":87.5},"statements":{"total":19,"covered":18,"skipped":0,"pct":94.73},"branches":{"total":32,"covered":21,"skipped":0,"pct":65.62}}
,"/home/runner/work/blacktrigram/blacktrigram/src/components/training/hooks/useTrainingActions.ts": {"lines":{"total":63,"covered":10,"skipped":0,"pct":15.87},"functions":{"total":9,"covered":1,"skipped":0,"pct":11.11},"statements":{"total":64,"covered":10,"skipped":0,"pct":15.62},"branches":{"total":18,"covered":0,"skipped":0,"pct":0}}
,"/home/runner/work/blacktrigram/blacktrigram/src/components/training/hooks/useTrainingState.ts": {"lines":{"total":54,"covered":38,"skipped":0,"pct":70.37},"functions":{"total":21,"covered":15,"skipped":0,"pct":71.42},"statements":{"total":54,"covered":38,"skipped":0,"pct":70.37},"branches":{"total":30,"covered":17,"skipped":0,"pct":56.66}}
,"/home/runner/work/blacktrigram/blacktrigram/src/components/ui/ErrorModal.tsx": {"lines":{"total":25,"covered":21,"skipped":0,"pct":84},"functions":{"total":11,"covered":9,"skipped":0,"pct":81.81},"statements":{"total":26,"covered":22,"skipped":0,"pct":84.61},"branches":{"total":4,"covered":2,"skipped":0,"pct":50}}
,"/home/runner/work/blacktrigram/blacktrigram/src/components/ui/KoreanHeaderHTML.css": {"lines":{"total":0,"covered":0,"skipped":0,"pct":0},"functions":{"total":0,"covered":0,"skipped":0,"pct":0},"statements":{"total":0,"covered":0,"skipped":0,"pct":0},"branches":{"total":0,"covered":0,"skipped":0,"pct":0}}
,"/home/runner/work/blacktrigram/blacktrigram/src/components/ui/KoreanHeaderHTML.tsx": {"lines":{"total":6,"covered":6,"skipped":0,"pct":100},"functions":{"total":2,"covered":2,"skipped":0,"pct":100},"statements":{"total":7,"covered":7,"skipped":0,"pct":100},"branches":{"total":27,"covered":18,"skipped":0,"pct":66.66}}
,"/home/runner/work/blacktrigram/blacktrigram/src/components/ui/MobileHUDLayout.tsx": {"lines":{"total":18,"covered":4,"skipped":0,"pct":22.22},"functions":{"total":5,"covered":0,"skipped":0,"pct":0},"statements":{"total":18,"covered":4,"skipped":0,"pct":22.22},"branches":{"total":14,"covered":0,"skipped":0,"pct":0}}
,"/home/runner/work/blacktrigram/blacktrigram/src/components/ui/ResponsiveContainer.tsx": {"lines":{"total":13,"covered":13,"skipped":0,"pct":100},"functions":{"total":2,"covered":2,"skipped":0,"pct":100},"statements":{"total":13,"covered":13,"skipped":0,"pct":100},"branches":{"total":13,"covered":13,"skipped":0,"pct":100}}
,"/home/runner/work/blacktrigram/blacktrigram/src/components/ui/SplashScreen.tsx": {"lines":{"total":17,"covered":14,"skipped":0,"pct":82.35},"functions":{"total":7,"covered":6,"skipped":0,"pct":85.71},"statements":{"total":19,"covered":16,"skipped":0,"pct":84.21},"branches":{"total":36,"covered":31,"skipped":0,"pct":86.11}}
,"/home/runner/work/blacktrigram/blacktrigram/src/components/ui/VolumeControl.tsx": {"lines":{"total":56,"covered":53,"skipped":0,"pct":94.64},"functions":{"total":13,"covered":13,"skipped":0,"pct":100},"statements":{"total":57,"covered":53,"skipped":0,"pct":92.98},"branches":{"total":74,"covered":62,"skipped":0,"pct":83.78}}
,"/home/runner/work/blacktrigram/blacktrigram/src/components/ui/shared/ConfirmDialog.tsx": {"lines":{"total":31,"covered":27,"skipped":0,"pct":87.09},"functions":{"total":13,"covered":11,"skipped":0,"pct":84.61},"statements":{"total":34,"covered":30,"skipped":0,"pct":88.23},"branches":{"total":26,"covered":25,"skipped":0,"pct":96.15}}
,"/home/runner/work/blacktrigram/blacktrigram/src/data/techniques.ts": {"lines":{"total":27,"covered":20,"skipped":0,"pct":74.07},"functions":{"total":8,"covered":6,"skipped":0,"pct":75},"statements":{"total":29,"covered":21,"skipped":0,"pct":72.41},"branches":{"total":16,"covered":9,"skipped":0,"pct":56.25}}
,"/home/runner/work/blacktrigram/blacktrigram/src/hooks/useActionFeedback.ts": {"lines":{"total":61,"covered":61,"skipped":0,"pct":100},"functions":{"total":20,"covered":20,"skipped":0,"pct":100},"statements":{"total":66,"covered":66,"skipped":0,"pct":100},"branches":{"total":16,"covered":13,"skipped":0,"pct":81.25}}
,"/home/runner/work/blacktrigram/blacktrigram/src/hooks/useCombatTimer.ts": {"lines":{"total":52,"covered":50,"skipped":0,"pct":96.15},"functions":{"total":8,"covered":8,"skipped":0,"pct":100},"statements":{"total":54,"covered":52,"skipped":0,"pct":96.29},"branches":{"total":36,"covered":34,"skipped":0,"pct":94.44}}
,"/home/runner/work/blacktrigram/blacktrigram/src/hooks/useKeyboardControls.ts": {"lines":{"total":83,"covered":76,"skipped":0,"pct":91.56},"functions":{"total":13,"covered":10,"skipped":0,"pct":76.92},"statements":{"total":92,"covered":83,"skipped":0,"pct":90.21},"branches":{"total":45,"covered":33,"skipped":0,"pct":73.33}}
,"/home/runner/work/blacktrigram/blacktrigram/src/hooks/useMatchCountdown.ts": {"lines":{"total":52,"covered":52,"skipped":0,"pct":100},"functions":{"total":12,"covered":12,"skipped":0,"pct":100},"statements":{"total":52,"covered":52,"skipped":0,"pct":100},"branches":{"total":21,"covered":20,"skipped":0,"pct":95.23}}
,"/home/runner/work/blacktrigram/blacktrigram/src/hooks/usePauseMenu.ts": {"lines":{"total":18,"covered":18,"skipped":0,"pct":100},"functions":{"total":8,"covered":7,"skipped":0,"pct":87.5},"statements":{"total":18,"covered":18,"skipped":0,"pct":100},"branches":{"total":2,"covered":1,"skipped":0,"pct":50}}
,"/home/runner/work/blacktrigram/blacktrigram/src/hooks/usePlayerAnimation.ts": {"lines":{"total":34,"covered":34,"skipped":0,"pct":100},"functions":{"total":10,"covered":10,"skipped":0,"pct":100},"statements":{"total":37,"covered":37,"skipped":0,"pct":100},"branches":{"total":12,"covered":11,"skipped":0,"pct":91.66}}
,"/home/runner/work/blacktrigram/blacktrigram/src/hooks/useResponsiveLayout.ts": {"lines":{"total":15,"covered":15,"skipped":0,"pct":100},"functions":{"total":4,"covered":4,"skipped":0,"pct":100},"statements":{"total":15,"covered":15,"skipped":0,"pct":100},"branches":{"total":46,"covered":46,"skipped":0,"pct":100}}
,"/home/runner/work/blacktrigram/blacktrigram/src/hooks/useRoundTransition.ts": {"lines":{"total":50,"covered":50,"skipped":0,"pct":100},"functions":{"total":12,"covered":12,"skipped":0,"pct":100},"statements":{"total":50,"covered":50,"skipped":0,"pct":100},"branches":{"total":11,"covered":10,"skipped":0,"pct":90.9}}
,"/home/runner/work/blacktrigram/blacktrigram/src/hooks/useTechniqueSelection.ts": {"lines":{"total":78,"covered":74,"skipped":0,"pct":94.87},"functions":{"total":20,"covered":20,"skipped":0,"pct":100},"statements":{"total":87,"covered":78,"skipped":0,"pct":89.65},"branches":{"total":51,"covered":39,"skipped":0,"pct":76.47}}
,"/home/runner/work/blacktrigram/blacktrigram/src/hooks/useTouchControls.ts": {"lines":{"total":48,"covered":48,"skipped":0,"pct":100},"functions":{"total":6,"covered":6,"skipped":0,"pct":100},"statements":{"total":51,"covered":49,"skipped":0,"pct":96.07},"branches":{"total":23,"covered":20,"skipped":0,"pct":86.95}}
,"/home/runner/work/blacktrigram/blacktrigram/src/hooks/useWebGLContextLossHandler.ts": {"lines":{"total":57,"covered":49,"skipped":0,"pct":85.96},"functions":{"total":12,"covered":12,"skipped":0,"pct":100},"statements":{"total":57,"covered":49,"skipped":0,"pct":85.96},"branches":{"total":20,"covered":15,"skipped":0,"pct":75}}
,"/home/runner/work/blacktrigram/blacktrigram/src/hooks/useWindowSize.ts": {"lines":{"total":22,"covered":21,"skipped":0,"pct":95.45},"functions":{"total":7,"covered":7,"skipped":0,"pct":100},"statements":{"total":25,"covered":22,"skipped":0,"pct":88},"branches":{"total":15,"covered":12,"skipped":0,"pct":80}}
,"/home/runner/work/blacktrigram/blacktrigram/src/systems/CombatSystem.ts": {"lines":{"total":79,"covered":71,"skipped":0,"pct":89.87},"functions":{"total":15,"covered":15,"skipped":0,"pct":100},"statements":{"total":79,"covered":71,"skipped":0,"pct":89.87},"branches":{"total":85,"covered":71,"skipped":0,"pct":83.52}}
,"/home/runner/work/blacktrigram/blacktrigram/src/systems/EffectCalculator.ts": {"lines":{"total":39,"covered":39,"skipped":0,"pct":100},"functions":{"total":10,"covered":10,"skipped":0,"pct":100},"statements":{"total":39,"covered":39,"skipped":0,"pct":100},"branches":{"total":20,"covered":14,"skipped":0,"pct":70}}
,"/home/runner/work/blacktrigram/blacktrigram/src/systems/PlayerEffectManager.ts": {"lines":{"total":67,"covered":56,"skipped":0,"pct":83.58},"functions":{"total":19,"covered":19,"skipped":0,"pct":100},"statements":{"total":73,"covered":62,"skipped":0,"pct":84.93},"branches":{"total":12,"covered":9,"skipped":0,"pct":75}}
,"/home/runner/work/blacktrigram/blacktrigram/src/systems/TrigramSystem.ts": {"lines":{"total":49,"covered":47,"skipped":0,"pct":95.91},"functions":{"total":11,"covered":11,"skipped":0,"pct":100},"statements":{"total":50,"covered":48,"skipped":0,"pct":96},"branches":{"total":27,"covered":22,"skipped":0,"pct":81.48}}
,"/home/runner/work/blacktrigram/blacktrigram/src/systems/VitalPointSystem.ts": {"lines":{"total":81,"covered":79,"skipped":0,"pct":97.53},"functions":{"total":20,"covered":20,"skipped":0,"pct":100},"statements":{"total":83,"covered":80,"skipped":0,"pct":96.38},"branches":{"total":38,"covered":33,"skipped":0,"pct":86.84}}
,"/home/runner/work/blacktrigram/blacktrigram/src/systems/effects.ts": {"lines":{"total":33,"covered":33,"skipped":0,"pct":100},"functions":{"total":3,"covered":3,"skipped":0,"pct":100},"statements":{"total":36,"covered":36,"skipped":0,"pct":100},"branches":{"total":6,"covered":6,"skipped":0,"pct":100}}
,"/home/runner/work/blacktrigram/blacktrigram/src/systems/game.ts": {"lines":{"total":13,"covered":13,"skipped":0,"pct":100},"functions":{"total":1,"covered":1,"skipped":0,"pct":100},"statements":{"total":14,"covered":14,"skipped":0,"pct":100},"branches":{"total":2,"covered":2,"skipped":0,"pct":100}}
,"/home/runner/work/blacktrigram/blacktrigram/src/systems/index.ts": {"lines":{"total":0,"covered":0,"skipped":0,"pct":0},"functions":{"total":0,"covered":0,"skipped":0,"pct":0},"statements":{"total":0,"covered":0,"skipped":0,"pct":0},"branches":{"total":0,"covered":0,"skipped":0,"pct":0}}
,"/home/runner/work/blacktrigram/blacktrigram/src/systems/player.ts": {"lines":{"total":0,"covered":0,"skipped":0,"pct":0},"functions":{"total":0,"covered":0,"skipped":0,"pct":0},"statements":{"total":0,"covered":0,"skipped":0,"pct":0},"branches":{"total":0,"covered":0,"skipped":0,"pct":0}}
,"/home/runner/work/blacktrigram/blacktrigram/src/systems/types.ts": {"lines":{"total":47,"covered":45,"skipped":0,"pct":95.74},"functions":{"total":1,"covered":0,"skipped":0,"pct":0},"statements":{"total":47,"covered":45,"skipped":0,"pct":95.74},"branches":{"total":2,"covered":0,"skipped":0,"pct":0}}
,"/home/runner/work/blacktrigram/blacktrigram/src/systems/ai/AIPersonality.ts": {"lines":{"total":12,"covered":10,"skipped":0,"pct":83.33},"functions":{"total":8,"covered":6,"skipped":0,"pct":75},"statements":{"total":12,"covered":10,"skipped":0,"pct":83.33},"branches":{"total":4,"covered":4,"skipped":0,"pct":100}}
,"/home/runner/work/blacktrigram/blacktrigram/src/systems/ai/AdaptiveDifficulty.ts": {"lines":{"total":67,"covered":66,"skipped":0,"pct":98.5},"functions":{"total":13,"covered":13,"skipped":0,"pct":100},"statements":{"total":73,"covered":71,"skipped":0,"pct":97.26},"branches":{"total":26,"covered":18,"skipped":0,"pct":69.23}}
,"/home/runner/work/blacktrigram/blacktrigram/src/systems/ai/ComboSystem.ts": {"lines":{"total":70,"covered":62,"skipped":0,"pct":88.57},"functions":{"total":12,"covered":12,"skipped":0,"pct":100},"statements":{"total":70,"covered":62,"skipped":0,"pct":88.57},"branches":{"total":46,"covered":36,"skipped":0,"pct":78.26}}
,"/home/runner/work/blacktrigram/blacktrigram/src/systems/ai/DecisionTree.ts": {"lines":{"total":255,"covered":200,"skipped":0,"pct":78.43},"functions":{"total":35,"covered":28,"skipped":0,"pct":80},"statements":{"total":257,"covered":201,"skipped":0,"pct":78.21},"branches":{"total":181,"covered":128,"skipped":0,"pct":70.71}}
,"/home/runner/work/blacktrigram/blacktrigram/src/systems/ai/TrainingAI.ts": {"lines":{"total":50,"covered":48,"skipped":0,"pct":96},"functions":{"total":17,"covered":16,"skipped":0,"pct":94.11},"statements":{"total":50,"covered":48,"skipped":0,"pct":96},"branches":{"total":16,"covered":14,"skipped":0,"pct":87.5}}
,"/home/runner/work/blacktrigram/blacktrigram/src/systems/ai/index.ts": {"lines":{"total":0,"covered":0,"skipped":0,"pct":0},"functions":{"total":0,"covered":0,"skipped":0,"pct":0},"statements":{"total":0,"covered":0,"skipped":0,"pct":0},"branches":{"total":0,"covered":0,"skipped":0,"pct":0}}
,"/home/runner/work/blacktrigram/blacktrigram/src/systems/animation/AnimationPriority.ts": {"lines":{"total":10,"covered":10,"skipped":0,"pct":100},"functions":{"total":3,"covered":3,"skipped":0,"pct":100},"statements":{"total":10,"covered":10,"skipped":0,"pct":100},"branches":{"total":4,"covered":4,"skipped":0,"pct":100}}
,"/home/runner/work/blacktrigram/blacktrigram/src/systems/animation/AnimationStateMachine.ts": {"lines":{"total":74,"covered":70,"skipped":0,"pct":94.59},"functions":{"total":9,"covered":9,"skipped":0,"pct":100},"statements":{"total":74,"covered":70,"skipped":0,"pct":94.59},"branches":{"total":40,"covered":33,"skipped":0,"pct":82.5}}
,"/home/runner/work/blacktrigram/blacktrigram/src/systems/animation/AnimationTransitions.ts": {"lines":{"total":20,"covered":19,"skipped":0,"pct":95},"functions":{"total":7,"covered":7,"skipped":0,"pct":100},"statements":{"total":22,"covered":20,"skipped":0,"pct":90.9},"branches":{"total":17,"covered":15,"skipped":0,"pct":88.23}}
,"/home/runner/work/blacktrigram/blacktrigram/src/systems/animation/index.ts": {"lines":{"total":0,"covered":0,"skipped":0,"pct":0},"functions":{"total":0,"covered":0,"skipped":0,"pct":0},"statements":{"total":0,"covered":0,"skipped":0,"pct":0},"branches":{"total":0,"covered":0,"skipped":0,"pct":0}}
,"/home/runner/work/blacktrigram/blacktrigram/src/systems/animation/types.ts": {"lines":{"total":9,"covered":9,"skipped":0,"pct":100},"functions":{"total":1,"covered":1,"skipped":0,"pct":100},"statements":{"total":10,"covered":10,"skipped":0,"pct":100},"branches":{"total":2,"covered":2,"skipped":0,"pct":100}}
,"/home/runner/work/blacktrigram/blacktrigram/src/systems/combat/BalanceSystem.ts": {"lines":{"total":47,"covered":5,"skipped":0,"pct":10.63},"functions":{"total":11,"covered":1,"skipped":0,"pct":9.09},"statements":{"total":51,"covered":6,"skipped":0,"pct":11.76},"branches":{"total":21,"covered":2,"skipped":0,"pct":9.52}}
,"/home/runner/work/blacktrigram/blacktrigram/src/systems/combat/CombatStateSystem.ts": {"lines":{"total":25,"covered":25,"skipped":0,"pct":100},"functions":{"total":6,"covered":6,"skipped":0,"pct":100},"statements":{"total":26,"covered":26,"skipped":0,"pct":100},"branches":{"total":24,"covered":24,"skipped":0,"pct":100}}
,"/home/runner/work/blacktrigram/blacktrigram/src/systems/combat/ConsciousnessSystem.ts": {"lines":{"total":37,"covered":5,"skipped":0,"pct":13.51},"functions":{"total":9,"covered":1,"skipped":0,"pct":11.11},"statements":{"total":41,"covered":6,"skipped":0,"pct":14.63},"branches":{"total":21,"covered":2,"skipped":0,"pct":9.52}}
,"/home/runner/work/blacktrigram/blacktrigram/src/systems/combat/PainResponseSystem.ts": {"lines":{"total":40,"covered":6,"skipped":0,"pct":15},"functions":{"total":9,"covered":1,"skipped":0,"pct":11.11},"statements":{"total":45,"covered":7,"skipped":0,"pct":15.55},"branches":{"total":18,"covered":2,"skipped":0,"pct":11.11}}
,"/home/runner/work/blacktrigram/blacktrigram/src/systems/combat/TrainingCombatSystem.ts": {"lines":{"total":76,"covered":55,"skipped":0,"pct":72.36},"functions":{"total":19,"covered":13,"skipped":0,"pct":68.42},"statements":{"total":82,"covered":55,"skipped":0,"pct":67.07},"branches":{"total":34,"covered":11,"skipped":0,"pct":32.35}}
,"/home/runner/work/blacktrigram/blacktrigram/src/systems/combat/index.ts": {"lines":{"total":0,"covered":0,"skipped":0,"pct":0},"functions":{"total":0,"covered":0,"skipped":0,"pct":0},"statements":{"total":0,"covered":0,"skipped":0,"pct":0},"branches":{"total":0,"covered":0,"skipped":0,"pct":0}}
,"/home/runner/work/blacktrigram/blacktrigram/src/systems/combat/typeGuards.ts": {"lines":{"total":11,"covered":11,"skipped":0,"pct":100},"functions":{"total":3,"covered":3,"skipped":0,"pct":100},"statements":{"total":11,"covered":11,"skipped":0,"pct":100},"branches":{"total":26,"covered":26,"skipped":0,"pct":100}}
,"/home/runner/work/blacktrigram/blacktrigram/src/systems/combat/types.ts": {"lines":{"total":0,"covered":0,"skipped":0,"pct":0},"functions":{"total":0,"covered":0,"skipped":0,"pct":0},"statements":{"total":0,"covered":0,"skipped":0,"pct":0},"branches":{"total":0,"covered":0,"skipped":0,"pct":0}}
,"/home/runner/work/blacktrigram/blacktrigram/src/systems/trigram/KoreanCulture.ts": {"lines":{"total":7,"covered":3,"skipped":0,"pct":42.85},"functions":{"total":4,"covered":4,"skipped":0,"pct":100},"statements":{"total":7,"covered":3,"skipped":0,"pct":42.85},"branches":{"total":0,"covered":0,"skipped":0,"pct":100}}
,"/home/runner/work/blacktrigram/blacktrigram/src/systems/trigram/KoreanTechniques.ts": {"lines":{"total":37,"covered":34,"skipped":0,"pct":91.89},"functions":{"total":17,"covered":17,"skipped":0,"pct":100},"statements":{"total":43,"covered":36,"skipped":0,"pct":83.72},"branches":{"total":37,"covered":23,"skipped":0,"pct":62.16}}
,"/home/runner/work/blacktrigram/blacktrigram/src/systems/trigram/StanceManager.ts": {"lines":{"total":36,"covered":33,"skipped":0,"pct":91.66},"functions":{"total":8,"covered":6,"skipped":0,"pct":75},"statements":{"total":36,"covered":33,"skipped":0,"pct":91.66},"branches":{"total":28,"covered":24,"skipped":0,"pct":85.71}}
,"/home/runner/work/blacktrigram/blacktrigram/src/systems/trigram/TransitionCalculator.ts": {"lines":{"total":35,"covered":0,"skipped":0,"pct":0},"functions":{"total":12,"covered":10,"skipped":0,"pct":83.33},"statements":{"total":37,"covered":0,"skipped":0,"pct":0},"branches":{"total":14,"covered":0,"skipped":0,"pct":0}}
,"/home/runner/work/blacktrigram/blacktrigram/src/systems/trigram/TrigramCalculator.ts": {"lines":{"total":45,"covered":26,"skipped":0,"pct":57.77},"functions":{"total":7,"covered":5,"skipped":0,"pct":71.42},"statements":{"total":46,"covered":26,"skipped":0,"pct":56.52},"branches":{"total":22,"covered":13,"skipped":0,"pct":59.09}}
,"/home/runner/work/blacktrigram/blacktrigram/src/systems/trigram/index.ts": {"lines":{"total":0,"covered":0,"skipped":0,"pct":0},"functions":{"total":0,"covered":0,"skipped":0,"pct":0},"statements":{"total":0,"covered":0,"skipped":0,"pct":0},"branches":{"total":0,"covered":0,"skipped":0,"pct":0}}
,"/home/runner/work/blacktrigram/blacktrigram/src/systems/trigram/techniques.ts": {"lines":{"total":14,"covered":14,"skipped":0,"pct":100},"functions":{"total":0,"covered":0,"skipped":0,"pct":100},"statements":{"total":14,"covered":14,"skipped":0,"pct":100},"branches":{"total":0,"covered":0,"skipped":0,"pct":100}}
,"/home/runner/work/blacktrigram/blacktrigram/src/systems/trigram/types.ts": {"lines":{"total":2,"covered":2,"skipped":0,"pct":100},"functions":{"total":0,"covered":0,"skipped":0,"pct":100},"statements":{"total":2,"covered":2,"skipped":0,"pct":100},"branches":{"total":0,"covered":0,"skipped":0,"pct":100}}
,"/home/runner/work/blacktrigram/blacktrigram/src/systems/vitalpoint/DamageCalculator.ts": {"lines":{"total":85,"covered":71,"skipped":0,"pct":83.52},"functions":{"total":11,"covered":11,"skipped":0,"pct":100},"statements":{"total":86,"covered":72,"skipped":0,"pct":83.72},"branches":{"total":71,"covered":49,"skipped":0,"pct":69.01}}
,"/home/runner/work/blacktrigram/blacktrigram/src/systems/vitalpoint/HitDetection.ts": {"lines":{"total":16,"covered":16,"skipped":0,"pct":100},"functions":{"total":3,"covered":3,"skipped":0,"pct":100},"statements":{"total":16,"covered":16,"skipped":0,"pct":100},"branches":{"total":12,"covered":10,"skipped":0,"pct":83.33}}
,"/home/runner/work/blacktrigram/blacktrigram/src/systems/vitalpoint/KoreanAnatomy.ts": {"lines":{"total":131,"covered":120,"skipped":0,"pct":91.6},"functions":{"total":37,"covered":32,"skipped":0,"pct":86.48},"statements":{"total":144,"covered":131,"skipped":0,"pct":90.97},"branches":{"total":66,"covered":51,"skipped":0,"pct":77.27}}
,"/home/runner/work/blacktrigram/blacktrigram/src/systems/vitalpoint/KoreanVitalPoints.ts": {"lines":{"total":15,"covered":15,"skipped":0,"pct":100},"functions":{"total":12,"covered":12,"skipped":0,"pct":100},"statements":{"total":19,"covered":19,"skipped":0,"pct":100},"branches":{"total":2,"covered":2,"skipped":0,"pct":100}}
,"/home/runner/work/blacktrigram/blacktrigram/src/systems/vitalpoint/MeridianVitalPointMapping.ts": {"lines":{"total":15,"covered":15,"skipped":0,"pct":100},"functions":{"total":8,"covered":8,"skipped":0,"pct":100},"statements":{"total":15,"covered":15,"skipped":0,"pct":100},"branches":{"total":4,"covered":4,"skipped":0,"pct":100}}
,"/home/runner/work/blacktrigram/blacktrigram/src/systems/vitalpoint/VitalPointsData.ts": {"lines":{"total":6,"covered":1,"skipped":0,"pct":16.66},"functions":{"total":4,"covered":0,"skipped":0,"pct":0},"statements":{"total":7,"covered":1,"skipped":0,"pct":14.28},"branches":{"total":2,"covered":0,"skipped":0,"pct":0}}
,"/home/runner/work/blacktrigram/blacktrigram/src/systems/vitalpoint/index.ts": {"lines":{"total":0,"covered":0,"skipped":0,"pct":0},"functions":{"total":0,"covered":0,"skipped":0,"pct":0},"statements":{"total":0,"covered":0,"skipped":0,"pct":0},"branches":{"total":0,"covered":0,"skipped":0,"pct":0}}
,"/home/runner/work/blacktrigram/blacktrigram/src/systems/vitalpoint/types.ts": {"lines":{"total":0,"covered":0,"skipped":0,"pct":0},"functions":{"total":0,"covered":0,"skipped":0,"pct":0},"statements":{"total":0,"covered":0,"skipped":0,"pct":0},"branches":{"total":0,"covered":0,"skipped":0,"pct":0}}
,"/home/runner/work/blacktrigram/blacktrigram/src/test/setup.ts": {"lines":{"total":115,"covered":47,"skipped":0,"pct":40.86},"functions":{"total":20,"covered":8,"skipped":0,"pct":40},"statements":{"total":125,"covered":48,"skipped":0,"pct":38.4},"branches":{"total":26,"covered":13,"skipped":0,"pct":50}}
,"/home/runner/work/blacktrigram/blacktrigram/src/test/test-utils.ts": {"lines":{"total":2,"covered":1,"skipped":0,"pct":50},"functions":{"total":2,"covered":1,"skipped":0,"pct":50},"statements":{"total":2,"covered":1,"skipped":0,"pct":50},"branches":{"total":0,"covered":0,"skipped":0,"pct":100}}
,"/home/runner/work/blacktrigram/blacktrigram/src/types/common.ts": {"lines":{"total":130,"covered":130,"skipped":0,"pct":100},"functions":{"total":13,"covered":13,"skipped":0,"pct":100},"statements":{"total":143,"covered":143,"skipped":0,"pct":100},"branches":{"total":26,"covered":26,"skipped":0,"pct":100}}
,"/home/runner/work/blacktrigram/blacktrigram/src/types/index.ts": {"lines":{"total":0,"covered":0,"skipped":0,"pct":0},"functions":{"total":0,"covered":0,"skipped":0,"pct":0},"statements":{"total":0,"covered":0,"skipped":0,"pct":0},"branches":{"total":0,"covered":0,"skipped":0,"pct":0}}
,"/home/runner/work/blacktrigram/blacktrigram/src/types/player-visual.ts": {"lines":{"total":0,"covered":0,"skipped":0,"pct":0},"functions":{"total":0,"covered":0,"skipped":0,"pct":0},"statements":{"total":0,"covered":0,"skipped":0,"pct":0},"branches":{"total":0,"covered":0,"skipped":0,"pct":0}}
,"/home/runner/work/blacktrigram/blacktrigram/src/types/technique.ts": {"lines":{"total":0,"covered":0,"skipped":0,"pct":0},"functions":{"total":0,"covered":0,"skipped":0,"pct":0},"statements":{"total":0,"covered":0,"skipped":0,"pct":0},"branches":{"total":0,"covered":0,"skipped":0,"pct":0}}
,"/home/runner/work/blacktrigram/blacktrigram/src/types/constants/animations.ts": {"lines":{"total":4,"covered":4,"skipped":0,"pct":100},"functions":{"total":0,"covered":0,"skipped":0,"pct":100},"statements":{"total":4,"covered":4,"skipped":0,"pct":100},"branches":{"total":0,"covered":0,"skipped":0,"pct":100}}
,"/home/runner/work/blacktrigram/blacktrigram/src/types/constants/colors.ts": {"lines":{"total":11,"covered":4,"skipped":0,"pct":36.36},"functions":{"total":3,"covered":1,"skipped":0,"pct":33.33},"statements":{"total":11,"covered":4,"skipped":0,"pct":36.36},"branches":{"total":0,"covered":0,"skipped":0,"pct":100}}
,"/home/runner/work/blacktrigram/blacktrigram/src/types/constants/index.ts": {"lines":{"total":9,"covered":9,"skipped":0,"pct":100},"functions":{"total":0,"covered":0,"skipped":0,"pct":100},"statements":{"total":9,"covered":9,"skipped":0,"pct":100},"branches":{"total":0,"covered":0,"skipped":0,"pct":100}}
,"/home/runner/work/blacktrigram/blacktrigram/src/types/constants/typography.ts": {"lines":{"total":5,"covered":5,"skipped":0,"pct":100},"functions":{"total":0,"covered":0,"skipped":0,"pct":100},"statements":{"total":5,"covered":5,"skipped":0,"pct":100},"branches":{"total":0,"covered":0,"skipped":0,"pct":100}}
,"/home/runner/work/blacktrigram/blacktrigram/src/types/constants/ui.ts": {"lines":{"total":13,"covered":13,"skipped":0,"pct":100},"functions":{"total":0,"covered":0,"skipped":0,"pct":100},"statements":{"total":13,"covered":13,"skipped":0,"pct":100},"branches":{"total":0,"covered":0,"skipped":0,"pct":100}}
,"/home/runner/work/blacktrigram/blacktrigram/src/utils/colorHelpers.ts": {"lines":{"total":2,"covered":2,"skipped":0,"pct":100},"functions":{"total":1,"covered":1,"skipped":0,"pct":100},"statements":{"total":2,"covered":2,"skipped":0,"pct":100},"branches":{"total":0,"covered":0,"skipped":0,"pct":100}}
,"/home/runner/work/blacktrigram/blacktrigram/src/utils/colorUtils.ts": {"lines":{"total":29,"covered":7,"skipped":0,"pct":24.13},"functions":{"total":12,"covered":5,"skipped":0,"pct":41.66},"statements":{"total":29,"covered":7,"skipped":0,"pct":24.13},"branches":{"total":11,"covered":2,"skipped":0,"pct":18.18}}
,"/home/runner/work/blacktrigram/blacktrigram/src/utils/controlMapping.ts": {"lines":{"total":64,"covered":62,"skipped":0,"pct":96.87},"functions":{"total":16,"covered":16,"skipped":0,"pct":100},"statements":{"total":74,"covered":72,"skipped":0,"pct":97.29},"branches":{"total":47,"covered":45,"skipped":0,"pct":95.74}}
,"/home/runner/work/blacktrigram/blacktrigram/src/utils/haptics.ts": {"lines":{"total":21,"covered":21,"skipped":0,"pct":100},"functions":{"total":12,"covered":12,"skipped":0,"pct":100},"statements":{"total":21,"covered":21,"skipped":0,"pct":100},"branches":{"total":8,"covered":8,"skipped":0,"pct":100}}
,"/home/runner/work/blacktrigram/blacktrigram/src/utils/inputSystem.ts": {"lines":{"total":158,"covered":31,"skipped":0,"pct":19.62},"functions":{"total":42,"covered":7,"skipped":0,"pct":16.66},"statements":{"total":180,"covered":33,"skipped":0,"pct":18.33},"branches":{"total":106,"covered":19,"skipped":0,"pct":17.92}}
,"/home/runner/work/blacktrigram/blacktrigram/src/utils/player3DHelpers.ts": {"lines":{"total":16,"covered":15,"skipped":0,"pct":93.75},"functions":{"total":4,"covered":4,"skipped":0,"pct":100},"statements":{"total":22,"covered":21,"skipped":0,"pct":95.45},"branches":{"total":25,"covered":24,"skipped":0,"pct":96}}
,"/home/runner/work/blacktrigram/blacktrigram/src/utils/playerUtils.ts": {"lines":{"total":40,"covered":36,"skipped":0,"pct":90},"functions":{"total":17,"covered":14,"skipped":0,"pct":82.35},"statements":{"total":45,"covered":39,"skipped":0,"pct":86.66},"branches":{"total":36,"covered":32,"skipped":0,"pct":88.88}}
,"/home/runner/work/blacktrigram/blacktrigram/src/utils/responsiveLayout.ts": {"lines":{"total":35,"covered":35,"skipped":0,"pct":100},"functions":{"total":8,"covered":8,"skipped":0,"pct":100},"statements":{"total":35,"covered":35,"skipped":0,"pct":100},"branches":{"total":40,"covered":39,"skipped":0,"pct":97.5}}
,"/home/runner/work/blacktrigram/blacktrigram/src/utils/stanceHelpers.ts": {"lines":{"total":14,"covered":14,"skipped":0,"pct":100},"functions":{"total":5,"covered":5,"skipped":0,"pct":100},"statements":{"total":14,"covered":14,"skipped":0,"pct":100},"branches":{"total":6,"covered":3,"skipped":0,"pct":50}}
,"/home/runner/work/blacktrigram/blacktrigram/src/utils/performance/PerformanceMonitor.ts": {"lines":{"total":64,"covered":54,"skipped":0,"pct":84.37},"functions":{"total":15,"covered":15,"skipped":0,"pct":100},"statements":{"total":70,"covered":60,"skipped":0,"pct":85.71},"branches":{"total":37,"covered":32,"skipped":0,"pct":86.48}}
,"/home/runner/work/blacktrigram/blacktrigram/src/utils/performance/PerformanceOverlay3D.tsx": {"lines":{"total":7,"covered":5,"skipped":0,"pct":71.42},"functions":{"total":2,"covered":1,"skipped":0,"pct":50},"statements":{"total":7,"covered":5,"skipped":0,"pct":71.42},"branches":{"total":24,"covered":13,"skipped":0,"pct":54.16}}
,"/home/runner/work/blacktrigram/blacktrigram/src/utils/performance/index.ts": {"lines":{"total":0,"covered":0,"skipped":0,"pct":0},"functions":{"total":0,"covered":0,"skipped":0,"pct":0},"statements":{"total":0,"covered":0,"skipped":0,"pct":0},"branches":{"total":0,"covered":0,"skipped":0,"pct":0}}
,"/home/runner/work/blacktrigram/blacktrigram/src/utils/performance/usePerformanceMonitor.ts": {"lines":{"total":19,"covered":13,"skipped":0,"pct":68.42},"functions":{"total":8,"covered":6,"skipped":0,"pct":75},"statements":{"total":22,"covered":14,"skipped":0,"pct":63.63},"branches":{"total":7,"covered":3,"skipped":0,"pct":42.85}}
}
