TN:
SF:src/audio/AudioAssetLoader.ts
FN:42,(anonymous_0)
FN:108,(anonymous_1)
FN:167,(anonymous_2)
FN:194,(anonymous_3)
FN:199,(anonymous_4)
FN:206,(anonymous_5)
FN:213,(anonymous_6)
FN:221,(anonymous_7)
FN:239,(anonymous_8)
FN:280,(anonymous_9)
FN:286,(anonymous_10)
FN:302,(anonymous_11)
FN:320,(anonymous_12)
FN:329,(anonymous_13)
FN:337,(anonymous_14)
FN:344,(anonymous_15)
FN:345,(anonymous_16)
FN:358,(anonymous_17)
FN:371,(anonymous_18)
FN:372,(anonymous_19)
FN:379,(anonymous_20)
FN:388,(anonymous_21)
FNF:22
FNH:22
FNDA:627,(anonymous_0)
FNDA:405,(anonymous_1)
FNDA:405,(anonymous_2)
FNDA:562,(anonymous_3)
FNDA:562,(anonymous_4)
FNDA:24,(anonymous_5)
FNDA:16,(anonymous_6)
FNDA:325,(anonymous_7)
FNDA:5,(anonymous_8)
FNDA:2,(anonymous_9)
FNDA:3,(anonymous_10)
FNDA:1,(anonymous_11)
FNDA:1,(anonymous_12)
FNDA:3,(anonymous_13)
FNDA:4,(anonymous_14)
FNDA:1,(anonymous_15)
FNDA:2,(anonymous_16)
FNDA:185,(anonymous_17)
FNDA:10,(anonymous_18)
FNDA:10,(anonymous_19)
FNDA:3,(anonymous_20)
FNDA:2,(anonymous_21)
DA:35,72
DA:36,72
DA:37,72
DA:51,627
DA:54,627
DA:55,627
DA:56,2
DA:66,625
DA:67,625
DA:68,220
DA:71,405
DA:72,405
DA:80,405
DA:82,405
DA:83,405
DA:84,201
DA:86,201
DA:87,17
DA:90,201
DA:95,1
DA:96,1
DA:115,405
DA:116,405
DA:117,405
DA:120,405
DA:122,405
DA:123,415
DA:124,562
DA:125,562
DA:126,17
DA:127,17
DA:135,342
DA:136,342
DA:144,195
DA:145,10
DA:146,10
DA:151,185
DA:154,185
DA:168,405
DA:171,405
DA:172,405
DA:176,405
DA:177,24
DA:181,405
DA:182,21
DA:183,21
DA:184,21
DA:188,405
DA:199,562
DA:200,562
DA:201,562
DA:203,562
DA:204,562
DA:206,562
DA:207,24
DA:208,17
DA:209,17
DA:210,17
DA:213,562
DA:214,16
DA:215,16
DA:216,16
DA:217,16
DA:218,16
DA:221,562
DA:222,325
DA:223,325
DA:224,325
DA:225,325
DA:228,562
DA:229,562
DA:231,562
DA:232,562
DA:244,5
DA:245,5
DA:246,5
DA:248,5
DA:249,10
DA:257,10
DA:258,10
DA:260,10
DA:261,8
DA:263,2
DA:267,5
DA:274,5
DA:285,2
DA:287,3
DA:290,2
DA:291,1
DA:294,1
DA:303,1
DA:304,1
DA:305,1
DA:306,1
DA:307,1
DA:308,1
DA:309,1
DA:310,1
DA:312,0
DA:321,1
DA:330,3
DA:338,4
DA:345,1
DA:346,2
DA:347,2
DA:348,2
DA:350,1
DA:351,1
DA:352,1
DA:359,185
DA:363,185
DA:365,185
DA:372,10
DA:384,3
DA:388,2
LF:115
LH:114
BRDA:44,0,0,627
BRDA:47,1,0,627
BRDA:48,2,0,627
BRDA:49,3,0,627
BRDA:50,4,0,627
BRDA:55,5,0,2
BRDA:55,5,1,625
BRDA:67,6,0,220
BRDA:67,6,1,405
BRDA:86,7,0,17
BRDA:86,7,1,184
BRDA:86,8,0,201
BRDA:86,8,1,17
BRDA:98,9,0,1
BRDA:98,9,1,0
BRDA:99,10,0,1
BRDA:99,10,1,0
BRDA:116,11,0,405
BRDA:116,11,1,401
BRDA:135,12,0,342
BRDA:135,12,1,0
BRDA:144,13,0,10
BRDA:144,13,1,185
BRDA:157,14,0,185
BRDA:157,14,1,0
BRDA:171,15,0,405
BRDA:171,15,1,0
BRDA:176,16,0,24
BRDA:176,16,1,381
BRDA:176,17,0,405
BRDA:176,17,1,24
BRDA:181,18,0,21
BRDA:181,18,1,384
BRDA:183,19,0,21
BRDA:183,19,1,0
BRDA:207,20,0,7
BRDA:207,20,1,17
BRDA:209,21,0,17
BRDA:209,21,1,0
BRDA:214,22,0,0
BRDA:214,22,1,16
BRDA:216,23,0,16
BRDA:216,23,1,0
BRDA:222,24,0,0
BRDA:222,24,1,325
BRDA:241,25,0,5
BRDA:260,26,0,8
BRDA:260,26,1,2
BRDA:287,27,0,3
BRDA:287,27,1,2
BRDA:290,28,0,1
BRDA:290,28,1,1
BRDA:304,29,0,1
BRDA:304,29,1,0
BRF:54
BRH:43
end_of_record
TN:
SF:src/audio/AudioAssetRegistry.ts
FN:105,(anonymous_0)
FN:111,(anonymous_1)
FN:233,(anonymous_2)
FN:306,(anonymous_3)
FN:606,(anonymous_4)
FN:611,(anonymous_5)
FN:616,(anonymous_6)
FN:621,(anonymous_7)
FN:625,(anonymous_8)
FN:629,(anonymous_9)
FN:633,(anonymous_10)
FN:769,(anonymous_11)
FN:771,(anonymous_12)
FN:776,(anonymous_13)
FN:778,(anonymous_14)
FN:784,(anonymous_15)
FN:793,(anonymous_16)
FN:803,(anonymous_17)
FN:808,(anonymous_18)
FN:813,(anonymous_19)
FN:828,(anonymous_20)
FN:836,(anonymous_21)
FN:971,(anonymous_22)
FN:980,(anonymous_23)
FN:988,(anonymous_24)
FN:997,(anonymous_25)
FN:999,(anonymous_26)
FN:1008,(anonymous_27)
FN:1028,(anonymous_28)
FN:1032,(anonymous_29)
FN:1040,(anonymous_30)
FN:1048,(anonymous_31)
FNF:32
FNH:14
FNDA:5,(anonymous_0)
FNDA:5,(anonymous_1)
FNDA:5,(anonymous_2)
FNDA:25,(anonymous_3)
FNDA:370,(anonymous_4)
FNDA:45,(anonymous_5)
FNDA:0,(anonymous_6)
FNDA:156,(anonymous_7)
FNDA:162,(anonymous_8)
FNDA:0,(anonymous_9)
FNDA:0,(anonymous_10)
FNDA:0,(anonymous_11)
FNDA:0,(anonymous_12)
FNDA:0,(anonymous_13)
FNDA:0,(anonymous_14)
FNDA:0,(anonymous_15)
FNDA:0,(anonymous_16)
FNDA:0,(anonymous_17)
FNDA:0,(anonymous_18)
FNDA:0,(anonymous_19)
FNDA:0,(anonymous_20)
FNDA:5,(anonymous_21)
FNDA:45,(anonymous_22)
FNDA:2,(anonymous_23)
FNDA:0,(anonymous_24)
FNDA:1,(anonymous_25)
FNDA:9,(anonymous_26)
FNDA:2,(anonymous_27)
FNDA:0,(anonymous_28)
FNDA:0,(anonymous_29)
FNDA:0,(anonymous_30)
FNDA:0,(anonymous_31)
DA:21,5
DA:78,5
DA:79,5
DA:80,5
DA:81,5
DA:84,5
DA:101,5
DA:102,5
DA:103,5
DA:106,5
DA:107,5
DA:108,5
DA:113,5
DA:134,5
DA:152,5
DA:174,5
DA:192,5
DA:210,5
DA:235,5
DA:256,5
DA:277,5
DA:298,5
DA:306,5
DA:307,25
DA:325,5
DA:326,40
DA:339,5
DA:340,20
DA:353,5
DA:369,5
DA:385,5
DA:401,5
DA:402,20
DA:415,5
DA:416,20
DA:429,5
DA:430,20
DA:443,5
DA:444,20
DA:457,5
DA:458,20
DA:471,5
DA:472,20
DA:485,5
DA:486,20
DA:499,5
DA:500,20
DA:513,5
DA:514,40
DA:527,5
DA:528,20
DA:541,5
DA:542,20
DA:555,5
DA:556,20
DA:569,5
DA:587,5
DA:607,370
DA:608,370
DA:612,45
DA:613,45
DA:617,0
DA:618,0
DA:622,156
DA:626,162
DA:630,0
DA:634,0
DA:643,5
DA:708,5
DA:771,0
DA:772,0
DA:778,0
DA:779,0
DA:785,0
DA:786,0
DA:787,0
DA:790,0
DA:794,0
DA:795,0
DA:796,0
DA:799,0
DA:804,0
DA:809,0
DA:814,0
DA:829,0
DA:838,5
DA:853,5
DA:862,5
DA:878,5
DA:890,5
DA:907,5
DA:922,5
DA:936,5
DA:951,5
DA:972,45
DA:981,2
DA:989,0
DA:998,1
DA:999,9
DA:1009,2
DA:1010,2
DA:1012,2
DA:1013,2
DA:1015,8
DA:1016,8
DA:1017,8
DA:1021,2
DA:1029,0
DA:1032,0
DA:1033,0
DA:1040,0
DA:1041,0
DA:1048,0
DA:1049,0
DA:1055,0
DA:1056,0
DA:1058,0
DA:1069,5
LF:118
LH:87
BRDA:786,0,0,0
BRDA:786,0,1,0
BRDA:795,1,0,0
BRDA:795,1,1,0
BRDA:1010,2,0,0
BRDA:1010,2,1,2
BRDA:1015,3,0,8
BRDA:1015,3,1,2
BRDA:1015,3,2,0
BRDA:1016,4,0,8
BRDA:1016,4,1,0
BRF:11
BRH:4
end_of_record
TN:
SF:src/audio/AudioManager.ts
FN:42,(anonymous_0)
FN:60,(anonymous_1)
FN:64,(anonymous_2)
FN:75,(anonymous_3)
FN:79,(anonymous_4)
FN:83,(anonymous_5)
FN:87,(anonymous_6)
FN:91,(anonymous_7)
FN:95,(anonymous_8)
FN:99,(anonymous_9)
FN:103,(anonymous_10)
FN:131,(anonymous_11)
FN:183,(anonymous_12)
FN:221,(anonymous_13)
FN:258,(anonymous_14)
FN:278,(anonymous_15)
FN:287,(anonymous_16)
FN:289,(anonymous_17)
FN:297,(anonymous_18)
FN:319,(anonymous_19)
FN:326,(anonymous_20)
FN:333,(anonymous_21)
FN:336,(anonymous_22)
FN:340,(anonymous_23)
FN:355,(anonymous_24)
FN:360,(anonymous_25)
FN:364,(anonymous_26)
FN:378,(anonymous_27)
FN:390,(anonymous_28)
FN:395,(anonymous_29)
FN:399,(anonymous_30)
FN:407,(anonymous_31)
FN:412,(anonymous_32)
FN:417,(anonymous_33)
FN:422,(anonymous_34)
FN:426,(anonymous_35)
FN:430,(anonymous_36)
FN:434,(anonymous_37)
FN:447,(anonymous_38)
FN:452,(anonymous_39)
FN:482,(anonymous_40)
FN:509,(anonymous_41)
FN:517,(anonymous_42)
FN:525,(anonymous_43)
FN:533,(anonymous_44)
FN:541,(anonymous_45)
FN:554,(anonymous_46)
FN:561,(anonymous_47)
FN:570,(anonymous_48)
FN:581,(anonymous_49)
FNF:50
FNH:36
FNDA:54,(anonymous_0)
FNDA:0,(anonymous_1)
FNDA:0,(anonymous_2)
FNDA:23,(anonymous_3)
FNDA:1,(anonymous_4)
FNDA:11,(anonymous_5)
FNDA:6,(anonymous_6)
FNDA:5,(anonymous_7)
FNDA:5,(anonymous_8)
FNDA:13,(anonymous_9)
FNDA:47,(anonymous_10)
FNDA:602,(anonymous_11)
FNDA:8,(anonymous_12)
FNDA:2,(anonymous_13)
FNDA:17,(anonymous_14)
FNDA:20,(anonymous_15)
FNDA:1,(anonymous_16)
FNDA:1,(anonymous_17)
FNDA:6,(anonymous_18)
FNDA:5,(anonymous_19)
FNDA:2,(anonymous_20)
FNDA:3,(anonymous_21)
FNDA:2,(anonymous_22)
FNDA:6,(anonymous_23)
FNDA:3,(anonymous_24)
FNDA:2,(anonymous_25)
FNDA:6,(anonymous_26)
FNDA:1,(anonymous_27)
FNDA:3,(anonymous_28)
FNDA:1,(anonymous_29)
FNDA:1,(anonymous_30)
FNDA:1,(anonymous_31)
FNDA:1,(anonymous_32)
FNDA:1,(anonymous_33)
FNDA:1,(anonymous_34)
FNDA:1,(anonymous_35)
FNDA:1,(anonymous_36)
FNDA:1,(anonymous_37)
FNDA:0,(anonymous_38)
FNDA:0,(anonymous_39)
FNDA:0,(anonymous_40)
FNDA:0,(anonymous_41)
FNDA:0,(anonymous_42)
FNDA:0,(anonymous_43)
FNDA:0,(anonymous_44)
FNDA:0,(anonymous_45)
FNDA:0,(anonymous_46)
FNDA:0,(anonymous_47)
FNDA:0,(anonymous_48)
FNDA:0,(anonymous_49)
DA:19,5
DA:22,54
DA:23,54
DA:24,54
DA:25,54
DA:26,54
DA:27,54
DA:28,54
DA:29,54
DA:30,54
DA:36,54
DA:43,54
DA:44,1
DA:45,1
DA:46,1
DA:50,54
DA:51,54
DA:52,54
DA:61,0
DA:62,0
DA:65,0
DA:70,0
DA:76,23
DA:80,1
DA:84,11
DA:88,6
DA:92,5
DA:96,5
DA:100,13
DA:104,47
DA:106,47
DA:107,47
DA:108,47
DA:110,47
DA:111,35
DA:112,35
DA:113,35
DA:117,35
DA:118,35
DA:119,35
DA:122,12
DA:126,12
DA:127,12
DA:132,602
DA:134,602
DA:138,602
DA:140,602
DA:148,602
DA:150,259
DA:151,0
DA:152,0
DA:155,0
DA:156,0
DA:159,0
DA:160,0
DA:168,259
DA:169,259
DA:172,259
DA:173,258
DA:177,0
DA:178,0
DA:179,0
DA:184,8
DA:186,7
DA:188,7
DA:190,7
DA:191,0
DA:192,0
DA:193,0
DA:194,0
DA:197,0
DA:199,0
DA:200,0
DA:201,0
DA:206,7
DA:207,7
DA:208,2
DA:209,2
DA:210,2
DA:212,2
DA:213,2
DA:216,0
DA:222,2
DA:224,2
DA:226,2
DA:228,2
DA:229,0
DA:230,0
DA:231,0
DA:232,0
DA:235,0
DA:237,0
DA:238,0
DA:239,0
DA:244,2
DA:245,2
DA:246,2
DA:247,2
DA:248,2
DA:250,2
DA:251,2
DA:254,0
DA:259,17
DA:261,16
DA:263,16
DA:264,16
DA:265,11
DA:266,11
DA:267,11
DA:268,11
DA:269,11
DA:270,11
DA:271,11
DA:273,0
DA:279,20
DA:280,5
DA:281,5
DA:282,5
DA:283,5
DA:288,1
DA:289,1
DA:290,1
DA:291,0
DA:292,0
DA:298,6
DA:300,6
DA:302,2
DA:303,2
DA:305,2
DA:306,2
DA:308,2
DA:309,2
DA:310,1
DA:312,2
DA:315,0
DA:320,5
DA:321,5
DA:322,1
DA:327,2
DA:328,2
DA:329,1
DA:334,3
DA:336,2
DA:337,2
DA:338,2
DA:340,2
DA:341,6
DA:342,4
DA:347,2
DA:348,2
DA:349,2
DA:356,3
DA:358,3
DA:360,2
DA:361,2
DA:362,2
DA:364,2
DA:365,6
DA:366,4
DA:371,2
DA:372,2
DA:384,1
DA:385,1
DA:386,1
DA:387,1
DA:391,3
DA:396,1
DA:403,1
DA:404,1
DA:408,1
DA:409,1
DA:413,1
DA:414,1
DA:418,1
DA:423,1
DA:427,1
DA:431,1
DA:435,1
DA:452,0
DA:453,0
DA:457,0
DA:458,0
DA:459,0
DA:461,0
DA:462,0
DA:463,0
DA:466,0
DA:467,0
DA:484,0
DA:485,0
DA:486,0
DA:487,0
DA:488,0
DA:492,0
DA:495,0
DA:496,0
DA:500,0
DA:502,0
DA:510,0
DA:518,0
DA:526,0
DA:534,0
DA:547,0
DA:555,0
DA:562,0
DA:571,0
DA:572,0
DA:574,0
DA:586,0
LF:209
LH:143
BRDA:43,0,0,1
BRDA:43,0,1,53
BRDA:44,1,0,1
BRDA:44,1,1,0
BRDA:45,2,0,1
BRDA:45,2,1,0
BRDA:46,3,0,1
BRDA:46,3,1,0
BRDA:61,4,0,0
BRDA:61,4,1,0
BRDA:106,5,0,47
BRDA:106,5,1,12
BRDA:110,6,0,35
BRDA:110,6,1,12
BRDA:111,7,0,35
BRDA:111,7,1,35
BRDA:112,8,0,35
BRDA:112,8,1,35
BRDA:113,9,0,35
BRDA:113,9,1,35
BRDA:117,10,0,35
BRDA:117,10,1,0
BRDA:138,11,0,602
BRDA:138,11,1,602
BRDA:141,12,0,602
BRDA:141,12,1,0
BRDA:142,13,0,602
BRDA:142,13,1,0
BRDA:143,14,0,602
BRDA:143,14,1,0
BRDA:150,15,0,0
BRDA:150,15,1,259
BRDA:150,16,0,259
BRDA:150,16,1,0
BRDA:151,17,0,0
BRDA:151,17,1,0
BRDA:159,18,0,0
BRDA:159,18,1,0
BRDA:168,19,0,259
BRDA:168,19,1,0
BRDA:172,20,0,258
BRDA:172,20,1,1
BRDA:177,21,0,0
BRDA:177,21,1,0
BRDA:184,22,0,1
BRDA:184,22,1,7
BRDA:190,23,0,0
BRDA:190,23,1,7
BRDA:190,24,0,7
BRDA:190,24,1,1
BRDA:192,25,0,0
BRDA:192,25,1,0
BRDA:207,26,0,2
BRDA:207,26,1,5
BRDA:222,27,0,0
BRDA:222,27,1,2
BRDA:228,28,0,0
BRDA:228,28,1,2
BRDA:228,29,0,2
BRDA:228,29,1,0
BRDA:230,30,0,0
BRDA:230,30,1,0
BRDA:231,31,0,0
BRDA:231,31,1,0
BRDA:245,32,0,2
BRDA:245,32,1,0
BRDA:247,33,0,2
BRDA:247,33,1,1
BRDA:259,34,0,1
BRDA:259,34,1,16
BRDA:264,35,0,11
BRDA:264,35,1,5
BRDA:267,36,0,11
BRDA:267,36,1,8
BRDA:279,37,0,5
BRDA:279,37,1,15
BRDA:290,38,0,0
BRDA:290,38,1,1
BRDA:300,39,0,2
BRDA:300,39,1,2
BRDA:300,39,2,2
BRDA:300,39,3,0
BRDA:309,40,0,1
BRDA:309,40,1,1
BRDA:321,41,0,1
BRDA:321,41,1,4
BRDA:328,42,0,1
BRDA:328,42,1,1
BRDA:333,43,0,3
BRDA:334,44,0,1
BRDA:334,44,1,2
BRDA:341,45,0,4
BRDA:341,45,1,2
BRDA:341,46,0,6
BRDA:341,46,1,6
BRDA:355,47,0,3
BRDA:358,48,0,1
BRDA:358,48,1,2
BRDA:365,49,0,4
BRDA:365,49,1,2
BRDA:365,50,0,6
BRDA:365,50,1,6
BRDA:381,51,0,1
BRDA:461,52,0,0
BRDA:461,52,1,0
BRDA:461,53,0,0
BRDA:461,53,1,0
BRDA:462,54,0,0
BRDA:462,54,1,0
BRDA:466,55,0,0
BRDA:466,55,1,0
BRDA:485,56,0,0
BRDA:485,56,1,0
BRDA:495,57,0,0
BRDA:495,57,1,0
BRDA:502,58,0,0
BRDA:502,58,1,0
BRDA:571,59,0,0
BRDA:571,59,1,0
BRF:119
BRH:72
end_of_record
TN:
SF:src/audio/AudioMonitor.ts
FN:57,(anonymous_0)
FN:74,(anonymous_1)
FN:83,(anonymous_2)
FN:95,(anonymous_3)
FN:116,(anonymous_4)
FN:118,(anonymous_5)
FN:134,(anonymous_6)
FN:137,(anonymous_7)
FN:148,(anonymous_8)
FN:165,(anonymous_9)
FN:168,(anonymous_10)
FN:188,(anonymous_11)
FN:195,(anonymous_12)
FN:202,(anonymous_13)
FN:209,(anonymous_14)
FN:216,(anonymous_15)
FN:262,(anonymous_16)
FN:281,(anonymous_17)
FN:288,(anonymous_18)
FN:302,(anonymous_19)
FN:315,(anonymous_20)
FN:322,(anonymous_21)
FNF:22
FNH:21
FNDA:347,(anonymous_0)
FNDA:261,(anonymous_1)
FNDA:159,(anonymous_2)
FNDA:1286,(anonymous_3)
FNDA:355,(anonymous_4)
FNDA:22872,(anonymous_5)
FNDA:12,(anonymous_6)
FNDA:119,(anonymous_7)
FNDA:104,(anonymous_8)
FNDA:9,(anonymous_9)
FNDA:275,(anonymous_10)
FNDA:10,(anonymous_11)
FNDA:3,(anonymous_12)
FNDA:1,(anonymous_13)
FNDA:45,(anonymous_14)
FNDA:347,(anonymous_15)
FNDA:12,(anonymous_16)
FNDA:9,(anonymous_17)
FNDA:0,(anonymous_18)
FNDA:1,(anonymous_19)
FNDA:1,(anonymous_20)
FNDA:2,(anonymous_21)
DA:40,86
DA:41,86
DA:42,86
DA:43,86
DA:44,86
DA:45,86
DA:46,86
DA:47,86
DA:48,86
DA:49,86
DA:50,86
DA:51,86
DA:52,86
DA:58,347
DA:59,347
DA:60,347
DA:63,347
DA:64,100
DA:68,347
DA:75,261
DA:76,261
DA:77,261
DA:84,159
DA:87,159
DA:88,50
DA:96,1286
DA:97,1286
DA:100,1286
DA:101,1010
DA:105,1286
DA:106,1286
DA:108,9
DA:109,9
DA:117,355
DA:118,22872
DA:119,355
DA:120,355
DA:122,355
DA:136,12
DA:137,119
DA:141,12
DA:144,12
DA:147,12
DA:148,104
DA:152,12
DA:167,9
DA:168,275
DA:172,9
DA:173,9
DA:174,9
DA:176,9
DA:189,10
DA:196,3
DA:203,1
DA:210,45
DA:217,347
DA:218,347
DA:219,347
DA:222,347
DA:223,219
DA:226,128
DA:228,2
DA:235,2
DA:236,126
DA:238,1
DA:245,1
DA:246,125
DA:248,9
DA:255,9
DA:263,12
DA:266,12
DA:267,0
DA:271,12
DA:272,2
DA:273,10
DA:274,1
DA:282,9
DA:283,9
DA:287,0
DA:288,0
DA:291,0
DA:292,0
DA:293,0
DA:295,0
DA:303,1
DA:304,1
DA:305,1
DA:306,1
DA:307,1
DA:308,1
DA:309,1
DA:316,1
DA:328,2
LF:93
LH:86
BRDA:63,0,0,100
BRDA:63,0,1,247
BRDA:87,1,0,50
BRDA:87,1,1,109
BRDA:100,2,0,1010
BRDA:100,2,1,276
BRDA:106,3,0,9
BRDA:106,3,1,1277
BRDA:119,4,0,353
BRDA:119,4,1,2
BRDA:120,5,0,353
BRDA:120,5,1,2
BRDA:136,6,0,7
BRDA:136,6,1,5
BRDA:141,7,0,7
BRDA:141,7,1,5
BRDA:144,8,0,7
BRDA:144,8,1,5
BRDA:147,9,0,3
BRDA:147,9,1,9
BRDA:167,10,0,8
BRDA:167,10,1,1
BRDA:174,11,0,9
BRDA:174,11,1,7
BRDA:195,12,0,3
BRDA:222,13,0,219
BRDA:222,13,1,128
BRDA:226,14,0,2
BRDA:226,14,1,126
BRDA:236,15,0,1
BRDA:236,15,1,125
BRDA:246,16,0,9
BRDA:246,16,1,116
BRDA:266,17,0,0
BRDA:266,17,1,12
BRDA:271,18,0,2
BRDA:271,18,1,10
BRDA:273,19,0,1
BRDA:273,19,1,9
BRDA:282,20,0,9
BRDA:282,20,1,0
BRDA:291,21,0,0
BRDA:291,21,1,0
BRDA:293,22,0,0
BRDA:293,22,1,0
BRF:45
BRH:39
end_of_record
TN:
SF:src/audio/AudioPool.ts
FN:31,(anonymous_0)
FN:49,(anonymous_1)
FN:71,(anonymous_2)
FN:87,(anonymous_3)
FN:88,(anonymous_4)
FN:99,(anonymous_5)
FN:113,(anonymous_6)
FN:118,(anonymous_7)
FN:123,(anonymous_8)
FN:143,(anonymous_9)
FN:155,(anonymous_10)
FN:161,(anonymous_11)
FN:175,(anonymous_12)
FN:182,(anonymous_13)
FN:194,(anonymous_14)
FN:206,(anonymous_15)
FN:207,(anonymous_16)
FN:213,(anonymous_17)
FN:221,(anonymous_18)
FN:223,(anonymous_19)
FN:234,(anonymous_20)
FN:247,(anonymous_21)
FN:248,(anonymous_22)
FN:255,(anonymous_23)
FN:262,(anonymous_24)
FNF:25
FNH:25
FNDA:35,(anonymous_0)
FNDA:41,(anonymous_1)
FNDA:6,(anonymous_2)
FNDA:3,(anonymous_3)
FNDA:6,(anonymous_4)
FNDA:18,(anonymous_5)
FNDA:5,(anonymous_6)
FNDA:159,(anonymous_7)
FNDA:3,(anonymous_8)
FNDA:25,(anonymous_9)
FNDA:128,(anonymous_10)
FNDA:5,(anonymous_11)
FNDA:3,(anonymous_12)
FNDA:21,(anonymous_13)
FNDA:3,(anonymous_14)
FNDA:1,(anonymous_15)
FNDA:2,(anonymous_16)
FNDA:6,(anonymous_17)
FNDA:1,(anonymous_18)
FNDA:2,(anonymous_19)
FNDA:2,(anonymous_20)
FNDA:1,(anonymous_21)
FNDA:3,(anonymous_22)
FNDA:6,(anonymous_23)
FNDA:4,(anonymous_24)
DA:25,35
DA:26,35
DA:27,35
DA:28,35
DA:29,35
DA:32,35
DA:33,35
DA:34,35
DA:41,35
DA:42,157
DA:50,41
DA:52,41
DA:54,41
DA:56,5
DA:57,2
DA:59,3
DA:60,3
DA:64,38
DA:65,38
DA:72,6
DA:73,1
DA:74,1
DA:77,5
DA:78,5
DA:79,5
DA:80,5
DA:88,3
DA:89,6
DA:90,6
DA:91,6
DA:93,3
DA:100,18
DA:114,5
DA:115,5
DA:119,159
DA:120,159
DA:124,3
DA:125,3
DA:133,78
DA:134,78
DA:148,25
DA:149,1
DA:152,24
DA:154,24
DA:156,128
DA:157,128
DA:158,128
DA:159,128
DA:162,5
DA:163,5
DA:168,24
DA:169,24
DA:176,3
DA:183,21
DA:184,21
DA:185,1
DA:186,1
DA:188,20
DA:195,3
DA:196,3
DA:197,1
DA:198,1
DA:200,2
DA:207,2
DA:214,6
DA:215,6
DA:222,1
DA:223,1
DA:224,2
DA:226,1
DA:235,2
DA:236,2
DA:237,1
DA:238,1
DA:239,1
DA:241,1
DA:248,3
DA:249,1
DA:256,6
DA:263,4
LF:80
LH:80
BRDA:34,0,0,35
BRDA:54,1,0,5
BRDA:54,1,1,36
BRDA:56,2,0,2
BRDA:56,2,1,3
BRDA:56,3,0,5
BRDA:56,3,1,3
BRDA:72,4,0,1
BRDA:72,4,1,5
BRDA:148,5,0,1
BRDA:148,5,1,24
BRDA:184,6,0,1
BRDA:184,6,1,20
BRDA:196,7,0,1
BRDA:196,7,1,2
BRDA:236,8,0,1
BRDA:236,8,1,1
BRF:17
BRH:17
end_of_record
TN:
SF:src/audio/AudioProvider.tsx
FN:34,(anonymous_0)
FN:40,(anonymous_1)
FN:47,(anonymous_2)
FN:51,(anonymous_3)
FN:60,(anonymous_4)
FN:60,(anonymous_5)
FN:73,(anonymous_6)
FN:74,(anonymous_7)
FN:74,(anonymous_8)
FN:81,(anonymous_9)
FN:87,(anonymous_10)
FN:88,(anonymous_11)
FN:96,(anonymous_12)
FN:97,(anonymous_13)
FN:97,(anonymous_14)
FN:110,(anonymous_15)
FN:116,(anonymous_16)
FN:139,(anonymous_17)
FN:140,(anonymous_18)
FN:141,(anonymous_19)
FN:142,(anonymous_20)
FN:143,(anonymous_21)
FNF:22
FNH:18
FNDA:81,(anonymous_0)
FNDA:62,(anonymous_1)
FNDA:36,(anonymous_2)
FNDA:32,(anonymous_3)
FNDA:1568,(anonymous_4)
FNDA:0,(anonymous_5)
FNDA:125,(anonymous_6)
FNDA:125,(anonymous_7)
FNDA:0,(anonymous_8)
FNDA:0,(anonymous_9)
FNDA:125,(anonymous_10)
FNDA:125,(anonymous_11)
FNDA:125,(anonymous_12)
FNDA:125,(anonymous_13)
FNDA:0,(anonymous_14)
FNDA:36,(anonymous_15)
FNDA:61,(anonymous_16)
FNDA:19,(anonymous_17)
FNDA:2,(anonymous_18)
FNDA:1,(anonymous_19)
FNDA:1,(anonymous_20)
FNDA:7,(anonymous_21)
DA:32,4
DA:34,4
DA:35,81
DA:36,81
DA:37,81
DA:40,4
DA:46,62
DA:47,36
DA:49,62
DA:51,62
DA:55,32
DA:56,32
DA:59,32
DA:60,1568
DA:61,0
DA:65,25
DA:73,125
DA:74,125
DA:75,0
DA:79,25
DA:80,25
DA:81,25
DA:82,0
DA:87,125
DA:88,25
DA:89,125
DA:90,125
DA:91,0
DA:93,125
DA:96,125
DA:97,125
DA:98,0
DA:101,25
DA:103,0
DA:105,0
DA:110,62
DA:111,36
DA:112,30
DA:116,62
DA:119,61
DA:139,19
DA:140,2
DA:141,1
DA:142,1
DA:143,7
DA:151,62
LF:46
LH:39
BRDA:36,0,0,0
BRDA:36,0,1,81
BRDA:44,1,0,62
BRDA:47,2,0,36
BRDA:47,2,1,15
BRDA:80,3,0,25
BRDA:80,3,1,0
BRDA:90,4,0,0
BRDA:90,4,1,125
BRDA:111,5,0,30
BRDA:111,5,1,6
BRF:11
BRH:8
end_of_record
TN:
SF:src/audio/AudioUtils.ts
FN:17,selectAudioFormat
FN:42,getPreferredFormat
FN:65,canPlayType
FN:79,clampVolume
FN:86,getBestFormatMetadata
FN:97,getFormatQuality
FN:118,(anonymous_6)
FN:127,(anonymous_7)
FN:160,(anonymous_8)
FN:189,detectSupportedFormats
FN:215,createAudioElement
FN:228,validateAudioUrl
FN:235,normalizeVolume
FN:242,formatDuration
FN:251,isAudioSupported
FN:258,getOptimalFormat
FNF:16
FNH:16
FNDA:23,selectAudioFormat
FNDA:8,getPreferredFormat
FNDA:37,canPlayType
FNDA:3,clampVolume
FNDA:8,getBestFormatMetadata
FNDA:8,getFormatQuality
FNDA:1,(anonymous_6)
FNDA:1,(anonymous_7)
FNDA:1,(anonymous_8)
FNDA:3,detectSupportedFormats
FNDA:4,createAudioElement
FNDA:7,validateAudioUrl
FNDA:7,normalizeVolume
FNDA:10,formatDuration
FNDA:2,isAudioSupported
FNDA:6,getOptimalFormat
DA:7,1
DA:22,23
DA:23,62
DA:24,13
DA:29,10
DA:30,6
DA:31,2
DA:35,8
DA:46,8
DA:48,8
DA:50,2
DA:51,2
DA:52,1
DA:53,1
DA:55,1
DA:58,6
DA:59,6
DA:66,37
DA:68,3
DA:71,34
DA:72,34
DA:73,34
DA:80,3
DA:89,8
DA:90,8
DA:100,8
DA:102,4
DA:104,2
DA:107,0
DA:110,2
DA:119,14
DA:120,14
DA:121,14
DA:137,8
DA:138,8
DA:141,8
DA:142,16
DA:143,6
DA:148,2
DA:149,0
DA:150,0
DA:154,2
DA:165,6
DA:167,6
DA:168,2
DA:175,4
DA:176,4
DA:178,4
DA:190,3
DA:191,3
DA:193,3
DA:194,3
DA:197,3
DA:198,3
DA:201,3
DA:202,3
DA:205,3
DA:206,0
DA:209,3
DA:219,4
DA:220,4
DA:221,4
DA:222,4
DA:229,7
DA:236,7
DA:243,10
DA:244,10
DA:245,10
DA:252,2
DA:261,6
DA:268,6
DA:269,15
DA:270,5
DA:274,1
LF:74
LH:70
BRDA:19,0,0,23
BRDA:23,1,0,13
BRDA:23,1,1,49
BRDA:23,2,0,62
BRDA:23,2,1,19
BRDA:30,3,0,2
BRDA:30,3,1,4
BRDA:48,4,0,2
BRDA:48,4,1,6
BRDA:51,5,0,1
BRDA:51,5,1,1
BRDA:66,6,0,3
BRDA:66,6,1,34
BRDA:73,7,0,34
BRDA:73,7,1,20
BRDA:92,8,0,4
BRDA:92,8,1,4
BRDA:100,9,0,4
BRDA:100,9,1,4
BRDA:102,10,0,2
BRDA:102,10,1,0
BRDA:102,10,2,0
BRDA:102,10,3,2
BRDA:102,10,4,2
BRDA:121,11,0,14
BRDA:121,11,1,6
BRDA:129,12,0,8
BRDA:142,13,0,6
BRDA:142,13,1,10
BRDA:142,14,0,16
BRDA:142,14,1,6
BRDA:149,15,0,0
BRDA:149,15,1,0
BRDA:167,16,0,2
BRDA:167,16,1,4
BRDA:193,17,0,3
BRDA:193,17,1,0
BRDA:197,18,0,3
BRDA:197,18,1,0
BRDA:201,19,0,3
BRDA:201,19,1,0
BRDA:205,20,0,0
BRDA:205,20,1,3
BRDA:217,21,0,4
BRDA:229,22,0,7
BRDA:229,22,1,4
BRDA:269,23,0,5
BRDA:269,23,1,10
BRDA:274,24,0,0
BRDA:274,24,1,1
BRF:50
BRH:41
end_of_record
TN:
SF:src/audio/placeholder-sounds.ts
FNF:0
FNH:0
DA:12,4
DA:81,4
DA:124,4
DA:193,4
DA:285,4
DA:325,4
DA:353,4
DA:385,4
DA:392,4
DA:399,4
LF:10
LH:10
BRF:0
BRH:0
end_of_record
TN:
SF:src/audio/types.ts
FN:10,(anonymous_0)
FNF:1
FNH:1
FNDA:5,(anonymous_0)
DA:10,5
DA:11,5
DA:12,5
DA:13,5
DA:14,5
LF:5
LH:5
BRDA:10,0,0,5
BRDA:10,0,1,5
BRF:2
BRH:2
end_of_record
TN:
SF:src/components/combat/CombatScreen3D.tsx
FN:56,(anonymous_0)
FN:129,(anonymous_1)
FN:142,(anonymous_2)
FN:145,(anonymous_3)
FN:155,(anonymous_4)
FN:158,(anonymous_5)
FN:199,(anonymous_6)
FN:225,(anonymous_7)
FN:233,(anonymous_8)
FN:242,(anonymous_9)
FN:248,(anonymous_10)
FN:249,(anonymous_11)
FN:257,(anonymous_12)
FN:280,(anonymous_13)
FN:288,(anonymous_14)
FN:304,(anonymous_15)
FN:307,(anonymous_16)
FN:317,(anonymous_17)
FN:328,(anonymous_18)
FN:334,(anonymous_19)
FN:346,(anonymous_20)
FN:353,(anonymous_21)
FN:373,(anonymous_22)
FN:409,(anonymous_23)
FN:410,(anonymous_24)
FN:415,(anonymous_25)
FN:429,(anonymous_26)
FN:437,(anonymous_27)
FN:459,(anonymous_28)
FN:489,(anonymous_29)
FN:556,(anonymous_30)
FN:578,(anonymous_31)
FN:592,(anonymous_32)
FN:603,(anonymous_33)
FN:617,(anonymous_34)
FN:622,(anonymous_35)
FN:623,(anonymous_36)
FN:680,(anonymous_37)
FN:713,(anonymous_38)
FN:901,(anonymous_39)
FN:947,(anonymous_40)
FN:992,(anonymous_41)
FN:999,(anonymous_42)
FN:1016,(anonymous_43)
FN:1032,(anonymous_44)
FNF:45
FNH:19
FNDA:0,(anonymous_0)
FNDA:60,(anonymous_1)
FNDA:0,(anonymous_2)
FNDA:0,(anonymous_3)
FNDA:30,(anonymous_4)
FNDA:30,(anonymous_5)
FNDA:0,(anonymous_6)
FNDA:60,(anonymous_7)
FNDA:60,(anonymous_8)
FNDA:30,(anonymous_9)
FNDA:0,(anonymous_10)
FNDA:0,(anonymous_11)
FNDA:60,(anonymous_12)
FNDA:0,(anonymous_13)
FNDA:0,(anonymous_14)
FNDA:30,(anonymous_15)
FNDA:30,(anonymous_16)
FNDA:30,(anonymous_17)
FNDA:60,(anonymous_18)
FNDA:0,(anonymous_19)
FNDA:0,(anonymous_20)
FNDA:0,(anonymous_21)
FNDA:0,(anonymous_22)
FNDA:30,(anonymous_23)
FNDA:30,(anonymous_24)
FNDA:60,(anonymous_25)
FNDA:0,(anonymous_26)
FNDA:0,(anonymous_27)
FNDA:0,(anonymous_28)
FNDA:0,(anonymous_29)
FNDA:60,(anonymous_30)
FNDA:60,(anonymous_31)
FNDA:0,(anonymous_32)
FNDA:0,(anonymous_33)
FNDA:60,(anonymous_34)
FNDA:60,(anonymous_35)
FNDA:0,(anonymous_36)
FNDA:60,(anonymous_37)
FNDA:0,(anonymous_38)
FNDA:0,(anonymous_39)
FNDA:0,(anonymous_40)
FNDA:0,(anonymous_41)
FNDA:0,(anonymous_42)
FNDA:0,(anonymous_43)
FNDA:0,(anonymous_44)
DA:56,1
DA:57,0
DA:58,0
DA:59,0
DA:62,0
DA:63,0
DA:68,0
DA:129,1
DA:141,60
DA:143,0
DA:146,0
DA:152,60
DA:155,60
DA:156,30
DA:157,30
DA:158,30
DA:159,30
DA:160,30
DA:170,60
DA:173,60
DA:176,60
DA:179,60
DA:182,60
DA:183,60
DA:184,60
DA:193,60
DA:201,0
DA:202,0
DA:203,0
DA:206,0
DA:207,0
DA:213,60
DA:225,60
DA:226,60
DA:227,60
DA:228,60
DA:229,60
DA:230,60
DA:233,60
DA:234,60
DA:235,60
DA:236,60
DA:237,60
DA:238,60
DA:242,60
DA:245,60
DA:249,0
DA:250,0
DA:257,60
DA:258,60
DA:259,0
DA:260,0
DA:262,0
DA:268,60
DA:270,60
DA:272,60
DA:279,60
DA:281,0
DA:282,0
DA:288,60
DA:289,0
DA:290,0
DA:291,0
DA:293,0
DA:294,0
DA:295,0
DA:296,0
DA:298,0
DA:304,60
DA:307,60
DA:308,30
DA:309,30
DA:310,30
DA:311,29
DA:314,0
DA:317,30
DA:318,30
DA:319,30
DA:320,30
DA:322,0
DA:327,60
DA:328,60
DA:333,60
DA:335,0
DA:336,0
DA:345,60
DA:347,0
DA:352,60
DA:358,0
DA:372,60
DA:374,0
DA:380,0
DA:395,60
DA:409,60
DA:410,30
DA:411,30
DA:415,60
DA:416,60
DA:418,58
DA:419,0
DA:420,0
DA:421,0
DA:423,0
DA:425,0
DA:426,0
DA:429,0
DA:434,0
DA:437,0
DA:438,0
DA:458,60
DA:460,0
DA:462,0
DA:463,0
DA:465,0
DA:466,0
DA:469,0
DA:470,0
DA:474,0
DA:475,0
DA:477,0
DA:480,0
DA:481,0
DA:482,0
DA:486,0
DA:487,0
DA:489,0
DA:490,0
DA:495,0
DA:496,0
DA:497,0
DA:498,0
DA:499,0
DA:500,0
DA:501,0
DA:517,0
DA:521,0
DA:523,0
DA:524,0
DA:525,0
DA:542,60
DA:556,60
DA:557,60
DA:558,0
DA:559,0
DA:561,0
DA:563,0
DA:578,60
DA:579,60
DA:581,60
DA:582,60
DA:584,60
DA:585,0
DA:586,0
DA:587,0
DA:588,0
DA:589,0
DA:592,0
DA:597,0
DA:603,0
DA:604,0
DA:617,60
DA:618,60
DA:622,60
DA:623,60
DA:625,0
DA:626,0
DA:627,0
DA:628,0
DA:630,0
DA:633,0
DA:638,0
DA:639,0
DA:640,0
DA:642,0
DA:645,0
DA:647,0
DA:648,0
DA:649,0
DA:659,0
DA:660,0
DA:663,0
DA:664,0
DA:665,0
DA:668,0
DA:669,0
DA:670,0
DA:673,0
DA:674,0
DA:675,0
DA:679,60
DA:680,60
DA:693,60
DA:714,0
DA:715,0
DA:902,0
DA:947,0
DA:994,0
DA:995,0
DA:996,0
DA:1001,0
DA:1002,0
DA:1003,0
DA:1005,0
DA:1017,0
DA:1018,0
DA:1020,0
DA:1033,0
DA:1035,0
LF:208
LH:79
BRDA:57,0,0,0
BRDA:57,0,1,0
BRDA:58,1,0,0
BRDA:58,1,1,0
BRDA:62,2,0,0
BRDA:62,2,1,0
BRDA:68,3,0,0
BRDA:68,3,1,0
BRDA:137,4,0,60
BRDA:138,5,0,60
BRDA:156,6,0,30
BRDA:156,6,1,0
BRDA:206,7,0,0
BRDA:206,7,1,0
BRDA:246,8,0,60
BRDA:246,8,1,58
BRDA:246,8,2,0
BRDA:246,8,3,0
BRDA:246,8,4,0
BRDA:258,9,0,0
BRDA:258,9,1,60
BRDA:270,10,0,60
BRDA:270,10,1,0
BRDA:289,11,0,0
BRDA:289,11,1,0
BRDA:289,12,0,0
BRDA:289,12,1,0
BRDA:294,13,0,0
BRDA:294,13,1,0
BRDA:310,14,0,29
BRDA:310,14,1,1
BRDA:373,15,0,0
BRDA:416,16,0,2
BRDA:416,16,1,58
BRDA:418,17,0,0
BRDA:418,17,1,58
BRDA:418,18,0,58
BRDA:418,18,1,0
BRDA:425,19,0,0
BRDA:425,19,1,0
BRDA:430,20,0,0
BRDA:430,20,1,0
BRDA:431,21,0,0
BRDA:431,21,1,0
BRDA:460,22,0,0
BRDA:460,22,1,0
BRDA:460,22,2,0
BRDA:460,22,3,0
BRDA:460,22,4,0
BRDA:460,22,5,0
BRDA:460,22,6,0
BRDA:460,22,7,0
BRDA:460,22,8,0
BRDA:474,23,0,0
BRDA:474,23,1,0
BRDA:490,24,0,0
BRDA:490,24,1,0
BRDA:491,25,0,0
BRDA:491,25,1,0
BRDA:491,25,2,0
BRDA:499,26,0,0
BRDA:499,26,1,0
BRDA:557,27,0,0
BRDA:557,27,1,60
BRDA:557,28,0,60
BRDA:557,28,1,0
BRDA:559,29,0,0
BRDA:559,29,1,0
BRDA:559,30,0,0
BRDA:559,30,1,0
BRDA:561,31,0,0
BRDA:561,31,1,0
BRDA:564,32,0,0
BRDA:564,32,1,0
BRDA:566,33,0,0
BRDA:566,33,1,0
BRDA:569,34,0,0
BRDA:569,34,1,0
BRDA:571,35,0,0
BRDA:571,35,1,0
BRDA:572,36,0,0
BRDA:572,36,1,0
BRDA:579,37,0,0
BRDA:579,37,1,60
BRDA:584,38,0,0
BRDA:584,38,1,60
BRDA:584,39,0,60
BRDA:584,39,1,60
BRDA:588,40,0,0
BRDA:588,40,1,0
BRDA:593,41,0,0
BRDA:593,41,1,0
BRDA:594,42,0,0
BRDA:594,42,1,0
BRDA:598,43,0,0
BRDA:598,43,1,0
BRDA:599,44,0,0
BRDA:599,44,1,0
BRDA:625,45,0,0
BRDA:625,45,1,0
BRDA:625,46,0,0
BRDA:625,46,1,0
BRDA:626,47,0,0
BRDA:626,47,1,0
BRDA:633,48,0,0
BRDA:633,48,1,0
BRDA:634,49,0,0
BRDA:634,49,1,0
BRDA:634,49,2,0
BRDA:638,50,0,0
BRDA:638,50,1,0
BRDA:647,51,0,0
BRDA:647,51,1,0
BRDA:647,52,0,0
BRDA:647,52,1,0
BRDA:663,53,0,0
BRDA:663,53,1,0
BRDA:668,54,0,0
BRDA:668,54,1,0
BRDA:673,55,0,0
BRDA:673,55,1,0
BRDA:730,56,0,0
BRDA:730,56,1,60
BRDA:732,57,0,0
BRDA:732,57,1,60
BRDA:765,58,0,60
BRDA:765,58,1,60
BRDA:773,59,0,60
BRDA:773,59,1,0
BRDA:773,59,2,0
BRDA:790,60,0,0
BRDA:790,60,1,0
BRDA:791,61,0,0
BRDA:791,61,1,0
BRDA:792,62,0,0
BRDA:792,62,1,0
BRDA:793,63,0,0
BRDA:793,63,1,0
BRDA:817,64,0,2
BRDA:817,64,1,58
BRDA:879,65,0,2
BRDA:879,65,1,58
BRDA:891,66,0,2
BRDA:891,66,1,58
BRDA:958,67,0,60
BRDA:958,67,1,2
BRDA:981,68,0,60
BRDA:981,68,1,0
BRDA:981,68,2,0
BRDA:987,69,0,0
BRDA:987,69,1,0
BRDA:988,70,0,0
BRDA:988,70,1,0
BRDA:989,71,0,0
BRDA:989,71,1,0
BRDA:994,72,0,0
BRDA:994,72,1,0
BRDA:994,73,0,0
BRDA:994,73,1,0
BRDA:995,74,0,0
BRDA:995,74,1,0
BRDA:1001,75,0,0
BRDA:1001,75,1,0
BRDA:1001,76,0,0
BRDA:1001,76,1,0
BRDA:1002,77,0,0
BRDA:1002,77,1,0
BRDA:1014,78,0,60
BRDA:1014,78,1,60
BRDA:1014,78,2,56
BRDA:1028,79,0,60
BRDA:1028,79,1,0
BRDA:1028,79,2,0
BRF:173
BRH:37
end_of_record
TN:
SF:src/components/combat/components/CombatArena3D.tsx
FN:26,(anonymous_0)
FN:32,(anonymous_1)
FN:115,(anonymous_2)
FNF:3
FNH:2
FNDA:65,(anonymous_0)
FNDA:0,(anonymous_1)
FNDA:260,(anonymous_2)
DA:26,2
DA:29,65
DA:32,65
DA:33,0
DA:34,0
DA:38,65
DA:116,260
LF:7
LH:5
BRDA:27,0,0,65
BRDA:33,1,0,0
BRDA:33,1,1,0
BRDA:41,2,0,65
BRDA:41,2,1,63
BRDA:64,3,0,65
BRDA:64,3,1,1
BRDA:76,4,0,65
BRDA:76,4,1,1
BRF:9
BRH:7
end_of_record
TN:
SF:src/components/combat/components/CombatHUDThree.tsx
FN:42,(anonymous_0)
FN:55,(anonymous_1)
FN:59,(anonymous_2)
FNF:3
FNH:3
FNDA:34,(anonymous_0)
FNDA:34,(anonymous_1)
FNDA:34,(anonymous_2)
DA:42,1
DA:54,34
DA:55,34
DA:58,34
DA:59,34
DA:63,34
DA:65,34
DA:239,1
LF:8
LH:8
BRDA:48,0,0,34
BRDA:49,1,0,34
BRDA:50,2,0,34
BRDA:51,3,0,34
BRDA:63,4,0,1
BRDA:63,4,1,33
BRDA:84,5,0,2
BRDA:84,5,1,32
BRDA:224,6,0,34
BRDA:224,6,1,2
BRF:10
BRH:10
end_of_record
TN:
SF:src/components/combat/components/HitEffects3D.tsx
FN:39,(anonymous_0)
FN:43,(anonymous_1)
FN:59,(anonymous_2)
FN:122,(anonymous_3)
FN:167,(anonymous_4)
FN:191,(anonymous_5)
FN:221,(anonymous_6)
FN:273,(anonymous_7)
FN:300,(anonymous_8)
FN:340,(anonymous_9)
FN:351,(anonymous_10)
FN:352,(anonymous_11)
FN:357,(anonymous_12)
FN:365,(anonymous_13)
FN:373,(anonymous_14)
FN:376,(anonymous_15)
FN:396,(anonymous_16)
FN:397,(anonymous_17)
FNF:18
FNH:14
FNDA:19,(anonymous_0)
FNDA:19,(anonymous_1)
FNDA:0,(anonymous_2)
FNDA:8,(anonymous_3)
FNDA:6,(anonymous_4)
FNDA:2,(anonymous_5)
FNDA:3,(anonymous_6)
FNDA:3,(anonymous_7)
FNDA:4,(anonymous_8)
FNDA:90,(anonymous_9)
FNDA:45,(anonymous_10)
FNDA:19,(anonymous_11)
FNDA:0,(anonymous_12)
FNDA:19,(anonymous_13)
FNDA:0,(anonymous_14)
FNDA:0,(anonymous_15)
FNDA:19,(anonymous_16)
FNDA:26,(anonymous_17)
DA:39,2
DA:40,19
DA:43,19
DA:44,19
DA:48,18
DA:49,19
DA:50,19
DA:51,19
DA:52,19
DA:53,19
DA:55,19
DA:59,19
DA:60,0
DA:63,0
DA:66,0
DA:67,0
DA:71,0
DA:72,0
DA:73,0
DA:78,19
DA:81,19
DA:83,9
DA:110,2
DA:123,8
DA:124,8
DA:147,2
DA:168,6
DA:188,1
DA:192,2
DA:209,1
DA:222,3
DA:253,1
DA:274,3
DA:275,3
DA:297,1
DA:301,4
DA:320,2
DA:340,2
DA:346,90
DA:347,90
DA:348,90
DA:351,90
DA:352,45
DA:353,45
DA:356,45
DA:357,45
DA:358,0
DA:359,0
DA:360,0
DA:365,45
DA:366,19
DA:367,19
DA:373,90
DA:374,0
DA:376,0
DA:377,0
DA:379,0
DA:383,0
DA:386,0
DA:387,0
DA:388,0
DA:389,0
DA:394,90
DA:397,26
DA:398,19
DA:399,19
DA:401,19
LF:67
LH:48
BRDA:44,0,0,1
BRDA:44,0,1,18
BRDA:48,1,0,18
BRDA:48,1,1,18
BRDA:60,2,0,0
BRDA:60,2,1,0
BRDA:60,3,0,0
BRDA:60,3,1,0
BRDA:66,4,0,0
BRDA:66,4,1,0
BRDA:66,5,0,0
BRDA:66,5,1,0
BRDA:71,6,0,0
BRDA:71,6,1,0
BRDA:78,7,0,19
BRDA:78,7,1,0
BRDA:81,8,0,9
BRDA:81,8,1,2
BRDA:81,8,2,2
BRDA:81,8,3,1
BRDA:81,8,4,1
BRDA:81,8,5,1
BRDA:81,8,6,1
BRDA:81,8,7,1
BRDA:81,8,8,2
BRDA:81,8,9,2
BRDA:358,9,0,0
BRDA:358,9,1,0
BRDA:366,10,0,19
BRDA:366,10,1,0
BRDA:377,11,0,0
BRDA:377,11,1,0
BRDA:387,12,0,0
BRDA:387,12,1,0
BRDA:387,13,0,0
BRDA:387,13,1,0
BRDA:387,13,2,0
BRDA:399,14,0,0
BRDA:399,14,1,19
BRDA:399,15,0,19
BRDA:399,15,1,19
BRF:41
BRH:19
end_of_record
TN:
SF:src/components/combat/components/MatchCountdown.tsx
FN:37,getDisplayText
FN:68,(anonymous_1)
FN:89,(anonymous_2)
FN:94,(anonymous_3)
FN:107,(anonymous_4)
FN:126,(anonymous_5)
FN:130,(anonymous_6)
FN:134,(anonymous_7)
FN:219,(anonymous_8)
FN:223,(anonymous_9)
FN:227,(anonymous_10)
FN:232,(anonymous_11)
FNF:12
FNH:7
FNDA:94,getDisplayText
FNDA:94,(anonymous_1)
FNDA:66,(anonymous_2)
FNDA:66,(anonymous_3)
FNDA:0,(anonymous_4)
FNDA:38,(anonymous_5)
FNDA:38,(anonymous_6)
FNDA:38,(anonymous_7)
FNDA:0,(anonymous_8)
FNDA:0,(anonymous_9)
FNDA:0,(anonymous_10)
FNDA:0,(anonymous_11)
DA:41,94
DA:43,64
DA:45,1
DA:47,1
DA:49,28
DA:68,2
DA:74,94
DA:77,94
DA:89,94
DA:90,66
DA:94,94
DA:95,66
DA:97,10
DA:99,1
DA:100,9
DA:102,1
DA:107,94
DA:108,0
DA:109,0
DA:113,94
DA:116,94
DA:120,94
DA:125,94
DA:126,38
DA:129,94
DA:130,38
DA:133,94
DA:134,38
DA:139,94
DA:140,29
DA:143,65
DA:220,0
DA:221,0
DA:224,0
DA:225,0
DA:228,0
DA:229,0
DA:230,0
DA:233,0
DA:234,0
DA:235,0
LF:41
LH:29
BRDA:41,0,0,64
BRDA:41,0,1,1
BRDA:41,0,2,1
BRDA:41,0,3,28
BRDA:72,1,0,94
BRDA:95,2,0,56
BRDA:95,2,1,10
BRDA:97,3,0,1
BRDA:97,3,1,9
BRDA:97,4,0,10
BRDA:97,4,1,1
BRDA:100,5,0,1
BRDA:100,5,1,8
BRDA:116,6,0,4
BRDA:116,6,1,90
BRDA:117,7,0,0
BRDA:117,7,1,4
BRDA:118,8,0,1
BRDA:118,8,1,89
BRDA:120,9,0,4
BRDA:120,9,1,90
BRDA:121,10,0,0
BRDA:121,10,1,4
BRDA:122,11,0,1
BRDA:122,11,1,89
BRDA:139,12,0,29
BRDA:139,12,1,65
BRDA:139,13,0,94
BRDA:139,13,1,65
BRDA:161,14,0,1
BRDA:161,14,1,64
BRDA:163,15,0,63
BRDA:163,15,1,2
BRDA:170,16,0,1
BRDA:170,16,1,64
BRDA:172,17,0,1
BRDA:172,17,1,64
BRDA:173,18,0,1
BRDA:173,18,1,64
BRDA:176,19,0,63
BRDA:176,19,1,2
BRDA:178,20,0,1
BRDA:178,20,1,1
BRDA:180,21,0,1
BRDA:180,21,1,0
BRDA:200,22,0,94
BRDA:200,22,1,1
BRDA:200,22,2,1
BRDA:207,23,0,0
BRDA:207,23,1,1
BRDA:208,24,0,0
BRDA:208,24,1,1
BRDA:209,25,0,0
BRDA:209,25,1,1
BRF:54
BRH:48
end_of_record
TN:
SF:src/components/combat/components/Player3DModel.tsx
FN:62,(anonymous_0)
FN:79,(anonymous_1)
FN:97,(anonymous_2)
FN:119,(anonymous_3)
FN:124,(anonymous_4)
FN:148,(anonymous_5)
FN:157,(anonymous_6)
FN:166,(anonymous_7)
FN:171,(anonymous_8)
FN:178,(anonymous_9)
FNF:10
FNH:9
FNDA:88,(anonymous_0)
FNDA:146,(anonymous_1)
FNDA:148,(anonymous_2)
FNDA:88,(anonymous_3)
FNDA:88,(anonymous_4)
FNDA:88,(anonymous_5)
FNDA:88,(anonymous_6)
FNDA:88,(anonymous_7)
FNDA:88,(anonymous_8)
FNDA:0,(anonymous_9)
DA:62,2
DA:63,88
DA:73,88
DA:79,2
DA:80,146
DA:90,146
DA:97,2
DA:112,148
DA:113,148
DA:114,148
DA:115,148
DA:118,148
DA:119,88
DA:124,148
DA:125,88
DA:126,88
DA:128,88
DA:148,148
DA:149,88
DA:150,0
DA:151,0
DA:157,148
DA:158,88
DA:159,88
DA:160,85
DA:161,0
DA:165,148
DA:166,88
DA:171,148
DA:172,88
DA:173,87
DA:178,148
DA:179,0
DA:182,0
DA:183,0
DA:186,0
DA:187,0
DA:190,0
DA:191,0
DA:192,0
DA:194,0
DA:196,0
DA:199,0
DA:200,0
DA:205,0
DA:206,0
DA:207,0
DA:208,0
DA:211,0
DA:212,0
DA:217,0
DA:218,0
DA:219,0
DA:227,0
DA:229,0
DA:230,0
DA:232,0
DA:236,148
LF:58
LH:30
BRDA:73,0,0,88
BRDA:73,0,1,0
BRDA:90,1,0,146
BRDA:90,1,1,0
BRDA:99,2,0,148
BRDA:100,3,0,148
BRDA:101,4,0,148
BRDA:102,5,0,148
BRDA:103,6,0,148
BRDA:104,7,0,148
BRDA:105,8,0,148
BRDA:106,9,0,148
BRDA:108,10,0,148
BRDA:134,11,0,88
BRDA:134,11,1,87
BRDA:134,11,2,86
BRDA:149,12,0,0
BRDA:149,12,1,88
BRDA:149,13,0,88
BRDA:149,13,1,88
BRDA:150,14,0,0
BRDA:150,14,1,0
BRDA:158,15,0,0
BRDA:158,15,1,88
BRDA:159,16,0,3
BRDA:159,16,1,85
BRDA:160,17,0,85
BRDA:160,17,1,0
BRDA:172,18,0,87
BRDA:172,18,1,1
BRDA:179,19,0,0
BRDA:179,19,1,0
BRDA:179,20,0,0
BRDA:179,20,1,0
BRDA:186,21,0,0
BRDA:186,21,1,0
BRDA:190,22,0,0
BRDA:190,22,1,0
BRDA:194,23,0,0
BRDA:194,23,1,0
BRDA:205,24,0,0
BRDA:205,24,1,0
BRDA:207,25,0,0
BRDA:207,25,1,0
BRDA:211,26,0,0
BRDA:211,26,1,0
BRDA:217,27,0,0
BRDA:217,27,1,0
BRDA:220,28,0,0
BRDA:220,28,1,0
BRDA:227,29,0,0
BRDA:227,29,1,0
BRDA:227,29,2,0
BRDA:229,30,0,0
BRDA:229,30,1,0
BRDA:239,31,0,148
BRDA:239,31,1,148
BRDA:268,32,0,5
BRDA:268,32,1,143
BRDA:280,33,0,1
BRDA:280,33,1,147
BRDA:282,34,0,1
BRDA:282,34,1,146
BRDA:286,35,0,1
BRDA:286,35,1,147
BRDA:294,36,0,1
BRDA:294,36,1,147
BRDA:296,37,0,1
BRDA:296,37,1,146
BRDA:300,38,0,1
BRDA:300,38,1,147
BRDA:310,39,0,1
BRDA:310,39,1,147
BRDA:318,40,0,1
BRDA:318,40,1,147
BRDA:326,41,0,148
BRDA:326,41,1,1
BRDA:339,42,0,148
BRDA:339,42,1,1
BRDA:349,43,0,148
BRDA:349,43,1,147
BRDA:362,44,0,148
BRDA:362,44,1,147
BRDA:390,45,0,147
BRDA:390,45,1,146
BRDA:402,46,0,147
BRDA:402,46,1,146
BRDA:418,47,0,141
BRDA:418,47,1,5
BRDA:420,48,0,0
BRDA:420,48,1,5
BRDA:426,49,0,147
BRDA:426,49,1,146
BRDA:426,49,2,146
BRDA:426,49,3,2
BRDA:441,50,0,1
BRDA:441,50,1,1
BRDA:443,51,0,0
BRDA:443,51,1,1
BRDA:453,52,0,148
BRDA:453,52,1,120
BRF:101
BRH:67
end_of_record
TN:
SF:src/components/combat/components/RoundAnnouncement.tsx
FN:71,(anonymous_0)
FN:86,(anonymous_1)
FN:88,(anonymous_2)
FN:89,(anonymous_3)
FN:93,(anonymous_4)
FN:99,(anonymous_5)
FN:100,(anonymous_6)
FN:109,(anonymous_7)
FN:113,(anonymous_8)
FN:121,(anonymous_9)
FN:125,(anonymous_10)
FN:129,(anonymous_11)
FN:134,(anonymous_12)
FNF:13
FNH:13
FNDA:19,(anonymous_0)
FNDA:13,(anonymous_1)
FNDA:3,(anonymous_2)
FNDA:13,(anonymous_3)
FNDA:16,(anonymous_4)
FNDA:3,(anonymous_5)
FNDA:3,(anonymous_6)
FNDA:15,(anonymous_7)
FNDA:13,(anonymous_8)
FNDA:13,(anonymous_9)
FNDA:13,(anonymous_10)
FNDA:13,(anonymous_11)
FNDA:16,(anonymous_12)
DA:71,2
DA:82,19
DA:83,19
DA:86,19
DA:88,13
DA:89,13
DA:93,19
DA:94,16
DA:95,1
DA:96,1
DA:99,15
DA:100,3
DA:101,3
DA:103,1
DA:105,2
DA:109,15
DA:113,19
DA:114,13
DA:115,13
DA:116,13
DA:120,19
DA:121,13
DA:124,19
DA:125,13
DA:128,19
DA:129,13
DA:134,19
DA:150,19
LF:28
LH:28
BRDA:79,0,0,19
BRDA:80,1,0,19
BRDA:94,2,0,1
BRDA:94,2,1,15
BRDA:101,3,0,1
BRDA:101,3,1,2
BRDA:146,4,0,3
BRDA:146,4,1,13
BRDA:156,5,0,19
BRDA:156,5,1,19
BRDA:159,6,0,1
BRDA:159,6,1,18
BRDA:163,7,0,1
BRDA:163,7,1,18
BRDA:176,8,0,1
BRDA:176,8,1,18
BRDA:180,9,0,1
BRDA:180,9,1,18
BRDA:192,10,0,19
BRDA:192,10,1,18
BRDA:195,11,0,1
BRDA:195,11,1,17
BRDA:198,12,0,1
BRDA:198,12,1,17
BRDA:211,13,0,1
BRDA:211,13,1,18
BRDA:212,14,0,1
BRDA:212,14,1,18
BRDA:213,15,0,1
BRDA:213,15,1,18
BRDA:221,16,0,1
BRDA:221,16,1,18
BRDA:234,17,0,1
BRDA:234,17,1,18
BRDA:246,18,0,19
BRDA:246,18,1,1
BRDA:250,19,0,0
BRDA:250,19,1,1
BRDA:251,20,0,0
BRDA:251,20,1,1
BRDA:252,21,0,0
BRDA:252,21,1,1
BRDA:253,22,0,0
BRDA:253,22,1,1
BRDA:277,23,0,1
BRDA:277,23,1,18
BRDA:280,24,0,1
BRDA:280,24,1,18
BRDA:297,25,0,1
BRDA:297,25,1,18
BRDA:298,26,0,1
BRDA:298,26,1,18
BRF:52
BRH:48
end_of_record
TN:
SF:src/components/combat/components/RoundStartAnnouncement.tsx
FN:44,(anonymous_0)
FN:54,(anonymous_1)
FN:55,(anonymous_2)
FN:56,(anonymous_3)
FN:60,(anonymous_4)
FN:67,(anonymous_5)
FN:71,(anonymous_6)
FN:73,(anonymous_7)
FN:80,(anonymous_8)
FN:91,(anonymous_9)
FN:95,(anonymous_10)
FNF:11
FNH:11
FNDA:10,(anonymous_0)
FNDA:10,(anonymous_1)
FNDA:2,(anonymous_2)
FNDA:10,(anonymous_3)
FNDA:10,(anonymous_4)
FNDA:10,(anonymous_5)
FNDA:2,(anonymous_6)
FNDA:2,(anonymous_7)
FNDA:10,(anonymous_8)
FNDA:10,(anonymous_9)
FNDA:10,(anonymous_10)
DA:44,2
DA:50,10
DA:51,10
DA:54,10
DA:55,10
DA:56,10
DA:60,10
DA:61,10
DA:62,10
DA:67,10
DA:68,10
DA:69,10
DA:71,10
DA:72,2
DA:73,2
DA:74,2
DA:75,2
DA:80,10
DA:81,10
DA:82,10
DA:83,10
DA:84,2
DA:90,10
DA:91,10
DA:94,10
DA:95,10
DA:99,10
LF:27
LH:27
BRDA:46,0,0,10
BRDA:61,1,0,10
BRDA:61,1,1,0
BRDA:74,2,0,2
BRDA:74,2,1,0
BRDA:83,3,0,2
BRDA:83,3,1,8
BRDA:117,4,0,0
BRDA:117,4,1,10
BRDA:124,5,0,1
BRDA:124,5,1,9
BRDA:139,6,0,1
BRDA:139,6,1,9
BRF:13
BRH:10
end_of_record
TN:
SF:src/components/combat/components/VitalPointMarkers3D.tsx
FN:49,(anonymous_0)
FN:87,(anonymous_1)
FN:95,(anonymous_2)
FN:129,(anonymous_3)
FN:144,(anonymous_4)
FN:157,(anonymous_5)
FN:163,(anonymous_6)
FN:187,(anonymous_7)
FN:188,(anonymous_8)
FN:189,(anonymous_9)
FN:258,(anonymous_10)
FN:272,(anonymous_11)
FN:276,(anonymous_12)
FN:283,(anonymous_13)
FN:290,(anonymous_14)
FN:298,(anonymous_15)
FN:311,(anonymous_16)
FN:312,(anonymous_17)
FNF:18
FNH:9
FNDA:180,(anonymous_0)
FNDA:0,(anonymous_1)
FNDA:360,(anonymous_2)
FNDA:360,(anonymous_3)
FNDA:0,(anonymous_4)
FNDA:180,(anonymous_5)
FNDA:180,(anonymous_6)
FNDA:0,(anonymous_7)
FNDA:0,(anonymous_8)
FNDA:0,(anonymous_9)
FNDA:120,(anonymous_10)
FNDA:120,(anonymous_11)
FNDA:360,(anonymous_12)
FNDA:0,(anonymous_13)
FNDA:0,(anonymous_14)
FNDA:360,(anonymous_15)
FNDA:0,(anonymous_16)
FNDA:0,(anonymous_17)
DA:49,3
DA:50,180
DA:52,0
DA:54,60
DA:56,120
DA:58,0
DA:60,0
DA:62,0
DA:67,3
DA:68,3
DA:69,3
DA:72,3
DA:87,3
DA:88,0
DA:95,3
DA:100,360
DA:103,360
DA:104,360
DA:105,360
DA:107,360
DA:129,3
DA:140,360
DA:141,360
DA:144,360
DA:145,0
DA:148,0
DA:149,0
DA:152,0
DA:153,0
DA:157,360
DA:158,180
DA:159,180
DA:160,180
DA:163,360
DA:165,180
DA:167,180
DA:170,60
DA:172,120
DA:174,0
DA:176,0
DA:178,0
DA:182,360
DA:187,0
DA:188,0
DA:190,0
DA:191,0
DA:258,3
DA:269,120
DA:272,120
DA:273,120
DA:275,120
DA:276,360
DA:279,120
DA:283,120
DA:284,0
DA:285,0
DA:286,0
DA:290,120
DA:291,0
DA:294,120
DA:296,120
DA:299,360
DA:301,360
DA:311,0
DA:312,0
LF:65
LH:42
BRDA:50,0,0,0
BRDA:50,0,1,60
BRDA:50,0,2,120
BRDA:50,0,3,0
BRDA:50,0,4,0
BRDA:50,0,5,0
BRDA:87,1,0,0
BRDA:145,2,0,0
BRDA:145,2,1,0
BRDA:145,3,0,0
BRDA:145,3,1,0
BRDA:152,4,0,0
BRDA:152,4,1,0
BRDA:152,5,0,0
BRDA:152,5,1,0
BRDA:152,5,2,0
BRDA:158,6,0,0
BRDA:158,6,1,180
BRDA:159,7,0,0
BRDA:159,7,1,180
BRDA:167,8,0,0
BRDA:167,8,1,60
BRDA:167,8,2,120
BRDA:167,8,3,0
BRDA:167,8,4,0
BRDA:167,8,5,0
BRDA:198,9,0,0
BRDA:198,9,1,360
BRDA:198,10,0,360
BRDA:198,10,1,360
BRDA:200,11,0,360
BRDA:200,11,1,360
BRDA:200,11,2,0
BRDA:220,12,0,360
BRDA:220,12,1,360
BRDA:220,12,2,360
BRDA:220,12,3,0
BRDA:259,13,0,120
BRDA:260,14,0,120
BRDA:261,15,0,120
BRDA:265,16,0,120
BRDA:266,17,0,120
BRDA:267,18,0,120
BRDA:275,19,0,120
BRDA:275,19,1,0
BRDA:275,20,0,120
BRDA:275,20,1,120
BRDA:284,21,0,0
BRDA:284,21,1,0
BRDA:294,22,0,0
BRDA:294,22,1,120
BRF:51
BRH:24
end_of_record
TN:
SF:src/components/combat/hooks/useAICombat.ts
FN:111,useAICombat
FN:126,(anonymous_1)
FN:127,(anonymous_2)
FN:131,(anonymous_3)
FN:137,(anonymous_4)
FN:164,(anonymous_5)
FN:177,(anonymous_6)
FN:186,(anonymous_7)
FN:221,(anonymous_8)
FN:226,(anonymous_9)
FN:360,(anonymous_10)
FNF:11
FNH:11
FNDA:100,useAICombat
FNDA:55,(anonymous_1)
FNDA:55,(anonymous_2)
FNDA:55,(anonymous_3)
FNDA:55,(anonymous_4)
FNDA:58,(anonymous_5)
FNDA:29,(anonymous_6)
FNDA:27,(anonymous_7)
FNDA:100,(anonymous_8)
FNDA:246,(anonymous_9)
FNDA:28,(anonymous_10)
DA:61,2
DA:62,2
DA:123,100
DA:126,100
DA:127,100
DA:130,100
DA:131,55
DA:136,100
DA:137,100
DA:138,55
DA:140,55
DA:141,55
DA:142,55
DA:147,100
DA:157,100
DA:158,100
DA:159,100
DA:160,100
DA:161,100
DA:164,100
DA:165,58
DA:166,18
DA:167,18
DA:168,18
DA:169,18
DA:176,100
DA:178,29
DA:186,100
DA:187,27
DA:188,27
DA:189,27
DA:192,27
DA:196,27
DA:198,27
DA:221,100
DA:222,100
DA:223,72
DA:226,28
DA:227,246
DA:230,246
DA:231,219
DA:235,27
DA:238,27
DA:241,27
DA:248,27
DA:249,27
DA:250,0
DA:251,0
DA:253,0
DA:254,0
DA:257,27
DA:260,27
DA:261,27
DA:262,27
DA:264,27
DA:266,2
DA:267,2
DA:268,2
DA:271,0
DA:272,0
DA:273,0
DA:277,2
DA:278,2
DA:281,2
DA:282,0
DA:283,0
DA:284,0
DA:286,2
DA:287,2
DA:289,2
DA:292,0
DA:293,0
DA:294,0
DA:297,0
DA:298,0
DA:299,0
DA:302,0
DA:303,0
DA:304,0
DA:305,0
DA:308,17
DA:309,17
DA:310,17
DA:311,17
DA:314,0
DA:315,0
DA:316,0
DA:317,0
DA:320,6
DA:321,5
DA:323,6
DA:324,6
DA:325,6
DA:328,0
DA:329,0
DA:330,0
DA:334,0
DA:335,0
DA:336,0
DA:340,27
DA:344,27
DA:347,246
DA:350,246
DA:360,28
DA:376,100
LF:105
LH:75
BRDA:140,0,0,55
BRDA:140,0,1,0
BRDA:165,1,0,18
BRDA:165,1,1,40
BRDA:222,2,0,72
BRDA:222,2,1,28
BRDA:222,3,0,100
BRDA:222,3,1,97
BRDA:222,3,2,29
BRDA:230,4,0,219
BRDA:230,4,1,27
BRDA:249,5,0,0
BRDA:249,5,1,27
BRDA:251,6,0,0
BRDA:251,6,1,0
BRDA:264,7,0,2
BRDA:264,7,1,0
BRDA:264,7,2,2
BRDA:264,7,3,0
BRDA:264,7,4,0
BRDA:264,7,5,0
BRDA:264,7,6,17
BRDA:264,7,7,0
BRDA:264,7,8,6
BRDA:264,7,9,0
BRDA:264,7,10,0
BRDA:264,7,11,0
BRDA:277,8,0,2
BRDA:277,8,1,0
BRDA:281,9,0,0
BRDA:281,9,1,2
BRDA:283,10,0,0
BRDA:283,10,1,0
BRDA:303,11,0,0
BRDA:303,11,1,0
BRDA:309,12,0,17
BRDA:309,12,1,0
BRDA:315,13,0,0
BRDA:315,13,1,0
BRDA:320,14,0,5
BRDA:320,14,1,1
BRDA:320,15,0,6
BRDA:320,15,1,6
BRDA:344,16,0,2
BRDA:344,16,1,25
BRDA:344,17,0,27
BRDA:344,17,1,25
BRF:47
BRH:26
end_of_record
TN:
SF:src/components/combat/hooks/useCombatActions.ts
FN:87,useCombatActions
FN:102,(anonymous_1)
FN:191,(anonymous_2)
FN:209,(anonymous_3)
FN:219,(anonymous_4)
FN:233,(anonymous_5)
FN:257,(anonymous_6)
FN:258,(anonymous_7)
FN:285,(anonymous_8)
FN:301,(anonymous_9)
FN:323,(anonymous_10)
FN:350,(anonymous_11)
FN:355,(anonymous_12)
FN:366,(anonymous_13)
FN:404,(anonymous_14)
FNF:15
FNH:11
FNDA:80,useCombatActions
FNDA:4,(anonymous_1)
FNDA:0,(anonymous_2)
FNDA:2,(anonymous_3)
FNDA:0,(anonymous_4)
FNDA:4,(anonymous_5)
FNDA:10,(anonymous_6)
FNDA:2,(anonymous_7)
FNDA:0,(anonymous_8)
FNDA:2,(anonymous_9)
FNDA:3,(anonymous_10)
FNDA:1,(anonymous_11)
FNDA:0,(anonymous_12)
FNDA:2,(anonymous_13)
FNDA:3,(anonymous_14)
DA:99,80
DA:102,80
DA:103,4
DA:105,1
DA:108,1
DA:135,1
DA:137,4
DA:140,4
DA:143,4
DA:149,4
DA:155,4
DA:157,4
DA:159,1
DA:162,1
DA:163,1
DA:164,1
DA:165,1
DA:166,1
DA:170,1
DA:176,1
DA:177,1
DA:179,1
DA:180,0
DA:181,1
DA:182,0
DA:184,1
DA:187,0
DA:188,0
DA:191,1
DA:209,80
DA:210,2
DA:213,1
DA:215,2
DA:216,2
DA:217,2
DA:219,2
DA:220,0
DA:233,80
DA:234,4
DA:235,4
DA:236,2
DA:237,2
DA:240,2
DA:243,2
DA:245,4
DA:248,4
DA:249,4
DA:257,4
DA:258,10
DA:261,4
DA:266,4
DA:268,0
DA:270,0
DA:274,0
DA:276,2
DA:280,2
DA:285,2
DA:300,80
DA:302,2
DA:305,1
DA:307,2
DA:308,2
DA:309,2
DA:323,80
DA:324,3
DA:326,3
DA:331,3
DA:332,1
DA:333,1
DA:337,1
DA:339,2
DA:350,80
DA:351,1
DA:352,1
DA:353,1
DA:355,1
DA:356,0
DA:366,80
DA:367,2
DA:368,1
DA:369,1
DA:372,1
DA:374,1
DA:379,1
DA:380,0
DA:381,0
DA:385,0
DA:389,1
DA:403,80
DA:405,3
DA:406,3
DA:408,3
DA:409,3
DA:410,3
DA:412,3
DA:413,2
DA:419,2
DA:423,2
DA:429,2
DA:435,80
LF:100
LH:88
BRDA:103,0,0,3
BRDA:103,0,1,1
BRDA:103,1,0,4
BRDA:103,1,1,3
BRDA:103,1,2,2
BRDA:135,2,0,1
BRDA:135,2,1,0
BRDA:137,3,0,0
BRDA:137,3,1,1
BRDA:138,4,0,0
BRDA:138,4,1,1
BRDA:139,5,0,1
BRDA:139,5,1,0
BRDA:149,6,0,1
BRDA:149,6,1,0
BRDA:150,7,0,0
BRDA:150,7,1,1
BRDA:155,8,0,1
BRDA:155,8,1,0
BRDA:157,9,0,1
BRDA:157,9,1,0
BRDA:164,10,0,0
BRDA:164,10,1,1
BRDA:179,11,0,0
BRDA:179,11,1,1
BRDA:181,12,0,0
BRDA:181,12,1,1
BRDA:210,13,0,1
BRDA:210,13,1,1
BRDA:210,14,0,2
BRDA:210,14,1,1
BRDA:234,15,0,0
BRDA:234,15,1,4
BRDA:234,16,0,4
BRDA:234,16,1,4
BRDA:234,16,2,4
BRDA:235,17,0,2
BRDA:235,17,1,2
BRDA:235,18,0,4
BRDA:235,18,1,3
BRDA:266,19,0,0
BRDA:266,19,1,2
BRDA:302,20,0,1
BRDA:302,20,1,1
BRDA:302,21,0,2
BRDA:302,21,1,1
BRDA:331,22,0,1
BRDA:331,22,1,2
BRDA:367,23,0,1
BRDA:367,23,1,1
BRDA:367,24,0,2
BRDA:367,24,1,1
BRDA:379,25,0,0
BRDA:379,25,1,1
BRDA:412,26,0,2
BRDA:412,26,1,1
BRF:56
BRH:42
end_of_record
TN:
SF:src/components/combat/hooks/useCombatAudio.ts
FN:23,(anonymous_0)
FN:30,(anonymous_1)
FN:31,(anonymous_2)
FN:43,(anonymous_3)
FN:65,(anonymous_4)
FN:67,(anonymous_5)
FN:80,(anonymous_6)
FN:89,(anonymous_7)
FN:132,(anonymous_8)
FN:169,(anonymous_9)
FN:198,(anonymous_10)
FN:220,(anonymous_11)
FN:242,(anonymous_12)
FN:265,(anonymous_13)
FN:278,(anonymous_14)
FN:311,(anonymous_15)
FN:323,(anonymous_16)
FNF:17
FNH:17
FNDA:102,(anonymous_0)
FNDA:51,(anonymous_1)
FNDA:51,(anonymous_2)
FNDA:18,(anonymous_3)
FNDA:16,(anonymous_4)
FNDA:1,(anonymous_5)
FNDA:16,(anonymous_6)
FNDA:9,(anonymous_7)
FNDA:4,(anonymous_8)
FNDA:2,(anonymous_9)
FNDA:1,(anonymous_10)
FNDA:1,(anonymous_11)
FNDA:1,(anonymous_12)
FNDA:3,(anonymous_13)
FNDA:2,(anonymous_14)
FNDA:1,(anonymous_15)
FNDA:3,(anonymous_16)
DA:17,2
DA:23,2
DA:24,102
DA:25,102
DA:26,102
DA:27,102
DA:30,102
DA:31,51
DA:32,51
DA:33,51
DA:43,102
DA:44,18
DA:45,18
DA:48,18
DA:49,1
DA:53,17
DA:54,0
DA:57,17
DA:65,102
DA:66,16
DA:67,16
DA:68,1
DA:69,1
DA:71,16
DA:80,102
DA:81,16
DA:82,16
DA:89,102
DA:90,9
DA:92,9
DA:93,1
DA:98,8
DA:101,5
DA:102,5
DA:105,1
DA:106,1
DA:108,1
DA:109,1
DA:112,1
DA:113,1
DA:115,0
DA:116,0
DA:119,8
DA:120,8
DA:121,7
DA:122,7
DA:124,1
DA:132,102
DA:133,4
DA:135,4
DA:136,0
DA:142,4
DA:144,1
DA:145,3
DA:147,1
DA:148,2
DA:150,1
DA:153,1
DA:156,4
DA:157,4
DA:158,4
DA:159,4
DA:161,0
DA:169,102
DA:170,2
DA:172,2
DA:173,0
DA:178,2
DA:180,1
DA:183,1
DA:186,2
DA:187,2
DA:188,2
DA:189,2
DA:191,0
DA:198,102
DA:199,1
DA:201,1
DA:202,0
DA:206,1
DA:208,1
DA:209,1
DA:210,1
DA:211,1
DA:213,0
DA:220,102
DA:221,1
DA:223,1
DA:224,0
DA:228,1
DA:230,1
DA:231,1
DA:232,1
DA:233,1
DA:235,0
DA:242,102
DA:243,1
DA:245,1
DA:246,0
DA:250,1
DA:252,1
DA:253,1
DA:254,1
DA:255,1
DA:257,0
DA:265,102
DA:266,3
DA:267,3
DA:269,1
DA:278,102
DA:282,2
DA:290,2
DA:292,2
DA:293,1
DA:294,1
DA:295,1
DA:298,1
DA:299,1
DA:301,0
DA:303,0
DA:311,102
DA:312,1
DA:313,1
DA:315,0
DA:323,102
DA:324,3
DA:327,102
LF:127
LH:111
BRDA:43,0,0,18
BRDA:45,1,0,18
BRDA:45,1,1,16
BRDA:48,2,0,1
BRDA:48,2,1,17
BRDA:53,3,0,0
BRDA:53,3,1,17
BRDA:65,4,0,16
BRDA:89,5,0,9
BRDA:92,6,0,1
BRDA:92,6,1,8
BRDA:98,7,0,8
BRDA:98,7,1,1
BRDA:98,7,2,1
BRDA:98,7,3,1
BRDA:98,7,4,0
BRDA:135,8,0,0
BRDA:135,8,1,4
BRDA:142,9,0,1
BRDA:142,9,1,3
BRDA:145,10,0,1
BRDA:145,10,1,2
BRDA:148,11,0,1
BRDA:148,11,1,1
BRDA:169,12,0,2
BRDA:172,13,0,0
BRDA:172,13,1,2
BRDA:178,14,0,1
BRDA:178,14,1,1
BRDA:201,15,0,0
BRDA:201,15,1,1
BRDA:223,16,0,0
BRDA:223,16,1,1
BRDA:245,17,0,0
BRDA:245,17,1,1
BRDA:265,18,0,3
BRDA:280,19,0,2
BRDA:292,20,0,1
BRDA:292,20,1,1
BRDA:311,21,0,1
BRF:40
BRH:33
end_of_record
TN:
SF:src/components/combat/hooks/useCombatLayout.ts
FN:51,useCombatLayout
FN:54,(anonymous_1)
FN:55,(anonymous_2)
FN:60,(anonymous_3)
FN:73,(anonymous_4)
FNF:5
FNH:5
FNDA:80,useCombatLayout
FNDA:50,(anonymous_1)
FNDA:50,(anonymous_2)
FNDA:48,(anonymous_3)
FNDA:50,(anonymous_4)
DA:54,80
DA:55,80
DA:59,80
DA:60,48
DA:73,80
DA:74,50
DA:78,50
DA:81,50
DA:82,50
DA:84,50
DA:92,80
LF:11
LH:11
BRDA:62,0,0,9
BRDA:62,0,1,39
BRDA:62,1,0,5
BRDA:62,1,1,34
BRDA:63,2,0,9
BRDA:63,2,1,39
BRDA:63,3,0,5
BRDA:63,3,1,34
BRDA:64,4,0,9
BRDA:64,4,1,39
BRDA:64,5,0,5
BRDA:64,5,1,34
BRDA:65,6,0,9
BRDA:65,6,1,39
BRDA:65,7,0,5
BRDA:65,7,1,34
BRF:16
BRH:16
end_of_record
TN:
SF:src/components/combat/hooks/useCombatState.ts
FN:81,combatReducer
FN:92,(anonymous_1)
FN:170,useCombatState
FN:176,(anonymous_3)
FN:180,(anonymous_4)
FN:184,(anonymous_5)
FN:188,(anonymous_6)
FN:193,(anonymous_7)
FN:197,(anonymous_8)
FN:201,(anonymous_9)
FN:205,(anonymous_10)
FN:210,(anonymous_11)
FN:213,(anonymous_12)
FN:214,(anonymous_13)
FN:216,(anonymous_14)
FN:220,(anonymous_15)
FN:224,(anonymous_16)
FN:225,(anonymous_17)
FNF:18
FNH:18
FNDA:44,combatReducer
FNDA:2,(anonymous_1)
FNDA:123,useCombatState
FNDA:1,(anonymous_3)
FNDA:4,(anonymous_4)
FNDA:1,(anonymous_5)
FNDA:7,(anonymous_6)
FNDA:8,(anonymous_7)
FNDA:3,(anonymous_8)
FNDA:2,(anonymous_9)
FNDA:3,(anonymous_10)
FNDA:5,(anonymous_11)
FNDA:3,(anonymous_12)
FNDA:1,(anonymous_13)
FNDA:2,(anonymous_14)
FNDA:4,(anonymous_15)
FNDA:1,(anonymous_16)
FNDA:1,(anonymous_17)
DA:65,3
DA:82,44
DA:84,1
DA:87,4
DA:90,1
DA:92,2
DA:96,7
DA:99,8
DA:105,3
DA:108,2
DA:111,3
DA:114,5
DA:117,3
DA:120,1
DA:123,2
DA:126,2
DA:129,1
DA:132,1
DA:142,0
DA:171,123
DA:174,123
DA:176,1
DA:180,4
DA:184,1
DA:189,7
DA:193,8
DA:197,3
DA:201,2
DA:206,3
DA:210,5
DA:213,3
DA:214,1
DA:216,2
DA:221,4
DA:224,1
DA:225,1
DA:228,123
LF:37
LH:36
BRDA:82,0,0,1
BRDA:82,0,1,4
BRDA:82,0,2,1
BRDA:82,0,3,7
BRDA:82,0,4,8
BRDA:82,0,5,3
BRDA:82,0,6,2
BRDA:82,0,7,3
BRDA:82,0,8,5
BRDA:82,0,9,3
BRDA:82,0,10,1
BRDA:82,0,11,2
BRDA:82,0,12,2
BRDA:82,0,13,1
BRDA:82,0,14,1
BRDA:82,0,15,0
BRF:16
BRH:15
end_of_record
TN:
SF:src/components/combat/hooks/usePreloadCombatAudio.ts
FN:103,usePreloadCombatAudio
FN:112,(anonymous_1)
FN:145,(anonymous_2)
FN:159,(anonymous_3)
FNF:4
FNH:4
FNDA:35,usePreloadCombatAudio
FNDA:7,(anonymous_1)
FNDA:96,(anonymous_2)
FNDA:7,(anonymous_3)
DA:48,1
DA:104,35
DA:105,35
DA:112,35
DA:113,7
DA:120,7
DA:121,7
DA:122,7
DA:125,7
DA:126,112
DA:129,112
DA:130,112
DA:131,112
DA:133,112
DA:134,112
DA:136,0
DA:137,0
DA:140,17
DA:141,17
DA:144,112
DA:145,112
DA:151,7
DA:159,35
DA:160,7
DA:163,35
LF:25
LH:23
BRDA:130,0,0,111
BRDA:130,0,1,1
BRDA:131,1,0,112
BRDA:131,1,1,1
BRDA:133,2,0,112
BRDA:133,2,1,0
BRF:6
BRH:5
end_of_record
TN:
SF:src/components/endscreen/EndScreen3D.tsx
FN:37,(anonymous_0)
FN:43,(anonymous_1)
FN:46,(anonymous_2)
FN:64,(anonymous_3)
FN:117,(anonymous_4)
FN:122,(anonymous_5)
FN:177,(anonymous_6)
FN:188,(anonymous_7)
FN:191,(anonymous_8)
FN:205,(anonymous_9)
FN:206,(anonymous_10)
FN:207,(anonymous_11)
FN:210,(anonymous_12)
FN:234,(anonymous_13)
FN:237,(anonymous_14)
FN:241,(anonymous_15)
FN:249,(anonymous_16)
FN:255,(anonymous_17)
FN:257,(anonymous_18)
FN:281,(anonymous_19)
FN:333,(anonymous_20)
FNF:21
FNH:11
FNDA:20,(anonymous_0)
FNDA:10,(anonymous_1)
FNDA:9,(anonymous_2)
FNDA:0,(anonymous_3)
FNDA:10,(anonymous_4)
FNDA:0,(anonymous_5)
FNDA:10,(anonymous_6)
FNDA:0,(anonymous_7)
FNDA:0,(anonymous_8)
FNDA:10,(anonymous_9)
FNDA:10,(anonymous_10)
FNDA:10,(anonymous_11)
FNDA:10,(anonymous_12)
FNDA:10,(anonymous_13)
FNDA:0,(anonymous_14)
FNDA:0,(anonymous_15)
FNDA:10,(anonymous_16)
FNDA:0,(anonymous_17)
FNDA:0,(anonymous_18)
FNDA:0,(anonymous_19)
FNDA:0,(anonymous_20)
DA:37,20
DA:43,1
DA:44,10
DA:46,10
DA:47,9
DA:48,9
DA:49,9
DA:51,9
DA:52,900
DA:53,900
DA:54,900
DA:55,900
DA:57,900
DA:58,900
DA:59,900
DA:61,9
DA:64,10
DA:65,0
DA:67,0
DA:68,0
DA:70,0
DA:71,0
DA:73,0
DA:74,0
DA:75,0
DA:78,0
DA:79,0
DA:81,0
DA:82,0
DA:84,0
DA:85,0
DA:89,0
DA:92,10
DA:117,1
DA:120,10
DA:122,10
DA:123,0
DA:124,0
DA:128,10
DA:132,10
DA:177,1
DA:187,10
DA:189,0
DA:192,0
DA:197,10
DA:198,10
DA:201,10
DA:202,10
DA:205,10
DA:206,10
DA:207,10
DA:209,10
DA:210,10
DA:234,10
DA:235,10
DA:236,0
DA:237,0
DA:238,0
DA:241,0
DA:242,0
DA:243,0
DA:246,10
DA:247,10
DA:249,10
DA:250,10
DA:255,10
DA:256,0
DA:257,0
DA:260,10
DA:282,0
DA:333,0
LF:71
LH:42
BRDA:65,0,0,0
BRDA:65,0,1,0
BRDA:78,1,0,0
BRDA:78,1,1,0
BRDA:81,2,0,0
BRDA:81,2,1,0
BRDA:84,3,0,0
BRDA:84,3,1,0
BRDA:123,4,0,0
BRDA:123,4,1,0
BRDA:128,5,0,0
BRDA:128,5,1,10
BRDA:140,6,0,0
BRDA:140,6,1,10
BRDA:152,7,0,0
BRDA:152,7,1,10
BRDA:168,8,0,10
BRDA:168,8,1,0
BRDA:183,9,0,10
BRDA:184,10,0,10
BRDA:202,11,0,10
BRDA:202,11,1,10
BRDA:206,12,0,10
BRDA:206,12,1,9
BRDA:211,13,0,1
BRDA:211,13,1,9
BRDA:211,14,0,0
BRDA:211,14,1,9
BRDA:211,15,0,9
BRDA:211,15,1,0
BRDA:212,16,0,1
BRDA:212,16,1,9
BRDA:214,17,0,0
BRDA:214,17,1,9
BRDA:216,18,0,9
BRDA:216,18,1,0
BRDA:219,19,0,1
BRDA:219,19,1,9
BRDA:219,20,0,0
BRDA:219,20,1,9
BRDA:219,21,0,9
BRDA:219,21,1,0
BRDA:220,22,0,1
BRDA:220,22,1,9
BRDA:220,23,0,0
BRDA:220,23,1,9
BRDA:220,24,0,9
BRDA:220,24,1,0
BRDA:221,25,0,1
BRDA:221,25,1,9
BRDA:223,26,0,0
BRDA:223,26,1,9
BRDA:225,27,0,9
BRDA:225,27,1,0
BRDA:228,28,0,1
BRDA:228,28,1,9
BRDA:228,29,0,0
BRDA:228,29,1,9
BRDA:228,30,0,9
BRDA:228,30,1,0
BRDA:235,31,0,0
BRDA:235,31,1,10
BRDA:355,32,0,0
BRDA:355,32,1,10
BRDA:361,33,0,10
BRDA:361,33,1,0
BRF:66
BRH:37
end_of_record
TN:
SF:src/components/endscreen/components/MatchStatisticsDisplay.tsx
FN:15,(anonymous_0)
FN:21,(anonymous_1)
FN:31,(anonymous_2)
FN:51,(anonymous_3)
FNF:4
FNH:0
FNDA:0,(anonymous_0)
FNDA:0,(anonymous_1)
FNDA:0,(anonymous_2)
FNDA:0,(anonymous_3)
DA:15,1
DA:21,1
DA:26,0
DA:27,0
DA:28,0
DA:29,0
DA:31,0
DA:36,0
DA:51,0
DA:52,0
DA:53,0
DA:55,0
DA:127,0
LF:13
LH:2
BRDA:26,0,0,0
BRDA:26,0,1,0
BRDA:26,1,0,0
BRDA:26,1,1,0
BRDA:27,2,0,0
BRDA:27,2,1,0
BRDA:27,3,0,0
BRDA:27,3,1,0
BRDA:28,4,0,0
BRDA:28,4,1,0
BRDA:28,5,0,0
BRDA:28,5,1,0
BRDA:29,6,0,0
BRDA:29,6,1,0
BRDA:29,7,0,0
BRDA:29,7,1,0
BRDA:34,8,0,0
BRDA:43,9,0,0
BRDA:43,9,1,0
BRDA:52,10,0,0
BRDA:52,10,1,0
BRDA:61,11,0,0
BRDA:61,11,1,0
BRDA:73,12,0,0
BRDA:73,12,1,0
BRDA:79,13,0,0
BRDA:79,13,1,0
BRDA:100,14,0,0
BRDA:100,14,1,0
BRDA:100,14,2,0
BRDA:119,15,0,0
BRDA:119,15,1,0
BRDA:131,16,0,0
BRDA:131,16,1,0
BRDA:131,17,0,0
BRDA:131,17,1,0
BRDA:157,18,0,0
BRDA:157,18,1,0
BRDA:220,19,0,0
BRDA:220,19,1,0
BRF:40
BRH:0
end_of_record
TN:
SF:src/components/endscreen/components/NavigationButtons.tsx
FN:18,(anonymous_0)
FN:45,(anonymous_1)
FN:95,(anonymous_2)
FN:103,(anonymous_3)
FN:122,(anonymous_4)
FN:140,(anonymous_5)
FN:145,(anonymous_6)
FN:152,(anonymous_7)
FN:159,(anonymous_8)
FNF:9
FNH:6
FNDA:35,(anonymous_0)
FNDA:35,(anonymous_1)
FNDA:0,(anonymous_2)
FNDA:0,(anonymous_3)
FNDA:24,(anonymous_4)
FNDA:1,(anonymous_5)
FNDA:1,(anonymous_6)
FNDA:1,(anonymous_7)
FNDA:0,(anonymous_8)
DA:18,35
DA:45,2
DA:57,35
DA:61,35
DA:65,35
DA:69,35
DA:73,35
DA:77,35
DA:96,0
DA:97,0
DA:98,0
DA:99,0
DA:100,0
DA:104,0
DA:105,0
DA:106,0
DA:107,0
DA:108,0
DA:122,2
DA:129,24
DA:131,24
DA:132,24
DA:137,24
DA:138,24
DA:140,24
DA:141,1
DA:142,1
DA:145,24
DA:146,1
DA:147,1
DA:148,1
DA:152,24
DA:153,1
DA:154,1
DA:155,1
DA:159,24
DA:160,0
DA:163,24
LF:38
LH:27
BRDA:52,0,0,35
BRDA:57,1,0,24
BRDA:57,1,1,11
BRDA:61,2,0,24
BRDA:61,2,1,11
BRDA:65,3,0,24
BRDA:65,3,1,11
BRDA:69,4,0,24
BRDA:69,4,1,11
BRDA:71,5,0,11
BRDA:71,5,1,0
BRDA:73,6,0,24
BRDA:73,6,1,11
BRDA:75,7,0,11
BRDA:75,7,1,0
BRDA:99,8,0,0
BRDA:99,8,1,0
BRDA:107,9,0,0
BRDA:107,9,1,0
BRDA:131,10,0,2
BRDA:131,10,1,22
BRDA:131,11,0,1
BRDA:131,11,1,21
BRDA:132,12,0,2
BRDA:132,12,1,22
BRDA:134,13,0,1
BRDA:134,13,1,21
BRDA:137,14,0,2
BRDA:137,14,1,22
BRDA:137,15,0,1
BRDA:137,15,1,21
BRDA:138,16,0,2
BRDA:138,16,1,22
BRDA:146,17,0,1
BRDA:146,17,1,0
BRDA:153,18,0,1
BRDA:153,18,1,0
BRDA:168,19,0,2
BRDA:168,19,1,22
BRDA:188,20,0,24
BRDA:188,20,1,6
BRDA:204,21,0,24
BRDA:204,21,1,5
BRF:43
BRH:35
end_of_record
TN:
SF:src/components/endscreen/components/PerformanceRating.tsx
FN:16,(anonymous_0)
FN:22,calculatePerformanceScore
FN:52,getPerformanceRating
FN:63,(anonymous_3)
FN:74,(anonymous_4)
FN:79,(anonymous_5)
FN:87,(anonymous_6)
FNF:7
FNH:7
FNDA:210,(anonymous_0)
FNDA:20,calculatePerformanceScore
FNDA:20,getPerformanceRating
FNDA:21,(anonymous_3)
FNDA:20,(anonymous_4)
FNDA:20,(anonymous_5)
FNDA:20,(anonymous_6)
DA:16,210
DA:23,20
DA:27,20
DA:31,20
DA:34,20
DA:37,20
DA:38,20
DA:41,20
DA:44,20
DA:46,20
DA:53,20
DA:54,19
DA:55,10
DA:56,1
DA:63,2
DA:68,21
DA:69,21
DA:70,21
DA:71,21
DA:73,21
DA:74,20
DA:78,21
DA:79,20
DA:83,21
DA:86,21
DA:87,20
DA:91,21
LF:27
LH:27
BRDA:23,0,0,20
BRDA:23,0,1,0
BRDA:31,1,0,20
BRDA:31,1,1,0
BRDA:33,2,0,0
BRDA:33,2,1,0
BRDA:41,3,0,1
BRDA:41,3,1,19
BRDA:41,4,0,0
BRDA:41,4,1,19
BRDA:53,5,0,1
BRDA:53,5,1,19
BRDA:54,6,0,9
BRDA:54,6,1,10
BRDA:55,7,0,9
BRDA:55,7,1,1
BRDA:68,8,0,2
BRDA:68,8,1,19
BRDA:68,9,0,1
BRDA:68,9,1,18
BRDA:69,10,0,2
BRDA:69,10,1,19
BRDA:69,11,0,1
BRDA:69,11,1,18
BRDA:70,12,0,2
BRDA:70,12,1,19
BRDA:70,13,0,1
BRDA:70,13,1,18
BRDA:71,14,0,2
BRDA:71,14,1,19
BRDA:71,15,0,1
BRDA:71,15,1,18
BRDA:87,16,0,20
BRDA:87,16,1,0
BRDA:103,17,0,2
BRDA:103,17,1,19
BRDA:202,18,0,21
BRDA:202,18,1,0
BRDA:208,19,0,21
BRDA:208,19,1,0
BRDA:214,20,0,21
BRDA:214,20,1,0
BRF:42
BRH:33
end_of_record
TN:
SF:src/components/endscreen/components/VictoryAnimation3D.tsx
FN:10,(anonymous_0)
FN:16,(anonymous_1)
FN:35,(anonymous_2)
FNF:3
FNH:0
FNDA:0,(anonymous_0)
FNDA:0,(anonymous_1)
FNDA:0,(anonymous_2)
DA:10,1
DA:11,0
DA:12,0
DA:13,0
DA:16,0
DA:17,0
DA:18,0
DA:20,0
DA:21,0
DA:22,0
DA:23,0
DA:24,0
DA:26,0
DA:27,0
DA:28,0
DA:31,0
DA:35,0
DA:36,0
DA:39,0
DA:40,0
DA:44,0
DA:45,0
DA:46,0
DA:50,0
DA:51,0
DA:52,0
DA:56,0
LF:27
LH:1
BRDA:39,0,0,0
BRDA:39,0,1,0
BRDA:44,1,0,0
BRDA:44,1,1,0
BRDA:50,2,0,0
BRDA:50,2,1,0
BRF:6
BRH:0
end_of_record
TN:
SF:src/components/endscreen/components/WinnerDisplay.tsx
FN:17,(anonymous_0)
FN:23,(anonymous_1)
FNF:2
FNH:2
FNDA:184,(anonymous_0)
FNDA:23,(anonymous_1)
DA:17,184
DA:23,2
DA:29,23
DA:30,23
DA:31,23
DA:32,23
DA:34,23
DA:38,23
DA:43,23
DA:44,23
DA:46,23
LF:11
LH:11
BRDA:29,0,0,2
BRDA:29,0,1,21
BRDA:29,1,0,1
BRDA:29,1,1,20
BRDA:30,2,0,2
BRDA:30,2,1,21
BRDA:30,3,0,1
BRDA:30,3,1,20
BRDA:31,4,0,2
BRDA:31,4,1,21
BRDA:32,5,0,2
BRDA:32,5,1,21
BRDA:32,6,0,1
BRDA:32,6,1,20
BRDA:34,7,0,12
BRDA:34,7,1,11
BRDA:38,8,0,12
BRDA:38,8,1,11
BRDA:44,9,0,23
BRDA:44,9,1,0
BRDA:100,10,0,2
BRDA:100,10,1,21
BRF:22
BRH:21
end_of_record
TN:
SF:src/components/endscreen/components/animations.ts
FNF:0
FNH:0
DA:9,4
DA:25,4
DA:44,4
DA:60,4
DA:74,4
LF:5
LH:5
BRF:0
BRH:0
end_of_record
TN:
SF:src/components/intro/IntroScreenThreeJS.tsx
FN:30,useWindowSize
FN:35,(anonymous_1)
FN:36,(anonymous_2)
FN:39,(anonymous_3)
FN:69,(anonymous_4)
FN:77,(anonymous_5)
FN:88,(anonymous_6)
FN:92,(anonymous_7)
FN:137,(anonymous_8)
FN:150,(anonymous_9)
FN:153,(anonymous_10)
FN:174,(anonymous_11)
FN:186,(anonymous_12)
FN:187,(anonymous_13)
FN:203,(anonymous_14)
FN:210,(anonymous_15)
FN:218,(anonymous_16)
FN:240,(anonymous_17)
FN:241,(anonymous_18)
FN:252,(anonymous_19)
FN:261,(anonymous_20)
FN:262,(anonymous_21)
FN:293,(anonymous_22)
FN:380,(anonymous_23)
FN:465,(anonymous_24)
FN:669,(anonymous_25)
FN:691,(anonymous_26)
FNF:27
FNH:14
FNDA:5,useWindowSize
FNDA:5,(anonymous_1)
FNDA:0,(anonymous_2)
FNDA:5,(anonymous_3)
FNDA:10,(anonymous_4)
FNDA:0,(anonymous_5)
FNDA:5,(anonymous_6)
FNDA:0,(anonymous_7)
FNDA:5,(anonymous_8)
FNDA:0,(anonymous_9)
FNDA:0,(anonymous_10)
FNDA:5,(anonymous_11)
FNDA:5,(anonymous_12)
FNDA:25,(anonymous_13)
FNDA:5,(anonymous_14)
FNDA:0,(anonymous_15)
FNDA:0,(anonymous_16)
FNDA:5,(anonymous_17)
FNDA:0,(anonymous_18)
FNDA:5,(anonymous_19)
FNDA:5,(anonymous_20)
FNDA:0,(anonymous_21)
FNDA:5,(anonymous_22)
FNDA:0,(anonymous_23)
FNDA:0,(anonymous_24)
FNDA:0,(anonymous_25)
FNDA:0,(anonymous_26)
DA:27,1
DA:31,5
DA:35,5
DA:36,5
DA:37,0
DA:38,5
DA:39,5
DA:41,5
DA:52,1
DA:60,1
DA:69,1
DA:70,10
DA:73,10
DA:77,1
DA:78,0
DA:81,0
DA:88,1
DA:89,5
DA:92,5
DA:93,0
DA:94,0
DA:98,5
DA:137,1
DA:144,5
DA:145,5
DA:146,5
DA:149,5
DA:151,0
DA:154,0
DA:160,5
DA:162,5
DA:166,5
DA:169,5
DA:170,5
DA:173,5
DA:174,5
DA:186,5
DA:187,5
DA:188,25
DA:189,25
DA:203,5
DA:204,5
DA:205,5
DA:209,5
DA:211,0
DA:217,5
DA:219,0
DA:220,0
DA:221,0
DA:222,0
DA:225,0
DA:226,0
DA:230,0
DA:232,0
DA:233,0
DA:240,5
DA:241,5
DA:242,0
DA:243,0
DA:244,0
DA:248,5
DA:249,5
DA:250,5
DA:252,5
DA:254,5
DA:255,5
DA:261,5
DA:262,5
DA:264,0
DA:266,0
DA:269,0
DA:270,0
DA:271,0
DA:272,0
DA:275,0
DA:277,0
DA:278,0
DA:280,0
DA:281,0
DA:283,0
DA:284,0
DA:286,0
DA:287,0
DA:292,5
DA:293,5
DA:303,5
DA:304,5
DA:305,5
DA:308,5
DA:317,5
DA:324,5
DA:331,5
DA:381,0
DA:466,0
DA:670,0
DA:692,0
LF:96
LH:57
BRDA:81,0,0,0
BRDA:81,0,1,0
BRDA:93,1,0,0
BRDA:93,1,1,0
BRDA:140,2,0,5
BRDA:169,3,0,5
BRDA:169,3,1,3
BRDA:170,4,0,5
BRDA:170,4,1,3
BRDA:225,5,0,0
BRDA:225,5,1,0
BRDA:242,6,0,0
BRDA:242,6,1,0
BRDA:242,7,0,0
BRDA:242,7,1,0
BRDA:254,8,0,5
BRDA:254,8,1,0
BRDA:264,9,0,0
BRDA:264,9,1,0
BRDA:266,10,0,0
BRDA:266,10,1,0
BRDA:270,11,0,0
BRDA:270,11,1,0
BRDA:275,12,0,0
BRDA:275,12,1,0
BRDA:275,12,2,0
BRDA:275,12,3,0
BRDA:304,13,0,5
BRDA:304,13,1,4
BRDA:308,14,0,1
BRDA:308,14,1,4
BRDA:310,15,0,0
BRDA:310,15,1,4
BRDA:312,16,0,1
BRDA:312,16,1,3
BRDA:317,17,0,1
BRDA:317,17,1,4
BRDA:319,18,0,0
BRDA:319,18,1,4
BRDA:321,19,0,1
BRDA:321,19,1,3
BRDA:324,20,0,1
BRDA:324,20,1,4
BRDA:326,21,0,0
BRDA:326,21,1,4
BRDA:328,22,0,1
BRDA:328,22,1,3
BRDA:398,23,0,1
BRDA:398,23,1,4
BRDA:405,24,0,1
BRDA:405,24,1,4
BRDA:407,25,0,0
BRDA:407,25,1,4
BRDA:409,26,0,1
BRDA:409,26,1,3
BRDA:422,27,0,1
BRDA:422,27,1,4
BRDA:436,28,0,1
BRDA:436,28,1,4
BRDA:438,29,0,0
BRDA:438,29,1,4
BRDA:440,30,0,1
BRDA:440,30,1,3
BRDA:443,31,0,1
BRDA:443,31,1,4
BRDA:445,32,0,0
BRDA:445,32,1,4
BRDA:447,33,0,1
BRDA:447,33,1,3
BRDA:473,34,0,1
BRDA:473,34,1,4
BRDA:475,35,0,0
BRDA:475,35,1,4
BRDA:477,36,0,1
BRDA:477,36,1,3
BRDA:484,37,0,1
BRDA:484,37,1,4
BRDA:486,38,0,0
BRDA:486,38,1,4
BRDA:488,39,0,1
BRDA:488,39,1,3
BRDA:492,40,0,1
BRDA:492,40,1,4
BRDA:494,41,0,0
BRDA:494,41,1,4
BRDA:496,42,0,1
BRDA:496,42,1,3
BRDA:515,43,0,1
BRDA:515,43,1,4
BRDA:517,44,0,0
BRDA:517,44,1,4
BRDA:519,45,0,1
BRDA:519,45,1,3
BRDA:522,46,0,1
BRDA:522,46,1,4
BRDA:524,47,0,0
BRDA:524,47,1,4
BRDA:526,48,0,1
BRDA:526,48,1,3
BRDA:529,49,0,1
BRDA:529,49,1,4
BRDA:531,50,0,0
BRDA:531,50,1,4
BRDA:533,51,0,1
BRDA:533,51,1,3
BRDA:536,52,0,1
BRDA:536,52,1,4
BRDA:538,53,0,1
BRDA:538,53,1,3
BRDA:548,54,0,1
BRDA:548,54,1,4
BRDA:550,55,0,0
BRDA:550,55,1,4
BRDA:552,56,0,1
BRDA:552,56,1,3
BRDA:555,57,0,1
BRDA:555,57,1,4
BRDA:557,58,0,0
BRDA:557,58,1,4
BRDA:559,59,0,1
BRDA:559,59,1,3
BRDA:572,60,0,1
BRDA:572,60,1,4
BRDA:574,61,0,0
BRDA:574,61,1,4
BRDA:576,62,0,1
BRDA:576,62,1,3
BRDA:587,63,0,1
BRDA:587,63,1,4
BRDA:589,64,0,0
BRDA:589,64,1,4
BRDA:591,65,0,1
BRDA:591,65,1,3
BRDA:594,66,0,1
BRDA:594,66,1,4
BRDA:596,67,0,0
BRDA:596,67,1,4
BRDA:598,68,0,1
BRDA:598,68,1,3
BRDA:610,69,0,1
BRDA:610,69,1,4
BRDA:612,70,0,0
BRDA:612,70,1,4
BRDA:614,71,0,1
BRDA:614,71,1,3
BRDA:643,72,0,1
BRDA:643,72,1,4
BRDA:661,73,0,1
BRDA:661,73,1,4
BRDA:683,74,0,1
BRDA:683,74,1,4
BRF:151
BRH:112
end_of_record
TN:
SF:src/components/intro/components/ArchetypeDisplayHTML.tsx
FN:41,(anonymous_0)
FN:64,(anonymous_1)
FN:71,(anonymous_2)
FN:78,(anonymous_3)
FN:110,(anonymous_4)
FN:135,(anonymous_5)
FN:196,(anonymous_6)
FN:206,(anonymous_7)
FN:375,(anonymous_8)
FNF:9
FNH:5
FNDA:5,(anonymous_0)
FNDA:0,(anonymous_1)
FNDA:0,(anonymous_2)
FNDA:5,(anonymous_3)
FNDA:5,(anonymous_4)
FNDA:5,(anonymous_5)
FNDA:0,(anonymous_6)
FNDA:0,(anonymous_7)
FNDA:20,(anonymous_8)
DA:40,1
DA:50,5
DA:53,5
DA:54,5
DA:55,5
DA:56,5
DA:57,5
DA:58,5
DA:59,5
DA:60,5
DA:61,5
DA:62,5
DA:64,5
DA:66,0
DA:67,0
DA:68,0
DA:71,5
DA:72,0
DA:73,0
DA:74,0
DA:78,5
DA:79,5
DA:80,5
DA:109,5
DA:110,5
DA:135,5
DA:136,5
DA:139,5
DA:197,0
DA:198,0
DA:199,0
DA:208,0
DA:209,0
DA:214,0
DA:215,0
DA:376,20
DA:446,1
LF:37
LH:24
BRDA:46,0,0,5
BRDA:47,1,0,5
BRDA:48,2,0,5
BRDA:54,3,0,1
BRDA:54,3,1,4
BRDA:54,4,0,0
BRDA:54,4,1,4
BRDA:55,5,0,1
BRDA:55,5,1,4
BRDA:55,6,0,0
BRDA:55,6,1,4
BRDA:56,7,0,1
BRDA:56,7,1,4
BRDA:56,8,0,0
BRDA:56,8,1,4
BRDA:57,9,0,1
BRDA:57,9,1,4
BRDA:57,10,0,0
BRDA:57,10,1,4
BRDA:58,11,0,1
BRDA:58,11,1,4
BRDA:58,12,0,0
BRDA:58,12,1,4
BRDA:59,13,0,1
BRDA:59,13,1,4
BRDA:59,14,0,0
BRDA:59,14,1,4
BRDA:60,15,0,1
BRDA:60,15,1,4
BRDA:60,16,0,0
BRDA:60,16,1,4
BRDA:61,17,0,1
BRDA:61,17,1,4
BRDA:61,18,0,0
BRDA:61,18,1,4
BRDA:62,19,0,1
BRDA:62,19,1,4
BRDA:62,20,0,0
BRDA:62,20,1,4
BRDA:66,21,0,0
BRDA:66,21,1,0
BRDA:197,22,0,0
BRDA:197,22,1,0
BRDA:197,23,0,0
BRDA:197,23,1,0
BRDA:209,24,0,0
BRDA:209,24,1,0
BRDA:362,25,0,1
BRDA:362,25,1,4
BRDA:427,26,0,4
BRDA:427,26,1,16
BRF:51
BRH:34
end_of_record
TN:
SF:src/components/intro/components/MenuSection.css
FNF:0
FNH:0
LF:0
LH:0
BRF:0
BRH:0
end_of_record
TN:
SF:src/components/intro/components/MenuSectionHTML.tsx
FN:24,(anonymous_0)
FN:38,(anonymous_1)
FN:62,(anonymous_2)
FN:63,(anonymous_3)
FN:97,(anonymous_4)
FN:107,(anonymous_5)
FN:108,(anonymous_6)
FN:109,(anonymous_7)
FN:112,(anonymous_8)
FN:129,(anonymous_9)
FN:137,(anonymous_10)
FN:191,(anonymous_11)
FN:198,(anonymous_12)
FN:199,(anonymous_13)
FN:200,(anonymous_14)
FNF:15
FNH:7
FNDA:5,(anonymous_0)
FNDA:5,(anonymous_1)
FNDA:5,(anonymous_2)
FNDA:0,(anonymous_3)
FNDA:5,(anonymous_4)
FNDA:5,(anonymous_5)
FNDA:0,(anonymous_6)
FNDA:0,(anonymous_7)
FNDA:5,(anonymous_8)
FNDA:0,(anonymous_9)
FNDA:0,(anonymous_10)
FNDA:20,(anonymous_11)
FNDA:0,(anonymous_12)
FNDA:0,(anonymous_13)
FNDA:0,(anonymous_14)
DA:24,1
DA:33,5
DA:34,5
DA:37,5
DA:38,5
DA:62,5
DA:63,5
DA:64,0
DA:66,0
DA:67,0
DA:68,0
DA:70,0
DA:71,0
DA:72,0
DA:73,0
DA:74,0
DA:75,0
DA:77,0
DA:78,0
DA:79,0
DA:80,0
DA:81,0
DA:82,0
DA:83,0
DA:84,0
DA:86,0
DA:87,0
DA:88,0
DA:89,0
DA:90,0
DA:91,0
DA:92,0
DA:96,5
DA:97,5
DA:107,5
DA:108,5
DA:109,5
DA:110,5
DA:111,5
DA:112,5
DA:113,5
DA:114,5
DA:118,5
DA:119,5
DA:121,5
DA:122,5
DA:123,5
DA:124,5
DA:125,5
DA:126,5
DA:128,5
DA:130,0
DA:131,0
DA:136,5
DA:138,0
DA:139,0
DA:140,0
DA:146,5
DA:192,20
DA:193,20
DA:195,20
DA:198,0
DA:199,0
DA:200,0
LF:64
LH:31
BRDA:30,0,0,5
BRDA:31,1,0,5
BRDA:64,2,0,0
BRDA:64,2,1,0
BRDA:66,3,0,0
BRDA:66,3,1,0
BRDA:70,4,0,0
BRDA:70,4,1,0
BRDA:73,5,0,0
BRDA:73,5,1,0
BRDA:77,6,0,0
BRDA:77,6,1,0
BRDA:80,7,0,0
BRDA:80,7,1,0
BRDA:80,8,0,0
BRDA:80,8,1,0
BRDA:87,9,0,0
BRDA:87,9,1,0
BRDA:87,10,0,0
BRDA:87,10,1,0
BRDA:121,11,0,1
BRDA:121,11,1,4
BRDA:121,12,0,0
BRDA:121,12,1,4
BRDA:122,13,0,1
BRDA:122,13,1,4
BRDA:122,14,0,0
BRDA:122,14,1,4
BRDA:123,15,0,1
BRDA:123,15,1,4
BRDA:123,16,0,0
BRDA:123,16,1,4
BRDA:124,17,0,1
BRDA:124,17,1,4
BRDA:124,18,0,0
BRDA:124,18,1,4
BRDA:125,19,0,1
BRDA:125,19,1,4
BRDA:125,20,0,0
BRDA:125,20,1,4
BRDA:126,21,0,1
BRDA:126,21,1,4
BRDA:126,22,0,0
BRDA:126,22,1,4
BRDA:138,23,0,0
BRDA:138,23,1,0
BRDA:139,24,0,0
BRDA:139,24,1,0
BRDA:158,25,0,1
BRDA:158,25,1,4
BRDA:160,26,0,0
BRDA:160,26,1,5
BRDA:210,27,0,5
BRDA:210,27,1,15
BRDA:212,28,0,5
BRDA:212,28,1,15
BRDA:217,29,0,0
BRDA:217,29,1,15
BRDA:226,30,0,5
BRDA:226,30,1,15
BRDA:228,31,0,0
BRDA:228,31,1,15
BRDA:231,32,0,5
BRDA:231,32,1,15
BRDA:233,33,0,0
BRDA:233,33,1,15
BRDA:239,34,0,5
BRDA:239,34,1,15
BRDA:246,35,0,20
BRDA:246,35,1,5
BRDA:252,36,0,20
BRDA:252,36,1,5
BRDA:266,37,0,1
BRDA:266,37,1,4
BRDA:268,38,0,1
BRDA:268,38,1,4
BRDA:282,39,0,1
BRDA:282,39,1,4
BRF:78
BRH:46
end_of_record
TN:
SF:src/components/screens/ControlsScreenThreeJS.tsx
FN:25,useWindowSize
FN:30,(anonymous_1)
FN:31,(anonymous_2)
FN:34,(anonymous_3)
FN:43,(anonymous_4)
FN:47,(anonymous_5)
FN:92,(anonymous_6)
FN:99,(anonymous_7)
FN:102,(anonymous_8)
FN:121,(anonymous_9)
FN:133,(anonymous_10)
FN:158,(anonymous_11)
FN:159,(anonymous_12)
FN:168,(anonymous_13)
FN:172,(anonymous_14)
FN:179,(anonymous_15)
FN:185,(anonymous_16)
FN:222,(anonymous_17)
FN:337,(anonymous_18)
FN:526,(anonymous_19)
FN:633,(anonymous_20)
FN:640,(anonymous_21)
FNF:22
FNH:13
FNDA:5,useWindowSize
FNDA:5,(anonymous_1)
FNDA:0,(anonymous_2)
FNDA:5,(anonymous_3)
FNDA:5,(anonymous_4)
FNDA:0,(anonymous_5)
FNDA:5,(anonymous_6)
FNDA:0,(anonymous_7)
FNDA:0,(anonymous_8)
FNDA:5,(anonymous_9)
FNDA:5,(anonymous_10)
FNDA:5,(anonymous_11)
FNDA:0,(anonymous_12)
FNDA:5,(anonymous_13)
FNDA:0,(anonymous_14)
FNDA:5,(anonymous_15)
FNDA:5,(anonymous_16)
FNDA:0,(anonymous_17)
FNDA:40,(anonymous_18)
FNDA:20,(anonymous_19)
FNDA:0,(anonymous_20)
FNDA:0,(anonymous_21)
DA:26,5
DA:30,5
DA:31,5
DA:32,0
DA:33,5
DA:34,5
DA:36,5
DA:43,1
DA:44,5
DA:47,5
DA:48,0
DA:49,0
DA:53,5
DA:92,1
DA:98,5
DA:100,0
DA:103,0
DA:108,5
DA:109,5
DA:112,5
DA:113,5
DA:116,5
DA:117,5
DA:118,5
DA:120,5
DA:121,5
DA:132,5
DA:133,5
DA:158,5
DA:159,5
DA:160,0
DA:161,0
DA:162,0
DA:163,0
DA:167,5
DA:168,5
DA:172,5
DA:173,0
DA:174,0
DA:178,5
DA:179,5
DA:184,5
DA:185,5
DA:190,5
DA:191,5
DA:193,5
DA:223,0
DA:338,40
DA:527,20
DA:634,0
DA:635,0
DA:641,0
DA:642,0
LF:53
LH:37
BRDA:48,0,0,0
BRDA:48,0,1,0
BRDA:112,1,0,5
BRDA:112,1,1,4
BRDA:113,2,0,5
BRDA:113,2,1,4
BRDA:117,3,0,5
BRDA:117,3,1,5
BRDA:122,4,0,0
BRDA:122,4,1,5
BRDA:122,5,0,0
BRDA:122,5,1,5
BRDA:122,6,0,1
BRDA:122,6,1,4
BRDA:123,7,0,0
BRDA:123,7,1,5
BRDA:123,8,0,0
BRDA:123,8,1,5
BRDA:123,9,0,1
BRDA:123,9,1,4
BRDA:124,10,0,0
BRDA:124,10,1,5
BRDA:124,11,0,0
BRDA:124,11,1,5
BRDA:124,12,0,1
BRDA:124,12,1,4
BRDA:125,13,0,0
BRDA:125,13,1,5
BRDA:125,14,0,0
BRDA:125,14,1,5
BRDA:125,15,0,1
BRDA:125,15,1,4
BRDA:126,16,0,0
BRDA:126,16,1,5
BRDA:126,17,0,0
BRDA:126,17,1,5
BRDA:126,18,0,1
BRDA:126,18,1,4
BRDA:160,19,0,0
BRDA:160,19,1,0
BRDA:160,20,0,0
BRDA:160,20,1,0
BRDA:190,21,0,0
BRDA:190,21,1,5
BRDA:190,22,0,0
BRDA:190,22,1,5
BRDA:191,23,0,0
BRDA:191,23,1,5
BRDA:258,24,0,0
BRDA:258,24,1,5
BRDA:272,25,0,0
BRDA:272,25,1,5
BRDA:308,26,0,0
BRDA:308,26,1,5
BRDA:318,27,0,0
BRDA:318,27,1,5
BRDA:369,28,0,0
BRDA:369,28,1,40
BRDA:383,29,0,0
BRDA:383,29,1,40
BRDA:395,30,0,0
BRDA:395,30,1,40
BRDA:404,31,0,0
BRDA:404,31,1,40
BRDA:417,32,0,0
BRDA:417,32,1,40
BRDA:426,33,0,0
BRDA:426,33,1,40
BRDA:439,34,0,0
BRDA:439,34,1,40
BRDA:450,35,0,0
BRDA:450,35,1,40
BRDA:465,36,0,0
BRDA:465,36,1,40
BRDA:481,37,0,0
BRDA:481,37,1,40
BRDA:508,38,0,0
BRDA:508,38,1,5
BRDA:555,39,0,0
BRDA:555,39,1,20
BRDA:569,40,0,0
BRDA:569,40,1,20
BRDA:578,41,0,0
BRDA:578,41,1,20
BRDA:608,42,0,0
BRDA:608,42,1,5
BRDA:627,43,0,0
BRDA:627,43,1,5
BRDA:658,44,0,0
BRDA:658,44,1,5
BRDA:676,45,0,0
BRDA:676,45,1,5
BRF:92
BRH:51
end_of_record
TN:
SF:src/components/screens/PhilosophyScreenThreeJS.tsx
FN:28,useWindowSize
FN:33,(anonymous_1)
FN:34,(anonymous_2)
FN:37,(anonymous_3)
FN:46,(anonymous_4)
FN:50,(anonymous_5)
FN:97,(anonymous_6)
FN:100,(anonymous_7)
FN:103,(anonymous_8)
FN:122,(anonymous_9)
FN:133,(anonymous_10)
FN:163,(anonymous_11)
FN:164,(anonymous_12)
FN:167,(anonymous_13)
FN:171,(anonymous_14)
FN:174,(anonymous_15)
FN:175,(anonymous_16)
FN:180,(anonymous_17)
FN:181,(anonymous_18)
FN:190,(anonymous_19)
FN:194,(anonymous_20)
FN:200,(anonymous_21)
FN:207,(anonymous_22)
FN:212,(anonymous_23)
FN:213,(anonymous_24)
FN:220,(anonymous_25)
FN:255,(anonymous_26)
FN:367,(anonymous_27)
FN:435,(anonymous_28)
FN:562,(anonymous_29)
FN:694,(anonymous_30)
FN:701,(anonymous_31)
FN:737,(anonymous_32)
FN:744,(anonymous_33)
FNF:34
FNH:20
FNDA:5,useWindowSize
FNDA:5,(anonymous_1)
FNDA:0,(anonymous_2)
FNDA:5,(anonymous_3)
FNDA:5,(anonymous_4)
FNDA:0,(anonymous_5)
FNDA:5,(anonymous_6)
FNDA:0,(anonymous_7)
FNDA:0,(anonymous_8)
FNDA:5,(anonymous_9)
FNDA:5,(anonymous_10)
FNDA:5,(anonymous_11)
FNDA:5,(anonymous_12)
FNDA:0,(anonymous_13)
FNDA:5,(anonymous_14)
FNDA:5,(anonymous_15)
FNDA:0,(anonymous_16)
FNDA:5,(anonymous_17)
FNDA:0,(anonymous_18)
FNDA:5,(anonymous_19)
FNDA:0,(anonymous_20)
FNDA:0,(anonymous_21)
FNDA:5,(anonymous_22)
FNDA:5,(anonymous_23)
FNDA:40,(anonymous_24)
FNDA:5,(anonymous_25)
FNDA:0,(anonymous_26)
FNDA:30,(anonymous_27)
FNDA:40,(anonymous_28)
FNDA:25,(anonymous_29)
FNDA:0,(anonymous_30)
FNDA:0,(anonymous_31)
FNDA:0,(anonymous_32)
FNDA:0,(anonymous_33)
DA:29,5
DA:33,5
DA:34,5
DA:35,0
DA:36,5
DA:37,5
DA:39,5
DA:46,1
DA:47,5
DA:50,5
DA:51,0
DA:52,0
DA:56,5
DA:97,1
DA:99,5
DA:101,0
DA:104,0
DA:109,5
DA:110,5
DA:113,5
DA:114,5
DA:117,5
DA:118,5
DA:119,5
DA:121,5
DA:122,5
DA:132,5
DA:133,5
DA:163,5
DA:164,5
DA:165,5
DA:167,5
DA:168,0
DA:171,5
DA:172,5
DA:174,5
DA:175,0
DA:180,5
DA:181,5
DA:182,0
DA:183,0
DA:184,0
DA:185,0
DA:189,5
DA:190,5
DA:194,5
DA:195,0
DA:196,0
DA:200,5
DA:201,0
DA:202,0
DA:206,5
DA:207,5
DA:211,5
DA:213,40
DA:220,5
DA:223,5
DA:224,5
DA:226,5
DA:256,0
DA:368,30
DA:436,40
DA:563,25
DA:695,0
DA:699,0
DA:702,0
DA:703,0
DA:738,0
DA:739,0
DA:745,0
DA:746,0
LF:71
LH:47
BRDA:51,0,0,0
BRDA:51,0,1,0
BRDA:113,1,0,5
BRDA:113,1,1,4
BRDA:114,2,0,5
BRDA:114,2,1,4
BRDA:118,3,0,5
BRDA:118,3,1,5
BRDA:123,4,0,0
BRDA:123,4,1,5
BRDA:123,5,0,0
BRDA:123,5,1,5
BRDA:123,6,0,1
BRDA:123,6,1,4
BRDA:124,7,0,0
BRDA:124,7,1,5
BRDA:124,8,0,0
BRDA:124,8,1,5
BRDA:124,9,0,1
BRDA:124,9,1,4
BRDA:125,10,0,0
BRDA:125,10,1,5
BRDA:125,11,0,0
BRDA:125,11,1,5
BRDA:125,12,0,1
BRDA:125,12,1,4
BRDA:126,13,0,0
BRDA:126,13,1,5
BRDA:126,14,0,0
BRDA:126,14,1,5
BRDA:126,15,0,1
BRDA:126,15,1,4
BRDA:182,16,0,0
BRDA:182,16,1,0
BRDA:182,17,0,0
BRDA:182,17,1,0
BRDA:223,18,0,0
BRDA:223,18,1,5
BRDA:224,19,0,0
BRDA:224,19,1,5
BRDA:292,20,0,0
BRDA:292,20,1,5
BRDA:306,21,0,0
BRDA:306,21,1,5
BRDA:350,22,0,0
BRDA:350,22,1,5
BRDA:384,23,0,0
BRDA:384,23,1,30
BRDA:394,24,0,0
BRDA:394,24,1,30
BRDA:418,25,0,0
BRDA:418,25,1,5
BRDA:454,26,0,0
BRDA:454,26,1,40
BRDA:468,27,0,0
BRDA:468,27,1,40
BRDA:481,28,0,0
BRDA:481,28,1,40
BRDA:495,29,0,0
BRDA:495,29,1,40
BRDA:507,30,0,0
BRDA:507,30,1,40
BRDA:519,31,0,0
BRDA:519,31,1,40
BRDA:545,32,0,0
BRDA:545,32,1,5
BRDA:578,33,0,0
BRDA:578,33,1,25
BRDA:593,34,0,0
BRDA:593,34,1,25
BRDA:599,35,0,0
BRDA:599,35,1,25
BRDA:607,36,0,0
BRDA:607,36,1,25
BRDA:619,37,0,0
BRDA:619,37,1,25
BRDA:659,38,0,0
BRDA:659,38,1,5
BRDA:670,39,0,0
BRDA:670,39,1,5
BRDA:688,40,0,0
BRDA:688,40,1,5
BRDA:731,41,0,0
BRDA:731,41,1,5
BRDA:762,42,0,0
BRDA:762,42,1,5
BRF:86
BRH:47
end_of_record
TN:
SF:src/components/test/HelloThreeJS.tsx
FN:29,(anonymous_0)
FN:34,(anonymous_1)
FN:72,(anonymous_2)
FNF:3
FNH:0
FNDA:0,(anonymous_0)
FNDA:0,(anonymous_1)
FNDA:0,(anonymous_2)
DA:29,1
DA:30,0
DA:34,0
DA:35,0
DA:36,0
DA:37,0
DA:41,0
DA:72,1
DA:77,0
DA:106,1
LF:10
LH:3
BRDA:35,0,0,0
BRDA:35,0,1,0
BRDA:73,1,0,0
BRDA:74,2,0,0
BRDA:75,3,0,0
BRF:5
BRH:0
end_of_record
TN:
SF:src/components/three/ArchetypeCard.tsx
FN:44,(anonymous_0)
FN:56,(anonymous_1)
FN:60,(anonymous_2)
FN:66,(anonymous_3)
FN:70,(anonymous_4)
FN:75,(anonymous_5)
FN:113,(anonymous_6)
FN:122,(anonymous_7)
FN:134,(anonymous_8)
FN:145,(anonymous_9)
FN:156,(anonymous_10)
FN:166,(anonymous_11)
FN:175,(anonymous_12)
FN:185,(anonymous_13)
FNF:14
FNH:0
FNDA:0,(anonymous_0)
FNDA:0,(anonymous_1)
FNDA:0,(anonymous_2)
FNDA:0,(anonymous_3)
FNDA:0,(anonymous_4)
FNDA:0,(anonymous_5)
FNDA:0,(anonymous_6)
FNDA:0,(anonymous_7)
FNDA:0,(anonymous_8)
FNDA:0,(anonymous_9)
FNDA:0,(anonymous_10)
FNDA:0,(anonymous_11)
FNDA:0,(anonymous_12)
FNDA:0,(anonymous_13)
DA:44,2
DA:53,0
DA:55,0
DA:56,0
DA:60,0
DA:61,0
DA:62,0
DA:66,0
DA:67,0
DA:70,0
DA:71,0
DA:75,0
DA:76,0
DA:77,0
DA:78,0
DA:80,0
DA:81,0
DA:82,0
DA:83,0
DA:87,0
DA:88,0
DA:89,0
DA:90,0
DA:96,0
DA:112,0
DA:113,0
DA:121,0
DA:122,0
DA:133,0
DA:134,0
DA:144,0
DA:145,0
DA:155,0
DA:156,0
DA:165,0
DA:166,0
DA:174,0
DA:175,0
DA:184,0
DA:185,0
DA:194,0
DA:240,2
LF:42
LH:2
BRDA:47,0,0,0
BRDA:48,1,0,0
BRDA:49,2,0,0
BRDA:50,3,0,0
BRDA:61,4,0,0
BRDA:61,4,1,0
BRDA:80,5,0,0
BRDA:80,5,1,0
BRDA:87,6,0,0
BRDA:87,6,1,0
BRDA:102,7,0,0
BRDA:102,7,1,0
BRDA:105,8,0,0
BRDA:105,8,1,0
BRDA:105,9,0,0
BRDA:105,9,1,0
BRDA:150,10,0,0
BRDA:150,10,1,0
BRDA:201,11,0,0
BRDA:201,11,1,0
BRDA:215,12,0,0
BRDA:215,12,1,0
BRF:22
BRH:0
end_of_record
TN:
SF:src/components/three/KoreanButton.tsx
FN:47,(anonymous_0)
FN:62,(anonymous_1)
FN:100,(anonymous_2)
FN:124,(anonymous_3)
FN:130,(anonymous_4)
FN:136,(anonymous_5)
FN:141,(anonymous_6)
FN:147,(anonymous_7)
FN:152,(anonymous_8)
FNF:9
FNH:5
FNDA:19,(anonymous_0)
FNDA:19,(anonymous_1)
FNDA:19,(anonymous_2)
FNDA:1,(anonymous_3)
FNDA:0,(anonymous_4)
FNDA:0,(anonymous_5)
FNDA:0,(anonymous_6)
FNDA:0,(anonymous_7)
FNDA:19,(anonymous_8)
DA:47,2
DA:58,19
DA:59,19
DA:62,19
DA:63,19
DA:65,17
DA:73,1
DA:81,1
DA:89,0
DA:100,19
DA:101,19
DA:103,1
DA:109,1
DA:116,17
DA:124,19
DA:125,1
DA:126,1
DA:130,19
DA:131,0
DA:132,0
DA:136,19
DA:137,0
DA:138,0
DA:141,19
DA:142,0
DA:143,0
DA:147,19
DA:148,0
DA:152,19
DA:153,19
DA:155,19
DA:156,0
DA:157,19
DA:158,0
DA:161,19
DA:192,19
DA:224,2
LF:37
LH:27
BRDA:51,0,0,19
BRDA:52,1,0,19
BRDA:53,2,0,19
BRDA:54,3,0,19
BRDA:55,4,0,19
BRDA:63,5,0,17
BRDA:63,5,1,1
BRDA:63,5,2,1
BRDA:63,5,3,0
BRDA:101,6,0,1
BRDA:101,6,1,1
BRDA:101,6,2,17
BRDA:101,6,3,17
BRDA:125,7,0,1
BRDA:125,7,1,0
BRDA:131,8,0,0
BRDA:131,8,1,0
BRDA:142,9,0,0
BRDA:142,9,1,0
BRDA:155,10,0,0
BRDA:155,10,1,19
BRDA:157,11,0,0
BRDA:157,11,1,19
BRDA:169,12,0,2
BRDA:169,12,1,17
BRDA:170,13,0,2
BRDA:170,13,1,17
BRDA:176,14,0,1
BRDA:176,14,1,18
BRDA:177,15,0,0
BRDA:177,15,1,19
BRDA:177,16,0,19
BRDA:177,16,1,0
BRDA:180,17,0,0
BRDA:180,17,1,19
BRDA:180,18,0,19
BRDA:180,18,1,0
BRDA:202,19,0,19
BRDA:202,19,1,7
BRF:39
BRH:27
end_of_record
TN:
SF:src/components/three/KoreanPanel.tsx
FN:40,(anonymous_0)
FN:50,(anonymous_1)
FNF:2
FNH:0
FNDA:0,(anonymous_0)
FNDA:0,(anonymous_1)
DA:40,2
DA:50,0
DA:51,0
DA:59,0
DA:61,0
DA:68,0
DA:79,0
DA:87,0
DA:96,2
LF:9
LH:2
BRDA:42,0,0,0
BRDA:43,1,0,0
BRDA:44,2,0,0
BRDA:45,3,0,0
BRDA:46,4,0,0
BRDA:59,5,0,0
BRDA:59,5,1,0
BRDA:59,5,2,0
BRDA:59,5,3,0
BRDA:89,6,0,0
BRDA:89,6,1,0
BRF:11
BRH:0
end_of_record
TN:
SF:src/components/three/KoreanText.tsx
FN:45,(anonymous_0)
FN:57,(anonymous_1)
FN:72,(anonymous_2)
FN:82,(anonymous_3)
FN:89,(anonymous_4)
FN:94,(anonymous_5)
FNF:6
FNH:6
FNDA:227,(anonymous_0)
FNDA:227,(anonymous_1)
FNDA:227,(anonymous_2)
FNDA:227,(anonymous_3)
FNDA:227,(anonymous_4)
FNDA:227,(anonymous_5)
DA:45,2
DA:57,227
DA:58,227
DA:60,137
DA:62,1
DA:64,3
DA:67,86
DA:72,227
DA:82,227
DA:89,227
DA:94,227
DA:101,227
DA:112,2
LF:13
LH:13
BRDA:48,0,0,227
BRDA:49,1,0,227
BRDA:50,2,0,227
BRDA:51,3,0,227
BRDA:52,4,0,227
BRDA:53,5,0,227
BRDA:58,6,0,137
BRDA:58,6,1,1
BRDA:58,6,2,3
BRDA:58,6,3,86
BRDA:58,6,4,86
BRDA:76,7,0,105
BRDA:76,7,1,122
BRDA:84,8,0,226
BRDA:84,8,1,1
BRDA:86,9,0,226
BRDA:86,9,1,1
BRDA:103,10,0,227
BRDA:103,10,1,7
BRDA:105,11,0,227
BRDA:105,11,1,226
BRDA:106,12,0,227
BRDA:106,12,1,1
BRF:23
BRH:23
end_of_record
TN:
SF:src/components/three/KoreanUIDemo.tsx
FN:42,(anonymous_0)
FN:62,(anonymous_1)
FN:67,(anonymous_2)
FN:72,(anonymous_3)
FN:73,(anonymous_4)
FN:76,(anonymous_5)
FN:94,(anonymous_6)
FN:411,(anonymous_7)
FN:414,(anonymous_8)
FNF:9
FNH:0
FNDA:0,(anonymous_0)
FNDA:0,(anonymous_1)
FNDA:0,(anonymous_2)
FNDA:0,(anonymous_3)
FNDA:0,(anonymous_4)
FNDA:0,(anonymous_5)
FNDA:0,(anonymous_6)
FNDA:0,(anonymous_7)
FNDA:0,(anonymous_8)
DA:42,1
DA:46,0
DA:47,0
DA:50,0
DA:51,0
DA:52,0
DA:54,0
DA:62,0
DA:63,0
DA:64,0
DA:67,0
DA:68,0
DA:69,0
DA:72,0
DA:73,0
DA:76,0
DA:77,0
DA:78,0
DA:79,0
DA:82,0
DA:95,0
DA:412,0
DA:414,0
DA:454,1
LF:24
LH:2
BRDA:43,0,0,0
BRDA:44,1,0,0
BRDA:124,2,0,0
BRDA:124,2,1,0
BRDA:180,3,0,0
BRDA:180,3,1,0
BRDA:229,4,0,0
BRDA:229,4,1,0
BRDA:264,5,0,0
BRDA:264,5,1,0
BRDA:381,6,0,0
BRDA:381,6,1,0
BRDA:417,7,0,0
BRDA:417,7,1,0
BRDA:421,8,0,0
BRDA:421,8,1,0
BRF:16
BRH:0
end_of_record
TN:
SF:src/components/three/MenuList.tsx
FN:53,(anonymous_0)
FN:64,(anonymous_1)
FN:72,(anonymous_2)
FN:76,(anonymous_3)
FN:82,(anonymous_4)
FN:98,(anonymous_5)
FN:131,(anonymous_6)
FN:148,(anonymous_7)
FN:153,(anonymous_8)
FN:154,(anonymous_9)
FNF:10
FNH:0
FNDA:0,(anonymous_0)
FNDA:0,(anonymous_1)
FNDA:0,(anonymous_2)
FNDA:0,(anonymous_3)
FNDA:0,(anonymous_4)
FNDA:0,(anonymous_5)
FNDA:0,(anonymous_6)
FNDA:0,(anonymous_7)
FNDA:0,(anonymous_8)
FNDA:0,(anonymous_9)
DA:53,2
DA:61,0
DA:63,0
DA:65,0
DA:66,0
DA:72,0
DA:73,0
DA:76,0
DA:77,0
DA:81,0
DA:82,0
DA:97,0
DA:99,0
DA:100,0
DA:102,0
DA:103,0
DA:105,0
DA:106,0
DA:107,0
DA:108,0
DA:109,0
DA:110,0
DA:113,0
DA:130,0
DA:131,0
DA:145,0
DA:149,0
DA:150,0
DA:153,0
DA:154,0
DA:173,2
LF:31
LH:2
[...]
FN:147,getRelatedVitalPoints
FN:336,(anonymous_2)
FN:389,getMeridian
FN:396,getMeridiansByElement
FN:400,(anonymous_5)
FN:433,calculateMeridianFlow
FN:472,findOptimalVitalPoints
FN:483,(anonymous_8)
FN:485,(anonymous_9)
FN:489,(anonymous_10)
FN:500,calculateAnatomicalVulnerability
FN:510,(anonymous_12)
FN:529,isPositionInZone
FN:545,generateMeridianEffects
FN:589,getAnatomicalZones
FN:597,getZoneByPosition
FN:613,(anonymous_17)
FN:615,(anonymous_18)
FN:621,(anonymous_19)
FN:625,(anonymous_20)
FN:633,createVitalPointEffect
FN:827,(anonymous_22)
FN:839,(anonymous_23)
FN:852,(anonymous_24)
FN:865,(anonymous_25)
FN:880,(anonymous_26)
FN:885,getVitalPointsInRegion
FN:891,getRegionBoundaries
FN:895,isPositionInRegion
FN:912,getRegionForPosition
FNF:31
FNH:26
FNDA:85,(anonymous_0)
FNDA:204,getRelatedVitalPoints
FNDA:204,(anonymous_2)
FNDA:5,getMeridian
FNDA:6,getMeridiansByElement
FNDA:72,(anonymous_5)
FNDA:103,calculateMeridianFlow
FNDA:5,findOptimalVitalPoints
FNDA:9,(anonymous_8)
FNDA:108,(anonymous_9)
FNDA:0,(anonymous_10)
FNDA:6,calculateAnatomicalVulnerability
FNDA:15,(anonymous_12)
FNDA:27,isPositionInZone
FNDA:77,generateMeridianEffects
FNDA:4,getAnatomicalZones
FNDA:12,getZoneByPosition
FNDA:3,(anonymous_17)
FNDA:11,(anonymous_18)
FNDA:3,(anonymous_19)
FNDA:24,(anonymous_20)
FNDA:85,createVitalPointEffect
FNDA:85,(anonymous_22)
FNDA:85,(anonymous_23)
FNDA:85,(anonymous_24)
FNDA:85,(anonymous_25)
FNDA:85,(anonymous_26)
FNDA:0,getVitalPointsInRegion
FNDA:0,getRegionBoundaries
FNDA:0,isPositionInRegion
FNDA:0,getRegionForPosition
DA:62,17
DA:138,17
DA:139,85
DA:140,85
DA:148,204
DA:151,17
DA:336,17
DA:337,204
DA:338,204
DA:363,17
DA:390,5
DA:399,6
DA:400,72
DA:411,17
DA:438,103
DA:453,103
DA:456,103
DA:457,103
DA:458,9
DA:464,103
DA:466,103
DA:476,5
DA:477,5
DA:479,4
DA:481,4
DA:483,4
DA:485,9
DA:486,108
DA:489,9
DA:490,0
DA:494,4
DA:504,6
DA:506,6
DA:507,6
DA:508,5
DA:510,5
DA:511,15
DA:518,15
DA:519,15
DA:523,6
DA:533,27
DA:534,27
DA:550,77
DA:551,77
DA:553,76
DA:554,76
DA:555,76
DA:558,77
DA:559,77
DA:560,9
DA:561,50
DA:563,76
DA:564,29
DA:565,29
DA:580,29
DA:583,76
DA:591,4
DA:601,12
DA:603,27
DA:604,9
DA:607,3
DA:614,3
DA:617,11
DA:622,3
DA:623,3
DA:624,2
DA:627,24
DA:641,85
DA:653,17
DA:817,17
DA:827,85
DA:839,85
DA:852,85
DA:866,85
DA:880,85
DA:888,0
DA:892,0
DA:899,0
DA:900,0
DA:903,0
DA:904,0
DA:913,0
DA:914,0
DA:915,0
DA:918,0
LF:85
LH:74
BRDA:390,0,0,5
BRDA:390,0,1,2
BRDA:453,1,0,103
BRDA:453,1,1,1
BRDA:457,2,0,9
BRDA:457,2,1,94
BRDA:477,3,0,1
BRDA:477,3,1,4
BRDA:489,4,0,0
BRDA:489,4,1,9
BRDA:507,5,0,5
BRDA:507,5,1,1
BRDA:511,6,0,15
BRDA:511,6,1,3
BRDA:518,7,0,12
BRDA:518,7,1,3
BRDA:535,8,0,27
BRDA:535,8,1,22
BRDA:535,8,2,12
BRDA:535,8,3,10
BRDA:551,9,0,1
BRDA:551,9,1,76
BRDA:555,10,0,76
BRDA:555,10,1,10
BRDA:559,11,0,17
BRDA:559,11,1,59
BRDA:559,12,0,9
BRDA:559,12,1,50
BRDA:563,13,0,29
BRDA:563,13,1,47
BRDA:603,14,0,9
BRDA:603,14,1,18
BRDA:623,15,0,1
BRDA:623,15,1,2
BRDA:639,16,0,85
BRDA:839,17,0,85
BRDA:839,17,1,68
BRDA:852,18,0,85
BRDA:852,18,1,51
BRDA:866,19,0,85
BRDA:866,19,1,0
BRDA:866,19,2,0
BRDA:888,20,0,0
BRDA:888,20,1,0
BRDA:892,21,0,0
BRDA:892,21,1,0
BRDA:900,22,0,0
BRDA:900,22,1,0
BRDA:905,23,0,0
BRDA:905,23,1,0
BRDA:905,23,2,0
BRDA:905,23,3,0
BRDA:914,24,0,0
BRDA:914,24,1,0
BRF:54
BRH:39
end_of_record
TN:
SF:src/systems/vitalpoint/KoreanVitalPoints.ts
FN:149,(anonymous_0)
FN:152,(anonymous_1)
FN:155,(anonymous_2)
FN:156,(anonymous_3)
FN:159,(anonymous_4)
FN:160,(anonymous_5)
FN:166,(anonymous_6)
FN:167,(anonymous_7)
FN:175,(anonymous_8)
FN:180,(anonymous_9)
FN:189,(anonymous_10)
FN:192,(anonymous_11)
FNF:12
FNH:12
FNDA:5,(anonymous_0)
FNDA:15,(anonymous_1)
FNDA:2,(anonymous_2)
FNDA:6,(anonymous_3)
FNDA:110,(anonymous_4)
FNDA:146,(anonymous_5)
FNDA:10,(anonymous_6)
FNDA:30,(anonymous_7)
FNDA:6,(anonymous_8)
FNDA:18,(anonymous_9)
FNDA:8,(anonymous_10)
FNDA:24,(anonymous_11)
DA:16,22
DA:149,22
DA:152,15
DA:155,22
DA:156,6
DA:159,22
DA:160,146
DA:166,22
DA:167,10
DA:168,30
DA:175,22
DA:179,6
DA:181,18
DA:189,22
DA:192,24
LF:15
LH:15
BRDA:181,0,0,18
BRDA:181,0,1,10
BRF:2
BRH:2
end_of_record
TN:
SF:src/systems/vitalpoint/MeridianVitalPointMapping.ts
FN:211,getMeridiansForVitalPoint
FN:231,getVitalPointsForMeridian
FN:235,(anonymous_2)
FN:236,(anonymous_3)
FN:248,isVitalPointOnMeridian
FN:263,getMeridianMappingStatistics
FN:272,(anonymous_6)
FN:274,(anonymous_7)
FNF:8
FNH:8
FNDA:52,getMeridiansForVitalPoint
FNDA:210,getVitalPointsForMeridian
FNDA:23730,(anonymous_2)
FNDA:3308,(anonymous_3)
FNDA:7,isVitalPointOnMeridian
FNDA:4,getMeridianMappingStatistics
FNDA:452,(anonymous_6)
FNDA:756,(anonymous_7)
DA:40,18
DA:214,52
DA:234,210
DA:235,23730
DA:236,3308
DA:252,7
DA:253,7
DA:268,4
DA:269,4
DA:270,4
DA:272,4
DA:273,452
DA:274,452
DA:275,756
DA:279,4
LF:15
LH:15
BRDA:214,0,0,52
BRDA:214,0,1,2
BRDA:275,1,0,756
BRDA:275,1,1,48
BRF:4
BRH:4
end_of_record
TN:
SF:src/systems/vitalpoint/VitalPointsData.ts
FN:1691,getVitalPointsByRegion
FN:1705,(anonymous_1)
FN:1706,(anonymous_2)
FN:1718,getTotalVitalPointsCount
FNF:4
FNH:0
FNDA:0,getVitalPointsByRegion
FNDA:0,(anonymous_1)
FNDA:0,(anonymous_2)
FNDA:0,getTotalVitalPointsCount
DA:33,16
DA:1693,0
DA:1704,0
DA:1705,0
DA:1706,0
DA:1719,0
LF:6
LH:1
BRDA:1704,0,0,0
BRDA:1704,0,1,0
BRF:2
BRH:0
end_of_record
TN:
SF:src/systems/vitalpoint/index.ts
FNF:0
FNH:0
LF:0
LH:0
BRF:0
BRH:0
end_of_record
TN:
SF:src/systems/vitalpoint/types.ts
FNF:0
FNH:0
LF:0
LH:0
BRF:0
BRH:0
end_of_record
TN:
SF:src/test/test-utils.ts
FN:7,createMockPlayerState
FN:51,customRender
FNF:2
FNH:1
FNDA:84,createMockPlayerState
FNDA:0,customRender
DA:8,84
DA:55,0
LF:2
LH:1
BRF:0
BRH:0
end_of_record
TN:
SF:src/types/common.ts
FN:199,(anonymous_0)
FN:229,(anonymous_1)
FN:473,(anonymous_2)
FN:501,(anonymous_3)
FN:544,(anonymous_4)
FN:625,(anonymous_5)
FN:733,(anonymous_6)
FN:770,(anonymous_7)
FN:828,(anonymous_8)
FN:873,(anonymous_9)
FN:897,(anonymous_10)
FN:930,(anonymous_11)
FN:957,(anonymous_12)
FNF:13
FNH:13
FNDA:39,(anonymous_0)
FNDA:39,(anonymous_1)
FNDA:39,(anonymous_2)
FNDA:39,(anonymous_3)
FNDA:39,(anonymous_4)
FNDA:39,(anonymous_5)
FNDA:39,(anonymous_6)
FNDA:39,(anonymous_7)
FNDA:39,(anonymous_8)
FNDA:39,(anonymous_9)
FNDA:39,(anonymous_10)
FNDA:39,(anonymous_11)
FNDA:39,(anonymous_12)
DA:199,39
DA:201,39
DA:203,39
DA:205,39
DA:207,39
DA:209,39
DA:211,39
DA:213,39
DA:215,39
DA:217,39
DA:229,39
DA:231,39
DA:233,39
DA:235,39
DA:237,39
DA:239,39
DA:241,39
DA:243,39
DA:473,39
DA:475,39
DA:477,39
DA:479,39
DA:481,39
DA:483,39
DA:485,39
DA:487,39
DA:489,39
DA:501,39
DA:503,39
DA:505,39
DA:507,39
DA:509,39
DA:511,39
DA:513,39
DA:515,39
DA:517,39
DA:519,39
DA:521,39
DA:544,39
DA:551,39
DA:559,39
DA:567,39
DA:575,39
DA:583,39
DA:625,39
DA:636,39
DA:648,39
DA:660,39
DA:672,39
DA:684,39
DA:696,39
DA:708,39
DA:720,39
DA:733,39
DA:735,39
DA:737,39
DA:739,39
DA:741,39
DA:743,39
DA:745,39
DA:747,39
DA:749,39
DA:751,39
DA:753,39
DA:755,39
DA:757,39
DA:770,39
DA:772,39
DA:774,39
DA:776,39
DA:778,39
DA:780,39
DA:782,39
DA:784,39
DA:786,39
DA:788,39
DA:790,39
DA:792,39
DA:794,39
DA:796,39
DA:798,39
DA:800,39
DA:802,39
DA:828,39
DA:830,39
DA:832,39
DA:834,39
DA:836,39
DA:838,39
DA:840,39
DA:842,39
DA:844,39
DA:846,39
DA:848,39
DA:850,39
DA:852,39
DA:873,39
DA:875,39
DA:877,39
DA:879,39
DA:881,39
DA:883,39
DA:897,39
DA:899,39
DA:901,39
DA:903,39
DA:905,39
DA:907,39
DA:909,39
DA:911,39
DA:913,39
DA:915,39
DA:917,39
DA:930,39
DA:932,39
DA:934,39
DA:936,39
DA:938,39
DA:940,39
DA:942,39
DA:944,39
DA:957,39
DA:959,39
DA:961,39
DA:963,39
DA:965,39
DA:967,39
DA:969,39
DA:971,39
DA:973,39
LF:130
LH:130
BRDA:199,0,0,39
BRDA:199,0,1,39
BRDA:229,1,0,39
BRDA:229,1,1,39
BRDA:473,2,0,39
BRDA:473,2,1,39
BRDA:501,3,0,39
BRDA:501,3,1,39
BRDA:544,4,0,39
BRDA:544,4,1,39
BRDA:625,5,0,39
BRDA:625,5,1,39
BRDA:733,6,0,39
BRDA:733,6,1,39
BRDA:770,7,0,39
BRDA:770,7,1,39
BRDA:828,8,0,39
BRDA:828,8,1,39
BRDA:873,9,0,39
BRDA:873,9,1,39
BRDA:897,10,0,39
BRDA:897,10,1,39
BRDA:930,11,0,39
BRDA:930,11,1,39
BRDA:957,12,0,39
BRDA:957,12,1,39
BRF:26
BRH:26
end_of_record
TN:
SF:src/types/index.ts
FNF:0
FNH:0
LF:0
LH:0
BRF:0
BRH:0
end_of_record
TN:
SF:src/types/constants/animations.ts
FNF:0
FNH:0
DA:6,51
DA:33,51
DA:44,51
DA:73,51
LF:4
LH:4
BRF:0
BRH:0
end_of_record
TN:
SF:src/types/constants/colors.ts
FN:177,(anonymous_0)
FN:186,(anonymous_1)
FN:193,(anonymous_2)
FNF:3
FNH:0
FNDA:0,(anonymous_0)
FNDA:0,(anonymous_1)
FNDA:0,(anonymous_2)
DA:7,51
DA:134,51
DA:173,51
DA:177,0
DA:187,0
DA:194,0
DA:195,0
DA:197,0
DA:198,0
DA:199,0
DA:201,0
LF:11
LH:3
BRF:0
BRH:0
end_of_record
TN:
SF:src/types/constants/index.ts
FNF:0
FNH:0
DA:30,51
DA:34,51
DA:35,51
DA:36,51
DA:45,51
DA:95,51
DA:152,51
DA:165,51
LF:8
LH:8
BRF:0
BRH:0
end_of_record
TN:
SF:src/types/constants/typography.ts
FNF:0
FNH:0
DA:6,51
DA:17,51
DA:31,51
DA:42,51
DA:53,51
LF:5
LH:5
BRF:0
BRH:0
end_of_record
TN:
SF:src/types/constants/ui.ts
FNF:0
FNH:0
DA:8,51
DA:26,51
DA:37,51
DA:47,51
DA:57,51
DA:67,51
DA:75,51
DA:103,51
DA:113,51
DA:122,51
DA:136,51
DA:172,51
DA:180,51
LF:13
LH:13
BRF:0
BRH:0
end_of_record
TN:
SF:src/utils/colorUtils.ts
FN:7,rgbToHex
FN:14,hexToRgb
FN:25,darkenColor
FN:39,lightenColor
FN:53,getArchetypeColors
FN:94,interpolateColor
FN:112,getColorWithAlpha
FN:119,getContrastColor
FN:130,getHealthColor
FN:146,hexToRgbaString
FN:159,toHex
FN:171,hexColorToCSS
FNF:12
FNH:5
FNDA:0,rgbToHex
FNDA:4730,hexToRgb
FNDA:0,darkenColor
FNDA:0,lightenColor
FNDA:88,getArchetypeColors
FNDA:0,interpolateColor
FNDA:0,getColorWithAlpha
FNDA:0,getContrastColor
FNDA:0,getHealthColor
FNDA:4730,hexToRgbaString
FNDA:398,toHex
FNDA:134,hexColorToCSS
DA:8,0
DA:15,4730
DA:26,0
DA:27,0
DA:29,0
DA:40,0
DA:41,0
DA:43,0
DA:60,88
DA:83,88
DA:99,0
DA:100,0
DA:102,0
DA:103,0
DA:104,0
DA:106,0
DA:113,0
DA:120,0
DA:121,0
DA:122,0
DA:131,0
DA:132,0
DA:133,0
DA:134,0
DA:136,0
DA:147,4730
DA:148,4730
DA:160,398
DA:172,134
LF:29
LH:7
BRDA:25,0,0,0
BRDA:39,1,0,0
BRDA:84,2,0,88
BRDA:84,2,1,0
BRDA:122,3,0,0
BRDA:122,3,1,0
BRDA:131,4,0,0
BRDA:131,4,1,0
BRDA:133,5,0,0
BRDA:133,5,1,0
BRDA:146,6,0,4730
BRF:11
BRH:2
end_of_record
TN:
SF:src/utils/inputSystem.ts
FN:38,usePlayerMovement
FN:94,(anonymous_1)
FN:100,(anonymous_2)
FN:110,(anonymous_3)
FN:115,(anonymous_4)
FN:120,(anonymous_5)
FN:125,(anonymous_6)
FN:134,(anonymous_7)
FN:144,(anonymous_8)
FN:148,(anonymous_9)
FN:152,(anonymous_10)
FN:156,(anonymous_11)
FN:164,(anonymous_12)
FN:228,(anonymous_13)
FN:234,(anonymous_14)
FN:244,(anonymous_15)
FN:253,(anonymous_16)
FN:291,(anonymous_17)
FN:295,(anonymous_18)
FN:300,(anonymous_19)
FN:308,(anonymous_20)
FN:316,(anonymous_21)
FN:323,(anonymous_22)
FN:337,(anonymous_23)
FN:341,(anonymous_24)
FN:345,(anonymous_25)
FN:349,(anonymous_26)
FN:353,(anonymous_27)
FN:356,(anonymous_28)
FN:360,(anonymous_29)
FN:370,getStanceFromKey
FN:383,processCombatInput
FN:416,useCombatInput
FN:419,(anonymous_33)
FN:420,(anonymous_34)
FN:430,(anonymous_35)
FN:434,(anonymous_36)
FN:437,(anonymous_37)
FNF:38
FNH:4
FNDA:60,usePlayerMovement
FNDA:0,(anonymous_1)
FNDA:0,(anonymous_2)
FNDA:0,(anonymous_3)
FNDA:0,(anonymous_4)
FNDA:0,(anonymous_5)
FNDA:0,(anonymous_6)
FNDA:0,(anonymous_7)
FNDA:0,(anonymous_8)
FNDA:0,(anonymous_9)
FNDA:0,(anonymous_10)
FNDA:0,(anonymous_11)
FNDA:0,(anonymous_12)
FNDA:30,(anonymous_13)
FNDA:0,(anonymous_14)
FNDA:60,(anonymous_15)
FNDA:60,(anonymous_16)
FNDA:0,(anonymous_17)
FNDA:0,(anonymous_18)
FNDA:0,(anonymous_19)
FNDA:0,(anonymous_20)
FNDA:0,(anonymous_21)
FNDA:0,(anonymous_22)
FNDA:0,(anonymous_23)
FNDA:0,(anonymous_24)
FNDA:0,(anonymous_25)
FNDA:0,(anonymous_26)
FNDA:0,(anonymous_27)
FNDA:0,(anonymous_28)
FNDA:0,(anonymous_29)
FNDA:0,getStanceFromKey
FNDA:0,processCombatInput
FNDA:0,useCombatInput
FNDA:0,(anonymous_33)
FNDA:0,(anonymous_34)
FNDA:0,(anonymous_35)
FNDA:0,(anonymous_36)
FNDA:0,(anonymous_37)
DA:44,60
DA:66,60
DA:68,60
DA:70,60
DA:78,60
DA:79,60
DA:80,60
DA:84,60
DA:87,60
DA:94,60
DA:95,0
DA:99,60
DA:101,0
DA:103,0
DA:104,0
DA:107,0
DA:110,0
DA:111,0
DA:112,0
DA:115,0
DA:116,0
DA:117,0
DA:120,0
DA:121,0
DA:122,0
DA:125,0
DA:126,0
DA:127,0
DA:133,60
DA:135,0
DA:137,0
DA:138,0
DA:141,0
DA:144,0
DA:145,0
DA:148,0
DA:149,0
DA:152,0
DA:153,0
DA:156,0
DA:157,0
DA:164,60
DA:165,0
DA:166,0
DA:167,0
DA:170,0
DA:171,0
DA:172,0
DA:174,0
DA:175,0
DA:176,0
DA:179,0
DA:180,0
DA:181,0
DA:184,0
DA:188,0
DA:190,0
DA:191,0
DA:192,0
DA:193,0
DA:195,0
DA:196,0
DA:197,0
DA:200,0
DA:203,0
DA:207,0
DA:208,0
DA:212,0
DA:213,0
DA:215,0
DA:228,60
DA:229,30
DA:231,0
DA:232,0
DA:234,0
DA:235,0
DA:236,0
DA:237,0
DA:238,0
DA:244,60
DA:245,60
DA:246,0
DA:247,0
DA:248,60
DA:249,0
DA:250,0
DA:253,60
DA:254,60
DA:255,0
DA:256,0
DA:261,60
DA:288,0
DA:289,0
DA:292,0
DA:296,0
DA:297,0
DA:301,0
DA:303,0
DA:304,0
DA:305,0
DA:309,0
DA:311,0
DA:312,0
DA:313,0
DA:317,0
DA:318,0
DA:320,0
DA:324,0
DA:326,0
DA:327,0
DA:328,0
DA:329,0
DA:330,0
DA:333,0
DA:338,0
DA:342,0
DA:346,0
DA:350,0
DA:354,0
DA:355,0
DA:356,0
DA:361,0
DA:362,0
DA:363,0
DA:371,0
DA:373,0
DA:374,0
DA:377,0
DA:384,0
DA:385,0
DA:388,0
DA:389,0
DA:390,0
DA:397,0
DA:399,0
DA:404,0
DA:409,0
DA:417,0
DA:419,0
DA:420,0
DA:421,0
DA:423,0
DA:424,0
DA:425,0
DA:429,0
DA:430,0
DA:433,0
DA:435,0
DA:438,0
LF:149
LH:21
BRDA:44,0,0,0
BRDA:44,0,1,60
BRDA:44,1,0,60
BRDA:44,1,1,60
BRDA:47,2,0,0
BRDA:47,2,1,0
BRDA:61,3,0,60
BRDA:64,4,0,60
BRDA:65,5,0,60
BRDA:84,6,0,60
BRDA:84,6,1,60
BRDA:84,6,2,60
BRDA:84,6,3,60
BRDA:101,7,0,0
BRDA:101,7,1,0
BRDA:107,8,0,0
BRDA:107,8,1,0
BRDA:107,8,2,0
BRDA:107,8,3,0
BRDA:107,8,4,0
BRDA:107,8,5,0
BRDA:107,8,6,0
BRDA:107,8,7,0
BRDA:135,9,0,0
BRDA:135,9,1,0
BRDA:141,10,0,0
BRDA:141,10,1,0
BRDA:141,10,2,0
BRDA:141,10,3,0
BRDA:141,10,4,0
BRDA:141,10,5,0
BRDA:141,10,6,0
BRDA:141,10,7,0
BRDA:165,11,0,0
BRDA:165,11,1,0
BRDA:165,12,0,0
BRDA:165,12,1,0
BRDA:174,13,0,0
BRDA:174,13,1,0
BRDA:184,14,0,0
BRDA:184,14,1,0
BRDA:184,15,0,0
BRDA:184,15,1,0
BRDA:184,15,2,0
BRDA:184,15,3,0
BRDA:190,16,0,0
BRDA:190,16,1,0
BRDA:191,17,0,0
BRDA:191,17,1,0
BRDA:192,18,0,0
BRDA:192,18,1,0
BRDA:193,19,0,0
BRDA:193,19,1,0
BRDA:195,20,0,0
BRDA:195,20,1,0
BRDA:203,21,0,0
BRDA:203,21,1,0
BRDA:204,22,0,0
BRDA:204,22,1,0
BRDA:212,23,0,0
BRDA:212,23,1,0
BRDA:229,24,0,30
BRDA:229,24,1,0
BRDA:237,25,0,0
BRDA:237,25,1,0
BRDA:245,26,0,0
BRDA:245,26,1,60
BRDA:245,27,0,60
BRDA:245,27,1,0
BRDA:248,28,0,0
BRDA:248,28,1,60
BRDA:248,29,0,60
BRDA:248,29,1,60
BRDA:254,30,0,0
BRDA:254,30,1,60
BRDA:301,31,0,0
BRDA:301,31,1,0
BRDA:309,32,0,0
BRDA:309,32,1,0
BRDA:317,33,0,0
BRDA:317,33,1,0
BRDA:324,34,0,0
BRDA:324,34,1,0
BRDA:326,35,0,0
BRDA:326,35,1,0
BRDA:329,36,0,0
BRDA:329,36,1,0
BRDA:355,37,0,0
BRDA:355,37,1,0
BRDA:373,38,0,0
BRDA:373,38,1,0
BRDA:389,39,0,0
BRDA:389,39,1,0
BRDA:397,40,0,0
BRDA:397,40,1,0
BRDA:397,40,2,0
BRDA:421,41,0,0
BRDA:421,41,1,0
BRDA:424,42,0,0
BRDA:424,42,1,0
BRF:100
BRH:17
end_of_record
TN:
SF:src/utils/playerUtils.ts
FN:13,createPlayerFromArchetype
FN:80,updatePlayerState
FN:108,applyDamage
FN:128,applyStatusEffect
FN:133,(anonymous_4)
FN:155,getVitalPointByOnPlayerId
FN:164,(anonymous_6)
FN:170,canPlayerAct
FN:181,getStanceEffectiveness
FN:192,hasEnoughResources
FN:203,getArchetypeBonuses
FN:221,calculateCombatEffectiveness
FN:235,updateStatusEffects
FN:240,(anonymous_13)
FN:245,(anonymous_14)
FN:252,resetPlayerState
FN:265,getArchetypeAssets
FNF:17
FNH:14
FNDA:386,createPlayerFromArchetype
FNDA:43,updatePlayerState
FNDA:11,applyDamage
FNDA:7,applyStatusEffect
FNDA:2,(anonymous_4)
FNDA:0,getVitalPointByOnPlayerId
FNDA:0,(anonymous_6)
FNDA:5,canPlayerAct
FNDA:0,getStanceEffectiveness
FNDA:5,hasEnoughResources
FNDA:3,getArchetypeBonuses
FNDA:4,calculateCombatEffectiveness
FNDA:2,updateStatusEffects
FNDA:2,(anonymous_13)
FNDA:1,(anonymous_14)
FNDA:2,resetPlayerState
FNDA:10,getArchetypeAssets
DA:17,386
DA:19,386
DA:24,386
DA:84,43
DA:113,11
DA:114,11
DA:116,11
DA:132,7
DA:133,2
DA:137,7
DA:139,1
DA:140,1
DA:143,6
DA:146,7
DA:164,0
DA:171,5
DA:172,4
DA:173,3
DA:174,2
DA:175,2
DA:186,0
DA:197,5
DA:209,3
DA:210,3
DA:222,4
DA:223,4
DA:224,4
DA:225,4
DA:227,4
DA:239,2
DA:240,2
DA:243,2
DA:245,1
DA:256,2
DA:274,10
DA:275,10
DA:277,10
DA:278,0
DA:279,0
DA:290,10
LF:40
LH:36
BRDA:20,0,0,248
BRDA:20,0,1,138
BRDA:90,1,0,43
BRDA:90,1,1,23
BRDA:92,2,0,43
BRDA:92,2,1,37
BRDA:95,3,0,43
BRDA:95,3,1,35
BRDA:99,4,0,43
BRDA:99,4,1,27
BRDA:101,5,0,43
BRDA:101,5,1,39
BRDA:120,6,0,2
BRDA:120,6,1,9
BRDA:121,7,0,2
BRDA:121,7,1,9
BRDA:133,8,0,2
BRDA:133,8,1,1
BRDA:137,9,0,1
BRDA:137,9,1,6
BRDA:137,10,0,7
BRDA:137,10,1,1
BRDA:164,11,0,0
BRDA:164,11,1,0
BRDA:171,12,0,1
BRDA:171,12,1,4
BRDA:172,13,0,1
BRDA:172,13,1,3
BRDA:173,14,0,1
BRDA:173,14,1,2
BRDA:174,15,0,0
BRDA:174,15,1,2
BRDA:197,16,0,5
BRDA:197,16,1,4
BRDA:277,17,0,0
BRDA:277,17,1,10
BRF:36
BRH:32
end_of_record
TN:
SF:src/utils/performance/PerformanceMonitor.ts
FN:50,(anonymous_0)
FN:59,(anonymous_1)
FN:91,(anonymous_2)
FN:99,(anonymous_3)
FN:101,(anonymous_4)
FN:107,(anonymous_5)
FN:114,(anonymous_6)
FN:121,(anonymous_7)
FN:129,(anonymous_8)
FN:148,(anonymous_9)
FN:159,(anonymous_10)
FN:191,(anonymous_11)
FN:198,(anonymous_12)
FN:210,(anonymous_13)
FN:228,createPerformanceMonitor
FNF:15
FNH:15
FNDA:51,(anonymous_0)
FNDA:214,(anonymous_1)
FNDA:34,(anonymous_2)
FNDA:72,(anonymous_3)
FNDA:224,(anonymous_4)
FNDA:34,(anonymous_5)
FNDA:34,(anonymous_6)
FNDA:32,(anonymous_7)
FNDA:32,(anonymous_8)
FNDA:34,(anonymous_9)
FNDA:2,(anonymous_10)
FNDA:32,(anonymous_11)
FNDA:40,(anonymous_12)
FNDA:1,(anonymous_13)
FNDA:2,createPerformanceMonitor
DA:28,2
DA:39,51
DA:40,51
DA:41,51
DA:42,51
DA:44,51
DA:45,51
DA:48,51
DA:51,51
DA:60,214
DA:61,214
DA:62,214
DA:64,214
DA:66,213
DA:67,213
DA:70,213
DA:71,213
DA:74,213
DA:75,45
DA:78,213
DA:81,213
DA:82,2
DA:85,213
DA:92,34
DA:93,2
DA:100,72
DA:101,224
DA:108,34
DA:115,34
DA:122,32
DA:123,32
DA:130,32
DA:131,32
DA:133,32
DA:149,34
DA:150,34
DA:151,0
DA:153,34
DA:160,2
DA:162,2
DA:163,2
DA:164,2
DA:167,2
DA:168,0
DA:169,0
DA:170,0
DA:174,2
DA:175,0
DA:176,0
DA:177,0
DA:181,2
DA:182,0
DA:183,0
DA:184,0
DA:192,32
DA:199,40
DA:200,40
DA:201,40
DA:202,40
DA:203,40
DA:204,40
DA:211,1
DA:212,1
DA:231,2
LF:64
LH:54
BRDA:50,0,0,51
BRDA:64,1,0,1
BRDA:64,1,1,213
BRDA:70,2,0,18
BRDA:70,2,1,195
BRDA:71,3,0,20
BRDA:71,3,1,193
BRDA:74,4,0,45
BRDA:74,4,1,168
BRDA:81,5,0,2
BRDA:81,5,1,211
BRDA:81,6,0,213
BRDA:81,6,1,213
BRDA:92,7,0,32
BRDA:92,7,1,2
BRDA:100,8,0,62
BRDA:100,8,1,10
BRDA:108,9,0,31
BRDA:108,9,1,3
BRDA:138,10,0,2
BRDA:138,10,1,30
BRDA:140,11,0,32
BRDA:140,11,1,32
BRDA:141,12,0,32
BRDA:141,12,1,32
BRDA:150,13,0,0
BRDA:150,13,1,34
BRDA:164,14,0,2
BRDA:164,14,1,2
BRDA:167,15,0,0
BRDA:167,15,1,2
BRDA:174,16,0,0
BRDA:174,16,1,2
BRDA:174,17,0,2
BRDA:174,17,1,0
BRDA:181,18,0,0
BRDA:181,18,1,2
BRF:37
BRH:32
end_of_record
TN:
SF:src/utils/performance/PerformanceOverlay3D.tsx
FN:21,(anonymous_0)
FN:155,(anonymous_1)
FNF:2
FNH:1
FNDA:60,(anonymous_0)
FNDA:0,(anonymous_1)
DA:21,1
DA:25,60
DA:30,60
DA:31,0
DA:34,60
DA:36,60
DA:156,0
LF:7
LH:5
BRDA:22,0,0,60
BRDA:23,1,0,60
BRDA:30,2,0,0
BRDA:30,2,1,60
BRDA:34,3,0,0
BRDA:34,3,1,60
BRDA:34,4,0,60
BRDA:34,4,1,0
BRDA:97,5,0,0
BRDA:97,5,1,60
BRDA:97,6,0,0
BRDA:97,6,1,60
BRDA:100,7,0,0
BRDA:100,7,1,60
BRDA:107,8,0,0
BRDA:107,8,1,60
BRDA:107,9,0,0
BRDA:107,9,1,60
BRDA:133,10,0,0
BRDA:133,10,1,60
BRDA:138,11,0,0
BRDA:138,11,1,60
BRDA:144,12,0,60
BRDA:144,12,1,0
BRF:24
BRH:13
end_of_record
TN:
SF:src/utils/performance/index.ts
FNF:0
FNH:0
LF:0
LH:0
BRF:0
BRH:0
end_of_record
TN:
SF:src/utils/performance/usePerformanceMonitor.ts
FN:50,usePerformanceMonitor
FN:55,(anonymous_1)
FN:59,(anonymous_2)
FN:64,(anonymous_3)
FN:68,(anonymous_4)
FN:77,(anonymous_5)
FN:96,(anonymous_6)
FN:97,(anonymous_7)
FNF:8
FNH:6
FNDA:60,usePerformanceMonitor
FNDA:0,(anonymous_1)
FNDA:30,(anonymous_2)
FNDA:30,(anonymous_3)
FNDA:30,(anonymous_4)
FNDA:0,(anonymous_5)
FNDA:30,(anonymous_6)
FNDA:30,(anonymous_7)
DA:53,60
DA:55,60
DA:58,60
DA:59,30
DA:63,60
DA:64,30
DA:68,60
DA:74,60
DA:77,60
DA:78,0
DA:80,0
DA:83,0
DA:84,0
DA:85,0
DA:87,0
DA:96,60
DA:97,30
DA:98,30
DA:102,60
LF:19
LH:13
BRDA:51,0,0,60
BRDA:53,1,0,60
BRDA:53,2,0,60
BRDA:78,3,0,0
BRDA:78,3,1,0
BRDA:84,4,0,0
BRDA:84,4,1,0
BRF:7
BRH:3
end_of_record
