TN:
SF:src/audio/AudioAssetLoader.ts
FN:42,(anonymous_0)
FN:108,(anonymous_1)
FN:167,(anonymous_2)
FN:194,(anonymous_3)
FN:199,(anonymous_4)
FN:206,(anonymous_5)
FN:213,(anonymous_6)
FN:221,(anonymous_7)
FN:239,(anonymous_8)
FN:280,(anonymous_9)
FN:286,(anonymous_10)
FN:302,(anonymous_11)
FN:320,(anonymous_12)
FN:329,(anonymous_13)
FN:337,(anonymous_14)
FN:344,(anonymous_15)
FN:345,(anonymous_16)
FN:358,(anonymous_17)
FN:371,(anonymous_18)
FN:372,(anonymous_19)
FN:379,(anonymous_20)
FN:388,(anonymous_21)
FNF:22
FNH:22
FNDA:704,(anonymous_0)
FNDA:471,(anonymous_1)
FNDA:471,(anonymous_2)
FNDA:482,(anonymous_3)
FNDA:482,(anonymous_4)
FNDA:469,(anonymous_5)
FNDA:14,(anonymous_6)
FNDA:3,(anonymous_7)
FNDA:5,(anonymous_8)
FNDA:2,(anonymous_9)
FNDA:3,(anonymous_10)
FNDA:1,(anonymous_11)
FNDA:1,(anonymous_12)
FNDA:3,(anonymous_13)
FNDA:4,(anonymous_14)
FNDA:1,(anonymous_15)
FNDA:2,(anonymous_16)
FNDA:6,(anonymous_17)
FNDA:9,(anonymous_18)
FNDA:9,(anonymous_19)
FNDA:3,(anonymous_20)
FNDA:2,(anonymous_21)
DA:35,72
DA:36,72
DA:37,72
DA:51,704
DA:54,704
DA:55,704
DA:56,13
DA:66,691
DA:67,691
DA:68,220
DA:71,471
DA:72,471
DA:80,471
DA:82,471
DA:83,471
DA:84,470
DA:86,470
DA:87,465
DA:90,470
DA:95,1
DA:96,1
DA:115,471
DA:116,471
DA:117,471
DA:120,471
DA:122,471
DA:123,480
DA:124,482
DA:125,482
DA:126,465
DA:127,465
DA:135,17
DA:136,17
DA:144,15
DA:145,9
DA:146,9
DA:151,6
DA:154,6
DA:168,471
DA:171,471
DA:172,471
DA:176,471
DA:177,55
DA:181,471
DA:182,56
DA:183,56
DA:184,56
DA:188,471
DA:199,482
DA:200,482
DA:201,482
DA:203,482
DA:204,482
DA:206,482
DA:207,469
DA:208,465
DA:209,465
DA:210,465
DA:213,482
DA:214,14
DA:215,13
DA:216,13
DA:217,13
DA:218,13
DA:221,482
DA:222,3
DA:223,3
DA:224,3
DA:225,3
DA:228,482
DA:229,482
DA:231,482
DA:232,482
DA:244,5
DA:245,5
DA:246,5
DA:248,5
DA:249,10
DA:257,10
DA:258,10
DA:260,10
DA:261,8
DA:263,2
DA:267,5
DA:274,5
DA:285,2
DA:287,3
DA:290,2
DA:291,1
DA:294,1
DA:303,1
DA:304,1
DA:305,1
DA:306,1
DA:307,1
DA:308,1
DA:309,1
DA:310,1
DA:312,0
DA:321,1
DA:330,3
DA:338,4
DA:345,1
DA:346,2
DA:347,2
DA:348,2
DA:350,1
DA:351,1
DA:352,1
DA:359,6
DA:363,6
DA:365,6
DA:372,9
DA:384,3
DA:388,2
LF:115
LH:114
BRDA:44,0,0,704
BRDA:47,1,0,704
BRDA:48,2,0,704
BRDA:49,3,0,704
BRDA:50,4,0,704
BRDA:55,5,0,13
BRDA:55,5,1,691
BRDA:67,6,0,220
BRDA:67,6,1,471
BRDA:86,7,0,465
BRDA:86,7,1,5
BRDA:86,8,0,470
BRDA:86,8,1,465
BRDA:98,9,0,1
BRDA:98,9,1,0
BRDA:99,10,0,1
BRDA:99,10,1,0
BRDA:116,11,0,471
BRDA:116,11,1,471
BRDA:135,12,0,17
BRDA:135,12,1,0
BRDA:144,13,0,9
BRDA:144,13,1,6
BRDA:157,14,0,6
BRDA:157,14,1,0
BRDA:171,15,0,471
BRDA:171,15,1,0
BRDA:176,16,0,55
BRDA:176,16,1,416
BRDA:176,17,0,471
BRDA:176,17,1,55
BRDA:181,18,0,56
BRDA:181,18,1,415
BRDA:183,19,0,56
BRDA:183,19,1,0
BRDA:207,20,0,4
BRDA:207,20,1,465
BRDA:209,21,0,465
BRDA:209,21,1,0
BRDA:214,22,0,1
BRDA:214,22,1,13
BRDA:216,23,0,13
BRDA:216,23,1,0
BRDA:222,24,0,0
BRDA:222,24,1,3
BRDA:241,25,0,5
BRDA:260,26,0,8
BRDA:260,26,1,2
BRDA:287,27,0,3
BRDA:287,27,1,2
BRDA:290,28,0,1
BRDA:290,28,1,1
BRDA:304,29,0,1
BRDA:304,29,1,0
BRF:54
BRH:44
end_of_record
TN:
SF:src/audio/AudioAssetRegistry.ts
FN:105,(anonymous_0)
FN:111,(anonymous_1)
FN:233,(anonymous_2)
FN:306,(anonymous_3)
FN:664,(anonymous_4)
FN:669,(anonymous_5)
FN:674,(anonymous_6)
FN:679,(anonymous_7)
FN:683,(anonymous_8)
FN:687,(anonymous_9)
FN:691,(anonymous_10)
FN:827,(anonymous_11)
FN:829,(anonymous_12)
FN:834,(anonymous_13)
FN:836,(anonymous_14)
FN:842,(anonymous_15)
FN:851,(anonymous_16)
FN:861,(anonymous_17)
FN:866,(anonymous_18)
FN:871,(anonymous_19)
FN:886,(anonymous_20)
FN:894,(anonymous_21)
FN:1029,(anonymous_22)
FN:1038,(anonymous_23)
FN:1046,(anonymous_24)
FN:1055,(anonymous_25)
FN:1057,(anonymous_26)
FN:1066,(anonymous_27)
FN:1086,(anonymous_28)
FN:1090,(anonymous_29)
FN:1098,(anonymous_30)
FN:1106,(anonymous_31)
FNF:32
FNH:14
FNDA:11,(anonymous_0)
FNDA:11,(anonymous_1)
FNDA:11,(anonymous_2)
FNDA:55,(anonymous_3)
FNDA:957,(anonymous_4)
FNDA:99,(anonymous_5)
FNDA:0,(anonymous_6)
FNDA:531,(anonymous_7)
FNDA:612,(anonymous_8)
FNDA:0,(anonymous_9)
FNDA:0,(anonymous_10)
FNDA:0,(anonymous_11)
FNDA:0,(anonymous_12)
FNDA:0,(anonymous_13)
FNDA:0,(anonymous_14)
FNDA:0,(anonymous_15)
FNDA:0,(anonymous_16)
FNDA:0,(anonymous_17)
FNDA:0,(anonymous_18)
FNDA:0,(anonymous_19)
FNDA:0,(anonymous_20)
FNDA:11,(anonymous_21)
FNDA:99,(anonymous_22)
FNDA:2,(anonymous_23)
FNDA:0,(anonymous_24)
FNDA:1,(anonymous_25)
FNDA:9,(anonymous_26)
FNDA:2,(anonymous_27)
FNDA:0,(anonymous_28)
FNDA:0,(anonymous_29)
FNDA:0,(anonymous_30)
FNDA:0,(anonymous_31)
DA:21,11
DA:78,11
DA:79,11
DA:80,11
DA:81,11
DA:84,11
DA:101,11
DA:102,11
DA:103,11
DA:106,11
DA:107,11
DA:108,11
DA:113,11
DA:134,11
DA:152,11
DA:174,11
DA:192,11
DA:210,11
DA:235,11
DA:256,11
DA:277,11
DA:298,11
DA:306,11
DA:307,55
DA:325,11
DA:326,88
DA:339,11
DA:340,44
DA:353,11
DA:369,11
DA:385,11
DA:401,11
DA:402,44
DA:415,11
DA:416,44
DA:429,11
DA:430,44
DA:443,11
DA:444,44
DA:457,11
DA:458,44
DA:471,11
DA:472,44
DA:485,11
DA:486,44
DA:499,11
DA:511,11
DA:512,44
DA:525,11
DA:526,44
DA:540,11
DA:541,44
DA:556,11
DA:557,44
DA:571,11
DA:572,88
DA:585,11
DA:586,44
DA:599,11
DA:600,44
DA:613,11
DA:614,44
DA:627,11
DA:645,11
DA:665,957
DA:666,957
DA:670,99
DA:671,99
DA:675,0
DA:676,0
DA:680,531
DA:684,612
DA:688,0
DA:692,0
DA:701,11
DA:766,11
DA:829,0
DA:830,0
DA:836,0
DA:837,0
DA:843,0
DA:844,0
DA:845,0
DA:848,0
DA:852,0
DA:853,0
DA:854,0
DA:857,0
DA:862,0
DA:867,0
DA:872,0
DA:887,0
DA:896,11
DA:911,11
DA:920,11
DA:936,11
DA:948,11
DA:965,11
DA:980,11
DA:994,11
DA:1009,11
DA:1030,99
DA:1039,2
DA:1047,0
DA:1056,1
DA:1057,9
DA:1067,2
DA:1068,2
DA:1070,2
DA:1071,2
DA:1073,8
DA:1074,8
DA:1075,8
DA:1079,2
DA:1087,0
DA:1090,0
DA:1091,0
DA:1098,0
DA:1099,0
DA:1106,0
DA:1107,0
DA:1113,0
DA:1114,0
DA:1116,0
DA:1127,11
LF:125
LH:94
BRDA:844,0,0,0
BRDA:844,0,1,0
BRDA:853,1,0,0
BRDA:853,1,1,0
BRDA:1068,2,0,0
BRDA:1068,2,1,2
BRDA:1073,3,0,8
BRDA:1073,3,1,2
BRDA:1073,3,2,0
BRDA:1074,4,0,8
BRDA:1074,4,1,0
BRF:11
BRH:4
end_of_record
TN:
SF:src/audio/AudioManager.ts
FN:42,(anonymous_0)
FN:60,(anonymous_1)
FN:64,(anonymous_2)
FN:75,(anonymous_3)
FN:79,(anonymous_4)
FN:83,(anonymous_5)
FN:87,(anonymous_6)
FN:91,(anonymous_7)
FN:95,(anonymous_8)
FN:99,(anonymous_9)
FN:103,(anonymous_10)
FN:136,(anonymous_11)
FN:187,(anonymous_12)
FN:225,(anonymous_13)
FN:262,(anonymous_14)
FN:282,(anonymous_15)
FN:291,(anonymous_16)
FN:293,(anonymous_17)
FN:301,(anonymous_18)
FN:323,(anonymous_19)
FN:330,(anonymous_20)
FN:337,(anonymous_21)
FN:341,(anonymous_22)
FN:345,(anonymous_23)
FN:360,(anonymous_24)
FN:365,(anonymous_25)
FN:369,(anonymous_26)
FN:383,(anonymous_27)
FN:395,(anonymous_28)
FN:400,(anonymous_29)
FN:404,(anonymous_30)
FN:412,(anonymous_31)
FN:417,(anonymous_32)
FN:422,(anonymous_33)
FN:427,(anonymous_34)
FN:431,(anonymous_35)
FN:435,(anonymous_36)
FN:439,(anonymous_37)
FN:452,(anonymous_38)
FN:460,(anonymous_39)
FN:491,(anonymous_40)
FN:518,(anonymous_41)
FN:526,(anonymous_42)
FN:534,(anonymous_43)
FN:542,(anonymous_44)
FN:550,(anonymous_45)
FN:563,(anonymous_46)
FN:570,(anonymous_47)
FN:579,(anonymous_48)
FN:592,(anonymous_49)
FNF:50
FNH:36
FNDA:54,(anonymous_0)
FNDA:0,(anonymous_1)
FNDA:0,(anonymous_2)
FNDA:19,(anonymous_3)
FNDA:1,(anonymous_4)
FNDA:11,(anonymous_5)
FNDA:19,(anonymous_6)
FNDA:19,(anonymous_7)
FNDA:19,(anonymous_8)
FNDA:21,(anonymous_9)
FNDA:47,(anonymous_10)
FNDA:679,(anonymous_11)
FNDA:8,(anonymous_12)
FNDA:3,(anonymous_13)
FNDA:18,(anonymous_14)
FNDA:21,(anonymous_15)
FNDA:1,(anonymous_16)
FNDA:1,(anonymous_17)
FNDA:6,(anonymous_18)
FNDA:5,(anonymous_19)
FNDA:2,(anonymous_20)
FNDA:4,(anonymous_21)
FNDA:3,(anonymous_22)
FNDA:6,(anonymous_23)
FNDA:4,(anonymous_24)
FNDA:3,(anonymous_25)
FNDA:6,(anonymous_26)
FNDA:1,(anonymous_27)
FNDA:3,(anonymous_28)
FNDA:1,(anonymous_29)
FNDA:1,(anonymous_30)
FNDA:1,(anonymous_31)
FNDA:1,(anonymous_32)
FNDA:1,(anonymous_33)
FNDA:1,(anonymous_34)
FNDA:1,(anonymous_35)
FNDA:1,(anonymous_36)
FNDA:1,(anonymous_37)
FNDA:0,(anonymous_38)
FNDA:0,(anonymous_39)
FNDA:0,(anonymous_40)
FNDA:0,(anonymous_41)
FNDA:0,(anonymous_42)
FNDA:0,(anonymous_43)
FNDA:0,(anonymous_44)
FNDA:0,(anonymous_45)
FNDA:0,(anonymous_46)
FNDA:0,(anonymous_47)
FNDA:0,(anonymous_48)
FNDA:0,(anonymous_49)
DA:19,11
DA:22,54
DA:23,54
DA:24,54
DA:25,54
DA:26,54
DA:27,54
DA:28,54
DA:29,54
DA:30,54
DA:36,54
DA:43,54
DA:44,1
DA:45,1
DA:46,1
DA:50,54
DA:51,54
DA:52,54
DA:61,0
DA:62,0
DA:65,0
DA:70,0
DA:76,19
DA:80,1
DA:84,11
DA:88,19
DA:92,19
DA:96,19
DA:100,21
DA:104,47
DA:107,47
DA:110,47
DA:111,47
DA:112,47
DA:114,47
DA:115,35
DA:116,35
DA:117,35
DA:121,35
DA:123,35
DA:124,35
DA:127,12
DA:131,12
DA:132,12
DA:137,679
DA:139,679
DA:143,679
DA:144,679
DA:152,679
DA:154,679
DA:155,678
DA:156,678
DA:159,678
DA:160,678
DA:163,678
DA:164,22
DA:172,1
DA:173,1
DA:176,1
DA:177,0
DA:181,0
DA:182,0
DA:183,0
DA:188,8
DA:190,7
DA:192,7
DA:194,7
DA:195,0
DA:196,0
DA:197,0
DA:198,0
DA:201,0
DA:203,0
DA:204,0
DA:205,0
DA:210,7
DA:211,7
DA:212,2
DA:213,2
DA:214,2
DA:216,2
DA:217,2
DA:220,0
DA:226,3
DA:228,3
DA:230,3
DA:232,3
DA:233,0
DA:234,0
DA:235,0
DA:236,0
DA:239,0
DA:241,0
DA:242,0
DA:243,0
DA:248,3
DA:249,3
DA:250,3
DA:251,3
DA:252,3
DA:254,3
DA:255,3
DA:258,0
DA:263,18
DA:265,17
DA:267,17
DA:268,17
DA:269,12
DA:270,12
DA:271,12
DA:272,12
DA:273,12
DA:274,12
DA:275,12
DA:277,0
DA:283,21
DA:284,5
DA:285,5
DA:286,5
DA:287,5
DA:292,1
DA:293,1
DA:294,1
DA:295,1
DA:296,1
DA:302,6
DA:304,6
DA:306,2
DA:307,2
DA:309,2
DA:310,2
DA:312,2
DA:313,2
DA:314,1
DA:316,2
DA:319,0
DA:324,5
DA:325,5
DA:326,1
DA:331,2
DA:332,2
DA:333,1
DA:338,4
DA:340,3
DA:341,3
DA:342,3
DA:343,3
DA:345,3
DA:346,6
DA:347,4
DA:352,2
DA:353,2
DA:354,2
DA:361,4
DA:363,4
DA:365,3
DA:366,3
DA:367,3
DA:369,3
DA:370,6
DA:371,4
DA:376,2
DA:377,2
DA:389,1
DA:390,1
DA:391,1
DA:392,1
DA:396,3
DA:401,1
DA:408,1
DA:409,1
DA:413,1
DA:414,1
DA:418,1
DA:419,1
DA:423,1
DA:428,1
DA:432,1
DA:436,1
DA:440,1
DA:457,0
DA:461,0
DA:466,0
DA:467,0
DA:468,0
DA:470,0
DA:471,0
DA:472,0
DA:475,0
DA:476,0
DA:493,0
DA:494,0
DA:495,0
DA:496,0
DA:497,0
DA:501,0
DA:504,0
DA:505,0
DA:509,0
DA:511,0
DA:519,0
DA:527,0
DA:535,0
DA:543,0
DA:556,0
DA:564,0
DA:571,0
DA:582,0
DA:583,0
DA:585,0
DA:597,0
LF:211
LH:152
BRDA:43,0,0,1
BRDA:43,0,1,53
BRDA:44,1,0,1
BRDA:44,1,1,0
BRDA:45,2,0,1
BRDA:45,2,1,0
BRDA:46,3,0,1
BRDA:46,3,1,0
BRDA:61,4,0,0
BRDA:61,4,1,0
BRDA:107,5,0,47
BRDA:107,5,1,12
BRDA:114,6,0,35
BRDA:114,6,1,12
BRDA:115,7,0,35
BRDA:115,7,1,35
BRDA:116,8,0,35
BRDA:116,8,1,35
BRDA:117,9,0,35
BRDA:117,9,1,35
BRDA:121,10,0,35
BRDA:121,10,1,0
BRDA:143,11,0,679
BRDA:143,11,1,679
BRDA:145,12,0,679
BRDA:145,12,1,0
BRDA:146,13,0,679
BRDA:146,13,1,0
BRDA:147,14,0,679
BRDA:147,14,1,0
BRDA:154,15,0,678
BRDA:154,15,1,1
BRDA:154,16,0,679
BRDA:154,16,1,678
BRDA:155,17,0,678
BRDA:155,17,1,0
BRDA:163,18,0,22
BRDA:163,18,1,656
BRDA:172,19,0,1
BRDA:172,19,1,0
BRDA:176,20,0,0
BRDA:176,20,1,1
BRDA:181,21,0,0
BRDA:181,21,1,0
BRDA:188,22,0,1
BRDA:188,22,1,7
BRDA:194,23,0,0
BRDA:194,23,1,7
BRDA:194,24,0,7
BRDA:194,24,1,1
BRDA:196,25,0,0
BRDA:196,25,1,0
BRDA:211,26,0,2
BRDA:211,26,1,5
BRDA:226,27,0,0
BRDA:226,27,1,3
BRDA:232,28,0,0
BRDA:232,28,1,3
BRDA:232,29,0,3
BRDA:232,29,1,0
BRDA:234,30,0,0
BRDA:234,30,1,0
BRDA:235,31,0,0
BRDA:235,31,1,0
BRDA:249,32,0,3
BRDA:249,32,1,0
BRDA:251,33,0,3
BRDA:251,33,1,2
BRDA:263,34,0,1
BRDA:263,34,1,17
BRDA:268,35,0,12
BRDA:268,35,1,5
BRDA:271,36,0,12
BRDA:271,36,1,8
BRDA:283,37,0,5
BRDA:283,37,1,16
BRDA:294,38,0,1
BRDA:294,38,1,0
BRDA:304,39,0,2
BRDA:304,39,1,2
BRDA:304,39,2,2
BRDA:304,39,3,0
BRDA:313,40,0,1
BRDA:313,40,1,1
BRDA:325,41,0,1
BRDA:325,41,1,4
BRDA:332,42,0,1
BRDA:332,42,1,1
BRDA:337,43,0,4
BRDA:338,44,0,1
BRDA:338,44,1,3
BRDA:346,45,0,4
BRDA:346,45,1,2
BRDA:346,46,0,6
BRDA:346,46,1,6
BRDA:360,47,0,4
BRDA:363,48,0,1
BRDA:363,48,1,3
BRDA:370,49,0,4
BRDA:370,49,1,2
BRDA:370,50,0,6
BRDA:370,50,1,6
BRDA:386,51,0,1
BRDA:470,52,0,0
BRDA:470,52,1,0
BRDA:470,53,0,0
BRDA:470,53,1,0
BRDA:471,54,0,0
BRDA:471,54,1,0
BRDA:475,55,0,0
BRDA:475,55,1,0
BRDA:494,56,0,0
BRDA:494,56,1,0
BRDA:504,57,0,0
BRDA:504,57,1,0
BRDA:511,58,0,0
BRDA:511,58,1,0
BRDA:582,59,0,0
BRDA:582,59,1,0
BRF:119
BRH:76
end_of_record
TN:
SF:src/audio/AudioMonitor.ts
FN:57,(anonymous_0)
FN:74,(anonymous_1)
FN:83,(anonymous_2)
FN:95,(anonymous_3)
FN:116,(anonymous_4)
FN:118,(anonymous_5)
FN:134,(anonymous_6)
FN:137,(anonymous_7)
FN:148,(anonymous_8)
FN:165,(anonymous_9)
FN:168,(anonymous_10)
FN:188,(anonymous_11)
FN:195,(anonymous_12)
FN:202,(anonymous_13)
FN:209,(anonymous_14)
FN:216,(anonymous_15)
FN:262,(anonymous_16)
FN:281,(anonymous_17)
FN:288,(anonymous_18)
FN:302,(anonymous_19)
FN:315,(anonymous_20)
FN:322,(anonymous_21)
FNF:22
FNH:21
FNDA:1025,(anonymous_0)
FNDA:3,(anonymous_1)
FNDA:160,(anonymous_2)
FNDA:1286,(anonymous_3)
FNDA:1033,(anonymous_4)
FNDA:35707,(anonymous_5)
FNDA:12,(anonymous_6)
FNDA:119,(anonymous_7)
FNDA:104,(anonymous_8)
FNDA:9,(anonymous_9)
FNDA:275,(anonymous_10)
FNDA:10,(anonymous_11)
FNDA:3,(anonymous_12)
FNDA:1,(anonymous_13)
FNDA:45,(anonymous_14)
FNDA:1025,(anonymous_15)
FNDA:12,(anonymous_16)
FNDA:9,(anonymous_17)
FNDA:0,(anonymous_18)
FNDA:1,(anonymous_19)
FNDA:1,(anonymous_20)
FNDA:2,(anonymous_21)
DA:40,86
DA:41,86
DA:42,86
DA:43,86
DA:44,86
DA:45,86
DA:46,86
DA:47,86
DA:48,86
DA:49,86
DA:50,86
DA:51,86
DA:52,86
DA:58,1025
DA:59,1025
DA:60,1025
DA:63,1025
DA:64,100
DA:68,1025
DA:75,3
DA:76,3
DA:77,3
DA:84,160
DA:87,160
DA:88,50
DA:96,1286
DA:97,1286
DA:100,1286
DA:101,1010
DA:105,1286
DA:106,1286
DA:108,9
DA:109,9
DA:117,1033
DA:118,35707
DA:119,1033
DA:120,1033
DA:122,1033
DA:136,12
DA:137,119
DA:141,12
DA:144,12
DA:147,12
DA:148,104
DA:152,12
DA:167,9
DA:168,275
DA:172,9
DA:173,9
DA:174,9
DA:176,9
DA:189,10
DA:196,3
DA:203,1
DA:210,45
DA:217,1025
DA:218,1025
DA:219,1025
DA:222,1025
DA:223,219
DA:226,806
DA:228,2
DA:235,2
DA:236,804
DA:238,1
DA:245,1
DA:246,803
DA:248,9
DA:255,9
DA:263,12
DA:266,12
DA:267,0
DA:271,12
DA:272,2
DA:273,10
DA:274,1
DA:282,9
DA:283,9
DA:287,0
DA:288,0
DA:291,0
DA:292,0
DA:293,0
DA:295,0
DA:303,1
DA:304,1
DA:305,1
DA:306,1
DA:307,1
DA:308,1
DA:309,1
DA:316,1
DA:328,2
LF:93
LH:86
BRDA:63,0,0,100
BRDA:63,0,1,925
BRDA:87,1,0,50
BRDA:87,1,1,110
BRDA:100,2,0,1010
BRDA:100,2,1,276
BRDA:106,3,0,9
BRDA:106,3,1,1277
BRDA:119,4,0,1031
BRDA:119,4,1,2
BRDA:120,5,0,1031
BRDA:120,5,1,2
BRDA:136,6,0,7
BRDA:136,6,1,5
BRDA:141,7,0,7
BRDA:141,7,1,5
BRDA:144,8,0,7
BRDA:144,8,1,5
BRDA:147,9,0,3
BRDA:147,9,1,9
BRDA:167,10,0,8
BRDA:167,10,1,1
BRDA:174,11,0,9
BRDA:174,11,1,7
BRDA:195,12,0,3
BRDA:222,13,0,219
BRDA:222,13,1,806
BRDA:226,14,0,2
BRDA:226,14,1,804
BRDA:236,15,0,1
BRDA:236,15,1,803
BRDA:246,16,0,9
BRDA:246,16,1,794
BRDA:266,17,0,0
BRDA:266,17,1,12
BRDA:271,18,0,2
BRDA:271,18,1,10
BRDA:273,19,0,1
BRDA:273,19,1,9
BRDA:282,20,0,9
BRDA:282,20,1,0
BRDA:291,21,0,0
BRDA:291,21,1,0
BRDA:293,22,0,0
BRDA:293,22,1,0
BRF:45
BRH:39
end_of_record
TN:
SF:src/audio/AudioPool.ts
FN:31,(anonymous_0)
FN:49,(anonymous_1)
FN:71,(anonymous_2)
FN:87,(anonymous_3)
FN:88,(anonymous_4)
FN:99,(anonymous_5)
FN:113,(anonymous_6)
FN:118,(anonymous_7)
FN:123,(anonymous_8)
FN:143,(anonymous_9)
FN:156,(anonymous_10)
FN:162,(anonymous_11)
FN:176,(anonymous_12)
FN:183,(anonymous_13)
FN:195,(anonymous_14)
FN:207,(anonymous_15)
FN:208,(anonymous_16)
FN:214,(anonymous_17)
FN:222,(anonymous_18)
FN:224,(anonymous_19)
FN:235,(anonymous_20)
FN:248,(anonymous_21)
FN:249,(anonymous_22)
FN:256,(anonymous_23)
FN:263,(anonymous_24)
FNF:25
FNH:25
FNDA:57,(anonymous_0)
FNDA:41,(anonymous_1)
FNDA:6,(anonymous_2)
FNDA:3,(anonymous_3)
FNDA:6,(anonymous_4)
FNDA:18,(anonymous_5)
FNDA:5,(anonymous_6)
FNDA:225,(anonymous_7)
FNDA:3,(anonymous_8)
FNDA:47,(anonymous_9)
FNDA:194,(anonymous_10)
FNDA:5,(anonymous_11)
FNDA:3,(anonymous_12)
FNDA:21,(anonymous_13)
FNDA:3,(anonymous_14)
FNDA:1,(anonymous_15)
FNDA:2,(anonymous_16)
FNDA:6,(anonymous_17)
FNDA:1,(anonymous_18)
FNDA:2,(anonymous_19)
FNDA:2,(anonymous_20)
FNDA:1,(anonymous_21)
FNDA:3,(anonymous_22)
FNDA:6,(anonymous_23)
FNDA:4,(anonymous_24)
DA:25,57
DA:26,57
DA:27,57
DA:28,57
DA:29,57
DA:32,57
DA:33,57
DA:34,57
DA:41,57
DA:42,223
DA:50,41
DA:52,41
DA:54,41
DA:56,5
DA:57,2
DA:59,3
DA:60,3
DA:64,38
DA:65,38
DA:72,6
DA:73,1
DA:74,1
DA:77,5
DA:78,5
DA:79,5
DA:80,5
DA:88,3
DA:89,6
DA:90,6
DA:91,6
DA:93,3
DA:100,18
DA:114,5
DA:115,5
DA:119,225
DA:120,225
DA:124,3
DA:125,3
DA:133,78
DA:134,78
DA:148,47
DA:149,47
DA:150,1
DA:153,46
DA:155,46
DA:157,194
DA:158,194
DA:159,194
DA:160,194
DA:163,5
DA:164,5
DA:169,46
DA:170,46
DA:177,3
DA:184,21
DA:185,21
DA:186,1
DA:187,1
DA:189,20
DA:196,3
DA:197,3
DA:198,1
DA:199,1
DA:201,2
DA:208,2
DA:215,6
DA:216,6
DA:223,1
DA:224,1
DA:225,2
DA:227,1
DA:236,2
DA:237,2
DA:238,1
DA:239,1
DA:240,1
DA:242,1
DA:249,3
DA:250,1
DA:257,6
DA:264,4
LF:81
LH:81
BRDA:34,0,0,57
BRDA:54,1,0,5
BRDA:54,1,1,36
BRDA:56,2,0,2
BRDA:56,2,1,3
BRDA:56,3,0,5
BRDA:56,3,1,3
BRDA:72,4,0,1
BRDA:72,4,1,5
BRDA:149,5,0,1
BRDA:149,5,1,46
BRDA:185,6,0,1
BRDA:185,6,1,20
BRDA:197,7,0,1
BRDA:197,7,1,2
BRDA:237,8,0,1
BRDA:237,8,1,1
BRF:17
BRH:17
end_of_record
TN:
SF:src/audio/AudioProvider.tsx
FN:40,(anonymous_0)
FN:46,(anonymous_1)
FN:53,(anonymous_2)
FN:59,(anonymous_3)
FN:68,(anonymous_4)
FN:78,(anonymous_5)
FN:88,(anonymous_6)
FN:89,(anonymous_7)
FN:105,(anonymous_8)
FN:108,(anonymous_9)
FN:109,(anonymous_10)
FN:118,(anonymous_11)
FN:125,(anonymous_12)
FN:127,(anonymous_13)
FN:136,(anonymous_14)
FN:139,(anonymous_15)
FN:140,(anonymous_16)
FN:155,(anonymous_17)
FN:161,(anonymous_18)
FN:163,(anonymous_19)
FN:171,(anonymous_20)
FN:176,(anonymous_21)
FN:205,(anonymous_22)
FN:208,(anonymous_23)
FN:211,(anonymous_24)
FN:214,(anonymous_25)
FN:217,(anonymous_26)
FNF:27
FNH:21
FNDA:194,(anonymous_0)
FNDA:158,(anonymous_1)
FNDA:104,(anonymous_2)
FNDA:104,(anonymous_3)
FNDA:2,(anonymous_4)
FNDA:100,(anonymous_5)
FNDA:4900,(anonymous_6)
FNDA:0,(anonymous_7)
FNDA:500,(anonymous_8)
FNDA:500,(anonymous_9)
FNDA:0,(anonymous_10)
FNDA:0,(anonymous_11)
FNDA:500,(anonymous_12)
FNDA:500,(anonymous_13)
FNDA:500,(anonymous_14)
FNDA:500,(anonymous_15)
FNDA:0,(anonymous_16)
FNDA:104,(anonymous_17)
FNDA:157,(anonymous_18)
FNDA:0,(anonymous_19)
FNDA:2,(anonymous_20)
FNDA:0,(anonymous_21)
FNDA:28,(anonymous_22)
FNDA:3,(anonymous_23)
FNDA:73,(anonymous_24)
FNDA:73,(anonymous_25)
FNDA:158,(anonymous_26)
DA:38,10
DA:40,10
DA:41,194
DA:42,194
DA:43,194
DA:46,10
DA:52,158
DA:53,104
DA:55,158
DA:59,158
DA:68,158
DA:69,2
DA:78,158
DA:82,100
DA:83,100
DA:86,100
DA:87,100
DA:89,4900
DA:90,0
DA:96,100
DA:104,100
DA:105,500
DA:107,100
DA:109,500
DA:110,0
DA:116,100
DA:117,100
DA:118,100
DA:119,0
DA:124,100
DA:125,500
DA:127,100
DA:128,500
DA:129,500
DA:130,0
DA:132,500
DA:135,100
DA:136,500
DA:138,100
DA:140,500
DA:141,0
DA:146,100
DA:148,0
DA:150,0
DA:155,158
DA:156,104
DA:157,98
DA:161,158
DA:163,157
DA:167,0
DA:168,0
DA:171,157
DA:172,2
DA:173,2
DA:176,157
DA:177,0
DA:178,0
DA:183,157
DA:206,28
DA:209,3
DA:212,73
DA:215,73
DA:218,158
DA:233,158
LF:64
LH:53
BRDA:42,0,0,0
BRDA:42,0,1,194
BRDA:50,1,0,158
BRDA:53,2,0,104
BRDA:53,2,1,15
BRDA:117,3,0,100
BRDA:117,3,1,0
BRDA:129,4,0,0
BRDA:129,4,1,500
BRDA:156,5,0,98
BRDA:156,5,1,6
BRF:11
BRH:8
end_of_record
TN:
SF:src/audio/AudioUtils.ts
FN:17,selectAudioFormat
FN:42,getPreferredFormat
FN:65,canPlayType
FN:79,clampVolume
FN:86,getBestFormatMetadata
FN:97,getFormatQuality
FN:118,(anonymous_6)
FN:127,(anonymous_7)
FN:160,(anonymous_8)
FN:189,detectSupportedFormats
FN:215,createAudioElement
FN:228,validateAudioUrl
FN:235,normalizeVolume
FN:242,formatDuration
FN:251,isAudioSupported
FN:258,getOptimalFormat
FNF:16
FNH:16
FNDA:23,selectAudioFormat
FNDA:8,getPreferredFormat
FNDA:37,canPlayType
FNDA:3,clampVolume
FNDA:8,getBestFormatMetadata
FNDA:8,getFormatQuality
FNDA:1,(anonymous_6)
FNDA:1,(anonymous_7)
FNDA:1,(anonymous_8)
FNDA:3,detectSupportedFormats
FNDA:4,createAudioElement
FNDA:7,validateAudioUrl
FNDA:7,normalizeVolume
FNDA:10,formatDuration
FNDA:2,isAudioSupported
FNDA:6,getOptimalFormat
DA:7,1
DA:22,23
DA:23,62
DA:24,13
DA:29,10
DA:30,6
DA:31,2
DA:35,8
DA:46,8
DA:48,8
DA:50,2
DA:51,2
DA:52,1
DA:53,1
DA:55,1
DA:58,6
DA:59,6
DA:66,37
DA:68,3
DA:71,34
DA:72,34
DA:73,34
DA:80,3
DA:89,8
DA:90,8
DA:100,8
DA:102,4
DA:104,2
DA:107,0
DA:110,2
DA:119,14
DA:120,14
DA:121,14
DA:137,8
DA:138,8
DA:141,8
DA:142,16
DA:143,6
DA:148,2
DA:149,0
DA:150,0
DA:154,2
DA:165,6
DA:167,6
DA:168,2
DA:175,4
DA:176,4
DA:178,4
DA:190,3
DA:191,3
DA:193,3
DA:194,3
DA:197,3
DA:198,3
DA:201,3
DA:202,3
DA:205,3
DA:206,0
DA:209,3
DA:219,4
DA:220,4
DA:221,4
DA:222,4
DA:229,7
DA:236,7
DA:243,10
DA:244,10
DA:245,10
DA:252,2
DA:261,6
DA:268,6
DA:269,15
DA:270,5
DA:274,1
LF:74
LH:70
BRDA:19,0,0,23
BRDA:23,1,0,13
BRDA:23,1,1,49
BRDA:23,2,0,62
BRDA:23,2,1,19
BRDA:30,3,0,2
BRDA:30,3,1,4
BRDA:48,4,0,2
BRDA:48,4,1,6
BRDA:51,5,0,1
BRDA:51,5,1,1
BRDA:66,6,0,3
BRDA:66,6,1,34
BRDA:73,7,0,34
BRDA:73,7,1,20
BRDA:92,8,0,4
BRDA:92,8,1,4
BRDA:100,9,0,4
BRDA:100,9,1,4
BRDA:102,10,0,2
BRDA:102,10,1,0
BRDA:102,10,2,0
BRDA:102,10,3,2
BRDA:102,10,4,2
BRDA:121,11,0,14
BRDA:121,11,1,6
BRDA:129,12,0,8
BRDA:142,13,0,6
BRDA:142,13,1,10
BRDA:142,14,0,16
BRDA:142,14,1,6
BRDA:149,15,0,0
BRDA:149,15,1,0
BRDA:167,16,0,2
BRDA:167,16,1,4
BRDA:193,17,0,3
BRDA:193,17,1,0
BRDA:197,18,0,3
BRDA:197,18,1,0
BRDA:201,19,0,3
BRDA:201,19,1,0
BRDA:205,20,0,0
BRDA:205,20,1,3
BRDA:217,21,0,4
BRDA:229,22,0,7
BRDA:229,22,1,4
BRDA:269,23,0,5
BRDA:269,23,1,10
BRDA:274,24,0,0
BRDA:274,24,1,1
BRF:50
BRH:41
end_of_record
TN:
SF:src/audio/BoneImpactAudioMap.ts
FN:98,getBoneImpactSoundId
FN:128,calculateImpactIntensity
FN:173,detectAudioBodyRegion
FN:205,getImpactVolumeMultiplier
FNF:4
FNH:4
FNDA:80,getBoneImpactSoundId
FNDA:37,calculateImpactIntensity
FNDA:24,detectAudioBodyRegion
FNDA:42,getImpactVolumeMultiplier
DA:23,4
DA:70,4
DA:83,4
DA:103,80
DA:105,80
DA:106,30
DA:110,50
DA:112,80
DA:113,1
DA:117,49
DA:118,49
DA:134,37
DA:135,4
DA:140,33
DA:145,4
DA:149,29
DA:150,26
DA:151,15
DA:152,4
DA:159,4
DA:177,24
DA:178,24
DA:181,24
DA:182,7
DA:186,17
DA:188,12
DA:189,12
DA:191,5
DA:193,7
DA:197,5
DA:206,42
LF:31
LH:31
BRDA:101,0,0,80
BRDA:105,1,0,30
BRDA:105,1,1,50
BRDA:110,2,0,50
BRDA:110,2,1,0
BRDA:112,3,0,1
BRDA:112,3,1,79
BRDA:134,4,0,4
BRDA:134,4,1,33
BRDA:140,5,0,4
BRDA:140,5,1,29
BRDA:141,6,0,33
BRDA:141,6,1,10
BRDA:141,6,2,5
BRDA:149,7,0,3
BRDA:149,7,1,26
BRDA:150,8,0,11
BRDA:150,8,1,15
BRDA:151,9,0,11
BRDA:151,9,1,4
BRDA:175,10,0,24
BRDA:181,11,0,7
BRDA:181,11,1,17
BRDA:186,12,0,12
BRDA:186,12,1,5
BRDA:189,13,0,5
BRDA:189,13,1,7
BRF:27
BRH:26
end_of_record
TN:
SF:src/audio/placeholder-sounds.ts
FNF:0
FNH:0
DA:12,10
DA:81,10
DA:124,10
DA:193,10
DA:285,10
DA:325,10
DA:353,10
DA:385,10
DA:392,10
DA:399,10
LF:10
LH:10
BRF:0
BRH:0
end_of_record
TN:
SF:src/audio/types.ts
FN:10,(anonymous_0)
FNF:1
FNH:1
FNDA:11,(anonymous_0)
DA:10,11
DA:11,11
DA:12,11
DA:13,11
DA:14,11
LF:5
LH:5
BRDA:10,0,0,11
BRDA:10,0,1,11
BRF:2
BRH:2
end_of_record
TN:
SF:src/components/screens/combat/CombatScreen3D.tsx
FN:179,(anonymous_0)
FN:198,(anonymous_1)
FN:203,(anonymous_2)
FN:205,(anonymous_3)
FN:211,(anonymous_4)
FN:212,(anonymous_5)
FN:213,(anonymous_6)
FN:220,(anonymous_7)
FN:223,(anonymous_8)
FN:238,(anonymous_9)
FN:258,(anonymous_10)
FN:293,(anonymous_11)
FN:294,(anonymous_12)
FN:296,(anonymous_13)
FN:302,(anonymous_14)
FN:321,(anonymous_15)
FN:334,(anonymous_16)
FN:364,(anonymous_17)
FN:369,(anonymous_18)
FN:374,(anonymous_19)
FN:435,(anonymous_20)
FN:456,(anonymous_21)
FN:462,(anonymous_22)
FN:540,(anonymous_23)
FN:551,(anonymous_24)
FN:557,(anonymous_25)
FN:568,(anonymous_26)
FN:585,(anonymous_27)
FN:592,(anonymous_28)
FN:595,(anonymous_29)
FN:598,(anonymous_30)
FN:614,(anonymous_31)
FN:615,(anonymous_32)
FN:649,(anonymous_33)
FN:656,(anonymous_34)
FN:672,(anonymous_35)
FN:700,(anonymous_36)
FN:718,(anonymous_37)
FN:755,(anonymous_38)
FN:758,(anonymous_39)
FN:765,(anonymous_40)
FN:766,(anonymous_41)
FN:773,(anonymous_42)
FN:805,(anonymous_43)
FN:811,(anonymous_44)
FN:816,(anonymous_45)
FN:829,(anonymous_46)
FN:849,(anonymous_47)
FN:855,(anonymous_48)
FN:884,(anonymous_49)
FN:907,(anonymous_50)
FN:915,(anonymous_51)
FN:922,(anonymous_52)
FN:930,(anonymous_53)
FN:963,(anonymous_54)
FN:979,(anonymous_55)
FN:989,(anonymous_56)
FN:1012,(anonymous_57)
FN:1038,(anonymous_58)
FN:1041,(anonymous_59)
FN:1051,(anonymous_60)
FN:1062,(anonymous_61)
FN:1068,(anonymous_62)
FN:1085,(anonymous_63)
FN:1092,(anonymous_64)
FN:1112,(anonymous_65)
FN:1126,(anonymous_66)
FN:1168,(anonymous_67)
FN:1182,(anonymous_68)
FN:1229,(anonymous_69)
FN:1231,(anonymous_70)
FN:1242,(anonymous_71)
FN:1248,(anonymous_72)
FN:1277,(anonymous_73)
FN:1284,(anonymous_74)
FN:1324,(anonymous_75)
FN:1351,(anonymous_76)
FN:1371,(anonymous_77)
FN:1407,(anonymous_78)
FN:1421,(anonymous_79)
FN:1431,(anonymous_80)
FN:1544,(anonymous_81)
FN:1605,(anonymous_82)
FN:1611,(anonymous_83)
FN:1620,(anonymous_84)
FN:1631,(anonymous_85)
FN:1674,(anonymous_86)
FN:1693,(anonymous_87)
FN:1729,(anonymous_88)
FN:1732,(anonymous_89)
FN:1740,(anonymous_90)
FN:1745,(anonymous_91)
FN:1796,(anonymous_92)
FN:1860,(anonymous_93)
FN:1931,(anonymous_94)
FN:1936,(anonymous_95)
FN:1958,(anonymous_96)
FN:1980,(anonymous_97)
FN:1994,(anonymous_98)
FN:1999,(anonymous_99)
FN:2000,(anonymous_100)
FN:2074,(anonymous_101)
FN:2116,(anonymous_102)
FN:2200,(anonymous_103)
FN:2215,(anonymous_104)
FN:2265,(anonymous_105)
FN:2340,(anonymous_106)
FN:2515,(anonymous_107)
FN:2590,(anonymous_108)
FN:2623,(anonymous_109)
FN:2633,(anonymous_110)
FN:2650,(anonymous_111)
FN:2668,(anonymous_112)
FNF:113
FNH:52
FNDA:60,(anonymous_0)
FNDA:0,(anonymous_1)
FNDA:0,(anonymous_2)
FNDA:0,(anonymous_3)
FNDA:30,(anonymous_4)
FNDA:0,(anonymous_5)
FNDA:30,(anonymous_6)
FNDA:30,(anonymous_7)
FNDA:30,(anonymous_8)
FNDA:30,(anonymous_9)
FNDA:30,(anonymous_10)
FNDA:60,(anonymous_11)
FNDA:0,(anonymous_12)
FNDA:0,(anonymous_13)
FNDA:60,(anonymous_14)
FNDA:0,(anonymous_15)
FNDA:0,(anonymous_16)
FNDA:0,(anonymous_17)
FNDA:0,(anonymous_18)
FNDA:0,(anonymous_19)
FNDA:0,(anonymous_20)
FNDA:0,(anonymous_21)
FNDA:0,(anonymous_22)
FNDA:30,(anonymous_23)
FNDA:30,(anonymous_24)
FNDA:30,(anonymous_25)
FNDA:30,(anonymous_26)
FNDA:30,(anonymous_27)
FNDA:30,(anonymous_28)
FNDA:30,(anonymous_29)
FNDA:30,(anonymous_30)
FNDA:30,(anonymous_31)
FNDA:30,(anonymous_32)
FNDA:30,(anonymous_33)
FNDA:30,(anonymous_34)
FNDA:30,(anonymous_35)
FNDA:0,(anonymous_36)
FNDA:30,(anonymous_37)
FNDA:0,(anonymous_38)
FNDA:0,(anonymous_39)
FNDA:60,(anonymous_40)
FNDA:0,(anonymous_41)
FNDA:0,(anonymous_42)
FNDA:30,(anonymous_43)
FNDA:0,(anonymous_44)
FNDA:0,(anonymous_45)
FNDA:30,(anonymous_46)
FNDA:30,(anonymous_47)
FNDA:30,(anonymous_48)
FNDA:30,(anonymous_49)
FNDA:30,(anonymous_50)
FNDA:60,(anonymous_51)
FNDA:30,(anonymous_52)
FNDA:0,(anonymous_53)
FNDA:60,(anonymous_54)
FNDA:0,(anonymous_55)
FNDA:0,(anonymous_56)
FNDA:60,(anonymous_57)
FNDA:30,(anonymous_58)
FNDA:30,(anonymous_59)
FNDA:30,(anonymous_60)
FNDA:30,(anonymous_61)
FNDA:0,(anonymous_62)
FNDA:0,(anonymous_63)
FNDA:0,(anonymous_64)
FNDA:0,(anonymous_65)
FNDA:0,(anonymous_66)
FNDA:60,(anonymous_67)
FNDA:0,(anonymous_68)
FNDA:30,(anonymous_69)
FNDA:0,(anonymous_70)
FNDA:30,(anonymous_71)
FNDA:0,(anonymous_72)
FNDA:60,(anonymous_73)
FNDA:0,(anonymous_74)
FNDA:60,(anonymous_75)
FNDA:0,(anonymous_76)
FNDA:0,(anonymous_77)
FNDA:0,(anonymous_78)
FNDA:0,(anonymous_79)
FNDA:0,(anonymous_80)
FNDA:0,(anonymous_81)
FNDA:0,(anonymous_82)
FNDA:0,(anonymous_83)
FNDA:0,(anonymous_84)
FNDA:0,(anonymous_85)
FNDA:60,(anonymous_86)
FNDA:0,(anonymous_87)
FNDA:0,(anonymous_88)
FNDA:0,(anonymous_89)
FNDA:30,(anonymous_90)
FNDA:30,(anonymous_91)
FNDA:0,(anonymous_92)
FNDA:0,(anonymous_93)
FNDA:60,(anonymous_94)
FNDA:30,(anonymous_95)
FNDA:60,(anonymous_96)
FNDA:0,(anonymous_97)
FNDA:60,(anonymous_98)
FNDA:60,(anonymous_99)
FNDA:0,(anonymous_100)
FNDA:60,(anonymous_101)
FNDA:0,(anonymous_102)
FNDA:0,(anonymous_103)
FNDA:0,(anonymous_104)
FNDA:0,(anonymous_105)
FNDA:0,(anonymous_106)
FNDA:0,(anonymous_107)
FNDA:0,(anonymous_108)
FNDA:0,(anonymous_109)
FNDA:0,(anonymous_110)
FNDA:0,(anonymous_111)
FNDA:0,(anonymous_112)
DA:179,1
DA:191,60
DA:194,60
DA:197,60
DA:199,0
DA:200,0
DA:201,0
DA:205,0
DA:211,60
DA:212,30
DA:213,30
DA:217,60
DA:220,60
DA:221,30
DA:222,30
DA:223,30
DA:224,30
DA:225,30
DA:235,60
DA:238,60
DA:241,30
DA:242,30
DA:249,0
DA:258,60
DA:259,30
DA:260,30
DA:266,0
DA:274,60
DA:281,60
DA:282,60
DA:285,60
DA:287,60
DA:288,60
DA:289,60
DA:290,60
DA:293,60
DA:294,60
DA:295,0
DA:296,0
DA:297,0
DA:301,60
DA:302,60
DA:306,60
DA:314,60
DA:317,60
DA:318,60
DA:321,60
DA:322,0
DA:332,0
DA:334,0
DA:338,60
DA:342,60
DA:343,60
DA:344,60
DA:345,60
DA:349,60
DA:361,60
DA:364,60
DA:365,0
DA:366,0
DA:369,60
DA:370,0
DA:371,0
DA:374,60
DA:379,0
DA:380,0
DA:381,0
DA:384,0
DA:385,0
DA:386,0
DA:391,0
DA:402,0
DA:415,0
DA:419,0
DA:428,0
DA:429,0
DA:431,0
DA:435,60
DA:436,0
DA:437,0
DA:440,0
DA:441,0
DA:443,0
DA:444,0
DA:445,0
DA:447,0
DA:448,0
DA:452,0
DA:456,0
DA:457,0
DA:458,0
DA:459,0
DA:462,0
DA:463,0
DA:464,0
DA:469,0
DA:471,0
DA:477,0
DA:488,0
DA:501,0
DA:506,0
DA:528,60
DA:540,60
DA:541,30
DA:542,30
DA:544,0
DA:551,60
DA:552,30
DA:557,60
DA:558,30
DA:559,30
DA:561,30
DA:562,30
DA:563,30
DA:564,30
DA:565,30
DA:568,60
DA:569,30
DA:570,30
DA:572,30
DA:573,30
DA:574,30
DA:575,30
DA:576,30
DA:583,60
DA:585,60
DA:586,30
DA:587,30
DA:588,30
DA:592,60
DA:595,60
DA:598,60
DA:601,60
DA:606,60
DA:614,60
DA:615,30
DA:616,30
DA:618,30
DA:623,30
DA:630,30
DA:635,30
DA:644,30
DA:647,30
DA:649,30
DA:655,60
DA:657,30
DA:659,30
DA:660,30
DA:661,30
DA:663,30
DA:664,30
DA:671,60
DA:672,60
DA:673,30
DA:674,30
DA:683,60
DA:686,60
DA:691,60
DA:701,0
DA:702,0
DA:718,60
DA:719,30
DA:725,0
DA:729,0
DA:730,0
DA:733,30
DA:734,30
DA:735,30
DA:736,30
DA:737,30
DA:742,60
DA:745,60
DA:750,60
DA:755,60
DA:756,0
DA:758,60
DA:759,0
DA:764,60
DA:765,60
DA:768,0
DA:770,0
DA:775,0
DA:779,0
DA:782,0
DA:783,0
DA:785,0
DA:788,0
DA:789,0
DA:790,0
DA:791,0
DA:792,0
DA:800,60
DA:805,60
DA:806,30
DA:809,60
DA:812,0
DA:819,0
DA:820,0
DA:828,60
DA:829,60
DA:831,30
DA:832,0
DA:833,0
DA:834,0
DA:837,0
DA:839,0
DA:845,60
DA:849,60
DA:850,30
DA:854,60
DA:855,60
DA:856,30
DA:857,30
DA:861,30
DA:864,30
DA:866,0
DA:870,0
DA:875,30
DA:876,0
DA:880,30
DA:884,60
DA:885,30
DA:886,0
DA:887,0
DA:889,0
DA:895,30
DA:897,30
DA:899,30
DA:906,60
DA:907,60
DA:908,30
DA:909,30
DA:913,60
DA:914,60
DA:915,60
DA:916,60
DA:917,60
DA:921,60
DA:923,30
DA:924,30
DA:930,60
DA:932,0
DA:933,0
DA:934,0
DA:937,0
DA:938,0
DA:939,0
DA:941,0
DA:943,0
DA:944,0
DA:945,0
DA:947,0
DA:948,0
DA:951,0
DA:962,60
DA:963,60
DA:964,60
DA:969,60
DA:971,60
DA:979,0
DA:989,60
DA:992,0
DA:993,0
DA:995,0
DA:996,0
DA:997,0
DA:999,0
DA:1000,0
DA:1001,0
DA:1002,0
DA:1004,0
DA:1010,60
DA:1012,60
DA:1013,60
DA:1014,30
DA:1017,30
DA:1018,30
DA:1021,30
DA:1022,30
DA:1023,30
DA:1024,30
DA:1026,0
DA:1038,60
DA:1041,60
DA:1042,30
DA:1043,30
DA:1044,30
DA:1045,29
DA:1048,0
DA:1051,30
DA:1052,30
DA:1053,30
DA:1054,30
DA:1056,0
DA:1061,60
DA:1062,30
DA:1067,60
DA:1069,0
DA:1072,0
DA:1074,0
DA:1075,0
DA:1084,60
DA:1086,0
DA:1091,60
DA:1097,0
DA:1111,60
DA:1113,0
DA:1119,0
DA:1125,60
DA:1127,0
DA:1128,0
DA:1129,0
DA:1130,0
DA:1133,0
DA:1149,60
DA:1168,60
DA:1169,60
DA:1173,60
DA:1184,0
DA:1191,0
DA:1194,0
DA:1198,0
DA:1199,0
DA:1202,0
DA:1208,0
DA:1211,0
DA:1229,60
DA:1230,30
DA:1231,30
DA:1232,0
DA:1234,30
DA:1238,60
DA:1241,60
DA:1242,60
DA:1243,30
DA:1247,60
DA:1249,0
DA:1254,0
DA:1256,0
DA:1258,0
DA:1259,0
DA:1262,0
DA:1265,0
DA:1272,60
DA:1273,60
DA:1276,60
DA:1277,60
DA:1278,60
DA:1279,60
DA:1280,60
DA:1282,60
DA:1284,0
DA:1285,0
DA:1286,0
DA:1287,0
DA:1289,0
DA:1292,0
DA:1299,0
DA:1302,0
DA:1303,0
DA:1312,60
DA:1323,60
DA:1324,60
DA:1325,60
DA:1326,60
DA:1327,60
DA:1329,60
DA:1332,0
DA:1333,0
DA:1340,60
DA:1351,60
DA:1354,0
DA:1357,0
DA:1358,0
DA:1360,0
DA:1363,0
DA:1366,0
DA:1371,60
DA:1372,0
DA:1374,0
DA:1375,0
DA:1376,0
DA:1377,0
DA:1385,0
DA:1388,0
DA:1389,0
DA:1407,60
DA:1408,0
DA:1411,0
DA:1412,0
DA:1413,0
DA:1414,0
DA:1419,60
DA:1422,0
DA:1423,0
DA:1425,0
DA:1432,0
DA:1435,0
DA:1436,0
DA:1438,0
DA:1439,0
DA:1443,0
DA:1444,0
DA:1448,0
DA:1449,0
DA:1450,0
DA:1454,0
DA:1455,0
DA:1458,0
DA:1459,0
DA:1460,0
DA:1466,0
DA:1468,0
DA:1472,0
DA:1473,0
DA:1485,0
DA:1486,0
DA:1491,0
DA:1492,0
DA:1524,60
DA:1525,60
DA:1543,60
DA:1546,0
DA:1557,0
DA:1559,0
DA:1563,0
DA:1564,0
DA:1576,0
DA:1577,0
DA:1578,0
DA:1586,0
DA:1588,0
DA:1589,0
DA:1590,0
DA:1598,0
DA:1605,60
DA:1607,0
DA:1610,60
DA:1612,0
DA:1613,0
DA:1619,60
DA:1621,0
DA:1622,0
DA:1624,0
DA:1630,60
DA:1632,0
DA:1635,0
DA:1636,0
DA:1639,0
DA:1640,0
DA:1643,0
DA:1644,0
DA:1647,0
DA:1648,0
DA:1652,0
DA:1653,0
DA:1661,60
DA:1674,60
DA:1675,60
DA:1677,58
DA:1678,0
DA:1679,0
DA:1680,0
DA:1682,0
DA:1684,0
DA:1685,0
DA:1688,0
DA:1690,0
DA:1693,0
DA:1694,0
DA:1715,60
DA:1720,60
DA:1730,0
DA:1732,0
DA:1739,60
DA:1740,30
DA:1745,60
DA:1747,30
DA:1748,30
DA:1753,0
DA:1754,0
DA:1762,0
DA:1764,0
DA:1777,0
DA:1778,0
DA:1780,0
DA:1781,0
DA:1782,0
DA:1795,60
DA:1797,0
DA:1801,0
DA:1806,0
DA:1809,0
DA:1811,0
DA:1813,0
DA:1814,0
DA:1815,0
DA:1817,0
DA:1818,0
DA:1819,0
DA:1824,0
DA:1829,0
DA:1832,0
DA:1834,0
DA:1836,0
DA:1837,0
DA:1841,0
DA:1845,0
DA:1846,0
DA:1848,0
DA:1851,0
DA:1852,0
DA:1853,0
DA:1857,0
DA:1858,0
DA:1860,0
DA:1861,0
DA:1866,0
DA:1867,0
DA:1868,0
DA:1869,0
DA:1870,0
DA:1871,0
DA:1872,0
DA:1888,0
DA:1892,0
DA:1896,0
DA:1901,0
DA:1904,0
DA:1906,0
DA:1908,0
DA:1909,0
DA:1910,0
DA:1911,0
DA:1931,60
DA:1932,60
DA:1936,60
DA:1937,30
DA:1938,0
DA:1939,0
DA:1941,0
DA:1943,0
DA:1958,60
DA:1959,60
DA:1961,60
DA:1962,60
DA:1964,60
DA:1965,0
DA:1966,0
DA:1967,0
DA:1968,0
DA:1969,0
DA:1972,0
DA:1974,0
DA:1980,0
DA:1981,0
DA:1994,60
DA:1995,60
DA:1999,60
DA:2000,60
DA:2002,0
DA:2003,0
DA:2004,0
DA:2005,0
DA:2007,0
DA:2009,0
DA:2016,0
DA:2017,0
DA:2021,0
DA:2022,0
DA:2025,0
DA:2030,0
DA:2033,0
DA:2035,0
DA:2036,0
DA:2037,0
DA:2047,0
DA:2048,0
DA:2051,0
DA:2052,0
DA:2053,0
DA:2056,0
DA:2057,0
DA:2058,0
DA:2067,0
DA:2068,0
DA:2069,0
DA:2073,60
DA:2074,60
DA:2091,60
DA:2117,0
DA:2118,0
DA:2265,0
DA:2341,0
DA:2590,0
DA:2625,0
DA:2626,0
DA:2627,0
DA:2630,0
DA:2635,0
DA:2636,0
DA:2637,0
DA:2639,0
DA:2651,0
DA:2652,0
DA:2653,0
DA:2655,0
DA:2669,0
DA:2670,0
DA:2675,0
DA:2677,0
LF:611
LH:256
BRDA:187,0,0,60
BRDA:188,1,0,60
BRDA:221,2,0,30
BRDA:221,2,1,0
BRDA:241,3,0,30
BRDA:241,3,1,0
BRDA:259,4,0,30
BRDA:259,4,1,0
BRDA:295,5,0,0
BRDA:295,5,1,0
BRDA:295,6,0,0
BRDA:295,6,1,0
BRDA:324,7,0,0
BRDA:324,7,1,0
BRDA:328,8,0,0
BRDA:328,8,1,0
BRDA:436,9,0,0
BRDA:436,9,1,0
BRDA:441,10,0,0
BRDA:441,10,1,0
BRDA:441,11,0,0
BRDA:441,11,1,0
BRDA:443,12,0,0
BRDA:443,12,1,0
BRDA:444,13,0,0
BRDA:444,13,1,0
BRDA:458,14,0,0
BRDA:458,14,1,0
BRDA:463,15,0,0
BRDA:463,15,1,0
BRDA:541,16,0,30
BRDA:541,16,1,0
BRDA:541,17,0,30
BRDA:541,17,1,30
BRDA:616,18,0,30
BRDA:616,18,1,0
BRDA:657,19,0,0
BRDA:657,19,1,30
BRDA:659,20,0,30
BRDA:659,20,1,0
BRDA:660,21,0,30
BRDA:660,21,1,0
BRDA:671,22,0,60
BRDA:671,22,1,0
BRDA:673,23,0,30
BRDA:673,23,1,0
BRDA:694,24,0,60
BRDA:694,24,1,58
BRDA:694,24,2,29
BRDA:694,24,3,29
BRDA:694,24,4,29
BRDA:719,25,0,0
BRDA:719,25,1,30
BRDA:720,26,0,30
BRDA:720,26,1,0
BRDA:720,26,2,0
BRDA:720,26,3,0
BRDA:768,27,0,0
BRDA:768,27,1,0
BRDA:768,28,0,0
BRDA:768,28,1,0
BRDA:775,29,0,0
BRDA:775,29,1,0
BRDA:776,30,0,0
BRDA:776,30,1,0
BRDA:782,31,0,0
BRDA:782,31,1,0
BRDA:785,32,0,0
BRDA:785,32,1,0
BRDA:791,33,0,0
BRDA:791,33,1,0
BRDA:791,34,0,0
BRDA:791,34,1,0
BRDA:812,35,0,0
BRDA:812,35,1,0
BRDA:812,36,0,0
BRDA:812,36,1,0
BRDA:819,37,0,0
BRDA:819,37,1,0
BRDA:831,38,0,0
BRDA:831,38,1,30
BRDA:832,39,0,0
BRDA:832,39,1,0
BRDA:834,40,0,0
BRDA:834,40,1,0
BRDA:850,41,0,30
BRDA:850,41,1,0
BRDA:861,42,0,30
BRDA:861,42,1,30
BRDA:864,43,0,0
BRDA:864,43,1,30
BRDA:866,44,0,0
BRDA:866,44,1,0
BRDA:867,45,0,0
BRDA:867,45,1,0
BRDA:875,46,0,0
BRDA:875,46,1,30
BRDA:885,47,0,0
BRDA:885,47,1,30
BRDA:897,48,0,30
BRDA:897,48,1,0
BRDA:932,49,0,0
BRDA:932,49,1,0
BRDA:941,50,0,0
BRDA:941,50,1,0
BRDA:945,51,0,0
BRDA:945,51,1,0
BRDA:974,52,0,60
BRDA:974,52,1,58
BRDA:974,52,2,29
BRDA:974,52,3,29
BRDA:974,52,4,29
BRDA:992,53,0,0
BRDA:992,53,1,0
BRDA:1000,54,0,0
BRDA:1000,54,1,0
BRDA:1013,55,0,30
BRDA:1013,55,1,30
BRDA:1013,56,0,60
BRDA:1013,56,1,60
BRDA:1022,57,0,30
BRDA:1022,57,1,0
BRDA:1044,58,0,29
BRDA:1044,58,1,1
BRDA:1112,59,0,0
BRDA:1127,60,0,0
BRDA:1127,60,1,0
BRDA:1130,61,0,0
BRDA:1130,61,1,0
BRDA:1176,62,0,60
BRDA:1176,62,1,58
BRDA:1176,62,2,29
BRDA:1176,62,3,29
BRDA:1176,62,4,29
BRDA:1192,63,0,0
BRDA:1192,63,1,0
BRDA:1243,64,0,30
BRDA:1243,64,1,0
BRDA:1256,65,0,0
BRDA:1256,65,1,0
BRDA:1258,66,0,0
BRDA:1258,66,1,0
BRDA:1282,67,0,0
BRDA:1282,67,1,60
BRDA:1282,68,0,60
BRDA:1282,68,1,0
BRDA:1282,68,2,0
BRDA:1285,69,0,0
BRDA:1285,69,1,0
BRDA:1286,70,0,0
BRDA:1286,70,1,0
BRDA:1302,71,0,0
BRDA:1302,71,1,0
BRDA:1329,72,0,0
BRDA:1329,72,1,60
BRDA:1329,73,0,60
BRDA:1329,73,1,0
BRDA:1329,73,2,0
BRDA:1332,74,0,0
BRDA:1332,74,1,0
BRDA:1358,75,0,0
BRDA:1358,75,1,0
BRDA:1375,76,0,0
BRDA:1375,76,1,0
BRDA:1411,77,0,0
BRDA:1411,77,1,0
BRDA:1423,78,0,0
BRDA:1423,78,1,0
BRDA:1432,79,0,0
BRDA:1432,79,1,0
BRDA:1432,79,2,0
BRDA:1432,79,3,0
BRDA:1432,79,4,0
BRDA:1432,79,5,0
BRDA:1432,79,6,0
BRDA:1432,79,7,0
BRDA:1432,79,8,0
BRDA:1432,79,9,0
BRDA:1432,79,10,0
BRDA:1432,79,11,0
BRDA:1432,79,12,0
BRDA:1449,80,0,0
BRDA:1449,80,1,0
BRDA:1511,81,0,60
BRDA:1511,81,1,58
BRDA:1511,81,2,58
BRDA:1511,81,3,29
BRDA:1511,81,4,29
BRDA:1511,81,5,29
BRDA:1511,81,6,29
BRDA:1557,82,0,0
BRDA:1557,82,1,0
BRDA:1557,83,0,0
BRDA:1557,83,1,0
BRDA:1559,84,0,0
BRDA:1559,84,1,0
BRDA:1560,85,0,0
BRDA:1560,85,1,0
BRDA:1586,86,0,0
BRDA:1586,86,1,0
BRDA:1588,87,0,0
BRDA:1588,87,1,0
BRDA:1612,88,0,0
BRDA:1612,88,1,0
BRDA:1622,89,0,0
BRDA:1622,89,1,0
BRDA:1632,90,0,0
BRDA:1632,90,1,0
BRDA:1632,90,2,0
BRDA:1632,90,3,0
BRDA:1632,90,4,0
BRDA:1661,91,0,60
BRDA:1661,91,1,60
BRDA:1661,91,2,58
BRDA:1661,91,3,58
BRDA:1661,91,4,29
BRDA:1661,91,5,29
BRDA:1661,91,6,29
BRDA:1661,91,7,29
BRDA:1675,92,0,2
BRDA:1675,92,1,58
BRDA:1677,93,0,0
BRDA:1677,93,1,58
BRDA:1677,94,0,58
BRDA:1677,94,1,0
BRDA:1684,95,0,0
BRDA:1684,95,1,0
BRDA:1747,96,0,30
BRDA:1747,96,1,0
BRDA:1747,97,0,30
BRDA:1747,97,1,0
BRDA:1754,98,0,0
BRDA:1754,98,1,0
BRDA:1765,99,0,0
BRDA:1765,99,1,0
BRDA:1766,100,0,0
BRDA:1766,100,1,0
BRDA:1766,101,0,0
BRDA:1766,101,1,0
BRDA:1772,102,0,0
BRDA:1772,102,1,0
BRDA:1773,103,0,0
BRDA:1773,103,1,0
BRDA:1780,104,0,0
BRDA:1780,104,1,0
BRDA:1797,105,0,0
BRDA:1797,105,1,0
BRDA:1797,105,2,0
BRDA:1797,105,3,0
BRDA:1797,105,4,0
BRDA:1797,105,5,0
BRDA:1797,105,6,0
BRDA:1797,105,7,0
BRDA:1797,105,8,0
BRDA:1801,106,0,0
BRDA:1801,106,1,0
BRDA:1802,107,0,0
BRDA:1802,107,1,0
BRDA:1806,108,0,0
BRDA:1806,108,1,0
BRDA:1806,108,2,0
BRDA:1824,109,0,0
BRDA:1824,109,1,0
BRDA:1825,110,0,0
BRDA:1825,110,1,0
BRDA:1829,111,0,0
BRDA:1829,111,1,0
BRDA:1829,111,2,0
BRDA:1845,112,0,0
BRDA:1845,112,1,0
BRDA:1861,113,0,0
BRDA:1861,113,1,0
BRDA:1862,114,0,0
BRDA:1862,114,1,0
BRDA:1862,114,2,0
BRDA:1870,115,0,0
BRDA:1870,115,1,0
BRDA:1896,116,0,0
BRDA:1896,116,1,0
BRDA:1897,117,0,0
BRDA:1897,117,1,0
BRDA:1901,118,0,0
BRDA:1901,118,1,0
BRDA:1901,118,2,0
BRDA:1937,119,0,0
BRDA:1937,119,1,30
BRDA:1937,120,0,30
BRDA:1937,120,1,0
BRDA:1939,121,0,0
BRDA:1939,121,1,0
BRDA:1939,122,0,0
BRDA:1939,122,1,0
BRDA:1941,123,0,0
BRDA:1941,123,1,0
BRDA:1944,124,0,0
BRDA:1944,124,1,0
BRDA:1946,125,0,0
BRDA:1946,125,1,0
BRDA:1949,126,0,0
BRDA:1949,126,1,0
BRDA:1951,127,0,0
BRDA:1951,127,1,0
BRDA:1952,128,0,0
BRDA:1952,128,1,0
BRDA:1959,129,0,0
BRDA:1959,129,1,60
BRDA:1964,130,0,0
BRDA:1964,130,1,60
BRDA:1964,131,0,60
BRDA:1964,131,1,60
BRDA:1968,132,0,0
BRDA:1968,132,1,0
BRDA:1975,133,0,0
BRDA:1975,133,1,0
BRDA:1976,134,0,0
BRDA:1976,134,1,0
BRDA:2002,135,0,0
BRDA:2002,135,1,0
BRDA:2004,136,0,0
BRDA:2004,136,1,0
BRDA:2016,137,0,0
BRDA:2016,137,1,0
BRDA:2016,138,0,0
BRDA:2016,138,1,0
BRDA:2021,139,0,0
BRDA:2021,139,1,0
BRDA:2021,140,0,0
BRDA:2021,140,1,0
BRDA:2025,141,0,0
BRDA:2025,141,1,0
BRDA:2026,142,0,0
BRDA:2026,142,1,0
BRDA:2026,142,2,0
BRDA:2035,143,0,0
BRDA:2035,143,1,0
BRDA:2035,144,0,0
BRDA:2035,144,1,0
BRDA:2051,145,0,0
BRDA:2051,145,1,0
BRDA:2056,146,0,0
BRDA:2056,146,1,0
BRDA:2067,147,0,0
BRDA:2067,147,1,0
BRDA:2067,148,0,0
BRDA:2067,148,1,0
BRDA:2188,149,0,60
BRDA:2188,149,1,0
BRDA:2260,150,0,60
BRDA:2260,150,1,0
BRDA:2270,151,0,60
BRDA:2270,151,1,60
BRDA:2275,152,0,60
BRDA:2275,152,1,0
BRDA:2275,152,2,0
BRDA:2275,152,3,0
BRDA:2306,153,0,0
BRDA:2306,153,1,0
BRDA:2307,154,0,0
BRDA:2307,154,1,0
BRDA:2308,155,0,0
BRDA:2308,155,1,0
BRDA:2309,156,0,0
BRDA:2309,156,1,0
BRDA:2331,157,0,60
BRDA:2331,157,1,60
BRDA:2348,158,0,60
BRDA:2348,158,1,0
BRDA:2385,159,0,60
BRDA:2385,159,1,0
BRDA:2401,160,0,60
BRDA:2401,160,1,30
BRDA:2401,160,2,30
BRDA:2401,160,3,30
BRDA:2401,160,4,30
BRDA:2410,161,0,30
BRDA:2410,161,1,0
BRDA:2468,162,0,60
BRDA:2468,162,1,60
BRDA:2477,163,0,60
BRDA:2477,163,1,60
BRDA:2505,164,0,60
BRDA:2505,164,1,30
BRDA:2505,164,2,30
BRDA:2505,164,3,30
BRDA:2505,164,4,30
BRDA:2532,165,0,60
BRDA:2532,165,1,0
BRDA:2555,166,0,60
BRDA:2555,166,1,0
BRDA:2571,167,0,60
BRDA:2571,167,1,0
BRDA:2572,168,0,60
BRDA:2572,168,1,0
BRDA:2598,169,0,60
BRDA:2598,169,1,58
BRDA:2598,169,2,2
BRDA:2612,170,0,60
BRDA:2612,170,1,0
BRDA:2612,170,2,0
BRDA:2618,171,0,0
BRDA:2618,171,1,0
BRDA:2619,172,0,0
BRDA:2619,172,1,0
BRDA:2620,173,0,0
BRDA:2620,173,1,0
BRDA:2625,174,0,0
BRDA:2625,174,1,0
BRDA:2625,175,0,0
BRDA:2625,175,1,0
BRDA:2626,176,0,0
BRDA:2626,176,1,0
BRDA:2635,177,0,0
BRDA:2635,177,1,0
BRDA:2635,178,0,0
BRDA:2635,178,1,0
BRDA:2636,179,0,0
BRDA:2636,179,1,0
BRDA:2648,180,0,60
BRDA:2648,180,1,0
BRDA:2648,180,2,0
BRDA:2664,181,0,60
BRDA:2664,181,1,0
BRDA:2669,182,0,0
BRDA:2669,182,1,0
BRF:424
BRH:112
end_of_record
TN:
SF:src/components/screens/combat/components/index.ts
FNF:0
FNH:0
LF:0
LH:0
BRF:0
BRH:0
end_of_record
TN:
SF:src/components/screens/combat/components/arena/CombatArena3D.tsx
FN:28,(anonymous_0)
FN:35,(anonymous_1)
FN:114,(anonymous_2)
FNF:3
FNH:2
FNDA:65,(anonymous_0)
FNDA:0,(anonymous_1)
FNDA:260,(anonymous_2)
DA:28,3
DA:32,65
DA:35,65
DA:36,0
DA:37,0
DA:42,65
DA:43,65
DA:44,65
DA:45,65
DA:46,65
DA:48,65
DA:115,260
LF:12
LH:10
BRDA:29,0,0,65
BRDA:30,1,0,65
BRDA:36,2,0,0
BRDA:36,2,1,0
BRDA:51,3,0,65
BRDA:51,3,1,63
BRDA:67,4,0,65
BRDA:67,4,1,1
BRDA:79,5,0,65
BRDA:79,5,1,1
BRF:10
BRH:8
end_of_record
TN:
SF:src/components/screens/combat/components/controls/CombatControlsPanel.tsx
FN:34,(anonymous_0)
FN:85,(anonymous_1)
FNF:2
FNH:2
FNDA:66,(anonymous_0)
FNDA:55,(anonymous_1)
DA:34,3
DA:38,66
DA:86,55
LF:3
LH:3
BRDA:43,0,0,61
BRDA:43,0,1,5
BRDA:44,1,0,61
BRDA:44,1,1,5
BRDA:45,2,0,61
BRDA:45,2,1,5
BRDA:56,3,0,61
BRDA:56,3,1,5
BRDA:65,4,0,61
BRDA:65,4,1,5
BRDA:74,5,0,61
BRDA:74,5,1,5
BRF:12
BRH:12
end_of_record
TN:
SF:src/components/screens/combat/components/controls/ControlsGuide.tsx
FN:40,(anonymous_0)
FN:89,(anonymous_1)
FN:187,(anonymous_2)
FN:191,(anonymous_3)
FN:207,(anonymous_4)
FN:214,(anonymous_5)
FNF:6
FNH:5
FNDA:23,(anonymous_0)
FNDA:161,(anonymous_1)
FNDA:1,(anonymous_2)
FNDA:2,(anonymous_3)
FNDA:2,(anonymous_4)
FNDA:0,(anonymous_5)
DA:27,4
DA:40,4
DA:44,23
DA:46,23
DA:90,161
DA:188,1
DA:189,1
DA:191,2
DA:208,2
DA:212,2
DA:215,0
DA:219,0
LF:12
LH:10
BRDA:54,0,0,3
BRDA:54,0,1,20
BRDA:58,1,0,3
BRDA:58,1,1,20
BRDA:59,2,0,3
BRDA:59,2,1,20
BRDA:69,3,0,3
BRDA:69,3,1,20
BRDA:86,4,0,3
BRDA:86,4,1,20
BRDA:97,5,0,21
BRDA:97,5,1,140
BRDA:106,6,0,21
BRDA:106,6,1,140
BRDA:116,7,0,21
BRDA:116,7,1,140
BRDA:126,8,0,21
BRDA:126,8,1,140
BRDA:127,9,0,21
BRDA:127,9,1,140
BRDA:134,10,0,21
BRDA:134,10,1,140
BRDA:147,11,0,3
BRDA:147,11,1,20
BRDA:148,12,0,3
BRDA:148,12,1,20
BRDA:156,13,0,3
BRDA:156,13,1,20
BRDA:167,14,0,3
BRDA:167,14,1,20
BRDA:194,15,0,3
BRDA:194,15,1,20
BRDA:196,16,0,3
BRDA:196,16,1,20
BRDA:197,17,0,3
BRDA:197,17,1,20
BRF:36
BRH:36
end_of_record
TN:
SF:src/components/screens/combat/components/controls/KeyboardHints.tsx
FN:57,(anonymous_0)
FN:64,(anonymous_1)
FN:72,(anonymous_2)
FN:146,(anonymous_3)
FNF:4
FNH:4
FNDA:82,(anonymous_0)
FNDA:52,(anonymous_1)
FNDA:52,(anonymous_2)
FNDA:168,(anonymous_3)
DA:57,3
DA:64,82
DA:65,52
DA:66,2
DA:68,50
DA:72,82
DA:73,52
DA:74,52
DA:75,52
DA:76,52
DA:77,52
DA:79,52
DA:82,82
DA:84,21
DA:147,168
DA:148,168
DA:151,168
DA:155,168
LF:18
LH:18
BRDA:60,0,0,82
BRDA:65,1,0,2
BRDA:65,1,1,50
BRDA:73,2,0,32
BRDA:73,2,1,20
BRDA:74,3,0,32
BRDA:74,3,1,20
BRDA:75,4,0,32
BRDA:75,4,1,20
BRDA:76,5,0,32
BRDA:76,5,1,20
BRDA:77,6,0,32
BRDA:77,6,1,20
BRDA:82,7,0,61
BRDA:82,7,1,21
BRDA:93,8,0,2
BRDA:93,8,1,19
BRDA:148,9,0,21
BRDA:148,9,1,147
BRDA:151,10,0,21
BRDA:151,10,1,147
BRDA:162,11,0,21
BRDA:162,11,1,147
BRDA:171,12,0,21
BRDA:171,12,1,147
BRDA:172,13,0,21
BRDA:172,13,1,147
BRDA:191,14,0,2
BRDA:191,14,1,19
BRF:29
BRH:29
end_of_record
TN:
SF:src/components/screens/combat/components/controls/PauseMenu.tsx
FN:48,(anonymous_0)
FN:66,(anonymous_1)
FN:72,(anonymous_2)
FN:83,(anonymous_3)
FN:94,(anonymous_4)
FN:105,(anonymous_5)
FN:116,(anonymous_6)
FN:127,(anonymous_7)
FN:135,(anonymous_8)
FN:137,(anonymous_9)
FN:140,(anonymous_10)
FN:143,(anonymous_11)
FN:217,(anonymous_12)
FN:220,(anonymous_13)
FN:222,(anonymous_14)
FN:223,(anonymous_15)
FN:224,(anonymous_16)
FN:254,(anonymous_17)
FN:269,(anonymous_18)
FN:313,(anonymous_19)
FN:323,(anonymous_20)
FN:338,(anonymous_21)
FN:342,(anonymous_22)
FN:357,(anonymous_23)
FN:361,(anonymous_24)
FNF:25
FNH:13
FNDA:31,(anonymous_0)
FNDA:18,(anonymous_1)
FNDA:1,(anonymous_2)
FNDA:1,(anonymous_3)
FNDA:1,(anonymous_4)
FNDA:1,(anonymous_5)
FNDA:1,(anonymous_6)
FNDA:17,(anonymous_7)
FNDA:0,(anonymous_8)
FNDA:0,(anonymous_9)
FNDA:0,(anonymous_10)
FNDA:0,(anonymous_11)
FNDA:155,(anonymous_12)
FNDA:250,(anonymous_13)
FNDA:5,(anonymous_14)
FNDA:0,(anonymous_15)
FNDA:15,(anonymous_16)
FNDA:5,(anonymous_17)
FNDA:0,(anonymous_18)
FNDA:0,(anonymous_19)
FNDA:0,(anonymous_20)
FNDA:0,(anonymous_21)
FNDA:0,(anonymous_22)
FNDA:0,(anonymous_23)
FNDA:0,(anonymous_24)
DA:48,3
DA:54,31
DA:55,31
DA:58,31
DA:61,31
DA:62,31
DA:65,31
DA:66,18
DA:73,1
DA:74,1
DA:84,1
DA:85,1
DA:95,1
DA:96,1
DA:106,1
DA:107,1
DA:117,1
DA:118,1
DA:127,31
DA:128,17
DA:129,17
DA:134,31
DA:136,0
DA:138,0
DA:141,0
DA:144,0
DA:145,0
DA:146,0
DA:147,0
DA:148,0
DA:149,0
DA:150,0
DA:151,0
DA:161,31
DA:218,155
DA:220,250
DA:222,5
DA:223,0
DA:224,15
DA:255,5
DA:259,5
DA:263,5
DA:264,5
DA:270,0
DA:274,0
DA:278,0
DA:279,0
DA:314,0
DA:324,0
DA:339,0
DA:340,0
DA:343,0
DA:358,0
DA:359,0
DA:362,0
LF:55
LH:31
BRDA:128,0,0,17
BRDA:128,0,1,0
BRDA:144,1,0,0
BRDA:144,1,1,0
BRDA:148,2,0,0
BRDA:148,2,1,0
BRDA:191,3,0,4
BRDA:191,3,1,27
BRDA:195,4,0,4
BRDA:195,4,1,27
BRDA:213,5,0,4
BRDA:213,5,1,27
BRDA:214,6,0,4
BRDA:214,6,1,27
BRDA:230,7,0,20
BRDA:230,7,1,135
BRDA:231,8,0,20
BRDA:231,8,1,135
BRDA:282,9,0,155
BRDA:282,9,1,155
BRDA:297,10,0,4
BRDA:297,10,1,27
BRDA:298,11,0,4
BRDA:298,11,1,27
BRDA:311,12,0,31
BRDA:311,12,1,1
BRDA:321,13,0,31
BRDA:321,13,1,1
BRDA:331,14,0,31
BRDA:331,14,1,1
BRDA:350,15,0,31
BRDA:350,15,1,1
BRF:32
BRH:27
end_of_record
TN:
SF:src/components/screens/combat/components/controls/QuickSettings.tsx
FN:24,(anonymous_0)
FN:90,(anonymous_1)
FN:136,(anonymous_2)
FN:183,(anonymous_3)
FN:191,(anonymous_4)
FN:219,(anonymous_5)
FN:223,(anonymous_6)
FN:239,(anonymous_7)
FN:246,(anonymous_8)
FNF:9
FNH:6
FNDA:36,(anonymous_0)
FNDA:0,(anonymous_1)
FNDA:0,(anonymous_2)
FNDA:2,(anonymous_3)
FNDA:3,(anonymous_4)
FNDA:1,(anonymous_5)
FNDA:2,(anonymous_6)
FNDA:2,(anonymous_7)
FNDA:0,(anonymous_8)
DA:24,4
DA:28,36
DA:30,36
DA:91,0
DA:92,0
DA:137,0
DA:138,0
DA:184,2
DA:185,0
DA:187,2
DA:189,2
DA:191,3
DA:220,1
DA:221,1
DA:223,2
DA:240,2
DA:244,2
DA:247,0
DA:251,0
LF:19
LH:12
BRDA:38,0,0,3
BRDA:38,0,1,33
BRDA:42,1,0,3
BRDA:42,1,1,33
BRDA:51,2,0,3
BRDA:51,2,1,33
BRDA:68,3,0,3
BRDA:68,3,1,33
BRDA:76,4,0,3
BRDA:76,4,1,33
BRDA:106,5,0,3
BRDA:106,5,1,33
BRDA:122,6,0,3
BRDA:122,6,1,33
BRDA:152,7,0,3
BRDA:152,7,1,33
BRDA:174,8,0,3
BRDA:174,8,1,33
BRDA:184,9,0,0
BRDA:184,9,1,2
BRDA:194,10,0,3
BRDA:194,10,1,33
BRDA:195,11,0,3
BRDA:195,11,1,33
BRDA:196,12,0,0
BRDA:196,12,1,36
BRDA:199,13,0,0
BRDA:199,13,1,36
BRDA:202,14,0,0
BRDA:202,14,1,36
BRDA:212,15,0,0
BRDA:212,15,1,36
BRDA:226,16,0,3
BRDA:226,16,1,33
BRDA:228,17,0,3
BRDA:228,17,1,33
BRDA:229,18,0,3
BRDA:229,18,1,33
BRF:38
BRH:33
end_of_record
TN:
SF:src/components/screens/combat/components/controls/VitalPointOverlayControls.tsx
FN:84,(anonymous_0)
FN:91,(anonymous_1)
FN:114,(anonymous_2)
FN:140,(anonymous_3)
FN:149,(anonymous_4)
FN:159,(anonymous_5)
FN:164,(anonymous_6)
FN:172,(anonymous_7)
FN:178,(anonymous_8)
FN:184,(anonymous_9)
FN:192,(anonymous_10)
FN:205,(anonymous_11)
FN:207,(anonymous_12)
FN:302,(anonymous_13)
FN:318,(anonymous_14)
FN:324,(anonymous_15)
FN:339,(anonymous_16)
FN:369,(anonymous_17)
FN:375,(anonymous_18)
FN:411,(anonymous_19)
FN:417,(anonymous_20)
FN:435,(anonymous_21)
FN:439,(anonymous_22)
FN:473,(anonymous_23)
FN:478,(anonymous_24)
FN:504,(anonymous_25)
FN:508,(anonymous_26)
FN:539,(anonymous_27)
FN:558,(anonymous_28)
FN:566,(anonymous_29)
FN:577,(anonymous_30)
FN:595,(anonymous_31)
FN:603,(anonymous_32)
FN:646,(anonymous_33)
FN:667,(anonymous_34)
FN:686,(anonymous_35)
FN:707,(anonymous_36)
FN:713,(anonymous_37)
FN:743,(anonymous_38)
FNF:39
FNH:5
FNDA:1020,(anonymous_0)
FNDA:0,(anonymous_1)
FNDA:60,(anonymous_2)
FNDA:30,(anonymous_3)
FNDA:30,(anonymous_4)
FNDA:30,(anonymous_5)
FNDA:0,(anonymous_6)
FNDA:0,(anonymous_7)
FNDA:0,(anonymous_8)
FNDA:0,(anonymous_9)
FNDA:0,(anonymous_10)
FNDA:0,(anonymous_11)
FNDA:0,(anonymous_12)
FNDA:0,(anonymous_13)
FNDA:0,(anonymous_14)
FNDA:0,(anonymous_15)
FNDA:0,(anonymous_16)
FNDA:0,(anonymous_17)
FNDA:0,(anonymous_18)
FNDA:0,(anonymous_19)
FNDA:0,(anonymous_20)
FNDA:0,(anonymous_21)
FNDA:0,(anonymous_22)
FNDA:0,(anonymous_23)
FNDA:0,(anonymous_24)
FNDA:0,(anonymous_25)
FNDA:0,(anonymous_26)
FNDA:0,(anonymous_27)
FNDA:0,(anonymous_28)
FNDA:0,(anonymous_29)
FNDA:0,(anonymous_30)
FNDA:0,(anonymous_31)
FNDA:0,(anonymous_32)
FNDA:0,(anonymous_33)
FNDA:0,(anonymous_34)
FNDA:0,(anonymous_35)
FNDA:0,(anonymous_36)
FNDA:0,(anonymous_37)
FNDA:0,(anonymous_38)
DA:84,3
DA:85,1020
DA:91,3
DA:92,0
DA:94,0
DA:96,0
DA:98,0
DA:100,0
DA:102,0
DA:104,0
DA:114,3
DA:132,60
DA:135,60
DA:136,60
DA:137,60
DA:140,60
DA:143,60
DA:149,30
DA:156,60
DA:159,60
DA:160,30
DA:163,30
DA:164,0
DA:168,30
DA:169,0
DA:171,0
DA:173,0
DA:175,0
DA:177,0
DA:179,0
DA:183,0
DA:184,0
DA:189,30
DA:190,0
DA:191,0
DA:193,0
DA:200,30
DA:204,60
DA:206,0
DA:207,0
DA:209,0
DA:215,60
DA:228,60
DA:237,60
DA:238,60
DA:239,60
DA:240,60
DA:242,60
DA:302,0
DA:319,0
DA:320,0
DA:325,0
DA:326,0
DA:339,0
DA:370,0
DA:371,0
DA:376,0
DA:377,0
DA:412,0
DA:413,0
DA:414,0
DA:417,0
DA:436,0
DA:437,0
DA:440,0
DA:441,0
DA:474,0
DA:475,0
DA:478,0
DA:505,0
DA:506,0
DA:509,0
DA:510,0
DA:539,0
DA:559,0
DA:562,0
DA:567,0
DA:570,0
DA:577,0
DA:596,0
DA:599,0
DA:604,0
DA:607,0
DA:646,0
DA:667,0
DA:687,0
DA:688,0
DA:689,0
DA:708,0
DA:711,0
DA:714,0
DA:717,0
DA:743,0
LF:93
LH:26
BRDA:92,0,0,0
BRDA:92,0,1,0
BRDA:92,0,2,0
BRDA:92,0,3,0
BRDA:92,0,4,0
BRDA:92,0,5,0
BRDA:129,1,0,60
BRDA:136,2,0,60
BRDA:136,2,1,0
BRDA:137,3,0,60
BRDA:137,3,1,0
BRDA:150,4,0,30
BRDA:150,4,1,0
BRDA:151,5,0,30
BRDA:151,5,1,0
BRDA:156,6,0,60
BRDA:156,6,1,0
BRDA:163,7,0,0
BRDA:163,7,1,30
BRDA:168,8,0,0
BRDA:168,8,1,30
BRDA:169,9,0,0
BRDA:169,9,1,0
BRDA:173,10,0,0
BRDA:173,10,1,0
BRDA:175,11,0,0
BRDA:175,11,1,0
BRDA:179,12,0,0
BRDA:179,12,1,0
BRDA:189,13,0,0
BRDA:189,13,1,30
BRDA:193,14,0,0
BRDA:193,14,1,0
BRDA:193,14,2,0
BRDA:193,14,3,0
BRDA:206,15,0,0
BRDA:206,15,1,0
BRDA:237,16,0,60
BRDA:237,16,1,0
BRDA:238,17,0,60
BRDA:238,17,1,0
BRDA:239,18,0,60
BRDA:239,18,1,0
BRDA:240,19,0,60
BRDA:240,19,1,0
BRDA:255,20,0,60
BRDA:255,20,1,0
BRDA:288,21,0,60
BRDA:288,21,1,0
BRDA:332,22,0,0
BRDA:332,22,1,60
BRDA:343,23,0,0
BRDA:343,23,1,60
BRDA:351,24,0,0
BRDA:351,24,1,60
BRDA:356,25,0,0
BRDA:356,25,1,60
BRDA:357,26,0,60
BRDA:357,26,1,0
BRDA:361,27,0,0
BRDA:361,27,1,60
BRDA:371,28,0,0
BRDA:371,28,1,0
BRDA:377,29,0,0
BRDA:377,29,1,0
BRDA:383,30,0,0
BRDA:383,30,1,60
BRDA:388,31,0,60
BRDA:388,31,1,0
BRDA:388,31,2,0
BRDA:419,32,0,0
BRDA:419,32,1,0
BRDA:428,33,0,0
BRDA:428,33,1,0
BRDA:430,34,0,0
BRDA:430,34,1,0
BRDA:431,35,0,0
BRDA:431,35,1,0
BRDA:440,36,0,0
BRDA:440,36,1,0
BRDA:480,37,0,0
BRDA:480,37,1,0
BRDA:495,38,0,0
BRDA:495,38,1,0
BRDA:497,39,0,0
BRDA:497,39,1,0
BRDA:498,40,0,0
BRDA:498,40,1,0
BRDA:509,41,0,0
BRDA:509,41,1,0
BRDA:575,42,0,0
BRDA:575,42,1,0
BRDA:678,43,0,0
BRDA:678,43,1,0
BRDA:678,43,2,0
BRDA:678,43,3,0
BRF:96
BRH:23
end_of_record
TN:
SF:src/components/screens/combat/components/effects/BloodDecals3D.tsx
FN:93,(anonymous_0)
FN:165,(anonymous_1)
FN:171,(anonymous_2)
FN:211,(anonymous_3)
FN:283,(anonymous_4)
FN:300,(anonymous_5)
FN:303,(anonymous_6)
FN:305,(anonymous_7)
FN:313,(anonymous_8)
FN:314,(anonymous_9)
FN:322,(anonymous_10)
FN:323,(anonymous_11)
FN:343,(anonymous_12)
FN:344,(anonymous_13)
FN:352,(anonymous_14)
FN:363,(anonymous_15)
FNF:16
FNH:0
FNDA:0,(anonymous_0)
FNDA:0,(anonymous_1)
FNDA:0,(anonymous_2)
FNDA:0,(anonymous_3)
FNDA:0,(anonymous_4)
FNDA:0,(anonymous_5)
FNDA:0,(anonymous_6)
FNDA:0,(anonymous_7)
FNDA:0,(anonymous_8)
FNDA:0,(anonymous_9)
FNDA:0,(anonymous_10)
FNDA:0,(anonymous_11)
FNDA:0,(anonymous_12)
FNDA:0,(anonymous_13)
FNDA:0,(anonymous_14)
FNDA:0,(anonymous_15)
DA:69,3
DA:93,3
DA:94,0
DA:95,0
DA:96,0
DA:97,0
DA:99,0
DA:101,0
DA:102,0
DA:103,0
DA:104,0
DA:105,0
DA:109,0
DA:112,0
DA:113,0
DA:116,0
DA:126,0
DA:127,0
DA:128,0
DA:129,0
DA:131,0
DA:132,0
DA:133,0
DA:135,0
DA:136,0
DA:139,0
DA:140,0
DA:141,0
DA:142,0
DA:143,0
DA:144,0
DA:146,0
DA:147,0
DA:148,0
DA:149,0
DA:152,0
DA:153,0
DA:154,0
DA:165,3
DA:166,0
DA:167,0
DA:168,0
DA:171,0
DA:172,0
DA:174,0
DA:175,0
DA:176,0
DA:180,0
DA:181,0
DA:183,0
DA:190,0
DA:193,0
DA:198,0
DA:200,0
DA:211,0
DA:212,0
DA:215,0
DA:216,0
DA:217,0
DA:220,0
DA:283,3
DA:292,0
DA:295,0
DA:300,0
DA:303,0
DA:305,0
DA:306,0
DA:310,0
DA:313,0
DA:314,0
DA:315,0
DA:316,0
DA:322,0
DA:323,0
DA:324,0
DA:325,0
DA:327,0
DA:329,0
DA:334,0
DA:335,0
DA:343,0
DA:344,0
DA:345,0
DA:350,0
DA:352,0
DA:353,0
DA:357,0
DA:358,0
DA:361,0
DA:364,0
LF:90
LH:4
BRDA:99,0,0,0
BRDA:99,0,1,0
BRDA:172,1,0,0
BRDA:172,1,1,0
BRDA:172,2,0,0
BRDA:172,2,1,0
BRDA:198,3,0,0
BRDA:198,3,1,0
BRDA:212,4,0,0
BRDA:212,4,1,0
BRDA:286,5,0,0
BRDA:287,6,0,0
BRDA:288,7,0,0
BRDA:295,8,0,0
BRDA:295,8,1,0
BRDA:315,9,0,0
BRDA:315,9,1,0
BRDA:324,10,0,0
BRDA:324,10,1,0
BRDA:329,11,0,0
BRDA:329,11,1,0
BRDA:330,12,0,0
BRDA:330,12,1,0
BRDA:330,12,2,0
BRDA:353,13,0,0
BRDA:353,13,1,0
BRDA:357,14,0,0
BRDA:357,14,1,0
BRDA:357,15,0,0
BRDA:357,15,1,0
BRF:30
BRH:0
end_of_record
TN:
SF:src/components/screens/combat/components/effects/BloodLossOverlay.tsx
FN:48,(anonymous_0)
FN:52,(anonymous_1)
FNF:2
FNH:2
FNDA:60,(anonymous_0)
FNDA:30,(anonymous_1)
DA:48,4
DA:52,60
DA:54,30
DA:55,30
DA:56,30
DA:60,0
DA:66,0
DA:70,0
DA:71,30
DA:74,30
DA:75,30
DA:79,30
DA:93,60
DA:94,60
DA:97,0
DA:121,4
LF:16
LH:12
BRDA:55,0,0,30
BRDA:55,0,1,0
BRDA:70,1,0,0
BRDA:70,1,1,0
BRDA:93,2,0,60
BRDA:93,2,1,0
BRDA:93,3,0,60
BRDA:93,3,1,0
BRF:8
BRH:3
end_of_record
TN:
SF:src/components/screens/combat/components/effects/BloodParticles3D.tsx
FN:110,(anonymous_0)
FN:185,(anonymous_1)
FN:203,(anonymous_2)
FN:206,(anonymous_3)
FN:209,(anonymous_4)
FN:217,(anonymous_5)
FN:218,(anonymous_6)
FN:228,(anonymous_7)
FN:235,(anonymous_8)
FN:245,(anonymous_9)
FN:304,(anonymous_10)
FN:310,(anonymous_11)
FNF:12
FNH:0
FNDA:0,(anonymous_0)
FNDA:0,(anonymous_1)
FNDA:0,(anonymous_2)
FNDA:0,(anonymous_3)
FNDA:0,(anonymous_4)
FNDA:0,(anonymous_5)
FNDA:0,(anonymous_6)
FNDA:0,(anonymous_7)
FNDA:0,(anonymous_8)
FNDA:0,(anonymous_9)
FNDA:0,(anonymous_10)
FNDA:0,(anonymous_11)
DA:74,3
DA:110,3
DA:114,0
DA:115,0
DA:117,0
DA:118,0
DA:120,0
DA:122,0
DA:123,0
DA:124,0
DA:127,0
DA:128,0
DA:132,0
DA:139,0
DA:142,0
DA:151,0
DA:185,3
DA:192,0
DA:193,0
DA:194,0
DA:195,0
DA:198,0
DA:203,0
DA:206,0
DA:207,0
DA:209,0
DA:210,0
DA:211,0
DA:212,0
DA:217,0
DA:218,0
DA:219,0
DA:220,0
DA:221,0
DA:228,0
DA:229,0
DA:231,0
DA:235,0
DA:236,0
DA:238,0
DA:240,0
DA:241,0
DA:242,0
DA:245,0
DA:246,0
DA:248,0
DA:249,0
DA:250,0
DA:252,0
DA:254,0
DA:257,0
DA:260,0
DA:261,0
DA:262,0
DA:263,0
DA:264,0
DA:265,0
DA:268,0
DA:270,0
DA:275,0
DA:276,0
DA:277,0
DA:278,0
DA:279,0
DA:280,0
DA:282,0
DA:291,0
DA:292,0
DA:293,0
DA:299,0
DA:302,0
DA:304,0
DA:305,0
DA:306,0
DA:310,0
DA:311,0
DA:312,0
DA:314,0
DA:315,0
DA:316,0
DA:317,0
DA:318,0
DA:321,0
DA:325,0
DA:329,0
DA:330,0
DA:333,0
LF:87
LH:3
BRDA:187,0,0,0
BRDA:188,1,0,0
BRDA:198,2,0,0
BRDA:198,2,1,0
BRDA:207,3,0,0
BRDA:207,3,1,0
BRDA:210,4,0,0
BRDA:210,4,1,0
BRDA:219,5,0,0
BRDA:219,5,1,0
BRDA:236,6,0,0
BRDA:236,6,1,0
BRDA:236,7,0,0
BRDA:236,7,1,0
BRDA:252,8,0,0
BRDA:252,8,1,0
BRDA:260,9,0,0
BRDA:260,9,1,0
BRDA:275,10,0,0
BRDA:275,10,1,0
BRDA:280,11,0,0
BRDA:280,11,1,0
BRDA:291,12,0,0
BRDA:291,12,1,0
BRDA:291,13,0,0
BRDA:291,13,1,0
BRDA:302,14,0,0
BRDA:302,14,1,0
BRDA:314,15,0,0
BRDA:314,15,1,0
BRDA:314,16,0,0
BRDA:314,16,1,0
BRDA:329,17,0,0
BRDA:329,17,1,0
BRDA:329,18,0,0
BRDA:329,18,1,0
BRF:36
BRH:0
end_of_record
TN:
SF:src/components/screens/combat/components/effects/ConsciousnessBlur.tsx
FN:46,(anonymous_0)
FN:50,(anonymous_1)
FNF:2
FNH:2
FNDA:60,(anonymous_0)
FNDA:30,(anonymous_1)
DA:46,4
DA:50,60
DA:52,30
DA:56,30
DA:57,30
DA:62,30
DA:65,30
DA:66,30
DA:69,0
DA:83,60
DA:84,60
DA:87,0
DA:96,4
LF:13
LH:11
BRDA:56,0,0,30
BRDA:56,0,1,0
BRDA:65,1,0,30
BRDA:65,1,1,0
BRDA:83,2,0,60
BRDA:83,2,1,0
BRDA:83,3,0,60
BRDA:83,3,1,0
BRF:8
BRH:4
end_of_record
TN:
SF:src/components/screens/combat/components/effects/HitEffects3D.tsx
FN:44,(anonymous_0)
FN:50,(anonymous_1)
FN:66,(anonymous_2)
FN:131,(anonymous_3)
FN:166,(anonymous_4)
FN:190,(anonymous_5)
FN:220,(anonymous_6)
FN:266,(anonymous_7)
FN:289,(anonymous_8)
FN:329,(anonymous_9)
FN:347,(anonymous_10)
FN:349,(anonymous_11)
FN:350,(anonymous_12)
FN:358,(anonymous_13)
FN:372,(anonymous_14)
FN:375,(anonymous_15)
FN:398,(anonymous_16)
FN:400,(anonymous_17)
FN:405,(anonymous_18)
FN:416,(anonymous_19)
FNF:20
FNH:16
FNDA:60,(anonymous_0)
FNDA:60,(anonymous_1)
FNDA:0,(anonymous_2)
FNDA:64,(anonymous_3)
FNDA:9,(anonymous_4)
FNDA:4,(anonymous_5)
FNDA:6,(anonymous_6)
FNDA:6,(anonymous_7)
FNDA:8,(anonymous_8)
FNDA:114,(anonymous_9)
FNDA:57,(anonymous_10)
FNDA:60,(anonymous_11)
FNDA:0,(anonymous_12)
FNDA:60,(anonymous_13)
FNDA:0,(anonymous_14)
FNDA:0,(anonymous_15)
FNDA:114,(anonymous_16)
FNDA:120,(anonymous_17)
FNDA:120,(anonymous_18)
FNDA:60,(anonymous_19)
DA:44,4
DA:45,60
DA:47,60
DA:50,60
DA:51,60
DA:55,59
DA:56,60
DA:57,60
DA:58,60
DA:59,60
DA:60,60
DA:62,60
DA:66,60
DA:67,0
DA:70,0
DA:71,0
DA:74,0
DA:78,0
DA:82,0
DA:84,0
DA:85,0
DA:90,60
DA:92,31
DA:119,16
DA:132,64
DA:133,64
DA:152,3
DA:167,9
DA:187,2
DA:191,4
DA:208,2
DA:221,6
DA:252,2
DA:267,6
DA:268,6
DA:286,2
DA:290,8
DA:309,2
DA:329,4
DA:335,114
DA:338,114
DA:342,114
DA:347,114
DA:349,60
DA:350,57
DA:351,0
DA:352,0
DA:353,0
DA:358,57
DA:359,60
DA:360,60
DA:368,57
DA:372,114
DA:373,0
DA:375,0
DA:376,0
DA:378,0
DA:382,0
DA:385,0
DA:386,0
DA:391,0
DA:392,0
DA:398,114
DA:399,114
DA:401,120
DA:402,120
DA:410,120
DA:414,114
DA:417,60
LF:69
LH:49
BRDA:51,0,0,1
BRDA:51,0,1,59
BRDA:55,1,0,59
BRDA:55,1,1,18
BRDA:67,2,0,0
BRDA:67,2,1,0
BRDA:67,3,0,0
BRDA:67,3,1,0
BRDA:74,4,0,0
BRDA:74,4,1,0
BRDA:75,5,0,0
BRDA:75,5,1,0
BRDA:82,6,0,0
BRDA:82,6,1,0
BRDA:90,7,0,31
BRDA:90,7,1,16
BRDA:90,7,2,3
BRDA:90,7,3,2
BRDA:90,7,4,2
BRDA:90,7,5,2
BRDA:90,7,6,2
BRDA:90,7,7,1
BRDA:90,7,8,2
BRDA:90,7,9,2
BRDA:351,8,0,0
BRDA:351,8,1,0
BRDA:359,9,0,60
BRDA:359,9,1,0
BRDA:376,10,0,0
BRDA:376,10,1,0
BRDA:386,11,0,0
BRDA:386,11,1,0
BRDA:387,12,0,0
BRDA:387,12,1,0
BRDA:387,12,2,0
BRF:35
BRH:15
end_of_record
TN:
SF:src/components/screens/combat/components/effects/PainVignette.tsx
FN:46,(anonymous_0)
FN:50,(anonymous_1)
FNF:2
FNH:2
FNDA:60,(anonymous_0)
FNDA:30,(anonymous_1)
DA:46,4
DA:50,60
DA:52,30
DA:55,30
DA:56,30
DA:59,30
DA:62,30
DA:63,30
DA:66,30
DA:67,30
DA:71,30
DA:82,60
DA:83,60
DA:86,0
DA:91,4
LF:15
LH:14
BRDA:59,0,0,30
BRDA:59,0,1,0
BRDA:62,1,0,30
BRDA:62,1,1,0
BRDA:82,2,0,60
BRDA:82,2,1,0
BRF:6
BRH:3
end_of_record
TN:
SF:src/components/screens/combat/components/effects/TraumaOverlay3D.tsx
FN:29,(anonymous_0)
FN:90,(anonymous_1)
FN:103,(anonymous_2)
FN:114,(anonymous_3)
FN:116,(anonymous_4)
FN:124,(anonymous_5)
FN:219,(anonymous_6)
FN:221,(anonymous_7)
FN:309,(anonymous_8)
FN:318,(anonymous_9)
FN:328,(anonymous_10)
FN:337,(anonymous_11)
FN:338,(anonymous_12)
FN:339,(anonymous_13)
FN:346,(anonymous_14)
FN:358,(anonymous_15)
FNF:16
FNH:1
FNDA:3,(anonymous_0)
FNDA:0,(anonymous_1)
FNDA:0,(anonymous_2)
FNDA:0,(anonymous_3)
FNDA:0,(anonymous_4)
FNDA:0,(anonymous_5)
FNDA:0,(anonymous_6)
FNDA:0,(anonymous_7)
FNDA:0,(anonymous_8)
FNDA:0,(anonymous_9)
FNDA:0,(anonymous_10)
FNDA:0,(anonymous_11)
FNDA:0,(anonymous_12)
FNDA:0,(anonymous_13)
FNDA:0,(anonymous_14)
FNDA:0,(anonymous_15)
DA:29,3
DA:30,3
DA:31,3
DA:32,3
DA:33,3
DA:79,3
DA:90,3
DA:91,0
DA:92,0
DA:93,0
DA:94,0
DA:96,0
DA:103,3
DA:104,0
DA:114,3
DA:116,0
DA:117,0
DA:124,0
DA:127,0
DA:129,0
DA:130,0
DA:132,0
DA:147,0
DA:148,0
DA:175,0
DA:209,0
DA:219,3
DA:221,0
DA:223,0
DA:225,0
DA:228,0
DA:230,0
DA:309,3
DA:318,0
DA:320,0
DA:322,0
DA:328,0
DA:329,0
DA:330,0
DA:332,0
DA:337,0
DA:338,0
DA:339,0
DA:340,0
DA:343,0
DA:347,0
DA:359,0
LF:47
LH:11
BRDA:29,0,0,3
BRDA:29,0,1,3
BRDA:91,1,0,0
BRDA:91,1,1,0
BRDA:91,2,0,0
BRDA:91,2,1,0
BRDA:93,3,0,0
BRDA:93,3,1,0
BRDA:93,4,0,0
BRDA:93,4,1,0
BRDA:127,5,0,0
BRDA:127,5,1,0
BRDA:127,5,2,0
BRDA:127,5,3,0
BRDA:127,5,4,0
BRDA:134,6,0,0
BRDA:134,6,1,0
BRDA:134,7,0,0
BRDA:134,7,1,0
BRDA:147,8,0,0
BRDA:147,8,1,0
BRDA:160,9,0,0
BRDA:160,9,1,0
BRDA:228,10,0,0
BRDA:228,10,1,0
BRDA:234,11,0,0
BRDA:234,11,1,0
BRDA:238,12,0,0
BRDA:238,12,1,0
BRDA:314,13,0,0
BRDA:315,14,0,0
BRDA:320,15,0,0
BRDA:320,15,1,0
BRDA:320,16,0,0
BRDA:320,16,1,0
BRDA:329,17,0,0
BRDA:329,17,1,0
BRDA:329,18,0,0
BRDA:329,18,1,0
BRDA:356,19,0,0
BRDA:356,19,1,0
BRDA:356,19,2,0
BRDA:368,20,0,0
BRDA:368,20,1,0
BRDA:368,20,2,0
BRDA:368,20,3,0
BRF:46
BRH:2
end_of_record
TN:
SF:src/components/screens/combat/components/effects/VitalPointMarkers3D.tsx
FN:55,(anonymous_0)
FN:101,(anonymous_1)
FN:118,(anonymous_2)
FN:153,(anonymous_3)
FN:168,(anonymous_4)
FN:181,(anonymous_5)
FN:187,(anonymous_6)
FN:212,(anonymous_7)
FN:213,(anonymous_8)
FN:214,(anonymous_9)
FN:288,(anonymous_10)
FN:304,(anonymous_11)
FN:309,(anonymous_12)
FN:317,(anonymous_13)
FN:323,(anonymous_14)
FN:329,(anonymous_15)
FN:337,(anonymous_16)
FN:349,(anonymous_17)
FN:356,(anonymous_18)
FN:364,(anonymous_19)
FN:377,(anonymous_20)
FN:378,(anonymous_21)
FNF:22
FNH:0
FNDA:0,(anonymous_0)
FNDA:0,(anonymous_1)
FNDA:0,(anonymous_2)
FNDA:0,(anonymous_3)
FNDA:0,(anonymous_4)
FNDA:0,(anonymous_5)
FNDA:0,(anonymous_6)
FNDA:0,(anonymous_7)
FNDA:0,(anonymous_8)
FNDA:0,(anonymous_9)
FNDA:0,(anonymous_10)
FNDA:0,(anonymous_11)
FNDA:0,(anonymous_12)
FNDA:0,(anonymous_13)
FNDA:0,(anonymous_14)
FNDA:0,(anonymous_15)
FNDA:0,(anonymous_16)
FNDA:0,(anonymous_17)
FNDA:0,(anonymous_18)
FNDA:0,(anonymous_19)
FNDA:0,(anonymous_20)
FNDA:0,(anonymous_21)
DA:55,3
DA:56,0
DA:58,0
DA:60,0
DA:62,0
DA:64,0
DA:66,0
DA:68,0
DA:79,3
DA:80,3
DA:81,3
DA:82,3
DA:83,3
DA:86,3
DA:101,3
DA:102,0
DA:118,3
DA:124,0
DA:125,0
DA:129,0
DA:130,0
DA:133,0
DA:135,0
DA:153,3
DA:164,0
DA:165,0
DA:168,0
DA:169,0
DA:172,0
DA:173,0
DA:176,0
DA:177,0
DA:181,0
DA:182,0
DA:183,0
DA:184,0
DA:187,0
DA:190,0
DA:192,0
DA:195,0
DA:197,0
DA:199,0
DA:201,0
DA:203,0
DA:207,0
DA:212,0
DA:213,0
DA:215,0
DA:216,0
DA:288,3
DA:301,0
DA:304,0
DA:305,0
DA:308,0
DA:309,0
DA:313,0
DA:314,0
DA:316,0
DA:318,0
DA:320,0
DA:322,0
DA:324,0
DA:328,0
DA:329,0
DA:334,0
DA:335,0
DA:336,0
DA:338,0
DA:345,0
DA:349,0
DA:350,0
DA:351,0
DA:352,0
DA:356,0
DA:357,0
DA:360,0
DA:362,0
DA:365,0
DA:367,0
DA:377,0
DA:378,0
LF:81
LH:11
BRDA:56,0,0,0
BRDA:56,0,1,0
BRDA:56,0,2,0
BRDA:56,0,3,0
BRDA:56,0,4,0
BRDA:56,0,5,0
BRDA:101,1,0,0
BRDA:169,2,0,0
BRDA:169,2,1,0
BRDA:169,3,0,0
BRDA:169,3,1,0
BRDA:176,4,0,0
BRDA:176,4,1,0
BRDA:176,5,0,0
BRDA:176,5,1,0
BRDA:176,5,2,0
BRDA:182,6,0,0
BRDA:182,6,1,0
BRDA:183,7,0,0
BRDA:183,7,1,0
BRDA:192,8,0,0
BRDA:192,8,1,0
BRDA:192,8,2,0
BRDA:192,8,3,0
BRDA:192,8,4,0
BRDA:192,8,5,0
BRDA:223,9,0,0
BRDA:223,9,1,0
BRDA:223,10,0,0
BRDA:223,10,1,0
BRDA:225,11,0,0
BRDA:225,11,1,0
BRDA:225,12,0,0
BRDA:225,12,1,0
BRDA:227,13,0,0
BRDA:227,13,1,0
BRDA:227,13,2,0
BRDA:243,14,0,0
BRDA:243,14,1,0
BRDA:243,14,2,0
BRDA:243,14,3,0
BRDA:289,15,0,0
BRDA:290,16,0,0
BRDA:291,17,0,0
BRDA:295,18,0,0
BRDA:296,19,0,0
BRDA:297,20,0,0
BRDA:298,21,0,0
BRDA:299,22,0,0
BRDA:308,23,0,0
BRDA:308,23,1,0
BRDA:308,24,0,0
BRDA:308,24,1,0
BRDA:313,25,0,0
BRDA:313,25,1,0
BRDA:314,26,0,0
BRDA:314,26,1,0
BRDA:318,27,0,0
BRDA:318,27,1,0
BRDA:320,28,0,0
BRDA:320,28,1,0
BRDA:324,29,0,0
BRDA:324,29,1,0
BRDA:334,30,0,0
BRDA:334,30,1,0
BRDA:338,31,0,0
BRDA:338,31,1,0
BRDA:338,31,2,0
BRDA:338,31,3,0
BRDA:350,32,0,0
BRDA:350,32,1,0
BRDA:360,33,0,0
BRDA:360,33,1,0
BRF:73
BRH:0
end_of_record
TN:
SF:src/components/screens/combat/components/feedback/ActionFeedback.tsx
FN:68,getFeedbackColor
FN:90,getGlowColor
FN:119,(anonymous_2)
FN:137,(anonymous_3)
FN:199,(anonymous_4)
FN:206,(anonymous_5)
FN:210,(anonymous_6)
FN:239,(anonymous_7)
FN:249,(anonymous_8)
FN:253,(anonymous_9)
FNF:10
FNH:8
FNDA:13,getFeedbackColor
FNDA:13,getGlowColor
FNDA:13,(anonymous_2)
FNDA:0,(anonymous_3)
FNDA:72,(anonymous_4)
FNDA:42,(anonymous_5)
FNDA:13,(anonymous_6)
FNDA:7,(anonymous_7)
FNDA:7,(anonymous_8)
FNDA:0,(anonymous_9)
DA:26,4
DA:28,4
DA:69,13
DA:71,2
DA:73,5
DA:75,3
DA:77,1
DA:79,1
DA:81,1
DA:83,0
DA:91,13
DA:93,2
DA:95,5
DA:97,3
DA:99,1
DA:101,1
DA:103,1
DA:105,0
DA:119,4
DA:125,13
DA:126,13
DA:129,13
DA:130,13
DA:131,13
DA:132,13
DA:133,13
DA:134,13
DA:137,13
DA:138,0
DA:139,0
DA:140,0
DA:144,13
DA:146,13
DA:147,13
DA:148,13
DA:149,13
DA:150,13
DA:152,13
DA:199,4
DA:206,72
DA:208,72
DA:211,13
DA:239,4
DA:246,7
DA:247,7
DA:249,7
DA:250,7
DA:253,7
DA:254,0
DA:255,0
DA:257,0
DA:259,0
DA:260,0
DA:261,0
DA:262,0
DA:264,0
DA:265,0
DA:268,0
DA:270,0
DA:271,0
DA:274,0
DA:275,0
DA:280,7
DA:282,7
DA:283,7
DA:284,7
DA:285,7
DA:287,7
LF:68
LH:49
BRDA:69,0,0,2
BRDA:69,0,1,5
BRDA:69,0,2,3
BRDA:69,0,3,1
BRDA:69,0,4,1
BRDA:69,0,5,1
BRDA:69,0,6,0
BRDA:91,1,0,2
BRDA:91,1,1,5
BRDA:91,1,2,3
BRDA:91,1,3,1
BRDA:91,1,4,1
BRDA:91,1,5,1
BRDA:91,1,6,0
BRDA:144,2,0,0
BRDA:144,2,1,13
BRDA:147,3,0,13
BRDA:147,3,1,0
BRDA:148,4,0,1
BRDA:148,4,1,12
BRDA:201,5,0,72
BRDA:202,6,0,72
BRDA:203,7,0,72
BRDA:242,8,0,7
BRDA:243,9,0,7
BRDA:257,10,0,0
BRDA:257,10,1,0
BRDA:262,11,0,0
BRDA:262,11,1,0
BRDA:274,12,0,0
BRDA:274,12,1,0
BRDA:274,13,0,0
BRDA:274,13,1,0
BRDA:282,14,0,1
BRDA:282,14,1,6
BRDA:283,15,0,1
BRDA:283,15,1,6
BRF:37
BRH:25
end_of_record
TN:
SF:src/components/screens/combat/components/feedback/DamageNumbers.tsx
FN:45,getDamageColor
FN:60,getGlowColor
FN:83,(anonymous_2)
FN:101,(anonymous_3)
FN:114,(anonymous_4)
FN:152,(anonymous_5)
FN:189,(anonymous_6)
FN:196,(anonymous_7)
FN:200,(anonymous_8)
FN:219,(anonymous_9)
FNF:10
FNH:8
FNDA:27,getDamageColor
FNDA:54,getGlowColor
FNDA:27,(anonymous_2)
FNDA:0,(anonymous_3)
FNDA:27,(anonymous_4)
FNDA:0,(anonymous_5)
FNDA:44,(anonymous_6)
FNDA:44,(anonymous_7)
FNDA:27,(anonymous_8)
FNDA:30,(anonymous_9)
DA:46,27
DA:48,4
DA:50,3
DA:53,20
DA:61,54
DA:63,8
DA:65,6
DA:68,40
DA:83,4
DA:89,27
DA:90,27
DA:93,27
DA:94,27
DA:95,27
DA:96,27
DA:97,27
DA:98,27
DA:101,27
DA:102,0
DA:103,0
DA:104,0
DA:108,27
DA:110,27
DA:111,27
DA:112,27
DA:114,27
DA:115,27
DA:116,23
DA:117,20
DA:119,27
DA:121,27
DA:154,0
DA:155,0
DA:158,0
DA:163,0
DA:171,4
DA:189,4
DA:196,44
DA:198,44
DA:201,27
DA:217,4
DA:221,30
DA:222,0
DA:226,30
DA:227,0
DA:228,0
DA:233,30
DA:244,4
LF:48
LH:38
BRDA:46,0,0,4
BRDA:46,0,1,3
BRDA:46,0,2,20
BRDA:46,0,3,20
BRDA:61,1,0,8
BRDA:61,1,1,6
BRDA:61,1,2,40
BRDA:61,1,3,40
BRDA:108,2,0,0
BRDA:108,2,1,27
BRDA:112,3,0,2
BRDA:112,3,1,25
BRDA:115,4,0,4
BRDA:115,4,1,23
BRDA:116,5,0,3
BRDA:116,5,1,20
BRDA:147,6,0,27
BRDA:147,6,1,4
BRDA:148,7,0,27
BRDA:148,7,1,3
BRDA:158,8,0,0
BRDA:158,8,1,0
BRDA:158,8,2,0
BRDA:158,8,3,0
BRDA:164,9,0,0
BRDA:164,9,1,0
BRDA:164,9,2,0
BRDA:164,9,3,0
BRDA:191,10,0,44
BRDA:192,11,0,44
BRDA:193,12,0,44
BRDA:221,13,0,0
BRDA:221,13,1,30
BRDA:227,14,0,0
BRDA:227,14,1,0
BRDA:234,15,0,30
BRDA:234,15,1,30
BRDA:234,15,2,30
BRDA:234,15,3,30
BRDA:234,15,4,30
BRDA:234,15,5,30
BRF:41
BRH:29
end_of_record
TN:
SF:src/components/screens/combat/components/feedback/MatchCountdown.tsx
FN:40,getDisplayText
FN:82,(anonymous_1)
FN:98,(anonymous_2)
FN:106,(anonymous_3)
FN:119,(anonymous_4)
FN:128,(anonymous_5)
FN:135,(anonymous_6)
FN:146,(anonymous_7)
FN:148,(anonymous_8)
FN:152,(anonymous_9)
FN:236,(anonymous_10)
FN:240,(anonymous_11)
FN:244,(anonymous_12)
FN:249,(anonymous_13)
FNF:14
FNH:9
FNDA:10,getDisplayText
FNDA:10,(anonymous_1)
FNDA:10,(anonymous_2)
FNDA:10,(anonymous_3)
FNDA:0,(anonymous_4)
FNDA:10,(anonymous_5)
FNDA:10,(anonymous_6)
FNDA:10,(anonymous_7)
FNDA:10,(anonymous_8)
FNDA:10,(anonymous_9)
FNDA:0,(anonymous_10)
FNDA:0,(anonymous_11)
FNDA:0,(anonymous_12)
FNDA:0,(anonymous_13)
DA:47,10
DA:49,8
DA:51,1
DA:53,1
DA:55,0
DA:75,3
DA:82,3
DA:88,10
DA:91,10
DA:95,10
DA:98,10
DA:99,10
DA:100,10
DA:101,10
DA:106,10
DA:107,10
DA:109,10
DA:111,1
DA:112,9
DA:114,1
DA:119,10
DA:120,0
DA:121,0
DA:125,10
DA:128,10
DA:129,10
DA:130,1
DA:132,9
DA:135,10
DA:136,10
DA:137,1
DA:139,9
DA:142,10
DA:143,10
DA:146,10
DA:147,10
DA:148,10
DA:151,10
DA:152,10
DA:157,10
DA:158,1
DA:161,9
DA:237,0
DA:238,0
DA:241,0
DA:242,0
DA:245,0
DA:246,0
DA:247,0
DA:250,0
DA:251,0
DA:252,0
LF:52
LH:39
BRDA:47,0,0,8
BRDA:47,0,1,1
BRDA:47,0,2,1
BRDA:47,0,3,0
BRDA:86,1,0,10
BRDA:99,2,0,10
BRDA:99,2,1,0
BRDA:107,3,0,0
BRDA:107,3,1,10
BRDA:109,4,0,1
BRDA:109,4,1,9
BRDA:109,5,0,10
BRDA:109,5,1,1
BRDA:112,6,0,1
BRDA:112,6,1,8
BRDA:129,7,0,1
BRDA:129,7,1,9
BRDA:130,8,0,0
BRDA:130,8,1,1
BRDA:132,9,0,1
BRDA:132,9,1,8
BRDA:136,10,0,1
BRDA:136,10,1,9
BRDA:137,11,0,0
BRDA:137,11,1,1
BRDA:139,12,0,1
BRDA:139,12,1,8
BRDA:157,13,0,1
BRDA:157,13,1,9
BRDA:157,14,0,10
BRDA:157,14,1,9
BRDA:178,15,0,1
BRDA:178,15,1,8
BRDA:180,16,0,7
BRDA:180,16,1,2
BRDA:187,17,0,1
BRDA:187,17,1,8
BRDA:189,18,0,1
BRDA:189,18,1,8
BRDA:190,19,0,1
BRDA:190,19,1,8
BRDA:193,20,0,7
BRDA:193,20,1,2
BRDA:195,21,0,1
BRDA:195,21,1,1
BRDA:197,22,0,1
BRDA:197,22,1,0
BRDA:217,23,0,10
BRDA:217,23,1,1
BRDA:217,23,2,1
BRDA:224,24,0,0
BRDA:224,24,1,1
BRDA:225,25,0,0
BRDA:225,25,1,1
BRDA:226,26,0,0
BRDA:226,26,1,1
BRF:56
BRH:47
end_of_record
TN:
SF:src/components/screens/combat/components/feedback/RoundAnnouncement.tsx
FN:77,(anonymous_0)
FN:94,(anonymous_1)
FN:99,(anonymous_2)
FN:104,(anonymous_3)
FN:106,(anonymous_4)
FN:107,(anonymous_5)
FN:111,(anonymous_6)
FN:120,(anonymous_7)
FN:121,(anonymous_8)
FN:130,(anonymous_9)
FN:134,(anonymous_10)
FN:142,(anonymous_11)
FN:146,(anonymous_12)
FN:150,(anonymous_13)
FN:156,(anonymous_14)
FNF:15
FNH:15
FNDA:19,(anonymous_0)
FNDA:13,(anonymous_1)
FNDA:1,(anonymous_2)
FNDA:13,(anonymous_3)
FNDA:3,(anonymous_4)
FNDA:13,(anonymous_5)
FNDA:16,(anonymous_6)
FNDA:3,(anonymous_7)
FNDA:3,(anonymous_8)
FNDA:15,(anonymous_9)
FNDA:13,(anonymous_10)
FNDA:13,(anonymous_11)
FNDA:13,(anonymous_12)
FNDA:13,(anonymous_13)
FNDA:16,(anonymous_14)
DA:77,3
DA:88,19
DA:89,19
DA:90,19
DA:93,19
DA:94,19
DA:95,13
DA:99,19
DA:100,1
DA:104,19
DA:106,13
DA:107,13
DA:111,19
DA:112,16
DA:113,1
DA:114,1
DA:115,1
DA:117,1
DA:120,15
DA:121,3
DA:122,3
DA:124,1
DA:126,2
DA:130,15
DA:134,19
DA:135,13
DA:136,13
DA:137,13
DA:141,19
DA:142,13
DA:145,19
DA:146,13
DA:149,19
DA:150,13
DA:155,19
DA:156,16
DA:174,19
LF:37
LH:37
BRDA:85,0,0,19
BRDA:86,1,0,19
BRDA:112,2,0,1
BRDA:112,2,1,15
BRDA:113,3,0,1
BRDA:113,3,1,0
BRDA:122,4,0,1
BRDA:122,4,1,2
BRDA:168,5,0,3
BRDA:168,5,1,13
BRDA:177,6,0,19
BRDA:177,6,1,19
BRDA:180,7,0,1
BRDA:180,7,1,18
BRDA:184,8,0,1
BRDA:184,8,1,18
BRDA:197,9,0,1
BRDA:197,9,1,18
BRDA:201,10,0,1
BRDA:201,10,1,18
BRDA:213,11,0,19
BRDA:213,11,1,18
BRDA:216,12,0,1
BRDA:216,12,1,17
BRDA:219,13,0,1
BRDA:219,13,1,17
BRDA:232,14,0,1
BRDA:232,14,1,18
BRDA:233,15,0,1
BRDA:233,15,1,18
BRDA:234,16,0,1
BRDA:234,16,1,18
BRDA:242,17,0,1
BRDA:242,17,1,18
BRDA:255,18,0,1
BRDA:255,18,1,18
BRDA:267,19,0,19
BRDA:267,19,1,1
BRDA:271,20,0,0
BRDA:271,20,1,1
BRDA:272,21,0,0
BRDA:272,21,1,1
BRDA:273,22,0,0
BRDA:273,22,1,1
BRDA:274,23,0,0
BRDA:274,23,1,1
BRDA:293,24,0,1
BRDA:293,24,1,18
BRDA:296,25,0,1
BRDA:296,25,1,18
BRDA:313,26,0,1
BRDA:313,26,1,18
BRDA:314,27,0,1
BRDA:314,27,1,18
BRF:54
BRH:49
end_of_record
TN:
SF:src/components/screens/combat/components/feedback/RoundStartAnnouncement.tsx
FN:50,(anonymous_0)
FN:62,(anonymous_1)
FN:67,(anonymous_2)
FN:72,(anonymous_3)
FN:73,(anonymous_4)
FN:74,(anonymous_5)
FN:78,(anonymous_6)
FN:85,(anonymous_7)
FN:89,(anonymous_8)
FN:91,(anonymous_9)
FN:98,(anonymous_10)
FN:108,(anonymous_11)
FN:110,(anonymous_12)
FNF:13
FNH:13
FNDA:10,(anonymous_0)
FNDA:10,(anonymous_1)
FNDA:2,(anonymous_2)
FNDA:10,(anonymous_3)
FNDA:2,(anonymous_4)
FNDA:10,(anonymous_5)
FNDA:10,(anonymous_6)
FNDA:10,(anonymous_7)
FNDA:2,(anonymous_8)
FNDA:2,(anonymous_9)
FNDA:10,(anonymous_10)
FNDA:10,(anonymous_11)
FNDA:10,(anonymous_12)
DA:50,3
DA:56,10
DA:57,10
DA:61,10
DA:62,10
DA:63,10
DA:67,10
DA:68,2
DA:72,10
DA:73,10
DA:74,10
DA:78,10
DA:79,10
DA:80,10
DA:85,10
DA:86,10
DA:87,10
DA:89,10
DA:90,2
DA:91,2
DA:92,2
DA:93,2
DA:98,10
DA:99,10
DA:100,10
DA:101,10
DA:102,2
DA:108,10
DA:109,10
DA:110,10
DA:114,10
LF:31
LH:31
BRDA:52,0,0,10
BRDA:79,1,0,10
BRDA:79,1,1,0
BRDA:92,2,0,2
BRDA:92,2,1,0
BRDA:101,3,0,2
BRDA:101,3,1,8
BRDA:132,4,0,0
BRDA:132,4,1,10
BRDA:139,5,0,1
BRDA:139,5,1,9
BRDA:154,6,0,1
BRDA:154,6,1,9
BRF:13
BRH:10
end_of_record
TN:
SF:src/components/screens/combat/components/hud/CombatHUDThree.tsx
FN:46,(anonymous_0)
FN:59,(anonymous_1)
FN:63,(anonymous_2)
FN:69,(anonymous_3)
FN:74,(anonymous_4)
FN:79,(anonymous_5)
FN:87,(anonymous_6)
FN:95,(anonymous_7)
FN:103,(anonymous_8)
FN:111,(anonymous_9)
FN:119,(anonymous_10)
FN:309,(anonymous_11)
FNF:12
FNH:11
FNDA:34,(anonymous_0)
FNDA:34,(anonymous_1)
FNDA:34,(anonymous_2)
FNDA:34,(anonymous_3)
FNDA:34,(anonymous_4)
FNDA:34,(anonymous_5)
FNDA:34,(anonymous_6)
FNDA:34,(anonymous_7)
FNDA:34,(anonymous_8)
FNDA:34,(anonymous_9)
FNDA:34,(anonymous_10)
FNDA:0,(anonymous_11)
DA:46,3
DA:58,34
DA:59,34
DA:62,34
DA:63,34
DA:68,34
DA:69,34
DA:73,34
DA:74,34
DA:78,34
DA:79,34
DA:83,34
DA:86,34
DA:87,34
DA:94,34
DA:95,34
DA:102,34
DA:104,34
DA:110,34
DA:111,34
DA:118,34
DA:119,34
DA:126,34
DA:307,3
DA:311,0
DA:312,0
DA:313,0
DA:314,0
DA:315,0
DA:316,0
DA:317,0
DA:319,0
DA:322,0
DA:323,0
DA:324,0
DA:325,0
DA:326,0
DA:327,0
DA:328,0
DA:330,0
DA:334,0
DA:335,0
DA:336,0
DA:338,0
DA:340,0
DA:341,0
DA:345,0
DA:350,0
DA:378,3
LF:49
LH:25
BRDA:52,0,0,34
BRDA:53,1,0,34
BRDA:54,2,0,34
BRDA:55,3,0,34
BRDA:104,4,0,2
BRDA:104,4,1,32
BRDA:287,5,0,34
BRDA:287,5,1,2
BRDA:319,6,0,0
BRDA:319,6,1,0
BRDA:330,7,0,0
BRDA:330,7,1,0
BRDA:338,8,0,0
BRDA:338,8,1,0
BRDA:345,9,0,0
BRDA:345,9,1,0
BRDA:345,9,2,0
BRDA:351,10,0,0
BRDA:351,10,1,0
BRDA:351,10,2,0
BRDA:351,10,3,0
BRDA:351,10,4,0
BRDA:351,10,5,0
BRDA:351,10,6,0
BRDA:351,10,7,0
BRDA:351,10,8,0
BRDA:351,10,9,0
BRDA:351,10,10,0
BRDA:351,10,11,0
BRDA:351,10,12,0
BRDA:351,10,13,0
BRDA:351,10,14,0
BRDA:351,10,15,0
BRDA:351,10,16,0
BRDA:351,10,17,0
BRDA:351,10,18,0
BRDA:351,10,19,0
BRDA:351,10,20,0
BRDA:351,10,21,0
BRDA:351,10,22,0
BRF:40
BRH:8
end_of_record
TN:
SF:src/components/screens/combat/components/hud/CombatReadinessBar.tsx
FN:52,(anonymous_0)
FN:59,(anonymous_1)
FN:123,(anonymous_2)
FNF:3
FNH:3
FNDA:129,(anonymous_0)
FNDA:127,(anonymous_1)
FNDA:1260,(anonymous_2)
DA:52,4
DA:58,129
DA:59,127
DA:63,129
DA:64,129
DA:65,129
DA:66,129
DA:67,129
DA:70,129
DA:71,129
DA:72,129
DA:73,129
DA:76,129
DA:78,129
DA:124,1260
LF:15
LH:15
BRDA:70,0,0,65
BRDA:70,0,1,61
BRDA:71,1,0,65
BRDA:71,1,1,61
BRDA:72,2,0,65
BRDA:72,2,1,61
BRDA:73,3,0,65
BRDA:73,3,1,61
BRDA:120,4,0,3
BRDA:120,4,1,123
BRDA:130,5,0,1184
BRDA:130,5,1,76
BRDA:136,6,0,1184
BRDA:136,6,1,76
BRDA:156,7,0,89
BRDA:156,7,1,37
BRF:16
BRH:16
end_of_record
TN:
SF:src/components/screens/combat/components/hud/CombatTimer.tsx
FN:24,(anonymous_0)
FN:68,getTimerColor
FN:111,(anonymous_2)
FN:119,(anonymous_3)
FN:125,(anonymous_4)
FN:129,(anonymous_5)
FN:134,(anonymous_6)
FNF:7
FNH:7
FNDA:44,(anonymous_0)
FNDA:49,getTimerColor
FNDA:49,(anonymous_2)
FNDA:44,(anonymous_3)
FNDA:47,(anonymous_4)
FNDA:44,(anonymous_5)
FNDA:47,(anonymous_6)
DA:22,3
DA:24,3
DA:26,44
DA:28,2
DA:29,2
DA:30,2
DA:46,2
DA:72,49
DA:73,2
DA:75,47
DA:77,4
DA:79,4
DA:82,39
DA:111,3
DA:119,49
DA:120,44
DA:124,49
DA:125,49
DA:128,49
DA:129,44
DA:134,49
DA:135,47
DA:136,45
DA:137,45
DA:138,42
DA:139,42
DA:140,38
DA:144,49
DA:147,49
DA:148,49
DA:151,49
DA:153,49
LF:32
LH:32
BRDA:26,0,0,42
BRDA:26,0,1,2
BRDA:72,1,0,2
BRDA:72,1,1,47
BRDA:75,2,0,47
BRDA:75,2,1,4
BRDA:75,2,2,39
BRDA:75,2,3,39
BRDA:116,3,0,49
BRDA:135,4,0,2
BRDA:135,4,1,45
BRDA:136,5,0,3
BRDA:136,5,1,42
BRDA:138,6,0,4
BRDA:138,6,1,38
BRDA:144,7,0,49
BRDA:144,7,1,43
BRDA:147,8,0,31
BRDA:147,8,1,18
BRDA:148,9,0,31
BRDA:148,9,1,18
BRDA:151,10,0,2
BRDA:151,10,1,47
BRDA:162,11,0,31
BRDA:162,11,1,18
BRDA:169,12,0,31
BRDA:169,12,1,18
BRDA:170,13,0,31
BRDA:170,13,1,18
BRDA:172,14,0,31
BRDA:172,14,1,18
BRDA:175,15,0,31
BRDA:175,15,1,18
BRDA:176,16,0,6
BRDA:176,16,1,43
BRDA:180,17,0,31
BRDA:180,17,1,18
BRDA:182,18,0,31
BRDA:182,18,1,18
BRDA:187,19,0,49
BRDA:187,19,1,47
BRF:41
BRH:41
end_of_record
TN:
SF:src/components/screens/combat/components/hud/DifficultyIndicator.tsx
FN:27,getTierName
FN:48,getTierColorValue
FN:71,(anonymous_2)
FNF:3
FNH:3
FNDA:70,getTierName
FNDA:70,getTierColorValue
FNDA:70,(anonymous_2)
DA:28,70
DA:30,62
DA:32,1
DA:34,4
DA:36,1
DA:38,2
DA:40,0
DA:49,70
DA:51,62
DA:53,1
DA:55,4
DA:57,1
DA:59,2
DA:61,0
DA:71,3
DA:75,70
DA:76,70
DA:77,70
DA:80,70
DA:81,70
DA:88,70
DA:90,70
LF:22
LH:20
BRDA:28,0,0,62
BRDA:28,0,1,1
BRDA:28,0,2,4
BRDA:28,0,3,1
BRDA:28,0,4,2
BRDA:28,0,5,0
BRDA:49,1,0,62
BRDA:49,1,1,1
BRDA:49,1,2,4
BRDA:49,1,3,1
BRDA:49,1,4,2
BRDA:49,1,5,0
BRDA:80,2,0,61
BRDA:80,2,1,9
BRDA:81,3,0,61
BRDA:81,3,1,9
BRDA:88,4,0,61
BRDA:88,4,1,9
BRDA:96,5,0,61
BRDA:96,5,1,9
BRDA:118,6,0,61
BRDA:118,6,1,9
BRF:22
BRH:20
end_of_record
TN:
SF:src/components/screens/combat/components/hud/FPSMonitor.tsx
FN:52,(anonymous_0)
FN:67,(anonymous_1)
FN:72,(anonymous_2)
FN:99,(anonymous_3)
FN:109,(anonymous_4)
FN:123,(anonymous_5)
FNF:6
FNH:0
FNDA:0,(anonymous_0)
FNDA:0,(anonymous_1)
FNDA:0,(anonymous_2)
FNDA:0,(anonymous_3)
FNDA:0,(anonymous_4)
FNDA:0,(anonymous_5)
DA:52,3
DA:60,0
DA:61,0
DA:62,0
DA:63,0
DA:64,0
DA:67,0
DA:68,0
DA:69,0
DA:72,0
DA:74,0
DA:76,0
DA:77,0
DA:78,0
DA:81,0
DA:82,0
DA:83,0
DA:86,0
DA:87,0
DA:88,0
DA:89,0
DA:90,0
DA:94,0
DA:95,0
DA:99,0
DA:100,0
DA:101,0
DA:109,0
DA:111,0
DA:112,0
DA:113,0
DA:114,0
DA:115,0
DA:116,0
DA:118,0
DA:120,0
DA:123,0
DA:124,0
DA:125,0
DA:126,0
DA:127,0
DA:130,0
DA:131,0
DA:134,0
LF:44
LH:1
BRDA:53,0,0,0
BRDA:54,1,0,0
BRDA:55,2,0,0
BRDA:57,3,0,0
BRDA:58,4,0,0
BRDA:74,5,0,0
BRDA:74,5,1,0
BRDA:81,6,0,0
BRDA:81,6,1,0
BRDA:86,7,0,0
BRDA:86,7,1,0
BRDA:86,8,0,0
BRDA:86,8,1,0
BRDA:88,9,0,0
BRDA:88,9,1,0
BRDA:100,10,0,0
BRDA:100,10,1,0
BRDA:111,11,0,0
BRDA:111,11,1,0
BRDA:113,12,0,0
BRDA:113,12,1,0
BRDA:115,13,0,0
BRDA:115,13,1,0
BRDA:124,14,0,0
BRDA:124,14,1,0
BRDA:125,15,0,0
BRDA:125,15,1,0
BRDA:126,16,0,0
BRDA:126,16,1,0
BRDA:130,17,0,0
BRDA:130,17,1,0
BRF:31
BRH:0
end_of_record
TN:
SF:src/components/screens/combat/components/hud/MobileControlsWrapper.tsx
FN:73,(anonymous_0)
FNF:1
FNH:1
FNDA:67,(anonymous_0)
DA:73,3
DA:84,67
LF:2
LH:2
BRF:0
BRH:0
end_of_record
TN:
SF:src/components/screens/combat/components/hud/PlayerHUD.tsx
FN:50,(anonymous_0)
FN:54,(anonymous_1)
FN:66,(anonymous_2)
FN:79,(anonymous_3)
FN:103,(anonymous_4)
FN:113,(anonymous_5)
FN:122,(anonymous_6)
FN:130,(anonymous_7)
FN:143,(anonymous_8)
FN:153,(anonymous_9)
FN:169,(anonymous_10)
FN:185,(anonymous_11)
FN:204,(anonymous_12)
FN:293,(anonymous_13)
FN:309,(anonymous_14)
FNF:15
FNH:13
FNDA:69,(anonymous_0)
FNDA:68,(anonymous_1)
FNDA:68,(anonymous_2)
FNDA:68,(anonymous_3)
FNDA:95,(anonymous_4)
FNDA:92,(anonymous_5)
FNDA:92,(anonymous_6)
FNDA:92,(anonymous_7)
FNDA:92,(anonymous_8)
FNDA:92,(anonymous_9)
FNDA:92,(anonymous_10)
FNDA:92,(anonymous_11)
FNDA:0,(anonymous_12)
FNDA:63,(anonymous_13)
FNDA:0,(anonymous_14)
DA:50,3
DA:51,69
DA:53,69
DA:54,68
DA:65,69
DA:66,68
DA:78,69
DA:79,68
DA:86,69
DA:97,3
DA:103,3
DA:109,95
DA:110,95
DA:113,95
DA:122,95
DA:123,92
DA:125,92
DA:126,92
DA:130,95
DA:143,95
DA:144,92
[...]
DA:146,60
DA:153,60
DA:154,0
DA:158,60
DA:160,0
DA:162,0
DA:163,0
DA:166,0
DA:169,0
DA:170,0
DA:171,0
DA:174,0
DA:175,0
DA:176,0
DA:179,0
DA:180,0
DA:181,0
DA:184,0
DA:185,0
DA:186,0
DA:192,60
DA:194,0
DA:196,0
DA:197,0
DA:200,0
DA:203,0
DA:204,0
DA:207,0
DA:208,0
DA:211,0
DA:212,0
DA:215,0
DA:216,0
DA:224,60
DA:226,60
DA:227,0
DA:228,0
DA:229,0
DA:232,0
DA:233,0
DA:234,0
DA:236,0
DA:237,0
DA:238,0
DA:240,0
DA:244,0
DA:246,0
DA:247,0
DA:249,0
DA:250,0
DA:256,0
DA:257,0
DA:259,0
DA:268,0
DA:269,0
DA:270,0
DA:273,0
DA:274,0
DA:277,0
DA:278,0
DA:281,0
DA:282,0
DA:283,0
DA:285,0
DA:286,0
DA:289,0
DA:292,0
DA:293,0
DA:295,0
DA:296,0
DA:297,0
DA:301,0
DA:302,0
DA:305,0
DA:306,0
DA:309,0
DA:310,0
DA:315,0
DA:316,0
DA:317,0
DA:320,0
DA:340,60
DA:341,60
DA:345,60
DA:346,59
DA:348,29
DA:349,29
DA:351,29
DA:352,29
DA:353,29
DA:354,29
DA:355,0
DA:361,60
DA:362,60
DA:363,0
DA:364,0
DA:365,60
DA:366,0
DA:367,0
DA:370,60
DA:371,60
DA:372,0
DA:373,0
DA:378,60
DA:407,0
DA:408,0
DA:411,0
DA:415,0
DA:416,0
DA:420,0
DA:422,0
DA:423,0
DA:424,0
DA:428,0
DA:430,0
DA:431,0
DA:432,0
DA:436,0
DA:437,0
DA:439,0
DA:440,0
DA:441,0
DA:446,0
DA:448,0
DA:449,0
DA:450,0
DA:451,0
DA:452,0
DA:453,0
DA:457,0
DA:462,0
DA:466,0
DA:470,0
DA:474,0
DA:478,0
DA:479,0
DA:480,0
DA:485,0
DA:486,0
DA:487,0
DA:495,0
DA:497,0
DA:498,0
DA:501,0
DA:508,0
DA:509,0
DA:512,0
DA:513,0
DA:514,0
DA:521,0
DA:523,0
DA:528,0
DA:533,0
DA:541,0
DA:543,0
DA:544,0
DA:545,0
DA:547,0
DA:548,0
DA:549,0
DA:553,0
DA:554,0
DA:557,0
DA:559,0
DA:562,0
LF:182
LH:39
BRDA:64,0,0,0
BRDA:64,0,1,60
BRDA:64,1,0,60
BRDA:64,1,1,60
BRDA:67,2,0,0
BRDA:67,2,1,0
BRDA:81,3,0,60
BRDA:84,4,0,60
BRDA:85,5,0,60
BRDA:86,6,0,60
BRDA:87,7,0,60
BRDA:88,8,0,60
BRDA:120,9,0,30
BRDA:120,9,1,0
BRDA:129,10,0,30
BRDA:129,10,1,0
BRDA:143,11,0,60
BRDA:143,11,1,60
BRDA:143,11,2,60
BRDA:143,11,3,60
BRDA:160,12,0,0
BRDA:160,12,1,0
BRDA:166,13,0,0
BRDA:166,13,1,0
BRDA:166,13,2,0
BRDA:166,13,3,0
BRDA:166,13,4,0
BRDA:166,13,5,0
BRDA:166,13,6,0
BRDA:166,13,7,0
BRDA:194,14,0,0
BRDA:194,14,1,0
BRDA:200,15,0,0
BRDA:200,15,1,0
BRDA:200,15,2,0
BRDA:200,15,3,0
BRDA:200,15,4,0
BRDA:200,15,5,0
BRDA:200,15,6,0
BRDA:200,15,7,0
BRDA:227,16,0,0
BRDA:227,16,1,0
BRDA:227,17,0,0
BRDA:227,17,1,0
BRDA:233,18,0,0
BRDA:233,18,1,0
BRDA:236,19,0,0
BRDA:236,19,1,0
BRDA:244,20,0,0
BRDA:244,20,1,0
BRDA:244,21,0,0
BRDA:244,21,1,0
BRDA:246,22,0,0
BRDA:246,22,1,0
BRDA:249,23,0,0
BRDA:249,23,1,0
BRDA:256,24,0,0
BRDA:256,24,1,0
BRDA:256,25,0,0
BRDA:256,25,1,0
BRDA:257,26,0,0
BRDA:257,26,1,0
BRDA:257,27,0,0
BRDA:257,27,1,0
BRDA:263,28,0,0
BRDA:263,28,1,0
BRDA:281,29,0,0
BRDA:281,29,1,0
BRDA:295,30,0,0
BRDA:295,30,1,0
BRDA:295,31,0,0
BRDA:295,31,1,0
BRDA:302,32,0,0
BRDA:302,32,1,0
BRDA:302,32,2,0
BRDA:305,33,0,0
BRDA:305,33,1,0
BRDA:309,34,0,0
BRDA:309,34,1,0
BRDA:309,35,0,0
BRDA:309,35,1,0
BRDA:315,36,0,0
BRDA:315,36,1,0
BRDA:346,37,0,30
BRDA:346,37,1,29
BRDA:354,38,0,0
BRDA:354,38,1,29
BRDA:362,39,0,0
BRDA:362,39,1,60
BRDA:362,40,0,60
BRDA:362,40,1,0
BRDA:365,41,0,0
BRDA:365,41,1,60
BRDA:365,42,0,60
BRDA:365,42,1,60
BRDA:371,43,0,0
BRDA:371,43,1,60
BRDA:420,44,0,0
BRDA:420,44,1,0
BRDA:428,45,0,0
BRDA:428,45,1,0
BRDA:436,46,0,0
BRDA:436,46,1,0
BRDA:440,47,0,0
BRDA:440,47,1,0
BRDA:446,48,0,0
BRDA:446,48,1,0
BRDA:448,49,0,0
BRDA:448,49,1,0
BRDA:450,50,0,0
BRDA:450,50,1,0
BRDA:452,51,0,0
BRDA:452,51,1,0
BRDA:479,52,0,0
BRDA:479,52,1,0
BRDA:497,53,0,0
BRDA:497,53,1,0
BRDA:513,54,0,0
BRDA:513,54,1,0
BRDA:521,55,0,0
BRDA:521,55,1,0
BRDA:521,55,2,0
BRDA:545,56,0,0
BRDA:545,56,1,0
BRDA:548,57,0,0
BRDA:548,57,1,0
BRF:126
BRH:24
end_of_record
TN:
SF:src/utils/math.ts
FN:34,calculateDistance3D
FN:64,calculateDistance3DSquared
FNF:2
FNH:0
FNDA:0,calculateDistance3D
FNDA:0,calculateDistance3DSquared
DA:38,0
DA:39,0
DA:40,0
DA:41,0
DA:68,0
DA:69,0
DA:70,0
DA:71,0
LF:8
LH:0
BRF:0
BRH:0
end_of_record
TN:
SF:src/utils/mobileLayoutHelpers.ts
FN:34,calculateMobileAreaBounds
FNF:1
FNH:1
FNDA:59,calculateMobileAreaBounds
DA:48,59
DA:49,59
DA:58,59
DA:59,5
DA:60,54
DA:61,37
DA:62,17
DA:63,2
DA:65,15
DA:68,59
DA:71,59
DA:72,59
DA:73,59
DA:76,59
DA:77,0
DA:78,0
DA:82,59
DA:83,59
DA:86,59
DA:87,59
DA:89,59
LF:21
LH:19
BRDA:58,0,0,5
BRDA:58,0,1,54
BRDA:60,1,0,37
BRDA:60,1,1,17
BRDA:62,2,0,2
BRDA:62,2,1,15
BRDA:76,3,0,0
BRDA:76,3,1,59
BRF:8
BRH:7
end_of_record
TN:
SF:src/utils/objectPool.ts
FN:61,(anonymous_0)
FN:72,(anonymous_1)
FN:85,(anonymous_2)
FN:94,(anonymous_3)
FN:101,(anonymous_4)
FN:108,(anonymous_5)
FN:119,prewarmPool
FN:124,(anonymous_7)
FNF:8
FNH:8
FNDA:13,(anonymous_0)
FNDA:115,(anonymous_1)
FNDA:111,(anonymous_2)
FNDA:1,(anonymous_3)
FNDA:13,(anonymous_4)
FNDA:1,(anonymous_5)
FNDA:3,prewarmPool
FNDA:90,(anonymous_7)
DA:51,13
DA:62,13
DA:63,13
DA:73,115
DA:74,115
DA:75,13
DA:77,102
DA:86,111
DA:87,100
DA:95,1
DA:102,13
DA:109,1
DA:120,3
DA:121,3
DA:122,90
DA:124,90
LF:16
LH:16
BRDA:61,0,0,13
BRDA:74,1,0,13
BRDA:74,1,1,102
BRDA:86,2,0,100
BRDA:86,2,1,11
BRF:5
BRH:5
end_of_record
TN:
SF:src/utils/performanceOptimization.ts
FN:25,shallowCompare
FN:58,memoizeComponent
FN:66,(anonymous_2)
FN:116,createGPUAcceleratedTransition
FN:122,(anonymous_4)
FN:132,withGPUAcceleration
FN:151,optimizedAnimationStyle
FN:173,measureRender
FN:206,useRenderCount
FN:233,batchUpdates
FN:234,(anonymous_10)
FN:235,(anonymous_11)
FN:252,hasPropsChanged
FN:272,useStableCallback
FN:278,(anonymous_14)
FN:284,(anonymous_15)
FNF:16
FNH:10
FNDA:6,shallowCompare
FNDA:2,memoizeComponent
FNDA:0,(anonymous_2)
FNDA:5,createGPUAcceleratedTransition
FNDA:8,(anonymous_4)
FNDA:30,withGPUAcceleration
FNDA:2,optimizedAnimationStyle
FNDA:0,measureRender
FNDA:0,useRenderCount
FNDA:0,batchUpdates
FNDA:0,(anonymous_10)
FNDA:0,(anonymous_11)
FNDA:5,hasPropsChanged
FNDA:5,useStableCallback
FNDA:5,(anonymous_14)
FNDA:3,(anonymous_15)
DA:29,6
DA:30,6
DA:32,6
DA:33,1
DA:36,5
DA:37,6
DA:38,2
DA:42,3
DA:62,2
DA:63,1
DA:66,1
DA:67,0
DA:68,0
DA:69,0
DA:72,0
DA:80,5
DA:121,5
DA:122,8
DA:135,30
DA:157,2
DA:177,0
DA:178,0
DA:179,0
DA:180,0
DA:181,0
DA:183,0
DA:184,0
DA:189,0
DA:192,0
DA:209,0
DA:210,0
DA:212,0
DA:234,0
DA:235,0
DA:257,5
DA:258,6
DA:259,2
DA:262,3
DA:275,5
DA:278,5
DA:279,5
DA:283,5
DA:284,3
DA:288,5
LF:44
LH:26
BRDA:32,0,0,1
BRDA:32,0,1,5
BRDA:37,1,0,2
BRDA:37,1,1,4
BRDA:62,2,0,1
BRDA:62,2,1,1
BRDA:62,3,0,2
BRDA:62,3,1,1
BRDA:68,4,0,0
BRDA:68,4,1,0
BRDA:117,5,0,5
BRDA:118,6,0,5
BRDA:119,7,0,5
BRDA:152,8,0,2
BRDA:153,9,0,2
BRDA:154,10,0,2
BRDA:155,11,0,2
BRDA:177,12,0,0
BRDA:177,12,1,0
BRDA:183,13,0,0
BRDA:183,13,1,0
BRDA:209,14,0,0
BRDA:209,14,1,0
BRDA:258,15,0,2
BRDA:258,15,1,4
BRF:25
BRH:17
end_of_record
TN:
SF:src/utils/player3DHelpers.ts
FN:102,animationStateToPlayerAnimation
FN:115,getBalanceState
FN:129,getPlayerAnimation
FN:176,convertPlayerStateToProps
FNF:4
FNH:4
FNDA:142,animationStateToPlayerAnimation
FNDA:2004,getBalanceState
FNDA:154,getPlayerAnimation
FNDA:147,convertPlayerStateToProps
DA:29,5
DA:105,142
DA:116,2004
DA:117,61
DA:118,54
DA:119,52
DA:130,154
DA:131,153
DA:132,151
DA:135,150
DA:137,2
DA:139,1
DA:141,0
DA:143,1
DA:146,146
DA:194,147
LF:16
LH:15
BRDA:116,0,0,1943
BRDA:116,0,1,61
BRDA:117,1,0,7
BRDA:117,1,1,54
BRDA:118,2,0,2
BRDA:118,2,1,52
BRDA:130,3,0,1
BRDA:130,3,1,153
BRDA:131,4,0,2
BRDA:131,4,1,151
BRDA:132,5,0,1
BRDA:132,5,1,150
BRDA:135,6,0,150
BRDA:135,6,1,1
BRDA:135,6,2,0
BRDA:135,6,3,1
BRDA:135,6,4,146
BRDA:135,6,5,146
BRDA:180,7,0,147
BRDA:222,8,0,147
BRDA:222,8,1,4
BRDA:223,9,0,147
BRDA:223,9,1,4
BRDA:224,10,0,147
BRDA:224,10,1,146
BRDA:231,11,0,147
BRDA:231,11,1,5
BRDA:232,12,0,147
BRDA:232,12,1,5
BRF:29
BRH:28
end_of_record
TN:
SF:src/utils/playerUtils.ts
FN:54,createPlayerFromArchetype
FN:126,updatePlayerState
FN:154,applyDamage
FN:174,applyStatusEffect
FN:179,(anonymous_4)
FN:201,getVitalPointByOnPlayerId
FN:210,(anonymous_6)
FN:216,canPlayerAct
FN:227,getStanceEffectiveness
FN:238,hasEnoughResources
FN:249,getArchetypeBonuses
FN:267,calculateCombatEffectiveness
FN:281,updateStatusEffects
FN:286,(anonymous_13)
FN:291,(anonymous_14)
FN:298,resetPlayerState
FN:311,getArchetypeAssets
FN:360,initializeBodyFacing
FNF:18
FNH:15
FNDA:501,createPlayerFromArchetype
FNDA:43,updatePlayerState
FNDA:11,applyDamage
FNDA:7,applyStatusEffect
FNDA:2,(anonymous_4)
FNDA:0,getVitalPointByOnPlayerId
FNDA:0,(anonymous_6)
FNDA:5,canPlayerAct
FNDA:0,getStanceEffectiveness
FNDA:5,hasEnoughResources
FNDA:3,getArchetypeBonuses
FNDA:4,calculateCombatEffectiveness
FNDA:2,updateStatusEffects
FNDA:2,(anonymous_13)
FNDA:1,(anonymous_14)
FNDA:2,resetPlayerState
FNDA:10,getArchetypeAssets
FNDA:9,initializeBodyFacing
DA:25,15
DA:40,15
DA:58,501
DA:60,501
DA:65,501
DA:130,43
DA:159,11
DA:160,11
DA:162,11
DA:178,7
DA:179,2
DA:183,7
DA:185,1
DA:186,1
DA:189,6
DA:192,7
DA:210,0
DA:217,5
DA:218,4
DA:219,3
DA:220,2
DA:221,2
DA:232,0
DA:243,5
DA:255,3
DA:256,3
DA:268,4
DA:269,4
DA:270,4
DA:271,4
DA:273,4
DA:285,2
DA:286,2
DA:289,2
DA:291,1
DA:302,2
DA:320,10
DA:321,10
DA:323,10
DA:324,0
DA:325,0
DA:336,10
DA:365,9
DA:367,9
LF:44
LH:40
BRDA:61,0,0,362
BRDA:61,0,1,139
BRDA:136,1,0,43
BRDA:136,1,1,23
BRDA:138,2,0,43
BRDA:138,2,1,37
BRDA:141,3,0,43
BRDA:141,3,1,35
BRDA:145,4,0,43
BRDA:145,4,1,27
BRDA:147,5,0,43
BRDA:147,5,1,39
BRDA:166,6,0,2
BRDA:166,6,1,9
BRDA:167,7,0,2
BRDA:167,7,1,9
BRDA:179,8,0,2
BRDA:179,8,1,1
BRDA:183,9,0,1
BRDA:183,9,1,6
BRDA:183,10,0,7
BRDA:183,10,1,1
BRDA:210,11,0,0
BRDA:210,11,1,0
BRDA:217,12,0,1
BRDA:217,12,1,4
BRDA:218,13,0,1
BRDA:218,13,1,3
BRDA:219,14,0,1
BRDA:219,14,1,2
BRDA:220,15,0,0
BRDA:220,15,1,2
BRDA:243,16,0,5
BRDA:243,16,1,4
BRDA:323,17,0,0
BRDA:323,17,1,10
BRF:36
BRH:32
end_of_record
TN:
SF:src/utils/responsiveLayout.ts
FN:30,isValidTouchTarget
FN:53,calculateFontSize
FN:83,calculateSafePosition
FN:104,calculateHUDHeight
FN:132,calculateControlsHeight
FN:155,calculateSpacing
FN:180,calculateProgressBarSize
FN:208,getStanceSelectorLayout
FNF:8
FNH:8
FNDA:11,isValidTouchTarget
FNDA:8,calculateFontSize
FNDA:8,calculateSafePosition
FNDA:7,calculateHUDHeight
FNDA:4,calculateControlsHeight
FNDA:8,calculateSpacing
FNDA:111,calculateProgressBarSize
FNDA:8,getStanceSelectorLayout
DA:14,5
DA:35,11
DA:58,8
DA:60,4
DA:61,4
DA:63,1
DA:66,3
DA:87,8
DA:108,7
DA:109,7
DA:111,7
DA:113,3
DA:116,4
DA:118,3
DA:122,1
DA:136,4
DA:137,2
DA:140,2
DA:141,1
DA:144,1
DA:159,8
DA:161,8
DA:163,1
DA:165,1
DA:168,6
DA:184,111
DA:186,8
DA:187,8
DA:194,103
DA:195,111
DA:212,8
DA:213,6
DA:215,3
DA:218,3
DA:222,2
LF:35
LH:35
BRDA:33,0,0,11
BRDA:35,1,0,11
BRDA:35,1,1,6
BRDA:55,2,0,8
BRDA:56,3,0,8
BRDA:58,4,0,4
BRDA:58,4,1,4
BRDA:61,5,0,1
BRDA:61,5,1,3
BRDA:111,6,0,3
BRDA:111,6,1,4
BRDA:111,7,0,7
BRDA:111,7,1,3
BRDA:113,8,0,1
BRDA:113,8,1,2
BRDA:116,9,0,3
BRDA:116,9,1,1
BRDA:118,10,0,3
BRDA:118,10,1,0
BRDA:136,11,0,2
BRDA:136,11,1,2
BRDA:140,12,0,1
BRDA:140,12,1,1
BRDA:157,13,0,8
BRDA:159,14,0,7
BRDA:159,14,1,1
BRDA:161,15,0,1
BRDA:161,15,1,1
BRDA:161,15,2,6
BRDA:161,15,3,6
BRDA:184,16,0,8
BRDA:184,16,1,103
BRDA:186,17,0,4
BRDA:186,17,1,4
BRDA:194,18,0,35
BRDA:194,18,1,68
BRDA:212,19,0,6
BRDA:212,19,1,2
BRDA:213,20,0,3
BRDA:213,20,1,3
BRF:40
BRH:39
end_of_record
TN:
SF:src/utils/responsiveLayoutHelpers.ts
FN:77,getResponsivePadding
FN:95,getResponsiveHeaderHeight
FN:113,getResponsiveFooterHeight
FN:131,getResponsiveSectionSpacing
FN:149,getResponsiveButtonArea
FN:174,getLayoutConstants
FN:206,getCombatLayoutConstants
FNF:7
FNH:7
FNDA:54,getResponsivePadding
FNDA:54,getResponsiveHeaderHeight
FNDA:54,getResponsiveFooterHeight
FNDA:54,getResponsiveSectionSpacing
FNDA:54,getResponsiveButtonArea
FNDA:49,getLayoutConstants
FNDA:66,getCombatLayoutConstants
DA:20,5
DA:78,54
DA:96,54
DA:114,54
DA:132,54
DA:150,54
DA:175,49
DA:177,49
DA:207,66
DA:210,66
DA:222,66
DA:230,66
DA:238,66
DA:246,66
LF:14
LH:14
BRF:0
BRH:0
end_of_record
TN:
SF:src/utils/skeletonScaling.ts
FN:180,amplifyScaling
FN:208,calculateBoneScalingFactors
FN:273,getScaledBoneLength
FN:355,calculateShoulderOffset
FN:384,calculateHitboxDimensions
FN:418,calculateVitalPointAdjustment
FN:491,calculateChokeEffectiveness
FN:525,calculateHeadStrikeVulnerability
FNF:8
FNH:8
FNDA:1376,amplifyScaling
FNDA:172,calculateBoneScalingFactors
FNDA:22,getScaledBoneLength
FNDA:129,calculateShoulderOffset
FNDA:8,calculateHitboxDimensions
FNDA:10,calculateVitalPointAdjustment
FNDA:19,calculateChokeEffectiveness
FNDA:12,calculateHeadStrikeVulnerability
DA:92,33
DA:132,33
DA:166,33
DA:181,1376
DA:182,1376
DA:212,172
DA:213,172
DA:214,172
DA:215,172
DA:216,172
DA:217,172
DA:219,172
DA:223,172
DA:226,172
DA:227,172
DA:228,172
DA:231,172
DA:232,172
DA:233,172
DA:234,172
DA:237,172
DA:239,172
DA:277,22
DA:280,22
DA:283,4
DA:285,2
DA:289,1
DA:291,1
DA:293,1
DA:295,1
DA:300,1
DA:303,1
DA:306,1
DA:309,1
DA:314,6
DA:317,1
DA:320,1
DA:324,0
DA:360,129
DA:361,129
DA:389,8
DA:422,10
DA:426,10
DA:428,5
DA:432,5
DA:434,0
DA:438,5
DA:440,0
DA:444,5
DA:449,2
DA:453,3
DA:458,2
DA:465,1
DA:495,19
DA:498,19
DA:501,19
DA:529,12
DA:533,12
LF:58
LH:55
BRDA:280,0,0,4
BRDA:280,0,1,2
BRDA:280,0,2,1
BRDA:280,0,3,1
BRDA:280,0,4,1
BRDA:280,0,5,1
BRDA:280,0,6,1
BRDA:280,0,7,1
BRDA:280,0,8,1
BRDA:280,0,9,1
BRDA:280,0,10,1
BRDA:280,0,11,1
BRDA:280,0,12,1
BRDA:280,0,13,1
BRDA:280,0,14,5
BRDA:280,0,15,6
BRDA:280,0,16,1
BRDA:280,0,17,1
BRDA:280,0,18,1
BRDA:280,0,19,1
BRDA:280,0,20,0
BRDA:426,1,0,5
BRDA:426,1,1,5
BRDA:432,2,0,0
BRDA:432,2,1,5
BRDA:438,3,0,0
BRDA:438,3,1,5
BRDA:444,4,0,2
BRDA:444,4,1,3
BRDA:445,5,0,5
BRDA:445,5,1,5
BRDA:453,6,0,2
BRDA:453,6,1,1
BRDA:454,7,0,3
BRDA:454,7,1,1
BRF:35
BRH:32
end_of_record
TN:
SF:src/utils/stanceHelpers.ts
FN:23,(anonymous_0)
FN:44,(anonymous_1)
FN:65,(anonymous_2)
FN:86,(anonymous_3)
FN:97,(anonymous_4)
FNF:5
FNH:5
FNDA:42,(anonymous_0)
FNDA:38,(anonymous_1)
FNDA:28,(anonymous_2)
FNDA:28,(anonymous_3)
FNDA:22,(anonymous_4)
DA:23,10
DA:24,42
DA:34,42
DA:44,10
DA:45,38
DA:55,38
DA:65,10
DA:66,28
DA:76,28
DA:86,10
DA:87,28
DA:97,10
DA:98,22
DA:99,22
LF:14
LH:14
BRDA:34,0,0,42
BRDA:34,0,1,0
BRDA:55,1,0,38
BRDA:55,1,1,0
BRDA:76,2,0,28
BRDA:76,2,1,0
BRF:6
BRH:3
end_of_record
TN:
SF:src/utils/threeObjectPool.ts
FN:28,(anonymous_0)
FN:36,(anonymous_1)
FN:49,(anonymous_2)
FN:59,(anonymous_3)
FN:69,(anonymous_4)
FN:76,(anonymous_5)
FN:93,(anonymous_6)
FN:101,(anonymous_7)
FN:114,(anonymous_8)
FN:124,(anonymous_9)
FN:134,(anonymous_10)
FN:141,(anonymous_11)
FN:158,(anonymous_12)
FN:166,(anonymous_13)
FN:179,(anonymous_14)
FN:189,(anonymous_15)
FN:199,(anonymous_16)
FN:206,(anonymous_17)
FN:223,(anonymous_18)
FN:231,(anonymous_19)
FN:244,(anonymous_20)
FN:254,(anonymous_21)
FN:264,(anonymous_22)
FN:271,(anonymous_23)
FN:319,(anonymous_24)
FN:330,(anonymous_25)
FN:347,(anonymous_26)
FN:374,withTempEulers
FN:385,(anonymous_28)
FN:399,withTempVectors
FN:410,(anonymous_30)
FN:424,withTempMatrices
FN:435,(anonymous_32)
FNF:33
FNH:33
FNDA:11,(anonymous_0)
FNDA:3895,(anonymous_1)
FNDA:3892,(anonymous_2)
FNDA:14,(anonymous_3)
FNDA:20,(anonymous_4)
FNDA:101,(anonymous_5)
FNDA:11,(anonymous_6)
FNDA:64,(anonymous_7)
FNDA:62,(anonymous_8)
FNDA:9,(anonymous_9)
FNDA:12,(anonymous_10)
FNDA:101,(anonymous_11)
FNDA:11,(anonymous_12)
FNDA:7,(anonymous_13)
FNDA:5,(anonymous_14)
FNDA:8,(anonymous_15)
FNDA:8,(anonymous_16)
FNDA:101,(anonymous_17)
FNDA:11,(anonymous_18)
FNDA:3438,(anonymous_19)
FNDA:3436,(anonymous_20)
FNDA:8,(anonymous_21)
FNDA:6,(anonymous_22)
FNDA:101,(anonymous_23)
FNDA:6,(anonymous_24)
FNDA:1,(anonymous_25)
FNDA:101,(anonymous_26)
FNDA:63,withTempEulers
FNDA:1688,(anonymous_28)
FNDA:2,withTempVectors
FNDA:4,(anonymous_30)
FNDA:2,withTempMatrices
FNDA:4,(anonymous_32)
DA:25,11
DA:29,11
DA:37,3895
DA:38,3895
DA:39,3880
DA:40,3880
DA:42,15
DA:50,3892
DA:51,3892
DA:60,14
DA:61,14
DA:62,2710
DA:70,20
DA:77,101
DA:90,11
DA:94,11
DA:102,64
DA:103,64
DA:104,57
DA:105,57
DA:107,7
DA:115,62
DA:116,62
DA:125,9
DA:126,9
DA:127,1700
DA:135,12
DA:142,101
DA:155,11
DA:159,11
DA:167,7
DA:168,7
DA:169,1
DA:170,1
DA:172,6
DA:180,5
DA:181,5
DA:190,8
DA:191,8
DA:192,675
DA:200,8
DA:207,101
DA:220,11
DA:224,11
DA:232,3438
DA:233,3438
DA:234,3412
DA:235,3412
DA:237,26
DA:245,3436
DA:246,3436
DA:255,8
DA:256,8
DA:257,680
DA:265,6
DA:272,101
DA:296,11
DA:320,6
DA:321,6
DA:322,6
DA:323,6
DA:336,1
DA:348,101
DA:349,101
DA:350,101
DA:351,101
DA:378,63
DA:379,63
DA:380,63
DA:381,1688
DA:383,63
DA:385,1688
DA:403,2
DA:404,2
DA:405,2
DA:406,4
DA:408,2
DA:410,4
DA:428,2
DA:429,2
DA:430,2
DA:431,4
DA:433,2
DA:435,4
LF:84
LH:84
BRDA:28,0,0,11
BRDA:38,1,0,3880
BRDA:38,1,1,15
BRDA:50,2,0,3892
BRDA:50,2,1,0
BRDA:93,3,0,11
BRDA:103,4,0,57
BRDA:103,4,1,7
BRDA:115,5,0,62
BRDA:115,5,1,0
BRDA:158,6,0,11
BRDA:168,7,0,1
BRDA:168,7,1,6
BRDA:180,8,0,5
BRDA:180,8,1,0
BRDA:223,9,0,11
BRDA:233,10,0,3412
BRDA:233,10,1,26
BRDA:245,11,0,3436
BRDA:245,11,1,0
BRF:20
BRH:16
end_of_record
TN:
SF:src/utils/performance/PerformanceMonitor.ts
FN:50,(anonymous_0)
FN:59,(anonymous_1)
FN:91,(anonymous_2)
FN:99,(anonymous_3)
FN:101,(anonymous_4)
FN:107,(anonymous_5)
FN:114,(anonymous_6)
FN:121,(anonymous_7)
FN:129,(anonymous_8)
FN:148,(anonymous_9)
FN:159,(anonymous_10)
FN:191,(anonymous_11)
FN:198,(anonymous_12)
FN:210,(anonymous_13)
FN:228,createPerformanceMonitor
FNF:15
FNH:15
FNDA:51,(anonymous_0)
FNDA:214,(anonymous_1)
FNDA:34,(anonymous_2)
FNDA:72,(anonymous_3)
FNDA:224,(anonymous_4)
FNDA:34,(anonymous_5)
FNDA:34,(anonymous_6)
FNDA:32,(anonymous_7)
FNDA:32,(anonymous_8)
FNDA:34,(anonymous_9)
FNDA:2,(anonymous_10)
FNDA:32,(anonymous_11)
FNDA:40,(anonymous_12)
FNDA:1,(anonymous_13)
FNDA:2,createPerformanceMonitor
DA:28,2
DA:39,51
DA:40,51
DA:41,51
DA:42,51
DA:44,51
DA:45,51
DA:48,51
DA:51,51
DA:60,214
DA:61,214
DA:62,214
DA:64,214
DA:66,213
DA:67,213
DA:70,213
DA:71,213
DA:74,213
DA:75,45
DA:78,213
DA:81,213
DA:82,2
DA:85,213
DA:92,34
DA:93,2
DA:100,72
DA:101,224
DA:108,34
DA:115,34
DA:122,32
DA:123,32
DA:130,32
DA:131,32
DA:133,32
DA:149,34
DA:150,34
DA:151,0
DA:153,34
DA:160,2
DA:162,2
DA:163,2
DA:164,2
DA:167,2
DA:168,0
DA:169,0
DA:170,0
DA:174,2
DA:175,0
DA:176,0
DA:177,0
DA:181,2
DA:182,0
DA:183,0
DA:184,0
DA:192,32
DA:199,40
DA:200,40
DA:201,40
DA:202,40
DA:203,40
DA:204,40
DA:211,1
DA:212,1
DA:231,2
LF:64
LH:54
BRDA:50,0,0,51
BRDA:64,1,0,1
BRDA:64,1,1,213
BRDA:70,2,0,22
BRDA:70,2,1,191
BRDA:71,3,0,18
BRDA:71,3,1,195
BRDA:74,4,0,45
BRDA:74,4,1,168
BRDA:81,5,0,2
BRDA:81,5,1,211
BRDA:81,6,0,213
BRDA:81,6,1,213
BRDA:92,7,0,32
BRDA:92,7,1,2
BRDA:100,8,0,62
BRDA:100,8,1,10
BRDA:108,9,0,31
BRDA:108,9,1,3
BRDA:138,10,0,2
BRDA:138,10,1,30
BRDA:140,11,0,32
BRDA:140,11,1,32
BRDA:141,12,0,32
BRDA:141,12,1,32
BRDA:150,13,0,0
BRDA:150,13,1,34
BRDA:164,14,0,2
BRDA:164,14,1,2
BRDA:167,15,0,0
BRDA:167,15,1,2
BRDA:174,16,0,0
BRDA:174,16,1,2
BRDA:174,17,0,2
BRDA:174,17,1,0
BRDA:181,18,0,0
BRDA:181,18,1,2
BRF:37
BRH:32
end_of_record
TN:
SF:src/utils/performance/PerformanceOverlay3D.tsx
FN:23,(anonymous_0)
FN:219,(anonymous_1)
FNF:2
FNH:1
FNDA:60,(anonymous_0)
FNDA:0,(anonymous_1)
DA:23,1
DA:27,60
DA:32,60
DA:33,0
DA:36,60
DA:42,60
DA:220,0
LF:7
LH:5
BRDA:24,0,0,60
BRDA:25,1,0,60
BRDA:32,2,0,0
BRDA:32,2,1,60
BRDA:36,3,0,0
BRDA:36,3,1,60
BRDA:38,4,0,60
BRDA:38,4,1,0
BRDA:138,5,0,0
BRDA:138,5,1,60
BRDA:140,6,0,0
BRDA:140,6,1,60
BRDA:145,7,0,0
BRDA:145,7,1,60
BRDA:161,8,0,0
BRDA:161,8,1,60
BRDA:163,9,0,0
BRDA:163,9,1,60
BRDA:191,10,0,0
BRDA:191,10,1,60
BRDA:196,11,0,0
BRDA:196,11,1,60
BRDA:202,12,0,60
BRDA:202,12,1,0
BRF:24
BRH:13
end_of_record
TN:
SF:src/utils/performance/index.ts
FNF:0
FNH:0
LF:0
LH:0
BRF:0
BRH:0
end_of_record
TN:
SF:src/utils/performance/usePerformanceMonitor.ts
FN:50,usePerformanceMonitor
FN:55,(anonymous_1)
FN:59,(anonymous_2)
FN:64,(anonymous_3)
FN:68,(anonymous_4)
FN:77,(anonymous_5)
FN:96,(anonymous_6)
FN:97,(anonymous_7)
FNF:8
FNH:6
FNDA:60,usePerformanceMonitor
FNDA:0,(anonymous_1)
FNDA:30,(anonymous_2)
FNDA:30,(anonymous_3)
FNDA:30,(anonymous_4)
FNDA:0,(anonymous_5)
FNDA:30,(anonymous_6)
FNDA:30,(anonymous_7)
DA:53,60
DA:55,60
DA:58,60
DA:59,30
DA:63,60
DA:64,30
DA:68,60
DA:74,60
DA:77,60
DA:78,0
DA:80,0
DA:83,0
DA:84,0
DA:85,0
DA:87,0
DA:96,60
DA:97,30
DA:98,30
DA:102,60
LF:19
LH:13
BRDA:51,0,0,60
BRDA:53,1,0,60
BRDA:53,2,0,60
BRDA:78,3,0,0
BRDA:78,3,1,0
BRDA:84,4,0,0
BRDA:84,4,1,0
BRF:7
BRH:3
end_of_record
