{
  "stats": {
    "suites": 7,
    "tests": 13,
    "passes": 13,
    "pending": 0,
    "failures": 0,
    "start": "2026-01-15T00:24:29.861Z",
    "end": "2026-01-15T00:26:10.530Z",
    "duration": 100669,
    "testsRegistered": 13,
    "passPercent": 100,
    "pendingPercent": 0,
    "other": 0,
    "hasOther": false,
    "skipped": 0,
    "hasSkipped": false
  },
  "results": [
    {
      "uuid": "71f8b21e-f784-4cf9-a52c-0f55efcd4008",
      "title": "",
      "fullFile": "cypress/e2e/webgl-verification.cy.ts",
      "file": "cypress/e2e/webgl-verification.cy.ts",
      "beforeHooks": [],
      "afterHooks": [],
      "tests": [],
      "suites": [
        {
          "uuid": "25e4653b-45e2-48a0-95d8-f8c551a32229",
          "title": "Black Trigram - WebGL Rendering Verification",
          "fullFile": "",
          "file": "",
          "beforeHooks": [],
          "afterHooks": [],
          "tests": [],
          "suites": [
            {
              "uuid": "8ee73b86-9b44-41be-9005-d8f3dcd99a2a",
              "title": "WebGL Context Verification",
              "fullFile": "",
              "file": "",
              "beforeHooks": [],
              "afterHooks": [],
              "tests": [
                {
                  "title": "should verify Three.js WebGL context is active",
                  "fullTitle": "Black Trigram - WebGL Rendering Verification WebGL Context Verification should verify Three.js WebGL context is active",
                  "timedOut": null,
                  "duration": 10456,
                  "state": "passed",
                  "speed": "slow",
                  "pass": true,
                  "fail": false,
                  "pending": false,
                  "context": null,
                  "code": "cy.annotate(\"Testing WebGL context initialization\");\ncy.get(\"canvas\").should(\"be.visible\");\ncy.window().then(() => {\n    const canvas = document.querySelector(\"canvas\");\n    expect(canvas).to.exist;\n    // Verify WebGL context (try WebGL2 first, fallback to WebGL1)\n    const gl = canvas.getContext(\"webgl2\") ||\n        canvas.getContext(\"webgl\") ||\n        canvas.getContext(\"experimental-webgl\");\n    expect(gl).to.not.be.null;\n    if (gl) {\n        // Verify WebGL version\n        const version = gl.getParameter(gl.VERSION);\n        cy.log(`WebGL Version: ${version}`);\n        expect(version).to.be.a(\"string\");\n        expect(version.length).to.be.greaterThan(0);\n        // Verify renderer\n        const renderer = gl.getParameter(gl.RENDERER);\n        cy.log(`WebGL Renderer: ${renderer}`);\n        expect(renderer).to.be.a(\"string\");\n        // Verify maximum texture size\n        const maxTextureSize = gl.getParameter(gl.MAX_TEXTURE_SIZE);\n        cy.log(`Max Texture Size: ${maxTextureSize}`);\n        expect(maxTextureSize).to.be.greaterThan(0);\n        // Verify maximum viewport dimensions\n        const maxViewport = gl.getParameter(gl.MAX_VIEWPORT_DIMS);\n        cy.log(`Max Viewport: ${maxViewport[0]}x${maxViewport[1]}`);\n        expect(maxViewport[0]).to.be.greaterThan(0);\n        expect(maxViewport[1]).to.be.greaterThan(0);\n    }\n    cy.log(\"✅ WebGL context verified and active\");\n});",
                  "err": {},
                  "uuid": "e541d58d-e9f8-4a53-a073-faec5831703e",
                  "parentUUID": "8ee73b86-9b44-41be-9005-d8f3dcd99a2a",
                  "isHook": false,
                  "skipped": false
                },
                {
                  "title": "should verify Three.js renderer is initialized",
                  "fullTitle": "Black Trigram - WebGL Rendering Verification WebGL Context Verification should verify Three.js renderer is initialized",
                  "timedOut": null,
                  "duration": 4071,
                  "state": "passed",
                  "speed": "fast",
                  "pass": true,
                  "fail": false,
                  "pending": false,
                  "context": null,
                  "code": "cy.annotate(\"Testing Three.js renderer initialization\");\ncy.window().then(() => {\n    // Check for Three.js in window (may be exposed for testing)\n    const winWithThree = window;\n    // Verify canvas exists\n    const canvas = document.querySelector(\"canvas\");\n    expect(canvas).to.exist;\n    // If Three.js exposes renderer/scene for testing, verify them\n    if (winWithThree.__threeRenderer) {\n        expect(winWithThree.__threeRenderer).to.exist;\n        cy.log(\"✅ Three.js renderer found\");\n    }\n    if (winWithThree.__threeScene) {\n        expect(winWithThree.__threeScene).to.exist;\n        // Verify scene has objects\n        if (winWithThree.__threeScene.children) {\n            const objectCount = winWithThree.__threeScene.children.length;\n            expect(objectCount).to.be.greaterThan(0);\n            cy.log(`Three.js scene has ${objectCount} objects`);\n        }\n    }\n    cy.log(\"✅ Three.js renderer verified\");\n});",
                  "err": {},
                  "uuid": "2ffe5092-61b6-411a-86d8-b0a199c8c40b",
                  "parentUUID": "8ee73b86-9b44-41be-9005-d8f3dcd99a2a",
                  "isHook": false,
                  "skipped": false
                },
                {
                  "title": "should verify WebGL extensions support",
                  "fullTitle": "Black Trigram - WebGL Rendering Verification WebGL Context Verification should verify WebGL extensions support",
                  "timedOut": null,
                  "duration": 3971,
                  "state": "passed",
                  "speed": "fast",
                  "pass": true,
                  "fail": false,
                  "pending": false,
                  "context": null,
                  "code": "cy.annotate(\"Testing WebGL extensions\");\ncy.window().then(() => {\n    const canvas = document.querySelector(\"canvas\");\n    expect(canvas).to.exist;\n    const gl = canvas.getContext(\"webgl2\") ||\n        canvas.getContext(\"webgl\");\n    if (gl) {\n        // Check for important extensions\n        const extensions = [\n            \"OES_texture_float\",\n            \"OES_texture_float_linear\",\n            \"WEBGL_depth_texture\",\n            \"OES_element_index_uint\",\n        ];\n        const supportedExtensions = [];\n        const unsupportedExtensions = [];\n        extensions.forEach((ext) => {\n            const supported = gl.getExtension(ext);\n            if (supported) {\n                supportedExtensions.push(ext);\n            }\n            else {\n                unsupportedExtensions.push(ext);\n            }\n        });\n        cy.log(`Supported extensions: ${supportedExtensions.join(\", \")}`);\n        if (unsupportedExtensions.length > 0) {\n            cy.log(`Unsupported extensions: ${unsupportedExtensions.join(\", \")}`);\n        }\n        // At least one extension should be supported\n        expect(supportedExtensions.length).to.be.greaterThan(0);\n    }\n    cy.log(\"✅ WebGL extensions verified\");\n});",
                  "err": {},
                  "uuid": "150a77b0-0f7e-4868-a391-e8b1cc3276ac",
                  "parentUUID": "8ee73b86-9b44-41be-9005-d8f3dcd99a2a",
                  "isHook": false,
                  "skipped": false
                }
              ],
              "suites": [],
              "passes": [
                "e541d58d-e9f8-4a53-a073-faec5831703e",
                "2ffe5092-61b6-411a-86d8-b0a199c8c40b",
                "150a77b0-0f7e-4868-a391-e8b1cc3276ac"
              ],
              "failures": [],
              "pending": [],
              "skipped": [],
              "duration": 18498,
              "root": false,
              "rootEmpty": false,
              "_timeout": 2000
            },
            {
              "uuid": "4f42fa68-b3af-4914-ab8f-00a5295f82e1",
              "title": "Frame Rate Performance",
              "fullFile": "",
              "file": "",
              "beforeHooks": [],
              "afterHooks": [],
              "tests": [
                {
                  "title": "should verify Three.js scene renders at stable framerate",
                  "fullTitle": "Black Trigram - WebGL Rendering Verification Frame Rate Performance should verify Three.js scene renders at stable framerate",
                  "timedOut": null,
                  "duration": 8980,
                  "state": "passed",
                  "speed": "medium",
                  "pass": true,
                  "fail": false,
                  "pending": false,
                  "context": null,
                  "code": "cy.annotate(\"Testing framerate stability\");\ncy.get(\"canvas\").should(\"be.visible\");\nlet frameCount = 0;\nlet startTime = 0;\ncy.window().then((win) => {\n    startTime = performance.now();\n    const measureFPS = () => {\n        frameCount++;\n        if (frameCount < 60) {\n            win.requestAnimationFrame(measureFPS);\n        }\n        else {\n            const elapsed = performance.now() - startTime;\n            const fps = (frameCount / elapsed) * 1000;\n            cy.log(`Average FPS: ${fps.toFixed(2)}`);\n            // Target 60fps, allow some tolerance for software rendering\n            // Minimum 30fps acceptable, optimal 55-60fps\n            expect(fps).to.be.greaterThan(30);\n            if (fps >= 55) {\n                cy.log(\"✅ Excellent framerate (≥55fps)\");\n            }\n            else if (fps >= 45) {\n                cy.log(\"✅ Good framerate (45-55fps)\");\n            }\n            else {\n                cy.log(\"⚠️ Acceptable framerate (30-45fps) - software rendering\");\n            }\n        }\n    };\n    win.requestAnimationFrame(measureFPS);\n});\n// Wait for measurement to complete\ncy.wait(2000);",
                  "err": {},
                  "uuid": "b23b514f-7b2b-47f9-ae82-929ec0a528a8",
                  "parentUUID": "4f42fa68-b3af-4914-ab8f-00a5295f82e1",
                  "isHook": false,
                  "skipped": false
                },
                {
                  "title": "should maintain consistent frame timing",
                  "fullTitle": "Black Trigram - WebGL Rendering Verification Frame Rate Performance should maintain consistent frame timing",
                  "timedOut": null,
                  "duration": 5560,
                  "state": "passed",
                  "speed": "medium",
                  "pass": true,
                  "fail": false,
                  "pending": false,
                  "context": null,
                  "code": "cy.annotate(\"Testing frame timing consistency\");\nconst frameTimes = [];\nlet lastTime = 0;\nlet measurementCount = 0;\nconst targetMeasurements = 30;\ncy.window().then((win) => {\n    const measureFrameTime = (timestamp) => {\n        if (lastTime > 0) {\n            const deltaTime = timestamp - lastTime;\n            frameTimes.push(deltaTime);\n            measurementCount++;\n        }\n        lastTime = timestamp;\n        if (measurementCount < targetMeasurements) {\n            win.requestAnimationFrame(measureFrameTime);\n        }\n        else {\n            // Calculate frame time statistics\n            const avgFrameTime = frameTimes.reduce((a, b) => a + b, 0) / frameTimes.length;\n            const maxFrameTime = Math.max(...frameTimes);\n            const minFrameTime = Math.min(...frameTimes);\n            const variance = frameTimes.reduce((sum, time) => {\n                return sum + Math.pow(time - avgFrameTime, 2);\n            }, 0) / frameTimes.length;\n            const stdDev = Math.sqrt(variance);\n            cy.log(`Average frame time: ${avgFrameTime.toFixed(2)}ms`);\n            cy.log(`Min/Max frame time: ${minFrameTime.toFixed(2)}ms / ${maxFrameTime.toFixed(2)}ms`);\n            cy.log(`Frame time std dev: ${stdDev.toFixed(2)}ms`);\n            // Frame times should be relatively consistent\n            // Target: 16.67ms (60fps), acceptable up to 33.33ms (30fps)\n            expect(avgFrameTime).to.be.lessThan(50); // Allow for software rendering\n            // Variance should be reasonable (not too inconsistent)\n            expect(stdDev).to.be.lessThan(20);\n            cy.log(\"✅ Frame timing is consistent\");\n        }\n    };\n    win.requestAnimationFrame(measureFrameTime);\n});\n// Wait for measurements to complete\ncy.wait(1500);",
                  "err": {},
                  "uuid": "e9335630-4820-471a-b2b6-54be37b2915c",
                  "parentUUID": "4f42fa68-b3af-4914-ab8f-00a5295f82e1",
                  "isHook": false,
                  "skipped": false
                }
              ],
              "suites": [],
              "passes": [
                "b23b514f-7b2b-47f9-ae82-929ec0a528a8",
                "e9335630-4820-471a-b2b6-54be37b2915c"
              ],
              "failures": [],
              "pending": [],
              "skipped": [],
              "duration": 14540,
              "root": false,
              "rootEmpty": false,
              "_timeout": 2000
            },
            {
              "uuid": "534f6168-e3a5-4f00-a376-a0b6efc471cb",
              "title": "Rendering Quality",
              "fullFile": "",
              "file": "",
              "beforeHooks": [],
              "afterHooks": [],
              "tests": [
                {
                  "title": "should verify canvas is actively rendering (pixel changes)",
                  "fullTitle": "Black Trigram - WebGL Rendering Verification Rendering Quality should verify canvas is actively rendering (pixel changes)",
                  "timedOut": null,
                  "duration": 9131,
                  "state": "passed",
                  "speed": "medium",
                  "pass": true,
                  "fail": false,
                  "pending": false,
                  "context": null,
                  "code": "cy.annotate(\"Testing active canvas rendering\");\ncy.get(\"canvas\").should(\"be.visible\");\ncy.window().then(() => {\n    const canvas = document.querySelector(\"canvas\");\n    expect(canvas).to.exist;\n    // Capture initial canvas state\n    const ctx = canvas.getContext(\"2d\");\n    if (ctx) {\n        const initialData = ctx.getImageData(0, 0, canvas.width, canvas.height);\n        // Wait for a few frames\n        cy.wait(500);\n        // Capture new canvas state\n        const newData = ctx.getImageData(0, 0, canvas.width, canvas.height);\n        // Compare pixel data to ensure rendering is happening\n        let differentPixels = 0;\n        for (let i = 0; i < initialData.data.length; i++) {\n            if (initialData.data[i] !== newData.data[i]) {\n                differentPixels++;\n            }\n        }\n        const changePercentage = (differentPixels / initialData.data.length) * 100;\n        cy.log(`Pixel change: ${changePercentage.toFixed(2)}%`);\n        // Canvas should be actively rendering (some pixels changed)\n        expect(differentPixels).to.be.greaterThan(0);\n        cy.log(\"✅ Canvas is actively rendering\");\n    }\n});",
                  "err": {},
                  "uuid": "dde59c54-61cf-4bed-b2b7-cfc43ba1f895",
                  "parentUUID": "534f6168-e3a5-4f00-a376-a0b6efc471cb",
                  "isHook": false,
                  "skipped": false
                },
                {
                  "title": "should verify no blank/black canvas rendering",
                  "fullTitle": "Black Trigram - WebGL Rendering Verification Rendering Quality should verify no blank/black canvas rendering",
                  "timedOut": null,
                  "duration": 9068,
                  "state": "passed",
                  "speed": "medium",
                  "pass": true,
                  "fail": false,
                  "pending": false,
                  "context": null,
                  "code": "cy.annotate(\"Testing canvas content rendering\");\ncy.get(\"canvas\").should(\"be.visible\");\ncy.window().then(() => {\n    const canvas = document.querySelector(\"canvas\");\n    expect(canvas).to.exist;\n    const ctx = canvas.getContext(\"2d\");\n    if (ctx) {\n        const imageData = ctx.getImageData(0, 0, canvas.width, canvas.height);\n        const pixels = imageData.data;\n        // Count non-zero pixels\n        let nonZeroPixels = 0;\n        for (let i = 0; i < pixels.length; i += 4) {\n            // Check RGBA values\n            if (pixels[i] !== 0 || pixels[i + 1] !== 0 || pixels[i + 2] !== 0) {\n                nonZeroPixels++;\n            }\n        }\n        const contentPercentage = (nonZeroPixels / (pixels.length / 4)) * 100;\n        cy.log(`Canvas content: ${contentPercentage.toFixed(2)}% non-black pixels`);\n        // Canvas should have visible content (not all black)\n        expect(contentPercentage).to.be.greaterThan(5);\n        cy.log(\"✅ Canvas has visible content\");\n    }\n});",
                  "err": {},
                  "uuid": "45f7c9cc-87ae-475e-acdf-1c802dfad2cb",
                  "parentUUID": "534f6168-e3a5-4f00-a376-a0b6efc471cb",
                  "isHook": false,
                  "skipped": false
                }
              ],
              "suites": [],
              "passes": [
                "dde59c54-61cf-4bed-b2b7-cfc43ba1f895",
                "45f7c9cc-87ae-475e-acdf-1c802dfad2cb"
              ],
              "failures": [],
              "pending": [],
              "skipped": [],
              "duration": 18199,
              "root": false,
              "rootEmpty": false,
              "_timeout": 2000
            },
            {
              "uuid": "b590b899-959c-4e15-921b-8887bd30ab82",
              "title": "Memory and Resource Management",
              "fullFile": "",
              "file": "",
              "beforeHooks": [],
              "afterHooks": [],
              "tests": [
                {
                  "title": "should not leak WebGL contexts",
                  "fullTitle": "Black Trigram - WebGL Rendering Verification Memory and Resource Management should not leak WebGL contexts",
                  "timedOut": null,
                  "duration": 4097,
                  "state": "passed",
                  "speed": "fast",
                  "pass": true,
                  "fail": false,
                  "pending": false,
                  "context": null,
                  "code": "cy.annotate(\"Testing WebGL context leak detection\");\nlet initialContexts = 0;\ncy.window().then((_win) => {\n    // Count initial WebGL contexts\n    const canvases = document.querySelectorAll(\"canvas\");\n    canvases.forEach((canvas) => {\n        const gl = canvas.getContext(\"webgl\");\n        if (gl)\n            initialContexts++;\n    });\n    cy.log(`Initial WebGL contexts: ${initialContexts}`);\n    expect(initialContexts).to.be.greaterThan(0);\n});\n// Perform some actions\ncy.get('[data-testid=\"combat-button\"]').trigger(\"mouseover\");\ncy.wait(500);\ncy.get('[data-testid=\"training-button\"]').trigger(\"mouseover\");\ncy.wait(500);\ncy.window().then((_win) => {\n    // Count final WebGL contexts\n    let finalContexts = 0;\n    const canvases = document.querySelectorAll(\"canvas\");\n    canvases.forEach((canvas) => {\n        const gl = canvas.getContext(\"webgl\");\n        if (gl)\n            finalContexts++;\n    });\n    cy.log(`Final WebGL contexts: ${finalContexts}`);\n    // Should not create new contexts\n    expect(finalContexts).to.equal(initialContexts);\n    cy.log(\"✅ No WebGL context leaks detected\");\n});",
                  "err": {},
                  "uuid": "d36ec461-1081-4136-81c5-409bac1255c5",
                  "parentUUID": "b590b899-959c-4e15-921b-8887bd30ab82",
                  "isHook": false,
                  "skipped": false
                },
                {
                  "title": "should manage GPU memory efficiently",
                  "fullTitle": "Black Trigram - WebGL Rendering Verification Memory and Resource Management should manage GPU memory efficiently",
                  "timedOut": null,
                  "duration": 4020,
                  "state": "passed",
                  "speed": "fast",
                  "pass": true,
                  "fail": false,
                  "pending": false,
                  "context": null,
                  "code": "cy.annotate(\"Testing GPU memory management\");\ncy.window().then(() => {\n    const canvas = document.querySelector(\"canvas\");\n    const gl = canvas.getContext(\"webgl\") || canvas.getContext(\"webgl2\");\n    if (gl && \"memory\" in performance) {\n        const perfWithMemory = performance;\n        if (perfWithMemory.memory) {\n            const initialMemory = perfWithMemory.memory.usedJSHeapSize;\n            cy.log(`Initial memory: ${(initialMemory / 1024 / 1024).toFixed(2)}MB`);\n            // Perform some rendering operations\n            cy.gameActions([\"1\", \"2\", \"3\"]);\n            cy.wait(1000);\n            const finalMemory = perfWithMemory.memory.usedJSHeapSize;\n            cy.log(`Final memory: ${(finalMemory / 1024 / 1024).toFixed(2)}MB`);\n            const memoryGrowth = finalMemory - initialMemory;\n            cy.log(`Memory growth: ${(memoryGrowth / 1024 / 1024).toFixed(2)}MB`);\n            // Memory growth should be reasonable (<100MB for this test)\n            expect(memoryGrowth).to.be.lessThan(100 * 1024 * 1024);\n            cy.log(\"✅ GPU memory managed efficiently\");\n        }\n    }\n});",
                  "err": {},
                  "uuid": "b03cbbfe-2afa-4172-b449-7e007905e123",
                  "parentUUID": "b590b899-959c-4e15-921b-8887bd30ab82",
                  "isHook": false,
                  "skipped": false
                }
              ],
              "suites": [],
              "passes": [
                "d36ec461-1081-4136-81c5-409bac1255c5",
                "b03cbbfe-2afa-4172-b449-7e007905e123"
              ],
              "failures": [],
              "pending": [],
              "skipped": [],
              "duration": 8117,
              "root": false,
              "rootEmpty": false,
              "_timeout": 2000
            },
            {
              "uuid": "d9ca04af-0468-49d6-9fe7-9e49bd81c630",
              "title": "Combat Mode WebGL Performance",
              "fullFile": "",
              "file": "",
              "beforeHooks": [],
              "afterHooks": [],
              "tests": [
                {
                  "title": "should maintain WebGL context in combat mode",
                  "fullTitle": "Black Trigram - WebGL Rendering Verification Combat Mode WebGL Performance should maintain WebGL context in combat mode",
                  "timedOut": null,
                  "duration": 6063,
                  "state": "passed",
                  "speed": "medium",
                  "pass": true,
                  "fail": false,
                  "pending": false,
                  "context": null,
                  "code": "cy.annotate(\"Testing WebGL in combat mode\");\ncy.enterCombatMode();\ncy.get('[data-testid=\"combat-screen\"]').should(\"exist\");\ncy.window().then(() => {\n    const canvas = document.querySelector(\"canvas\");\n    expect(canvas).to.exist;\n    const gl = canvas.getContext(\"webgl2\") ||\n        canvas.getContext(\"webgl\");\n    expect(gl).to.not.be.null;\n    cy.log(\"✅ WebGL context active in combat mode\");\n});\n// Verify rendering continues\ncy.assertCanvasRendering(1000);\ncy.returnToIntro();",
                  "err": {},
                  "uuid": "a9a09b5e-71b5-4361-b264-95eeed4157c7",
                  "parentUUID": "d9ca04af-0468-49d6-9fe7-9e49bd81c630",
                  "isHook": false,
                  "skipped": false
                },
                {
                  "title": "should handle combat actions with stable framerate",
                  "fullTitle": "Black Trigram - WebGL Rendering Verification Combat Mode WebGL Performance should handle combat actions with stable framerate",
                  "timedOut": null,
                  "duration": 6118,
                  "state": "passed",
                  "speed": "medium",
                  "pass": true,
                  "fail": false,
                  "pending": false,
                  "context": null,
                  "code": "cy.annotate(\"Testing framerate during combat actions\");\ncy.enterCombatMode();\n// Perform combat actions\ncy.gameActions([\"1\", \" \", \"w\", \"a\", \"s\", \"d\"]);\ncy.wait(500);\n// Verify framerate is still good\ncy.assertMinFPS(30, 1500);\ncy.log(\"✅ Combat actions maintain framerate\");\ncy.returnToIntro();",
                  "err": {},
                  "uuid": "4357d707-2ffe-446e-bd12-0b7da84f1a83",
                  "parentUUID": "d9ca04af-0468-49d6-9fe7-9e49bd81c630",
                  "isHook": false,
                  "skipped": false
                }
              ],
              "suites": [],
              "passes": [
                "a9a09b5e-71b5-4361-b264-95eeed4157c7",
                "4357d707-2ffe-446e-bd12-0b7da84f1a83"
              ],
              "failures": [],
              "pending": [],
              "skipped": [],
              "duration": 12181,
              "root": false,
              "rootEmpty": false,
              "_timeout": 2000
            },
            {
              "uuid": "22df7781-8335-4c27-a4c3-a5bd3399f277",
              "title": "Training Mode WebGL Performance",
              "fullFile": "",
              "file": "",
              "beforeHooks": [],
              "afterHooks": [],
              "tests": [
                {
                  "title": "should maintain WebGL context in training mode",
                  "fullTitle": "Black Trigram - WebGL Rendering Verification Training Mode WebGL Performance should maintain WebGL context in training mode",
                  "timedOut": null,
                  "duration": 14081,
                  "state": "passed",
                  "speed": "slow",
                  "pass": true,
                  "fail": false,
                  "pending": false,
                  "context": null,
                  "code": "cy.annotate(\"Testing WebGL in training mode\");\ncy.enterTrainingMode();\ncy.get('[data-testid=\"training-screen\"]').should(\"exist\");\ncy.window().then(() => {\n    const canvas = document.querySelector(\"canvas\");\n    expect(canvas).to.exist;\n    const gl = canvas.getContext(\"webgl2\") ||\n        canvas.getContext(\"webgl\");\n    expect(gl).to.not.be.null;\n    cy.log(\"✅ WebGL context active in training mode\");\n});\ncy.returnToIntro();",
                  "err": {},
                  "uuid": "2fa15760-86e5-425a-a370-6eb26edb925c",
                  "parentUUID": "22df7781-8335-4c27-a4c3-a5bd3399f277",
                  "isHook": false,
                  "skipped": false
                },
                {
                  "title": "should handle training exercises with stable framerate",
                  "fullTitle": "Black Trigram - WebGL Rendering Verification Training Mode WebGL Performance should handle training exercises with stable framerate",
                  "timedOut": null,
                  "duration": 14154,
                  "state": "passed",
                  "speed": "slow",
                  "pass": true,
                  "fail": false,
                  "pending": false,
                  "context": null,
                  "code": "cy.annotate(\"Testing framerate during training\");\ncy.enterTrainingMode();\n// Practice a stance\ncy.practiceStance(1, 3);\ncy.wait(500);\n// Verify framerate is still good\ncy.assertMinFPS(30, 1500);\ncy.log(\"✅ Training maintains framerate\");\ncy.returnToIntro();",
                  "err": {},
                  "uuid": "58cb8db8-9499-4849-aa35-15ddf24fb713",
                  "parentUUID": "22df7781-8335-4c27-a4c3-a5bd3399f277",
                  "isHook": false,
                  "skipped": false
                }
              ],
              "suites": [],
              "passes": [
                "2fa15760-86e5-425a-a370-6eb26edb925c",
                "58cb8db8-9499-4849-aa35-15ddf24fb713"
              ],
              "failures": [],
              "pending": [],
              "skipped": [],
              "duration": 28235,
              "root": false,
              "rootEmpty": false,
              "_timeout": 2000
            }
          ],
          "passes": [],
          "failures": [],
          "pending": [],
          "skipped": [],
          "duration": 0,
          "root": false,
          "rootEmpty": false,
          "_timeout": 2000
        }
      ],
      "passes": [],
      "failures": [],
      "pending": [],
      "skipped": [],
      "duration": 0,
      "root": true,
      "rootEmpty": true,
      "_timeout": 2000
    }
  ],
  "meta": {
    "mocha": {
      "version": "7.2.0"
    },
    "mochawesome": {
      "options": {
        "quiet": false,
        "reportFilename": "mochawesome",
        "saveHtml": true,
        "saveJson": true,
        "consoleReporter": "spec",
        "useInlineDiffs": false,
        "code": true
      },
      "version": "7.1.4"
    },
    "marge": {
      "options": {
        "id": "default",
        "reportDir": "build/cypress/mochawesome",
        "overwrite": false,
        "html": true,
        "json": true,
        "code": true,
        "timestamp": "mmddyyyy_HHMMss",
        "charts": true,
        "showHooks": "failed",
        "embeddedScreenshots": true
      },
      "version": "6.3.2"
    }
  }
}