{
  "stats": {
    "suites": 9,
    "tests": 22,
    "passes": 22,
    "pending": 0,
    "failures": 0,
    "start": "2026-01-09T01:08:29.836Z",
    "end": "2026-01-09T01:11:30.565Z",
    "duration": 180729,
    "testsRegistered": 22,
    "passPercent": 100,
    "pendingPercent": 0,
    "other": 0,
    "hasOther": false,
    "skipped": 0,
    "hasSkipped": false
  },
  "results": [
    {
      "uuid": "418ac240-210a-4262-9528-c628e01d184e",
      "title": "",
      "fullFile": "cypress/e2e/performance-threejs.cy.ts",
      "file": "cypress/e2e/performance-threejs.cy.ts",
      "beforeHooks": [],
      "afterHooks": [],
      "tests": [],
      "suites": [
        {
          "uuid": "b988747b-48e0-487b-9096-d32d291d578f",
          "title": "Black Trigram - Three.js Performance",
          "fullFile": "",
          "file": "",
          "beforeHooks": [],
          "afterHooks": [],
          "tests": [],
          "suites": [
            {
              "uuid": "a3c3baf8-637e-4e20-b937-734278fd04b5",
              "title": "IntroScreen FPS Performance",
              "fullFile": "",
              "file": "",
              "beforeHooks": [],
              "afterHooks": [],
              "tests": [
                {
                  "title": "should maintain smooth FPS on intro screen",
                  "fullTitle": "Black Trigram - Three.js Performance IntroScreen FPS Performance should maintain smooth FPS on intro screen",
                  "timedOut": null,
                  "duration": 10810,
                  "state": "passed",
                  "speed": "slow",
                  "pass": true,
                  "fail": false,
                  "pending": false,
                  "context": null,
                  "code": "cy.annotate(\"Testing IntroScreen FPS performance\");\n// Verify canvas is rendering\ncy.get(\"canvas\").should(\"be.visible\");\ncy.get('[data-testid=\"intro-screen\"]').should(\"exist\");\n// Monitor FPS for shorter duration\ncy.assertSmoothFPS(1500); // Reduced from 2000ms\ncy.log(\"✅ IntroScreen maintains smooth FPS\");",
                  "err": {},
                  "uuid": "93e707b0-b224-403b-ac26-97e9e94ed4d7",
                  "parentUUID": "a3c3baf8-637e-4e20-b937-734278fd04b5",
                  "isHook": false,
                  "skipped": false
                },
                {
                  "title": "should maintain FPS during menu interactions",
                  "fullTitle": "Black Trigram - Three.js Performance IntroScreen FPS Performance should maintain FPS during menu interactions",
                  "timedOut": null,
                  "duration": 9019,
                  "state": "passed",
                  "speed": "medium",
                  "pass": true,
                  "fail": false,
                  "pending": false,
                  "context": null,
                  "code": "cy.annotate(\"Testing FPS during menu interactions\");\n// Perform interactions first\ncy.get('[data-testid=\"combat-button\"]').trigger(\"mouseover\");\ncy.wait(100); // Reduced from 200ms\ncy.get('[data-testid=\"training-button\"]').trigger(\"mouseover\");\ncy.wait(100); // Reduced from 200ms\ncy.gameActions([\"{leftarrow}\", \"{rightarrow}\"]);\ncy.wait(100); // Reduced from 200ms\n// Then monitor FPS to verify system is still responsive\ncy.assertMinFPS(40, 1500); // Reduced from 2000ms\ncy.log(\"✅ Menu interactions FPS verified\");",
                  "err": {},
                  "uuid": "0653df35-ae0e-4c77-a93a-c457d38b1ad9",
                  "parentUUID": "a3c3baf8-637e-4e20-b937-734278fd04b5",
                  "isHook": false,
                  "skipped": false
                },
                {
                  "title": "should handle canvas rendering at different viewport sizes",
                  "fullTitle": "Black Trigram - Three.js Performance IntroScreen FPS Performance should handle canvas rendering at different viewport sizes",
                  "timedOut": null,
                  "duration": 6598,
                  "state": "passed",
                  "speed": "medium",
                  "pass": true,
                  "fail": false,
                  "pending": false,
                  "context": null,
                  "code": "cy.annotate(\"Testing FPS at different viewports\");\nconst viewports = [\n    [1280, 720], // Desktop\n    [375, 667], // Mobile - only test extremes\n];\nviewports.forEach(([width, height]) => {\n    cy.viewport(width, height);\n    cy.wait(300); // Reduced from 500ms\n    // Monitor FPS at this viewport - reduced duration\n    cy.assertMinFPS(30, 1000); // Reduced from 1500ms\n    cy.log(`✅ Acceptable FPS at ${width}x${height}`);\n});\n// Reset viewport\ncy.viewport(1280, 720);",
                  "err": {},
                  "uuid": "d8549bf4-4121-432b-bdd3-f043b3123690",
                  "parentUUID": "a3c3baf8-637e-4e20-b937-734278fd04b5",
                  "isHook": false,
                  "skipped": false
                }
              ],
              "suites": [],
              "passes": [
                "93e707b0-b224-403b-ac26-97e9e94ed4d7",
                "0653df35-ae0e-4c77-a93a-c457d38b1ad9",
                "d8549bf4-4121-432b-bdd3-f043b3123690"
              ],
              "failures": [],
              "pending": [],
              "skipped": [],
              "duration": 26427,
              "root": false,
              "rootEmpty": false,
              "_timeout": 2000
            },
            {
              "uuid": "d732ad91-dccf-4bae-b52e-18c58d900f20",
              "title": "CombatScreen FPS Performance",
              "fullFile": "",
              "file": "",
              "beforeHooks": [],
              "afterHooks": [],
              "tests": [
                {
                  "title": "should maintain smooth FPS in combat mode",
                  "fullTitle": "Black Trigram - Three.js Performance CombatScreen FPS Performance should maintain smooth FPS in combat mode",
                  "timedOut": null,
                  "duration": 5975,
                  "state": "passed",
                  "speed": "medium",
                  "pass": true,
                  "fail": false,
                  "pending": false,
                  "context": null,
                  "code": "cy.annotate(\"Testing CombatScreen FPS performance\");\ncy.enterCombatMode();\ncy.get('[data-testid=\"combat-screen\"]').should(\"exist\");\n// Monitor FPS during combat - reduced duration\ncy.assertMinFPS(40, 1500); // Reduced from 2000ms\ncy.log(\"✅ Combat maintains acceptable FPS\");",
                  "err": {},
                  "uuid": "4c8803dc-b42e-4960-b766-499e465b7060",
                  "parentUUID": "d732ad91-dccf-4bae-b52e-18c58d900f20",
                  "isHook": false,
                  "skipped": false
                },
                {
                  "title": "should maintain FPS during combat actions",
                  "fullTitle": "Black Trigram - Three.js Performance CombatScreen FPS Performance should maintain FPS during combat actions",
                  "timedOut": null,
                  "duration": 6008,
                  "state": "passed",
                  "speed": "medium",
                  "pass": true,
                  "fail": false,
                  "pending": false,
                  "context": null,
                  "code": "cy.annotate(\"Testing FPS during combat actions\");\ncy.enterCombatMode();\ncy.wrap(Date.now()).then((startTime) => {\n    // Perform combat actions\n    cy.gameActions([\"1\", \" \", \"w\", \"a\", \"s\", \"d\"]);\n    cy.wait(100); // Reduced from 200ms\n    cy.gameActions([\"3\", \" \", \"w\", \"a\", \"s\", \"d\"]);\n    cy.wait(100); // Reduced from 200ms\n    // Monitor FPS - reduced duration\n    cy.assertMinFPS(35, 1000); // Reduced from 1500ms\n    cy.wrap(Date.now() - startTime).then((duration) => {\n        cy.task(\"logPerformance\", {\n            name: \"Combat Actions Performance\",\n            duration,\n        });\n        expect(duration).to.be.lessThan(5000);\n        cy.log(`✅ Combat actions completed in ${duration}ms`);\n    });\n});\ncy.returnToIntro();",
                  "err": {},
                  "uuid": "25bdf301-865c-4bd1-8a74-881b939e0e4b",
                  "parentUUID": "d732ad91-dccf-4bae-b52e-18c58d900f20",
                  "isHook": false,
                  "skipped": false
                },
                {
                  "title": "should maintain FPS during intense combat",
                  "fullTitle": "Black Trigram - Three.js Performance CombatScreen FPS Performance should maintain FPS during intense combat",
                  "timedOut": null,
                  "duration": 5953,
                  "state": "passed",
                  "speed": "medium",
                  "pass": true,
                  "fail": false,
                  "pending": false,
                  "context": null,
                  "code": "cy.annotate(\"Testing FPS during intense combat\");\ncy.enterCombatMode();\n// Rapid stance changes and attacks\nfor (let i = 1; i <= 4; i++) {\n    cy.get(\"body\").type(i.toString());\n    cy.wait(100);\n    cy.get(\"body\").type(\" \");\n    cy.wait(100);\n}\n// Monitor FPS\ncy.assertMinFPS(30, 1500);\ncy.log(\"✅ Maintains FPS during intense combat\");\ncy.returnToIntro();",
                  "err": {},
                  "uuid": "693f0834-4621-4011-9b34-70e65327eba6",
                  "parentUUID": "d732ad91-dccf-4bae-b52e-18c58d900f20",
                  "isHook": false,
                  "skipped": false
                },
                {
                  "title": "should handle rapid stance transitions without FPS drops",
                  "fullTitle": "Black Trigram - Three.js Performance CombatScreen FPS Performance should handle rapid stance transitions without FPS drops",
                  "timedOut": null,
                  "duration": 5894,
                  "state": "passed",
                  "speed": "medium",
                  "pass": true,
                  "fail": false,
                  "pending": false,
                  "context": null,
                  "code": "cy.annotate(\"Testing FPS during rapid stance changes\");\ncy.enterCombatMode();\ncy.wrap(Date.now()).then((startTime) => {\n    // Rapid stance cycling\n    cy.gameActions([\"1\", \"2\", \"3\", \"4\", \"5\", \"6\", \"7\", \"8\"]);\n    cy.gameActions([\"8\", \"7\", \"6\", \"5\", \"4\", \"3\", \"2\", \"1\"]);\n    cy.wrap(Date.now() - startTime).then((duration) => {\n        // Should complete quickly\n        expect(duration).to.be.lessThan(3000);\n        cy.task(\"logPerformance\", {\n            name: \"Rapid Stance Transitions\",\n            duration,\n        });\n    });\n});\n// Monitor FPS after rapid changes\ncy.assertMinFPS(35, 1000);\ncy.returnToIntro();",
                  "err": {},
                  "uuid": "30a256df-e312-4c29-b099-595a88be9613",
                  "parentUUID": "d732ad91-dccf-4bae-b52e-18c58d900f20",
                  "isHook": false,
                  "skipped": false
                }
              ],
              "suites": [],
              "passes": [
                "4c8803dc-b42e-4960-b766-499e465b7060",
                "25bdf301-865c-4bd1-8a74-881b939e0e4b",
                "693f0834-4621-4011-9b34-70e65327eba6",
                "30a256df-e312-4c29-b099-595a88be9613"
              ],
              "failures": [],
              "pending": [],
              "skipped": [],
              "duration": 23830,
              "root": false,
              "rootEmpty": false,
              "_timeout": 2000
            },
            {
              "uuid": "14a0310c-c595-4823-a7f8-f64958a41a74",
              "title": "TrainingScreen FPS Performance",
              "fullFile": "",
              "file": "",
              "beforeHooks": [],
              "afterHooks": [],
              "tests": [
                {
                  "title": "should maintain smooth FPS in training mode",
                  "fullTitle": "Black Trigram - Three.js Performance TrainingScreen FPS Performance should maintain smooth FPS in training mode",
                  "timedOut": null,
                  "duration": 13941,
                  "state": "passed",
                  "speed": "slow",
                  "pass": true,
                  "fail": false,
                  "pending": false,
                  "context": null,
                  "code": "cy.annotate(\"Testing TrainingScreen FPS performance\");\ncy.enterTrainingMode();\ncy.get('[data-testid=\"training-screen\"]').should(\"exist\");\n// Monitor FPS during training\ncy.assertMinFPS(40, 2000);\ncy.log(\"✅ Training maintains acceptable FPS\");\ncy.returnToIntro();",
                  "err": {},
                  "uuid": "bb83b687-c141-4899-a81b-4a899f4f2f89",
                  "parentUUID": "14a0310c-c595-4823-a7f8-f64958a41a74",
                  "isHook": false,
                  "skipped": false
                },
                {
                  "title": "should maintain FPS during training exercises",
                  "fullTitle": "Black Trigram - Three.js Performance TrainingScreen FPS Performance should maintain FPS during training exercises",
                  "timedOut": null,
                  "duration": 13928,
                  "state": "passed",
                  "speed": "slow",
                  "pass": true,
                  "fail": false,
                  "pending": false,
                  "context": null,
                  "code": "cy.annotate(\"Testing FPS during training exercises\");\ncy.enterTrainingMode();\n// Practice multiple stances\ncy.practiceStance(1, 2);\ncy.practiceStance(3, 2);\ncy.practiceStance(5, 2);\n// Monitor FPS\ncy.assertMinFPS(35, 1500);\ncy.log(\"✅ Training exercises maintain FPS\");\ncy.returnToIntro();",
                  "err": {},
                  "uuid": "f763818a-e0e8-4fcb-ae05-d72e16f16168",
                  "parentUUID": "14a0310c-c595-4823-a7f8-f64958a41a74",
                  "isHook": false,
                  "skipped": false
                }
              ],
              "suites": [],
              "passes": [
                "bb83b687-c141-4899-a81b-4a899f4f2f89",
                "f763818a-e0e8-4fcb-ae05-d72e16f16168"
              ],
              "failures": [],
              "pending": [],
              "skipped": [],
              "duration": 27869,
              "root": false,
              "rootEmpty": false,
              "_timeout": 2000
            },
            {
              "uuid": "a22cdf64-cb6f-4b3b-83c5-bfdabe678ed8",
              "title": "Scene Transition Performance",
              "fullFile": "",
              "file": "",
              "beforeHooks": [],
              "afterHooks": [],
              "tests": [
                {
                  "title": "should maintain FPS during screen transitions",
                  "fullTitle": "Black Trigram - Three.js Performance Scene Transition Performance should maintain FPS during screen transitions",
                  "timedOut": null,
                  "duration": 5917,
                  "state": "passed",
                  "speed": "medium",
                  "pass": true,
                  "fail": false,
                  "pending": false,
                  "context": null,
                  "code": "cy.annotate(\"Testing FPS during scene transitions\");\ncy.wrap(Date.now()).then((startTime) => {\n    // Multiple transitions\n    cy.enterCombatMode();\n    cy.wait(500);\n    cy.returnToIntro();\n    cy.wait(500);\n    cy.enterTrainingMode();\n    cy.wait(500);\n    cy.returnToIntro();\n    cy.wait(500);\n    cy.wrap(Date.now() - startTime).then((duration) => {\n        cy.task(\"logPerformance\", {\n            name: \"Scene Transitions\",\n            duration,\n        });\n        // Should complete in reasonable time\n        expect(duration).to.be.lessThan(8000);\n        cy.log(`✅ Scene transitions completed in ${duration}ms`);\n    });\n});\n// Verify FPS is stable after transitions\ncy.assertMinFPS(40, 1500);",
                  "err": {},
                  "uuid": "b6d4f90a-0e57-40c0-b619-31191ea3a85b",
                  "parentUUID": "a22cdf64-cb6f-4b3b-83c5-bfdabe678ed8",
                  "isHook": false,
                  "skipped": false
                },
                {
                  "title": "should handle rapid screen transitions",
                  "fullTitle": "Black Trigram - Three.js Performance Scene Transition Performance should handle rapid screen transitions",
                  "timedOut": null,
                  "duration": 7223,
                  "state": "passed",
                  "speed": "medium",
                  "pass": true,
                  "fail": false,
                  "pending": false,
                  "context": null,
                  "code": "cy.annotate(\"Testing rapid screen transitions\");\ncy.wrap(Date.now()).then((startTime) => {\n    // Rapid navigation\n    for (let i = 0; i < 3; i++) {\n        cy.gameActions([\"1\"]); // Combat\n        cy.wait(300);\n        cy.gameActions([\"{esc}\"]); // Back\n        cy.wait(300);\n    }\n    cy.wrap(Date.now() - startTime).then((duration) => {\n        // Should handle rapid transitions\n        expect(duration).to.be.lessThan(6000);\n        cy.task(\"logPerformance\", {\n            name: \"Rapid Screen Transitions\",\n            duration,\n        });\n    });\n});\n// Verify no performance degradation\ncy.assertMinFPS(35, 1000);",
                  "err": {},
                  "uuid": "905ae2c0-6dd9-4402-846a-0062b4c9d227",
                  "parentUUID": "a22cdf64-cb6f-4b3b-83c5-bfdabe678ed8",
                  "isHook": false,
                  "skipped": false
                }
              ],
              "suites": [],
              "passes": [
                "b6d4f90a-0e57-40c0-b619-31191ea3a85b",
                "905ae2c0-6dd9-4402-846a-0062b4c9d227"
              ],
              "failures": [],
              "pending": [],
              "skipped": [],
              "duration": 13140,
              "root": false,
              "rootEmpty": false,
              "_timeout": 2000
            },
            {
              "uuid": "cfed23b0-a5ac-49c5-aec1-7e8dacced3ef",
              "title": "Canvas Rendering Verification",
              "fullFile": "",
              "file": "",
              "beforeHooks": [],
              "afterHooks": [],
              "tests": [
                {
                  "title": "should verify canvas is actively rendering on intro",
                  "fullTitle": "Black Trigram - Three.js Performance Canvas Rendering Verification should verify canvas is actively rendering on intro",
                  "timedOut": null,
                  "duration": 8827,
                  "state": "passed",
                  "speed": "medium",
                  "pass": true,
                  "fail": false,
                  "pending": false,
                  "context": null,
                  "code": "cy.annotate(\"Testing canvas rendering on intro\");\ncy.get(\"canvas\").should(\"be.visible\");\ncy.assertCanvasRendering(1000);\ncy.log(\"✅ Canvas is actively rendering\");",
                  "err": {},
                  "uuid": "53835b32-b8cf-4ed2-be75-b378598522d1",
                  "parentUUID": "cfed23b0-a5ac-49c5-aec1-7e8dacced3ef",
                  "isHook": false,
                  "skipped": false
                },
                {
                  "title": "should verify canvas renders in combat mode",
                  "fullTitle": "Black Trigram - Three.js Performance Canvas Rendering Verification should verify canvas renders in combat mode",
                  "timedOut": null,
                  "duration": 5982,
                  "state": "passed",
                  "speed": "medium",
                  "pass": true,
                  "fail": false,
                  "pending": false,
                  "context": null,
                  "code": "cy.annotate(\"Testing canvas rendering in combat\");\ncy.enterCombatMode();\ncy.get(\"canvas\").should(\"be.visible\");\ncy.assertCanvasRendering(1000);\ncy.log(\"✅ Combat canvas is rendering\");\ncy.returnToIntro();",
                  "err": {},
                  "uuid": "5e07704b-f1d2-4edf-aef9-e0f2dadbaad5",
                  "parentUUID": "cfed23b0-a5ac-49c5-aec1-7e8dacced3ef",
                  "isHook": false,
                  "skipped": false
                },
                {
                  "title": "should verify canvas renders in training mode",
                  "fullTitle": "Black Trigram - Three.js Performance Canvas Rendering Verification should verify canvas renders in training mode",
                  "timedOut": null,
                  "duration": 13968,
                  "state": "passed",
                  "speed": "slow",
                  "pass": true,
                  "fail": false,
                  "pending": false,
                  "context": null,
                  "code": "cy.annotate(\"Testing canvas rendering in training\");\ncy.enterTrainingMode();\ncy.get(\"canvas\").should(\"be.visible\");\ncy.assertCanvasRendering(1000);\ncy.log(\"✅ Training canvas is rendering\");\ncy.returnToIntro();",
                  "err": {},
                  "uuid": "7efb76d8-9c53-4ad6-87cc-59eede31f643",
                  "parentUUID": "cfed23b0-a5ac-49c5-aec1-7e8dacced3ef",
                  "isHook": false,
                  "skipped": false
                }
              ],
              "suites": [],
              "passes": [
                "53835b32-b8cf-4ed2-be75-b378598522d1",
                "5e07704b-f1d2-4edf-aef9-e0f2dadbaad5",
                "7efb76d8-9c53-4ad6-87cc-59eede31f643"
              ],
              "failures": [],
              "pending": [],
              "skipped": [],
              "duration": 28777,
              "root": false,
              "rootEmpty": false,
              "_timeout": 2000
            },
            {
              "uuid": "85cdf85c-8af8-49eb-bfbd-3d57c5447c25",
              "title": "Memory Management",
              "fullFile": "",
              "file": "",
              "beforeHooks": [],
              "afterHooks": [],
              "tests": [
                {
                  "title": "should not have significant memory leaks on intro screen",
                  "fullTitle": "Black Trigram - Three.js Performance Memory Management should not have significant memory leaks on intro screen",
                  "timedOut": null,
                  "duration": 6910,
                  "state": "passed",
                  "speed": "medium",
                  "pass": true,
                  "fail": false,
                  "pending": false,
                  "context": null,
                  "code": "cy.annotate(\"Testing memory management on intro\");\ncy.assertNoMemoryLeaks(3000);\ncy.log(\"✅ No significant memory leaks detected\");",
                  "err": {},
                  "uuid": "08ffbabe-cb81-49f4-9fb6-651fa73095ee",
                  "parentUUID": "85cdf85c-8af8-49eb-bfbd-3d57c5447c25",
                  "isHook": false,
                  "skipped": false
                },
                {
                  "title": "should manage memory during screen transitions",
                  "fullTitle": "Black Trigram - Three.js Performance Memory Management should manage memory during screen transitions",
                  "timedOut": null,
                  "duration": 5908,
                  "state": "passed",
                  "speed": "medium",
                  "pass": true,
                  "fail": false,
                  "pending": false,
                  "context": null,
                  "code": "cy.annotate(\"Testing memory during transitions\");\n// Multiple transitions to check for leaks\ncy.enterCombatMode();\ncy.wait(500);\ncy.returnToIntro();\ncy.wait(500);\ncy.enterTrainingMode();\ncy.wait(500);\ncy.returnToIntro();\ncy.wait(500);\ncy.assertNoMemoryLeaks(2000);\ncy.log(\"✅ Memory managed correctly during transitions\");",
                  "err": {},
                  "uuid": "86ef3deb-ded0-45c8-b5ac-bffd157208bf",
                  "parentUUID": "85cdf85c-8af8-49eb-bfbd-3d57c5447c25",
                  "isHook": false,
                  "skipped": false
                },
                {
                  "title": "should manage memory during extended gameplay",
                  "fullTitle": "Black Trigram - Three.js Performance Memory Management should manage memory during extended gameplay",
                  "timedOut": null,
                  "duration": 5922,
                  "state": "passed",
                  "speed": "medium",
                  "pass": true,
                  "fail": false,
                  "pending": false,
                  "context": null,
                  "code": "cy.annotate(\"Testing memory during extended gameplay\");\ncy.enterCombatMode();\n// Extended combat simulation\nfor (let i = 0; i < 3; i++) {\n    cy.gameActions([\"1\", \" \", \"w\", \"a\", \"s\", \"d\"]);\n    cy.wait(300);\n}\ncy.assertNoMemoryLeaks(2000);\ncy.returnToIntro();\ncy.log(\"✅ Memory managed during extended gameplay\");",
                  "err": {},
                  "uuid": "fbb38606-493f-452a-ba99-e69f28605f28",
                  "parentUUID": "85cdf85c-8af8-49eb-bfbd-3d57c5447c25",
                  "isHook": false,
                  "skipped": false
                }
              ],
              "suites": [],
              "passes": [
                "08ffbabe-cb81-49f4-9fb6-651fa73095ee",
                "86ef3deb-ded0-45c8-b5ac-bffd157208bf",
                "fbb38606-493f-452a-ba99-e69f28605f28"
              ],
              "failures": [],
              "pending": [],
              "skipped": [],
              "duration": 18740,
              "root": false,
              "rootEmpty": false,
              "_timeout": 2000
            },
            {
              "uuid": "64bac5ec-d09d-40ff-9ee8-fb240f3f10d6",
              "title": "Performance Under Load",
              "fullFile": "",
              "file": "",
              "beforeHooks": [],
              "afterHooks": [],
              "tests": [
                {
                  "title": "should handle multiple rapid inputs without degradation",
                  "fullTitle": "Black Trigram - Three.js Performance Performance Under Load should handle multiple rapid inputs without degradation",
                  "timedOut": null,
                  "duration": 5959,
                  "state": "passed",
                  "speed": "medium",
                  "pass": true,
                  "fail": false,
                  "pending": false,
                  "context": null,
                  "code": "cy.annotate(\"Testing performance under input load\");\ncy.enterCombatMode();\ncy.wrap(Date.now()).then((startTime) => {\n    // Simulate rapid player inputs\n    for (let i = 0; i < 5; i++) {\n        cy.gameActions([\"w\", \"a\", \"s\", \"d\", \"1\", \"2\", \"3\", \" \"]);\n    }\n    cy.wrap(Date.now() - startTime).then((duration) => {\n        cy.task(\"logPerformance\", {\n            name: \"Rapid Input Load\",\n            duration,\n        });\n        expect(duration).to.be.lessThan(10000);\n    });\n});\n// Verify FPS is still acceptable\ncy.assertMinFPS(30, 1500);\ncy.returnToIntro();",
                  "err": {},
                  "uuid": "af4a962d-465b-48a5-86a3-c3be5dfdc2c2",
                  "parentUUID": "64bac5ec-d09d-40ff-9ee8-fb240f3f10d6",
                  "isHook": false,
                  "skipped": false
                },
                {
                  "title": "should maintain performance during extended session",
                  "fullTitle": "Black Trigram - Three.js Performance Performance Under Load should maintain performance during extended session",
                  "timedOut": null,
                  "duration": 5971,
                  "state": "passed",
                  "speed": "medium",
                  "pass": true,
                  "fail": false,
                  "pending": false,
                  "context": null,
                  "code": "cy.annotate(\"Testing extended session performance\");\ncy.wrap(Date.now()).then((startTime) => {\n    // Enter combat and perform extended actions\n    cy.enterCombatMode();\n    for (let round = 0; round < 2; round++) {\n        // Stance practice\n        for (let stance = 1; stance <= 4; stance++) {\n            cy.get(\"body\").type(stance.toString());\n            cy.wait(100);\n            cy.get(\"body\").type(\" \");\n            cy.wait(100);\n        }\n        // Movement\n        cy.gameActions([\"w\", \"w\", \"s\", \"s\", \"a\", \"a\", \"d\", \"d\"]);\n        cy.wait(300);\n    }\n    cy.wrap(Date.now() - startTime).then((sessionDuration) => {\n        cy.task(\"logPerformance\", {\n            name: \"Extended Session\",\n            duration: sessionDuration,\n        });\n    });\n});\n// Performance should still be acceptable\ncy.assertMinFPS(30, 1500);\ncy.returnToIntro();",
                  "err": {},
                  "uuid": "cc640151-2e51-4c4c-823c-7ae5ca919354",
                  "parentUUID": "64bac5ec-d09d-40ff-9ee8-fb240f3f10d6",
                  "isHook": false,
                  "skipped": false
                }
              ],
              "suites": [],
              "passes": [
                "af4a962d-465b-48a5-86a3-c3be5dfdc2c2",
                "cc640151-2e51-4c4c-823c-7ae5ca919354"
              ],
              "failures": [],
              "pending": [],
              "skipped": [],
              "duration": 11930,
              "root": false,
              "rootEmpty": false,
              "_timeout": 2000
            },
            {
              "uuid": "b84acd3d-0bb3-4972-b227-d3019cadfcfb",
              "title": "Performance Benchmarks",
              "fullFile": "",
              "file": "",
              "beforeHooks": [],
              "afterHooks": [],
              "tests": [
                {
                  "title": "should benchmark intro screen load time",
                  "fullTitle": "Black Trigram - Three.js Performance Performance Benchmarks should benchmark intro screen load time",
                  "timedOut": null,
                  "duration": 7648,
                  "state": "passed",
                  "speed": "medium",
                  "pass": true,
                  "fail": false,
                  "pending": false,
                  "context": null,
                  "code": "cy.annotate(\"Benchmarking intro screen load\");\ncy.wrap(Date.now()).then((startTime) => {\n    cy.visitWithWebGLMock(\"/\", { timeout: 12000 });\n    cy.waitForCanvasReady();\n    cy.get('[data-testid=\"intro-screen\"]').should(\"exist\");\n    cy.wrap(Date.now() - startTime).then((loadTime) => {\n        cy.task(\"logPerformance\", {\n            name: \"Intro Screen Load Benchmark\",\n            duration: loadTime,\n        });\n        // Should load within 5 seconds\n        expect(loadTime).to.be.lessThan(5000);\n        cy.log(`✅ Intro loaded in ${loadTime}ms`);\n    });\n});",
                  "err": {},
                  "uuid": "7df1e6f5-4cd6-4ee3-bdf6-6544be281934",
                  "parentUUID": "b84acd3d-0bb3-4972-b227-d3019cadfcfb",
                  "isHook": false,
                  "skipped": false
                },
                {
                  "title": "should benchmark combat screen transition time",
                  "fullTitle": "Black Trigram - Three.js Performance Performance Benchmarks should benchmark combat screen transition time",
                  "timedOut": null,
                  "duration": 5854,
                  "state": "passed",
                  "speed": "medium",
                  "pass": true,
                  "fail": false,
                  "pending": false,
                  "context": null,
                  "code": "cy.annotate(\"Benchmarking combat transition\");\ncy.wrap(Date.now()).then((startTime) => {\n    cy.enterCombatMode();\n    cy.get('[data-testid=\"combat-screen\"]').should(\"exist\");\n    cy.wrap(Date.now() - startTime).then((transitionTime) => {\n        cy.task(\"logPerformance\", {\n            name: \"Combat Transition Benchmark\",\n            duration: transitionTime,\n        });\n        // Should transition within 3 seconds\n        expect(transitionTime).to.be.lessThan(3000);\n        cy.log(`✅ Combat transition in ${transitionTime}ms`);\n    });\n});\ncy.returnToIntro();",
                  "err": {},
                  "uuid": "64b18d33-f549-4a47-a5a0-4bb5efe3764c",
                  "parentUUID": "b84acd3d-0bb3-4972-b227-d3019cadfcfb",
                  "isHook": false,
                  "skipped": false
                },
                {
                  "title": "should benchmark training screen transition time",
                  "fullTitle": "Black Trigram - Three.js Performance Performance Benchmarks should benchmark training screen transition time",
                  "timedOut": null,
                  "duration": 13841,
                  "state": "passed",
                  "speed": "slow",
                  "pass": true,
                  "fail": false,
                  "pending": false,
                  "context": null,
                  "code": "cy.annotate(\"Benchmarking training transition\");\ncy.wrap(Date.now()).then((startTime) => {\n    cy.enterTrainingMode();\n    cy.get('[data-testid=\"training-screen\"]').should(\"exist\");\n    cy.wrap(Date.now() - startTime).then((transitionTime) => {\n        cy.task(\"logPerformance\", {\n            name: \"Training Transition Benchmark\",\n            duration: transitionTime,\n        });\n        // Should transition within 3 seconds\n        expect(transitionTime).to.be.lessThan(3000);\n        cy.log(`✅ Training transition in ${transitionTime}ms`);\n    });\n});\ncy.returnToIntro();",
                  "err": {},
                  "uuid": "6ae3d460-3037-42b3-bd12-6ae4bc052fb2",
                  "parentUUID": "b84acd3d-0bb3-4972-b227-d3019cadfcfb",
                  "isHook": false,
                  "skipped": false
                }
              ],
              "suites": [],
              "passes": [
                "7df1e6f5-4cd6-4ee3-bdf6-6544be281934",
                "64b18d33-f549-4a47-a5a0-4bb5efe3764c",
                "6ae3d460-3037-42b3-bd12-6ae4bc052fb2"
              ],
              "failures": [],
              "pending": [],
              "skipped": [],
              "duration": 27343,
              "root": false,
              "rootEmpty": false,
              "_timeout": 2000
            }
          ],
          "passes": [],
          "failures": [],
          "pending": [],
          "skipped": [],
          "duration": 0,
          "root": false,
          "rootEmpty": false,
          "_timeout": 2000
        }
      ],
      "passes": [],
      "failures": [],
      "pending": [],
      "skipped": [],
      "duration": 0,
      "root": true,
      "rootEmpty": true,
      "_timeout": 2000
    }
  ],
  "meta": {
    "mocha": {
      "version": "7.2.0"
    },
    "mochawesome": {
      "options": {
        "quiet": false,
        "reportFilename": "mochawesome",
        "saveHtml": true,
        "saveJson": true,
        "consoleReporter": "spec",
        "useInlineDiffs": false,
        "code": true
      },
      "version": "7.1.4"
    },
    "marge": {
      "options": {
        "id": "default",
        "reportDir": "build/cypress/mochawesome",
        "overwrite": false,
        "html": true,
        "json": true,
        "code": true,
        "timestamp": "mmddyyyy_HHMMss",
        "charts": true,
        "showHooks": "failed",
        "embeddedScreenshots": true
      },
      "version": "6.3.2"
    }
  }
}