{
  "stats": {
    "suites": 1,
    "tests": 2,
    "passes": 2,
    "pending": 0,
    "failures": 0,
    "start": "2026-07-30T14:02:14.662Z",
    "end": "2026-07-30T14:02:41.769Z",
    "duration": 27107,
    "testsRegistered": 2,
    "passPercent": 100,
    "pendingPercent": 0,
    "other": 0,
    "hasOther": false,
    "skipped": 0,
    "hasSkipped": false
  },
  "results": [
    {
      "uuid": "a0064104-bb4a-45d5-93ee-c0221ef6c3bb",
      "title": "",
      "fullFile": "cypress/e2e/performance/mobile-performance.cy.ts",
      "file": "cypress/e2e/performance/mobile-performance.cy.ts",
      "beforeHooks": [],
      "afterHooks": [],
      "tests": [],
      "suites": [
        {
          "uuid": "ef41091b-d201-4cbe-8e9d-8d47ceebc94d",
          "title": "Mobile Performance Optimization (Target: 45s)",
          "fullFile": "",
          "file": "",
          "beforeHooks": [],
          "afterHooks": [],
          "tests": [
            {
              "title": "should integrate adaptive quality system during 30-second mobile combat session",
              "fullTitle": "Mobile Performance Optimization (Target: 45s) should integrate adaptive quality system during 30-second mobile combat session",
              "timedOut": null,
              "duration": 16449,
              "state": "passed",
              "speed": "slow",
              "pass": true,
              "fail": false,
              "pending": false,
              "context": null,
              "code": "cy.annotate(\"Testing Mobile Performance Integration\");\n// ============================================================\n// 1. Verify Combat on Mobile Viewport\n// ============================================================\ncy.log(\"1️⃣ Verifying combat on mobile viewport (375x667)\");\n(0,_support_test_helpers__WEBPACK_IMPORTED_MODULE_0__.verifyCombatScreenReady)();\n(0,_support_test_helpers__WEBPACK_IMPORTED_MODULE_0__.verifyCanvasExists)();\n// ============================================================\n// 2. 30-Second Combat Session with Actions\n// ============================================================\ncy.log(\"2️⃣ Starting 30-second combat session with active gameplay\");\n// Cycle through stances\n(0,_support_test_helpers__WEBPACK_IMPORTED_MODULE_0__.waitForTransition)(500);\n(0,_support_test_helpers__WEBPACK_IMPORTED_MODULE_0__.changeStance)(1, \"Geon\");\n(0,_support_test_helpers__WEBPACK_IMPORTED_MODULE_0__.waitForTransition)(500);\n(0,_support_test_helpers__WEBPACK_IMPORTED_MODULE_0__.changeStance)(3, \"Li\");\n(0,_support_test_helpers__WEBPACK_IMPORTED_MODULE_0__.waitForTransition)(500);\n// Attack sequence\ncy.get(\"body\").type(\" \"); // Attack\n(0,_support_test_helpers__WEBPACK_IMPORTED_MODULE_0__.waitForTransition)(1000);\ncy.get(\"body\").type(\" \"); // Attack\n(0,_support_test_helpers__WEBPACK_IMPORTED_MODULE_0__.waitForTransition)(1000);\n// Movement and more stances\ncy.get(\"body\").type(\"w\"); // Move forward\ncy.wait(500);\ncy.get(\"body\").type(\"2\"); // Switch stance\ncy.wait(500);\ncy.get(\"body\").type(\" \"); // Attack\ncy.wait(1000);\n// Final combat sequence\ncy.get(\"body\").type(\"6\"); // Switch stance\ncy.wait(500);\ncy.get(\"body\").type(\" \"); // Attack\ncy.wait(1000);\ncy.log(\"✅ 30-second combat session complete\");\ncy.log(\"ℹ️ Adaptive quality system integrated and active\");",
              "err": {},
              "uuid": "bdeeca89-d0f7-4a97-bbec-5063addd6eb1",
              "parentUUID": "ef41091b-d201-4cbe-8e9d-8d47ceebc94d",
              "isHook": false,
              "skipped": false
            },
            {
              "title": "should verify adaptive quality system is integrated",
              "fullTitle": "Mobile Performance Optimization (Target: 45s) should verify adaptive quality system is integrated",
              "timedOut": null,
              "duration": 9669,
              "state": "passed",
              "speed": "medium",
              "pass": true,
              "fail": false,
              "pending": false,
              "context": null,
              "code": "cy.annotate(\"Testing Adaptive Quality System Integration\");\n// Enter combat\ncy.log(\"1️⃣ Entering combat to verify adaptive quality\");\ncy.enterCombatMode();\n// Verify combat screen rendered\ncy.get('[data-testid=\"combat-screen\"]').should(\"exist\");\n// Wait for system to be active\ncy.wait(2000);\n// Perform actions\ncy.get(\"body\").type(\" \"); // Attack\ncy.wait(1000);\ncy.get(\"body\").type(\" \");\ncy.wait(1000);\ncy.log(\"✅ Adaptive quality system integration verified\");\ncy.log(\"ℹ️ System monitors FPS and adjusts quality automatically\");",
              "err": {},
              "uuid": "9cb7c78c-7b85-4372-8a98-d544ae5679b2",
              "parentUUID": "ef41091b-d201-4cbe-8e9d-8d47ceebc94d",
              "isHook": false,
              "skipped": false
            }
          ],
          "suites": [],
          "passes": [
            "bdeeca89-d0f7-4a97-bbec-5063addd6eb1",
            "9cb7c78c-7b85-4372-8a98-d544ae5679b2"
          ],
          "failures": [],
          "pending": [],
          "skipped": [],
          "duration": 26118,
          "root": false,
          "rootEmpty": false,
          "_timeout": 2000
        }
      ],
      "passes": [],
      "failures": [],
      "pending": [],
      "skipped": [],
      "duration": 0,
      "root": true,
      "rootEmpty": true,
      "_timeout": 2000
    }
  ],
  "meta": {
    "mocha": {
      "version": "7.2.0"
    },
    "mochawesome": {
      "options": {
        "quiet": false,
        "reportFilename": "mochawesome",
        "saveHtml": true,
        "saveJson": true,
        "consoleReporter": "spec",
        "useInlineDiffs": false,
        "code": true
      },
      "version": "8.0.0"
    },
    "marge": {
      "options": {
        "id": "default",
        "reportDir": "build/cypress/mochawesome",
        "overwrite": false,
        "html": true,
        "json": true,
        "code": true,
        "timestamp": "mmddyyyy_HHMMss",
        "charts": true,
        "showHooks": "failed",
        "embeddedScreenshots": true
      },
      "version": "6.3.2"
    }
  }
}