{
  "stats": {
    "suites": 8,
    "tests": 14,
    "passes": 14,
    "pending": 0,
    "failures": 0,
    "start": "2025-11-25T05:15:23.883Z",
    "end": "2025-11-25T05:18:55.901Z",
    "duration": 212018,
    "testsRegistered": 14,
    "passPercent": 100,
    "pendingPercent": 0,
    "other": 0,
    "hasOther": false,
    "skipped": 0,
    "hasSkipped": false
  },
  "results": [
    {
      "uuid": "5349c71d-d1df-4a0f-9839-45c3f55af573",
      "title": "",
      "fullFile": "cypress/e2e/three-korean-martial-arts.cy.ts",
      "file": "cypress/e2e/three-korean-martial-arts.cy.ts",
      "beforeHooks": [],
      "afterHooks": [],
      "tests": [],
      "suites": [
        {
          "uuid": "01102eed-9223-450f-8b5c-05e354e75058",
          "title": "Black Trigram - Three.js Korean Martial Arts",
          "fullFile": "",
          "file": "",
          "beforeHooks": [],
          "afterHooks": [],
          "tests": [],
          "suites": [
            {
              "uuid": "810bb64e-2eba-47c0-b1e1-3148b1a5fa63",
              "title": "Three.js Canvas Rendering",
              "fullFile": "",
              "file": "",
              "beforeHooks": [],
              "afterHooks": [],
              "tests": [
                {
                  "title": "should render Three.js canvas on intro screen",
                  "fullTitle": "Black Trigram - Three.js Korean Martial Arts Three.js Canvas Rendering should render Three.js canvas on intro screen",
                  "timedOut": null,
                  "duration": 16437,
                  "state": "passed",
                  "speed": "slow",
                  "pass": true,
                  "fail": false,
                  "pending": false,
                  "context": null,
                  "code": "cy.annotate(\"Testing Three.js Canvas on IntroScreen\");\n// Verify canvas exists and is visible\ncy.get(\"canvas\").should(\"exist\").and(\"be.visible\");\n// Check canvas has proper dimensions\ncy.get(\"canvas\").should(($canvas) => {\n    const canvas = $canvas[0];\n    const rect = canvas.getBoundingClientRect();\n    expect(rect.width).to.be.greaterThan(100);\n    expect(rect.height).to.be.greaterThan(100);\n});\n// Verify intro screen data-testid\ncy.get('[data-testid=\"intro-screen\"]').should(\"exist\");\ncy.log(\"✅ Three.js Canvas rendering verified on intro screen\");",
                  "err": {},
                  "uuid": "30d4f304-190c-44d8-b634-5b9f2adede39",
                  "parentUUID": "810bb64e-2eba-47c0-b1e1-3148b1a5fa63",
                  "isHook": false,
                  "skipped": false
                },
                {
                  "title": "should render Three.js canvas on combat screen",
                  "fullTitle": "Black Trigram - Three.js Korean Martial Arts Three.js Canvas Rendering should render Three.js canvas on combat screen",
                  "timedOut": null,
                  "duration": 12858,
                  "state": "passed",
                  "speed": "slow",
                  "pass": true,
                  "fail": false,
                  "pending": false,
                  "context": null,
                  "code": "cy.annotate(\"Testing Three.js Canvas on CombatScreen3D\");\ncy.enterCombatMode();\n// Verify canvas exists and is visible\ncy.get(\"canvas\").should(\"exist\").and(\"be.visible\");\n// Verify combat screen data-testid\ncy.get('[data-testid=\"combat-screen\"]').should(\"exist\");\ncy.log(\"✅ Three.js Canvas rendering verified on combat screen\");",
                  "err": {},
                  "uuid": "2b45122e-a499-4289-a2ad-4cdc28617ab8",
                  "parentUUID": "810bb64e-2eba-47c0-b1e1-3148b1a5fa63",
                  "isHook": false,
                  "skipped": false
                },
                {
                  "title": "should render Three.js canvas on training screen",
                  "fullTitle": "Black Trigram - Three.js Korean Martial Arts Three.js Canvas Rendering should render Three.js canvas on training screen",
                  "timedOut": null,
                  "duration": 20296,
                  "state": "passed",
                  "speed": "slow",
                  "pass": true,
                  "fail": false,
                  "pending": false,
                  "context": null,
                  "code": "cy.annotate(\"Testing Three.js Canvas on TrainingScreen3D\");\ncy.enterTrainingMode();\n// Verify canvas exists and is visible\ncy.get(\"canvas\").should(\"exist\").and(\"be.visible\");\n// Verify training screen data-testid\ncy.get('[data-testid=\"training-screen\"]').should(\"exist\");\ncy.log(\"✅ Three.js Canvas rendering verified on training screen\");",
                  "err": {},
                  "uuid": "bf99ff8c-8c5f-4193-a717-a78f5c1b2537",
                  "parentUUID": "810bb64e-2eba-47c0-b1e1-3148b1a5fa63",
                  "isHook": false,
                  "skipped": false
                }
              ],
              "suites": [],
              "passes": [
                "30d4f304-190c-44d8-b634-5b9f2adede39",
                "2b45122e-a499-4289-a2ad-4cdc28617ab8",
                "bf99ff8c-8c5f-4193-a717-a78f5c1b2537"
              ],
              "failures": [],
              "pending": [],
              "skipped": [],
              "duration": 49591,
              "root": false,
              "rootEmpty": false,
              "_timeout": 2000
            },
            {
              "uuid": "46dd14b2-053e-44a0-b0f5-1c1146186230",
              "title": "Html Overlays on Three.js Canvas",
              "fullFile": "",
              "file": "",
              "beforeHooks": [],
              "afterHooks": [],
              "tests": [
                {
                  "title": "should display Html menu buttons overlay on intro",
                  "fullTitle": "Black Trigram - Three.js Korean Martial Arts Html Overlays on Three.js Canvas should display Html menu buttons overlay on intro",
                  "timedOut": null,
                  "duration": 15203,
                  "state": "passed",
                  "speed": "slow",
                  "pass": true,
                  "fail": false,
                  "pending": false,
                  "context": null,
                  "code": "cy.annotate(\"Testing Html overlays on IntroScreen\");\n// Verify menu buttons are visible (Html overlays)\ncy.get('[data-testid=\"training-button\"]').should(\"be.visible\");\ncy.get('[data-testid=\"combat-button\"]').should(\"be.visible\");\n// Verify bilingual text (Korean | English)\ncy.get('[data-testid=\"training-button\"]').should(\"contain\", \"훈련\");\ncy.get('[data-testid=\"combat-button\"]').should(\"contain\", \"대전\");\ncy.log(\"✅ Html overlays verified on intro screen\");",
                  "err": {},
                  "uuid": "ad80e418-ea19-4cb1-a615-42afdc300199",
                  "parentUUID": "46dd14b2-053e-44a0-b0f5-1c1146186230",
                  "isHook": false,
                  "skipped": false
                },
                {
                  "title": "should display Html HUD overlay on combat screen",
                  "fullTitle": "Black Trigram - Three.js Korean Martial Arts Html Overlays on Three.js Canvas should display Html HUD overlay on combat screen",
                  "timedOut": null,
                  "duration": 12244,
                  "state": "passed",
                  "speed": "slow",
                  "pass": true,
                  "fail": false,
                  "pending": false,
                  "context": null,
                  "code": "cy.annotate(\"Testing Html HUD overlay on CombatScreen3D\");\ncy.enterCombatMode();\n// Verify combat HUD is visible (Html overlay)\ncy.get('[data-testid=\"combat-hud\"]').should(\"exist\");\n// Verify combat controls\ncy.get(\"body\").then(($body) => {\n    if ($body.find('[data-testid=\"combat-controls\"]').length > 0) {\n        cy.get('[data-testid=\"combat-controls\"]').should(\"exist\");\n        cy.log(\"✅ Combat controls found\");\n    }\n    else {\n        cy.log(\"⚠️ Combat controls not found, but continuing\");\n    }\n});\ncy.log(\"✅ Html HUD overlay verified on combat screen\");",
                  "err": {},
                  "uuid": "32af3618-3940-4805-843a-2c020de20285",
                  "parentUUID": "46dd14b2-053e-44a0-b0f5-1c1146186230",
                  "isHook": false,
                  "skipped": false
                },
                {
                  "title": "should display Html training UI overlay",
                  "fullTitle": "Black Trigram - Three.js Korean Martial Arts Html Overlays on Three.js Canvas should display Html training UI overlay",
                  "timedOut": null,
                  "duration": 20317,
                  "state": "passed",
                  "speed": "slow",
                  "pass": true,
                  "fail": false,
                  "pending": false,
                  "context": null,
                  "code": "cy.annotate(\"Testing Html UI overlay on TrainingScreen3D\");\ncy.enterTrainingMode();\n// Verify training screen exists\ncy.get('[data-testid=\"training-screen\"]').should(\"exist\");\n// Check for training UI elements\ncy.get(\"body\").then(($body) => {\n    if ($body.find('[data-testid=\"training-area\"]').length > 0) {\n        cy.get('[data-testid=\"training-area\"]').should(\"exist\");\n        cy.log(\"✅ Training area found\");\n    }\n    else {\n        cy.log(\"⚠️ Training area not found, but continuing\");\n    }\n});\ncy.log(\"✅ Html UI overlay verified on training screen\");",
                  "err": {},
                  "uuid": "8e3acb1b-e374-4066-81b6-23a5e937ae68",
                  "parentUUID": "46dd14b2-053e-44a0-b0f5-1c1146186230",
                  "isHook": false,
                  "skipped": false
                }
              ],
              "suites": [],
              "passes": [
                "ad80e418-ea19-4cb1-a615-42afdc300199",
                "32af3618-3940-4805-843a-2c020de20285",
                "8e3acb1b-e374-4066-81b6-23a5e937ae68"
              ],
              "failures": [],
              "pending": [],
              "skipped": [],
              "duration": 47764,
              "root": false,
              "rootEmpty": false,
              "_timeout": 2000
            },
            {
              "uuid": "e442e2c8-c30f-4dce-8843-e8553bed409d",
              "title": "Korean Martial Arts Theming",
              "fullFile": "",
              "file": "",
              "beforeHooks": [],
              "afterHooks": [],
              "tests": [
                {
                  "title": "should display Korean cyberpunk colors and theming",
                  "fullTitle": "Black Trigram - Three.js Korean Martial Arts Korean Martial Arts Theming should display Korean cyberpunk colors and theming",
                  "timedOut": null,
                  "duration": 15295,
                  "state": "passed",
                  "speed": "slow",
                  "pass": true,
                  "fail": false,
                  "pending": false,
                  "context": null,
                  "code": "cy.annotate(\"Testing Korean cyberpunk aesthetic\");\n// Check for Korean text throughout the UI\ncy.get(\"body\").then(($body) => {\n    const text = $body.text();\n    const hasKorean = /[가-힣]/.test(text);\n    expect(hasKorean).to.be.true;\n    cy.log(\"✅ Korean text found in UI\");\n});\n// Verify bilingual menu items\ncy.get('[data-testid=\"training-button\"]').should(\"contain\", \"훈련\").and(\"contain\", \"Training\");\ncy.get('[data-testid=\"combat-button\"]').should(\"contain\", \"대전\").and(\"contain\", \"Combat\");\ncy.log(\"✅ Korean martial arts theming verified\");",
                  "err": {},
                  "uuid": "521d3682-e7df-4cff-96ee-6d9e93a7f0f9",
                  "parentUUID": "e442e2c8-c30f-4dce-8843-e8553bed409d",
                  "isHook": false,
                  "skipped": false
                },
                {
                  "title": "should display eight trigram stances in combat",
                  "fullTitle": "Black Trigram - Three.js Korean Martial Arts Korean Martial Arts Theming should display eight trigram stances in combat",
                  "timedOut": null,
                  "duration": 12257,
                  "state": "passed",
                  "speed": "slow",
                  "pass": true,
                  "fail": false,
                  "pending": false,
                  "context": null,
                  "code": "cy.annotate(\"Testing eight trigram stance system\");\ncy.enterCombatMode();\n// Test stance changes (1-8 keys for trigram stances)\nfor (let i = 1; i <= 8; i++) {\n    cy.get(\"body\").type(i.toString());\n    cy.wait(100);\n    // Verify combat screen still exists\n    if (i % 4 === 0) {\n        cy.get('[data-testid=\"combat-screen\"]').should(\"exist\");\n    }\n}\ncy.log(\"✅ Eight trigram stances tested\");",
                  "err": {},
                  "uuid": "e0183ca1-a18c-4bbb-a02a-f8aa8a1ba06e",
                  "parentUUID": "e442e2c8-c30f-4dce-8843-e8553bed409d",
                  "isHook": false,
                  "skipped": false
                },
                {
                  "title": "should display Korean vital point markers in training",
                  "fullTitle": "Black Trigram - Three.js Korean Martial Arts Korean Martial Arts Theming should display Korean vital point markers in training",
                  "timedOut": null,
                  "duration": 20380,
                  "state": "passed",
                  "speed": "slow",
                  "pass": true,
                  "fail": false,
                  "pending": false,
                  "context": null,
                  "code": "cy.annotate(\"Testing Korean vital point system\");\ncy.enterTrainingMode();\n// Verify training screen exists\ncy.get('[data-testid=\"training-screen\"]').should(\"exist\");\n// Test vital point interactions (if available)\ncy.get(\"body\").then(($body) => {\n    if ($body.find('[data-testid=\"training-dummy\"]').length > 0) {\n        cy.get('[data-testid=\"training-dummy\"]').should(\"exist\");\n        cy.log(\"✅ Training dummy with vital points found\");\n    }\n    else {\n        cy.log(\"⚠️ Training dummy not found in this implementation\");\n    }\n});\ncy.log(\"✅ Vital point system verified\");",
                  "err": {},
                  "uuid": "3cfd8623-219d-4f01-964d-a74f99ed0ab8",
                  "parentUUID": "e442e2c8-c30f-4dce-8843-e8553bed409d",
                  "isHook": false,
                  "skipped": false
                }
              ],
              "suites": [],
              "passes": [
                "521d3682-e7df-4cff-96ee-6d9e93a7f0f9",
                "e0183ca1-a18c-4bbb-a02a-f8aa8a1ba06e",
                "3cfd8623-219d-4f01-964d-a74f99ed0ab8"
              ],
              "failures": [],
              "pending": [],
              "skipped": [],
              "duration": 47932,
              "root": false,
              "rootEmpty": false,
              "_timeout": 2000
            },
            {
              "uuid": "b8420b11-3ddd-4c5e-8ad3-bdd81e5aa5a2",
              "title": "Three.js Performance",
              "fullFile": "",
              "file": "",
              "beforeHooks": [],
              "afterHooks": [],
              "tests": [
                {
                  "title": "should maintain 60fps during canvas rendering",
                  "fullTitle": "Black Trigram - Three.js Korean Martial Arts Three.js Performance should maintain 60fps during canvas rendering",
                  "timedOut": null,
                  "duration": 12317,
                  "state": "passed",
                  "speed": "slow",
                  "pass": true,
                  "fail": false,
                  "pending": false,
                  "context": null,
                  "code": "cy.annotate(\"Testing Three.js rendering performance\");\nconst startTime = Date.now();\n// Navigate through screens to test performance\ncy.enterCombatMode();\ncy.wait(500);\ncy.returnToIntro();\ncy.wait(500);\ncy.enterTrainingMode();\ncy.wait(500);\ncy.returnToIntro();\ncy.wrap(null).then(() => {\n    const duration = Date.now() - startTime;\n    cy.task(\"logPerformance\", { name: \"Three.js Screen Navigation\", duration });\n    expect(duration).to.be.lessThan(8000);\n    cy.log(`✅ Performance maintained: ${duration}ms`);\n});",
                  "err": {},
                  "uuid": "30afc82d-8dd8-4a59-9006-d7502ed34406",
                  "parentUUID": "b8420b11-3ddd-4c5e-8ad3-bdd81e5aa5a2",
                  "isHook": false,
                  "skipped": false
                },
                {
                  "title": "should handle rapid canvas interactions",
                  "fullTitle": "Black Trigram - Three.js Korean Martial Arts Three.js Performance should handle rapid canvas interactions",
                  "timedOut": null,
                  "duration": 12277,
                  "state": "passed",
                  "speed": "slow",
                  "pass": true,
                  "fail": false,
                  "pending": false,
                  "context": null,
                  "code": "cy.annotate(\"Testing rapid canvas interactions\");\ncy.enterCombatMode();\nconst startTime = Date.now();\n// Rapid stance changes and movements\ncy.gameActions([\"1\", \"2\", \"3\", \"4\", \"5\", \"6\", \"7\", \"8\"]);\ncy.gameActions([\"w\", \"a\", \"s\", \"d\"]);\ncy.gameActions([\" \", \" \", \" \"]);\ncy.wrap(null).then(() => {\n    const duration = Date.now() - startTime;\n    cy.task(\"logPerformance\", { name: \"Rapid Canvas Interactions\", duration });\n    expect(duration).to.be.lessThan(5000);\n    cy.log(`✅ Rapid interactions handled: ${duration}ms`);\n});\ncy.returnToIntro();",
                  "err": {},
                  "uuid": "a1921a3e-1056-4052-a3ea-6123d33ae6b1",
                  "parentUUID": "b8420b11-3ddd-4c5e-8ad3-bdd81e5aa5a2",
                  "isHook": false,
                  "skipped": false
                }
              ],
              "suites": [],
              "passes": [
                "30afc82d-8dd8-4a59-9006-d7502ed34406",
                "a1921a3e-1056-4052-a3ea-6123d33ae6b1"
              ],
              "failures": [],
              "pending": [],
              "skipped": [],
              "duration": 24594,
              "root": false,
              "rootEmpty": false,
              "_timeout": 2000
            },
            {
              "uuid": "ce67fa29-0c60-41f2-b4e3-4d519653aa74",
              "title": "Three.js Scene Transitions",
              "fullFile": "",
              "file": "",
              "beforeHooks": [],
              "afterHooks": [],
              "tests": [
                {
                  "title": "should smoothly transition between screens",
                  "fullTitle": "Black Trigram - Three.js Korean Martial Arts Three.js Scene Transitions should smoothly transition between screens",
                  "timedOut": null,
                  "duration": 15182,
                  "state": "passed",
                  "speed": "slow",
                  "pass": true,
                  "fail": false,
                  "pending": false,
                  "context": null,
                  "code": "cy.annotate(\"Testing Three.js scene transitions\");\n// Intro -> Combat\ncy.get('[data-testid=\"intro-screen\"]').should(\"exist\");\ncy.enterCombatMode();\ncy.get('[data-testid=\"combat-screen\"]').should(\"exist\");\ncy.get(\"canvas\").should(\"be.visible\");\n// Combat -> Intro\ncy.returnToIntro();\ncy.get('[data-testid=\"intro-screen\"]').should(\"exist\");\ncy.get(\"canvas\").should(\"be.visible\");\n// Intro -> Training\ncy.enterTrainingMode();\ncy.get('[data-testid=\"training-screen\"]').should(\"exist\");\ncy.get(\"canvas\").should(\"be.visible\");\n// Training -> Intro\ncy.returnToIntro();\ncy.get('[data-testid=\"intro-screen\"]').should(\"exist\");\ncy.get(\"canvas\").should(\"be.visible\");\ncy.log(\"✅ Scene transitions verified\");",
                  "err": {},
                  "uuid": "bec7f4a5-8185-4038-9d31-ea8322fa20cc",
                  "parentUUID": "ce67fa29-0c60-41f2-b4e3-4d519653aa74",
                  "isHook": false,
                  "skipped": false
                }
              ],
              "suites": [],
              "passes": [
                "bec7f4a5-8185-4038-9d31-ea8322fa20cc"
              ],
              "failures": [],
              "pending": [],
              "skipped": [],
              "duration": 15182,
              "root": false,
              "rootEmpty": false,
              "_timeout": 2000
            },
            {
              "uuid": "1f945d8f-51a3-4a0d-8fb1-a052752d40d7",
              "title": "Three.js Responsive Design",
              "fullFile": "",
              "file": "",
              "beforeHooks": [],
              "afterHooks": [],
              "tests": [
                {
                  "title": "should render correctly at different viewport sizes",
                  "fullTitle": "Black Trigram - Three.js Korean Martial Arts Three.js Responsive Design should render correctly at different viewport sizes",
                  "timedOut": null,
                  "duration": 15505,
                  "state": "passed",
                  "speed": "slow",
                  "pass": true,
                  "fail": false,
                  "pending": false,
                  "context": null,
                  "code": "cy.annotate(\"Testing Three.js responsive design\");\nconst viewports = [\n    [1280, 720], // Desktop\n    [768, 1024], // Tablet\n    [375, 667], // Mobile\n];\nviewports.forEach(([width, height]) => {\n    cy.viewport(width, height);\n    cy.wait(300);\n    // Verify canvas exists and is visible at all sizes\n    cy.get(\"canvas\").should(\"exist\").and(\"be.visible\");\n    cy.get('[data-testid=\"intro-screen\"]').should(\"exist\");\n    // Verify canvas has proper dimensions\n    cy.get(\"canvas\").should(($canvas) => {\n        const canvas = $canvas[0];\n        const rect = canvas.getBoundingClientRect();\n        expect(rect.width).to.be.greaterThan(50);\n        expect(rect.height).to.be.greaterThan(50);\n    });\n    cy.log(`✅ Verified at ${width}x${height}`);\n});\n// Reset to default\ncy.viewport(1280, 720);",
                  "err": {},
                  "uuid": "4a072165-fed4-4207-86c8-e1aa77f3834f",
                  "parentUUID": "1f945d8f-51a3-4a0d-8fb1-a052752d40d7",
                  "isHook": false,
                  "skipped": false
                }
              ],
              "suites": [],
              "passes": [
                "4a072165-fed4-4207-86c8-e1aa77f3834f"
              ],
              "failures": [],
              "pending": [],
              "skipped": [],
              "duration": 15505,
              "root": false,
              "rootEmpty": false,
              "_timeout": 2000
            },
            {
              "uuid": "2c10b905-3a48-4119-b9b4-3298b900a4f5",
              "title": "Three.js WebGL Context",
              "fullFile": "",
              "file": "",
              "beforeHooks": [],
              "afterHooks": [],
              "tests": [
                {
                  "title": "should properly initialize WebGL context",
                  "fullTitle": "Black Trigram - Three.js Korean Martial Arts Three.js WebGL Context should properly initialize WebGL context",
                  "timedOut": null,
                  "duration": 10262,
                  "state": "passed",
                  "speed": "slow",
                  "pass": true,
                  "fail": false,
                  "pending": false,
                  "context": null,
                  "code": "cy.annotate(\"Testing WebGL context initialization\");\ncy.window().then((win) => {\n    // Verify canvas element\n    const canvas = win.document.querySelector(\"canvas\");\n    expect(canvas).to.exist;\n    if (canvas) {\n        // Try to get WebGL context (may be mocked in Cypress)\n        const gl = canvas.getContext(\"webgl\") || canvas.getContext(\"webgl2\");\n        if (gl) {\n            cy.log(\"✅ WebGL context initialized\");\n        }\n        else {\n            cy.log(\"⚠️ WebGL context mocked (expected in Cypress)\");\n        }\n    }\n});",
                  "err": {},
                  "uuid": "effcffd8-9ab9-4e2e-9bbd-20bdbb3fe2a9",
                  "parentUUID": "2c10b905-3a48-4119-b9b4-3298b900a4f5",
                  "isHook": false,
                  "skipped": false
                }
              ],
              "suites": [],
              "passes": [
                "effcffd8-9ab9-4e2e-9bbd-20bdbb3fe2a9"
              ],
              "failures": [],
              "pending": [],
              "skipped": [],
              "duration": 10262,
              "root": false,
              "rootEmpty": false,
              "_timeout": 2000
            }
          ],
          "passes": [],
          "failures": [],
          "pending": [],
          "skipped": [],
          "duration": 0,
          "root": false,
          "rootEmpty": false,
          "_timeout": 2000
        }
      ],
      "passes": [],
      "failures": [],
      "pending": [],
      "skipped": [],
      "duration": 0,
      "root": true,
      "rootEmpty": true,
      "_timeout": 2000
    }
  ],
  "meta": {
    "mocha": {
      "version": "7.2.0"
    },
    "mochawesome": {
      "options": {
        "quiet": false,
        "reportFilename": "mochawesome",
        "saveHtml": true,
        "saveJson": true,
        "consoleReporter": "spec",
        "useInlineDiffs": false,
        "code": true
      },
      "version": "7.1.4"
    },
    "marge": {
      "options": {
        "id": "default",
        "reportDir": "build/cypress/mochawesome",
        "overwrite": false,
        "html": true,
        "json": true,
        "code": true,
        "timestamp": "mmddyyyy_HHMMss",
        "charts": true,
        "showHooks": "failed",
        "embeddedScreenshots": true
      },
      "version": "6.3.2"
    }
  }
}