{
  "stats": {
    "suites": 6,
    "tests": 7,
    "passes": 7,
    "pending": 0,
    "failures": 0,
    "start": "2025-10-31T13:20:50.491Z",
    "end": "2025-10-31T13:21:48.300Z",
    "duration": 57809,
    "testsRegistered": 7,
    "passPercent": 100,
    "pendingPercent": 0,
    "other": 0,
    "hasOther": false,
    "skipped": 0,
    "hasSkipped": false
  },
  "results": [
    {
      "uuid": "6e4794cb-99bc-456f-b6d0-96eb7bd76f59",
      "title": "",
      "fullFile": "cypress/e2e/game-flow.cy.ts",
      "file": "cypress/e2e/game-flow.cy.ts",
      "beforeHooks": [],
      "afterHooks": [],
      "tests": [],
      "suites": [
        {
          "uuid": "bd42f69c-8276-44cd-9a3a-ca9dd0bc35a1",
          "title": "Full Game Flow",
          "fullFile": "",
          "file": "",
          "beforeHooks": [],
          "afterHooks": [],
          "tests": [
            {
              "title": "should navigate from Menu → Training → Menu → Versus → Menu",
              "fullTitle": "Full Game Flow should navigate from Menu → Training → Menu → Versus → Menu",
              "timedOut": null,
              "duration": 15233,
              "state": "passed",
              "speed": "slow",
              "pass": true,
              "fail": false,
              "pending": false,
              "context": null,
              "code": "cy.visit(\"/\");\n// Training\ncy.get(\"[data-testid=menu-button-training]\").click();\ncy.get(\"[data-testid=training-screen]\").should(\"exist\");\ncy.get(\"[data-testid=return-menu-button]\").click();\ncy.get(\"[data-testid=intro-screen]\").should(\"exist\");\n// Versus\ncy.get(\"[data-testid=menu-button-versus]\").click();\ncy.get(\"[data-testid=combat-screen]\").should(\"exist\");\ncy.get(\"[data-testid=return-menu-button]\").click();\ncy.get(\"[data-testid=intro-screen]\").should(\"exist\");",
              "err": {},
              "uuid": "174389b4-4622-463b-9fdd-9170237d8764",
              "parentUUID": "bd42f69c-8276-44cd-9a3a-ca9dd0bc35a1",
              "isHook": false,
              "skipped": false
            }
          ],
          "suites": [],
          "passes": [
            "174389b4-4622-463b-9fdd-9170237d8764"
          ],
          "failures": [],
          "pending": [],
          "skipped": [],
          "duration": 15233,
          "root": false,
          "rootEmpty": false,
          "_timeout": 2000
        },
        {
          "uuid": "d4912abb-d30d-432c-99ac-60775de828a0",
          "title": "Black Trigram - Game Flow",
          "fullFile": "",
          "file": "",
          "beforeHooks": [],
          "afterHooks": [],
          "tests": [],
          "suites": [
            {
              "uuid": "03e4ab01-e151-49f5-8698-401e55219481",
              "title": "Core Game Navigation",
              "fullFile": "",
              "file": "",
              "beforeHooks": [],
              "afterHooks": [],
              "tests": [
                {
                  "title": "should support all critical game navigation paths",
                  "fullTitle": "Black Trigram - Game Flow Core Game Navigation should support all critical game navigation paths",
                  "timedOut": null,
                  "duration": 11739,
                  "state": "passed",
                  "speed": "slow",
                  "pass": true,
                  "fail": false,
                  "pending": false,
                  "context": null,
                  "code": "// Test arrow key and space navigation in one test\ncy.annotate(\"Testing intro screen navigation\");\n// Test all navigation controls at once\ncy.gameActions([\"a\", \"d\", \"{leftarrow}\", \"{rightarrow}\"]);\ncy.get(\"canvas\").should(\"be.visible\");\n// Test game mode entry/exit cycles\ncy.annotate(\"Testing game mode entry and exit\");\n// 1. Sparring mode via #1 key\ncy.annotate(\"Entering Sparring Mode via #1 key\");\ncy.gameActions([\"1\"]);\ncy.waitForCanvasReady();\ncy.gameActions([\"{esc}\"]);\ncy.waitForCanvasReady();\n// 2. Training mode via #2 key\ncy.annotate(\"Entering Training Mode via #2 key\");\ncy.gameActions([\"2\"]);\ncy.waitForCanvasReady();\ncy.gameActions([\"{esc}\"]);\ncy.waitForCanvasReady();\n// 3. Sparring mode via Space key\ncy.annotate(\"Entering Sparring Mode via Space key\");\ncy.gameActions([\" \"]);\ncy.waitForCanvasReady();\ncy.gameActions([\"{esc}\"]);\ncy.waitForCanvasReady();\n// 4. Training mode via Alt key\ncy.annotate(\"Entering Training Mode via Alt key\");\ncy.gameActions([\"{alt}\"]);\ncy.waitForCanvasReady();\ncy.gameActions([\"{esc}\"]);\ncy.waitForCanvasReady();",
                  "err": {},
                  "uuid": "edfea35b-1f54-4cae-8fd0-70a59f643c13",
                  "parentUUID": "03e4ab01-e151-49f5-8698-401e55219481",
                  "isHook": false,
                  "skipped": false
                }
              ],
              "suites": [],
              "passes": [
                "edfea35b-1f54-4cae-8fd0-70a59f643c13"
              ],
              "failures": [],
              "pending": [],
              "skipped": [],
              "duration": 11739,
              "root": false,
              "rootEmpty": false,
              "_timeout": 2000
            },
            {
              "uuid": "f2f3db1e-6dfc-4d18-aa4f-cf946fd90c7f",
              "title": "Combat Mechanics",
              "fullFile": "",
              "file": "",
              "beforeHooks": [],
              "afterHooks": [],
              "tests": [
                {
                  "title": "should support all core combat interactions",
                  "fullTitle": "Black Trigram - Game Flow Combat Mechanics should support all core combat interactions",
                  "timedOut": null,
                  "duration": 7407,
                  "state": "passed",
                  "speed": "medium",
                  "pass": true,
                  "fail": false,
                  "pending": false,
                  "context": null,
                  "code": "// Enter combat mode once\ncy.annotate(\"Testing combat mechanics\");\ncy.gameActions([\"1\"]);\ncy.waitForCanvasReady();\n// Test movement controls in batches\ncy.annotate(\"Testing movement controls\");\ncy.gameActions([\"w\", \"a\", \"s\", \"d\"]);\ncy.gameActions([\n    \"{uparrow}\",\n    \"{leftarrow}\",\n    \"{downarrow}\",\n    \"{rightarrow}\",\n]);\n// Test attacking with all 8 trigram techniques\ncy.annotate(\"Testing trigram techniques\");\ncy.gameActions([\"1\", \"2\", \"3\", \"4\", \"5\", \"6\", \"7\", \"8\"]);\n// Test blocking\ncy.annotate(\"Testing blocking\");\ncy.gameActions([\" \"]);\n// Test mouse interaction\ncy.annotate(\"Testing mouse attacks\");\ncy.get(\"canvas\").click(400, 300);\n// Exit combat mode\ncy.annotate(\"Exiting combat mode\");\ncy.gameActions([\"{esc}\"]);\ncy.waitForCanvasReady();",
                  "err": {},
                  "uuid": "fa2936ea-9a42-4257-80c4-3ccac9195686",
                  "parentUUID": "f2f3db1e-6dfc-4d18-aa4f-cf946fd90c7f",
                  "isHook": false,
                  "skipped": false
                },
                {
                  "title": "should handle AI interactions",
                  "fullTitle": "Black Trigram - Game Flow Combat Mechanics should handle AI interactions",
                  "timedOut": null,
                  "duration": 3363,
                  "state": "passed",
                  "speed": "fast",
                  "pass": true,
                  "fail": false,
                  "pending": false,
                  "context": null,
                  "code": "// Enter combat mode\ncy.annotate(\"Testing AI interactions\");\ncy.gameActions([\"1\"]);\ncy.waitForCanvasReady();\n// Test AI response to player movement\ncy.annotate(\"Testing AI response to movement\");\n// Move toward AI then away\ncy.gameActions([\"d\", \"d\", \"d\", \"d\"]);\ncy.waitForCanvasReady();\ncy.gameActions([\"a\", \"a\", \"a\", \"a\"]);\ncy.waitForCanvasReady();\n// Exit combat mode\ncy.annotate(\"Exiting combat mode\");\ncy.gameActions([\"{esc}\"]);\ncy.waitForCanvasReady();",
                  "err": {},
                  "uuid": "2001dd90-40b4-4d60-80d5-009eea8780fc",
                  "parentUUID": "f2f3db1e-6dfc-4d18-aa4f-cf946fd90c7f",
                  "isHook": false,
                  "skipped": false
                }
              ],
              "suites": [],
              "passes": [
                "fa2936ea-9a42-4257-80c4-3ccac9195686",
                "2001dd90-40b4-4d60-80d5-009eea8780fc"
              ],
              "failures": [],
              "pending": [],
              "skipped": [],
              "duration": 10770,
              "root": false,
              "rootEmpty": false,
              "_timeout": 2000
            },
            {
              "uuid": "05d5ea02-e096-4d86-8043-1735bc47476a",
              "title": "Performance & Input Handling",
              "fullFile": "",
              "file": "",
              "beforeHooks": [],
              "afterHooks": [],
              "tests": [
                {
                  "title": "should maintain performance during intense combat",
                  "fullTitle": "Black Trigram - Game Flow Performance & Input Handling should maintain performance during intense combat",
                  "timedOut": null,
                  "duration": 3403,
                  "state": "passed",
                  "speed": "fast",
                  "pass": true,
                  "fail": false,
                  "pending": false,
                  "context": null,
                  "code": "// Enter combat mode\ncy.annotate(\"Testing intense combat performance\");\ncy.gameActions([\"1\"]);\ncy.waitForCanvasReady();\n// Record start time for performance measurement\nconst startTime = Date.now();\n// Execute combat sequence\nconst combatSequence = [\n    \"wasd\", // Movement\n    \"1234\", // Attacks\n    \"wasd\", // More movement\n    \"5678\", // More attacks\n    \" \", // Block\n];\n// Execute all actions with minimal delay\ncy.annotate(\"Executing combat sequence\");\ncombatSequence.forEach((actions) => {\n    cy.gameActions([actions]);\n});\n// Verify performance with optimized threshold for CI/WebGL software rendering\ncy.wrap(null).then(() => {\n    const duration = Date.now() - startTime;\n    cy.task(\"logPerformance\", {\n        name: \"Intense Combat Sequence\",\n        duration,\n    });\n    cy.annotate(`Combat sequence completed in ${duration}ms`);\n    // Optimized threshold for CI environment with software WebGL\n    expect(duration).to.be.lessThan(20000);\n});\n// Exit combat mode\ncy.annotate(\"Exiting combat mode\");\ncy.gameActions([\"{esc}\"]);\ncy.waitForCanvasReady();",
                  "err": {},
                  "uuid": "f3768244-8ec5-4598-9e59-fed68560ab9c",
                  "parentUUID": "05d5ea02-e096-4d86-8043-1735bc47476a",
                  "isHook": false,
                  "skipped": false
                },
                {
                  "title": "should handle complex input sequences",
                  "fullTitle": "Black Trigram - Game Flow Performance & Input Handling should handle complex input sequences",
                  "timedOut": null,
                  "duration": 3376,
                  "state": "passed",
                  "speed": "fast",
                  "pass": true,
                  "fail": false,
                  "pending": false,
                  "context": null,
                  "code": "// Enter combat mode\ncy.annotate(\"Testing complex input sequences\");\ncy.gameActions([\"1\"]);\ncy.waitForCanvasReady();\n// Test rapid sequential inputs\ncy.annotate(\"Testing rapid input combinations\");\ncy.gameActions([\"w1\", \"a2\", \"s3\", \"d4\"]);\ncy.waitForCanvasReady();\n// Exit combat mode\ncy.annotate(\"Exiting combat mode\");\ncy.gameActions([\"{esc}\"]);\ncy.waitForCanvasReady();",
                  "err": {},
                  "uuid": "bcc05772-4b70-42ce-ba1e-650319284c19",
                  "parentUUID": "05d5ea02-e096-4d86-8043-1735bc47476a",
                  "isHook": false,
                  "skipped": false
                }
              ],
              "suites": [],
              "passes": [
                "f3768244-8ec5-4598-9e59-fed68560ab9c",
                "bcc05772-4b70-42ce-ba1e-650319284c19"
              ],
              "failures": [],
              "pending": [],
              "skipped": [],
              "duration": 6779,
              "root": false,
              "rootEmpty": false,
              "_timeout": 2000
            },
            {
              "uuid": "f9e97b3a-4d6d-4d32-8121-0499c6233395",
              "title": "Responsiveness",
              "fullFile": "",
              "file": "",
              "beforeHooks": [],
              "afterHooks": [],
              "tests": [
                {
                  "title": "should work on different screen sizes",
                  "fullTitle": "Black Trigram - Game Flow Responsiveness should work on different screen sizes",
                  "timedOut": null,
                  "duration": 4586,
                  "state": "passed",
                  "speed": "fast",
                  "pass": true,
                  "fail": false,
                  "pending": false,
                  "context": null,
                  "code": "// Test 3 key screen sizes in one test\ncy.annotate(\"Testing responsive design\");\n[\n    [1280, 720], // Desktop\n    [768, 1024], // Tablet\n    [375, 667], // Mobile\n].forEach(([width, height]) => {\n    cy.annotate(`Testing viewport ${width}x${height}`);\n    cy.viewport(width, height);\n    cy.waitForCanvasReady();\n    // Enter and exit combat mode at each size\n    cy.gameActions([\"1\"]);\n    cy.waitForCanvasReady();\n    cy.gameActions([\"{esc}\"]);\n    cy.waitForCanvasReady();\n});",
                  "err": {},
                  "uuid": "bc77becd-2f8f-4c03-a280-3e307ab1e5fa",
                  "parentUUID": "f9e97b3a-4d6d-4d32-8121-0499c6233395",
                  "isHook": false,
                  "skipped": false
                }
              ],
              "suites": [],
              "passes": [
                "bc77becd-2f8f-4c03-a280-3e307ab1e5fa"
              ],
              "failures": [],
              "pending": [],
              "skipped": [],
              "duration": 4586,
              "root": false,
              "rootEmpty": false,
              "_timeout": 2000
            }
          ],
          "passes": [],
          "failures": [],
          "pending": [],
          "skipped": [],
          "duration": 0,
          "root": false,
          "rootEmpty": false,
          "_timeout": 2000
        }
      ],
      "passes": [],
      "failures": [],
      "pending": [],
      "skipped": [],
      "duration": 0,
      "root": true,
      "rootEmpty": true,
      "_timeout": 2000
    }
  ],
  "meta": {
    "mocha": {
      "version": "7.2.0"
    },
    "mochawesome": {
      "options": {
        "quiet": false,
        "reportFilename": "mochawesome",
        "saveHtml": true,
        "saveJson": true,
        "consoleReporter": "spec",
        "useInlineDiffs": false,
        "code": true
      },
      "version": "7.1.4"
    },
    "marge": {
      "options": {
        "id": "default",
        "reportDir": "docs/cypress/mochawesome",
        "overwrite": false,
        "html": true,
        "json": true,
        "code": true,
        "timestamp": "mmddyyyy_HHMMss",
        "charts": true,
        "showHooks": "failed",
        "embeddedScreenshots": true
      },
      "version": "6.3.0"
    }
  }
}