TN:
SF:src/audio/AudioAssetLoader.ts
FN:42,(anonymous_0)
FN:108,(anonymous_1)
FN:167,(anonymous_2)
FN:194,(anonymous_3)
FN:199,(anonymous_4)
FN:206,(anonymous_5)
FN:213,(anonymous_6)
FN:221,(anonymous_7)
FN:239,(anonymous_8)
FN:280,(anonymous_9)
FN:285,(anonymous_10)
FN:302,(anonymous_11)
FN:320,(anonymous_12)
FN:329,(anonymous_13)
FN:337,(anonymous_14)
FN:344,(anonymous_15)
FN:345,(anonymous_16)
FN:358,(anonymous_17)
FN:371,(anonymous_18)
FN:372,(anonymous_19)
FN:379,(anonymous_20)
FN:387,(anonymous_21)
FNF:22
FNH:22
FNDA:599,(anonymous_0)
FNDA:597,(anonymous_1)
FNDA:597,(anonymous_2)
FNDA:610,(anonymous_3)
FNDA:610,(anonymous_4)
FNDA:597,(anonymous_5)
FNDA:16,(anonymous_6)
FNDA:3,(anonymous_7)
FNDA:5,(anonymous_8)
FNDA:2,(anonymous_9)
FNDA:3,(anonymous_10)
FNDA:2,(anonymous_11)
FNDA:1,(anonymous_12)
FNDA:3,(anonymous_13)
FNDA:4,(anonymous_14)
FNDA:1,(anonymous_15)
FNDA:2,(anonymous_16)
FNDA:7,(anonymous_17)
FNDA:10,(anonymous_18)
FNDA:10,(anonymous_19)
FNDA:3,(anonymous_20)
FNDA:2,(anonymous_21)
DA:35,99
DA:36,99
DA:37,99
DA:51,599
DA:54,599
DA:55,599
DA:56,2
DA:66,597
DA:67,597
DA:68,0
DA:71,597
DA:72,597
DA:80,597
DA:82,597
DA:83,597
DA:84,596
DA:86,596
DA:87,590
DA:90,596
DA:95,1
DA:96,1
DA:115,597
DA:116,597
DA:117,597
DA:120,597
DA:122,597
DA:123,607
DA:124,610
DA:125,610
DA:126,590
DA:127,590
DA:135,20
DA:136,20
DA:144,17
DA:145,10
DA:146,10
DA:151,7
DA:154,7
DA:168,597
DA:171,597
DA:172,597
DA:176,597
DA:177,203
DA:181,597
DA:182,181
DA:183,181
DA:184,133
DA:188,597
DA:199,610
DA:200,610
DA:201,610
DA:203,610
DA:204,610
DA:206,610
DA:207,597
DA:208,590
DA:209,590
DA:210,590
DA:213,610
DA:214,16
DA:215,16
DA:216,16
DA:217,16
DA:218,16
DA:221,610
DA:222,3
DA:223,3
DA:224,3
DA:225,3
DA:228,610
DA:229,610
DA:231,610
DA:232,610
DA:244,5
DA:245,5
DA:246,5
DA:248,5
DA:249,10
DA:257,10
DA:258,10
DA:260,10
DA:261,8
DA:263,2
DA:267,5
DA:274,5
DA:285,2
DA:287,3
DA:290,2
DA:291,1
DA:294,1
DA:303,2
DA:304,2
DA:305,2
DA:306,2
DA:307,2
DA:308,2
DA:309,2
DA:310,2
DA:312,0
DA:321,1
DA:330,3
DA:338,4
DA:345,1
DA:346,2
DA:347,2
DA:348,2
DA:350,1
DA:351,1
DA:352,1
DA:359,7
DA:363,7
DA:365,7
DA:372,10
DA:384,3
DA:388,2
LF:115
LH:113
BRDA:44,0,0,599
BRDA:47,1,0,599
BRDA:48,2,0,599
BRDA:49,3,0,599
BRDA:50,4,0,599
BRDA:55,5,0,2
BRDA:55,5,1,597
BRDA:67,6,0,0
BRDA:67,6,1,597
BRDA:86,7,0,590
BRDA:86,7,1,6
BRDA:86,8,0,596
BRDA:86,8,1,590
BRDA:98,9,0,1
BRDA:98,9,1,0
BRDA:99,10,0,1
BRDA:99,10,1,0
BRDA:116,11,0,597
BRDA:116,11,1,597
BRDA:135,12,0,20
BRDA:135,12,1,0
BRDA:144,13,0,10
BRDA:144,13,1,7
BRDA:157,14,0,7
BRDA:157,14,1,0
BRDA:171,15,0,597
BRDA:171,15,1,0
BRDA:176,16,0,203
BRDA:176,16,1,394
BRDA:176,17,0,597
BRDA:176,17,1,203
BRDA:181,18,0,181
BRDA:181,18,1,416
BRDA:183,19,0,133
BRDA:183,19,1,48
BRDA:207,20,0,7
BRDA:207,20,1,590
BRDA:209,21,0,590
BRDA:209,21,1,0
BRDA:214,22,0,0
BRDA:214,22,1,16
BRDA:216,23,0,16
BRDA:216,23,1,0
BRDA:222,24,0,0
BRDA:222,24,1,3
BRDA:241,25,0,5
BRDA:260,26,0,8
BRDA:260,26,1,2
BRDA:287,27,0,3
BRDA:287,27,1,2
BRDA:290,28,0,1
BRDA:290,28,1,1
BRDA:304,29,0,2
BRDA:304,29,1,0
BRF:54
BRH:43
end_of_record
TN:
SF:src/audio/AudioAssetRegistry.ts
FN:105,(anonymous_0)
FN:111,(anonymous_1)
FN:233,(anonymous_2)
FN:306,(anonymous_3)
FN:791,(anonymous_4)
FN:796,(anonymous_5)
FN:801,(anonymous_6)
FN:806,(anonymous_7)
FN:810,(anonymous_8)
FN:814,(anonymous_9)
FN:818,(anonymous_10)
FN:954,(anonymous_11)
FN:956,(anonymous_12)
FN:961,(anonymous_13)
FN:963,(anonymous_14)
FN:969,(anonymous_15)
FN:978,(anonymous_16)
FN:988,(anonymous_17)
FN:993,(anonymous_18)
FN:998,(anonymous_19)
FN:1013,(anonymous_20)
FN:1021,(anonymous_21)
FN:1156,(anonymous_22)
FN:1165,(anonymous_23)
FN:1173,(anonymous_24)
FN:1182,(anonymous_25)
FN:1183,(anonymous_26)
FN:1193,(anonymous_27)
FN:1213,(anonymous_28)
FN:1217,(anonymous_29)
FN:1225,(anonymous_30)
FN:1233,(anonymous_31)
FNF:32
FNH:14
FNDA:14,(anonymous_0)
FNDA:14,(anonymous_1)
FNDA:14,(anonymous_2)
FNDA:70,(anonymous_3)
FNDA:1666,(anonymous_4)
FNDA:126,(anonymous_5)
FNDA:0,(anonymous_6)
FNDA:1474,(anonymous_7)
FNDA:355,(anonymous_8)
FNDA:0,(anonymous_9)
FNDA:0,(anonymous_10)
FNDA:0,(anonymous_11)
FNDA:0,(anonymous_12)
FNDA:0,(anonymous_13)
FNDA:0,(anonymous_14)
FNDA:0,(anonymous_15)
FNDA:0,(anonymous_16)
FNDA:0,(anonymous_17)
FNDA:0,(anonymous_18)
FNDA:0,(anonymous_19)
FNDA:0,(anonymous_20)
FNDA:14,(anonymous_21)
FNDA:126,(anonymous_22)
FNDA:2,(anonymous_23)
FNDA:0,(anonymous_24)
FNDA:1,(anonymous_25)
FNDA:9,(anonymous_26)
FNDA:2,(anonymous_27)
FNDA:0,(anonymous_28)
FNDA:0,(anonymous_29)
FNDA:0,(anonymous_30)
FNDA:0,(anonymous_31)
DA:21,14
DA:78,14
DA:79,14
DA:80,14
DA:81,14
DA:84,14
DA:101,14
DA:102,14
DA:103,14
DA:106,14
DA:107,14
DA:108,14
DA:113,14
DA:134,14
DA:152,14
DA:174,14
DA:192,14
DA:210,14
DA:235,14
DA:256,14
DA:277,14
DA:298,14
DA:306,14
DA:307,70
DA:325,14
DA:326,112
DA:339,14
DA:340,56
DA:353,14
DA:369,14
DA:385,14
DA:401,14
DA:402,56
DA:415,14
DA:416,56
DA:429,14
DA:430,56
DA:443,14
DA:444,56
DA:457,14
DA:458,56
DA:471,14
DA:472,56
DA:485,14
DA:486,56
DA:499,14
DA:512,14
DA:513,56
DA:526,14
DA:527,56
DA:540,14
DA:541,56
DA:555,14
DA:556,56
DA:569,14
DA:570,56
DA:583,14
DA:584,56
DA:597,14
DA:598,56
DA:612,14
DA:613,42
DA:626,14
DA:638,14
DA:639,56
DA:652,14
DA:653,56
DA:667,14
DA:668,56
DA:683,14
DA:684,56
DA:698,14
DA:699,112
DA:712,14
DA:713,56
DA:726,14
DA:727,56
DA:740,14
DA:741,56
DA:754,14
DA:772,14
DA:792,1666
DA:793,1666
DA:797,126
DA:798,126
DA:802,0
DA:803,0
DA:807,1474
DA:811,355
DA:815,0
DA:819,0
DA:828,14
DA:893,14
DA:956,0
DA:957,0
DA:963,0
DA:964,0
DA:970,0
DA:971,0
DA:972,0
DA:975,0
DA:979,0
DA:980,0
DA:981,0
DA:984,0
DA:989,0
DA:994,0
DA:999,0
DA:1014,0
DA:1023,14
DA:1038,14
DA:1047,14
DA:1063,14
DA:1075,14
DA:1092,14
DA:1107,14
DA:1121,14
DA:1136,14
DA:1157,126
DA:1166,2
DA:1174,0
DA:1183,1
DA:1184,9
DA:1194,2
DA:1195,2
DA:1197,2
DA:1198,2
DA:1200,8
DA:1201,8
DA:1202,8
DA:1206,2
DA:1214,0
DA:1217,0
DA:1218,0
DA:1225,0
DA:1226,0
DA:1233,0
DA:1234,0
DA:1240,0
DA:1241,0
DA:1243,0
DA:1254,14
LF:142
LH:111
BRDA:971,0,0,0
BRDA:971,0,1,0
BRDA:980,1,0,0
BRDA:980,1,1,0
BRDA:1195,2,0,0
BRDA:1195,2,1,2
BRDA:1200,3,0,8
BRDA:1200,3,1,2
BRDA:1200,3,2,0
BRDA:1201,4,0,8
BRDA:1201,4,1,0
BRF:11
BRH:4
end_of_record
TN:
SF:src/audio/AudioCache.ts
FN:64,(anonymous_0)
FN:84,(anonymous_1)
FN:127,(anonymous_2)
FN:156,(anonymous_3)
FN:167,(anonymous_4)
FN:204,(anonymous_5)
FN:217,(anonymous_6)
FN:266,(anonymous_7)
FN:267,(anonymous_8)
FN:291,(anonymous_9)
FN:327,(anonymous_10)
FN:335,(anonymous_11)
FN:346,(anonymous_12)
FN:355,(anonymous_13)
FN:369,(anonymous_14)
FNF:15
FNH:15
FNDA:104,(anonymous_0)
FNDA:611,(anonymous_1)
FNDA:624,(anonymous_2)
FNDA:21,(anonymous_3)
FNDA:4,(anonymous_4)
FNDA:112,(anonymous_5)
FNDA:109,(anonymous_6)
FNDA:32,(anonymous_7)
FNDA:276,(anonymous_8)
FNDA:2,(anonymous_9)
FNDA:2,(anonymous_10)
FNDA:1,(anonymous_11)
FNDA:2,(anonymous_12)
FNDA:1,(anonymous_13)
FNDA:1,(anonymous_14)
DA:55,104
DA:56,104
DA:60,104
DA:61,104
DA:62,104
DA:65,104
DA:66,104
DA:67,104
DA:69,104
DA:70,1
DA:85,611
DA:88,611
DA:89,611
DA:90,1
DA:94,611
DA:95,611
DA:96,110
DA:100,109
DA:105,611
DA:111,611
DA:113,611
DA:114,0
DA:128,624
DA:129,624
DA:130,31
DA:131,31
DA:133,31
DA:134,0
DA:137,31
DA:140,593
DA:142,593
DA:143,0
DA:146,593
DA:157,21
DA:168,4
DA:169,4
DA:170,3
DA:171,3
DA:173,3
DA:174,0
DA:180,3
DA:181,2
DA:185,2
DA:186,2
DA:188,2
DA:189,2
DA:193,3
DA:195,1
DA:205,112
DA:206,157
DA:207,109
DA:210,3
DA:218,109
DA:219,109
DA:222,109
DA:223,6192
DA:224,111
DA:225,111
DA:229,109
DA:230,109
DA:231,109
DA:233,109
DA:234,109
DA:235,109
DA:237,109
DA:238,0
DA:239,0
DA:245,109
DA:246,6
DA:250,6
DA:251,6
DA:253,6
DA:254,6
DA:267,32
DA:268,276
DA:271,32
DA:275,32
DA:293,2
DA:294,3
DA:295,3
DA:299,3
DA:300,3
DA:302,3
DA:303,3
DA:308,2
DA:309,2
DA:312,2
DA:313,2
DA:314,2
DA:316,2
DA:317,0
DA:328,2
DA:345,1
DA:346,2
DA:355,1
DA:357,1
DA:370,1
DA:373,1
DA:374,2
DA:377,1
DA:378,0
LF:101
LH:93
BRDA:67,0,0,104
BRDA:67,0,1,0
BRDA:69,1,0,1
BRDA:69,1,1,103
BRDA:89,2,0,1
BRDA:89,2,1,610
BRDA:95,3,0,110
BRDA:95,3,1,501
BRDA:97,4,0,110
BRDA:97,4,1,112
BRDA:113,5,0,0
BRDA:113,5,1,611
BRDA:115,6,0,0
BRDA:115,6,1,0
BRDA:129,7,0,31
BRDA:129,7,1,593
BRDA:133,8,0,0
BRDA:133,8,1,31
BRDA:142,9,0,0
BRDA:142,9,1,593
BRDA:169,10,0,3
BRDA:169,10,1,1
BRDA:173,11,0,0
BRDA:173,11,1,3
BRDA:180,12,0,2
BRDA:180,12,1,1
BRDA:180,13,0,3
BRDA:180,13,1,3
BRDA:185,14,0,2
BRDA:185,14,1,0
BRDA:188,15,0,2
BRDA:188,15,1,0
BRDA:206,16,0,109
BRDA:206,16,1,48
BRDA:223,17,0,111
BRDA:223,17,1,6081
BRDA:223,18,0,6192
BRDA:223,18,1,6149
BRDA:229,19,0,109
BRDA:229,19,1,0
BRDA:231,20,0,0
BRDA:231,20,1,109
BRDA:237,21,0,0
BRDA:237,21,1,109
BRDA:245,22,0,6
BRDA:245,22,1,103
BRDA:245,23,0,109
BRDA:245,23,1,109
BRDA:250,24,0,6
BRDA:250,24,1,0
BRDA:253,25,0,6
BRDA:253,25,1,0
BRDA:271,26,0,13
BRDA:271,26,1,19
BRDA:294,27,0,3
BRDA:294,27,1,0
BRDA:294,28,0,3
BRDA:294,28,1,3
BRDA:299,29,0,3
BRDA:299,29,1,0
BRDA:302,30,0,3
BRDA:302,30,1,0
BRDA:316,31,0,0
BRDA:316,31,1,2
BRDA:377,32,0,0
BRDA:377,32,1,1
BRF:66
BRH:47
end_of_record
TN:
SF:src/audio/AudioManager.ts
FN:70,(anonymous_0)
FN:97,(anonymous_1)
FN:100,(anonymous_2)
FN:112,(anonymous_3)
FN:116,(anonymous_4)
FN:120,(anonymous_5)
FN:124,(anonymous_6)
FN:128,(anonymous_7)
FN:132,(anonymous_8)
FN:136,(anonymous_9)
FN:140,(anonymous_10)
FN:173,(anonymous_11)
FN:253,(anonymous_12)
FN:259,(anonymous_13)
FN:301,(anonymous_14)
FN:342,(anonymous_15)
FN:429,(anonymous_16)
FN:438,(anonymous_17)
FN:442,(anonymous_18)
FN:451,(anonymous_19)
FN:453,(anonymous_20)
FN:461,(anonymous_21)
FN:483,(anonymous_22)
FN:490,(anonymous_23)
FN:497,(anonymous_24)
FN:501,(anonymous_25)
FN:505,(anonymous_26)
FN:520,(anonymous_27)
FN:525,(anonymous_28)
FN:529,(anonymous_29)
FN:543,(anonymous_30)
FN:555,(anonymous_31)
FN:560,(anonymous_32)
FN:564,(anonymous_33)
FN:572,(anonymous_34)
FN:577,(anonymous_35)
FN:582,(anonymous_36)
FN:587,(anonymous_37)
FN:591,(anonymous_38)
FN:595,(anonymous_39)
FN:599,(anonymous_40)
FN:612,(anonymous_41)
FN:619,(anonymous_42)
FN:651,(anonymous_43)
FN:684,(anonymous_44)
FN:709,(anonymous_45)
FN:717,(anonymous_46)
FN:725,(anonymous_47)
FN:733,(anonymous_48)
FN:741,(anonymous_49)
FN:754,(anonymous_50)
FN:761,(anonymous_51)
FN:770,(anonymous_52)
FN:783,(anonymous_53)
FNF:54
FNH:41
FNDA:81,(anonymous_0)
FNDA:0,(anonymous_1)
FNDA:0,(anonymous_2)
FNDA:30,(anonymous_3)
FNDA:1,(anonymous_4)
FNDA:16,(anonymous_5)
FNDA:30,(anonymous_6)
FNDA:30,(anonymous_7)
FNDA:30,(anonymous_8)
FNDA:32,(anonymous_9)
FNDA:74,(anonymous_10)
FNDA:574,(anonymous_11)
FNDA:573,(anonymous_12)
FNDA:8,(anonymous_13)
FNDA:14,(anonymous_14)
FNDA:26,(anonymous_15)
FNDA:4,(anonymous_16)
FNDA:7,(anonymous_17)
FNDA:29,(anonymous_18)
FNDA:1,(anonymous_19)
FNDA:1,(anonymous_20)
FNDA:6,(anonymous_21)
FNDA:5,(anonymous_22)
FNDA:2,(anonymous_23)
FNDA:4,(anonymous_24)
FNDA:3,(anonymous_25)
FNDA:6,(anonymous_26)
FNDA:4,(anonymous_27)
FNDA:3,(anonymous_28)
FNDA:6,(anonymous_29)
FNDA:1,(anonymous_30)
FNDA:6,(anonymous_31)
FNDA:1,(anonymous_32)
FNDA:1,(anonymous_33)
FNDA:1,(anonymous_34)
FNDA:1,(anonymous_35)
FNDA:1,(anonymous_36)
FNDA:1,(anonymous_37)
FNDA:1,(anonymous_38)
FNDA:1,(anonymous_39)
FNDA:1,(anonymous_40)
FNDA:0,(anonymous_41)
FNDA:0,(anonymous_42)
FNDA:1,(anonymous_43)
FNDA:14,(anonymous_44)
FNDA:0,(anonymous_45)
FNDA:0,(anonymous_46)
FNDA:0,(anonymous_47)
FNDA:0,(anonymous_48)
FNDA:0,(anonymous_49)
FNDA:0,(anonymous_50)
FNDA:0,(anonymous_51)
FNDA:0,(anonymous_52)
FNDA:0,(anonymous_53)
DA:20,14
DA:26,14
DA:45,81
DA:46,81
DA:47,81
DA:48,81
DA:49,81
DA:50,81
DA:51,81
DA:52,81
DA:53,81
DA:57,81
DA:64,81
DA:71,81
DA:72,11
DA:73,11
DA:74,11
DA:78,81
DA:79,81
DA:80,81
DA:84,81
DA:89,81
DA:98,0
DA:99,0
DA:102,0
DA:107,0
DA:113,30
DA:117,1
DA:121,16
DA:125,30
DA:129,30
DA:133,30
DA:137,32
DA:141,74
DA:144,74
DA:147,74
DA:148,74
DA:149,74
DA:151,74
DA:152,41
DA:153,41
DA:154,41
DA:158,51
DA:160,41
DA:161,41
DA:164,23
DA:168,23
DA:169,23
DA:174,574
DA:176,574
DA:179,574
DA:180,574
DA:182,0
DA:183,0
DA:184,0
DA:191,574
DA:192,574
DA:200,574
DA:202,574
DA:203,573
DA:204,573
DA:208,573
DA:212,573
DA:215,573
DA:216,573
DA:219,573
DA:220,23
DA:228,1
DA:229,1
DA:232,1
DA:233,0
DA:236,0
DA:237,0
DA:241,0
DA:242,0
DA:243,0
DA:256,573
DA:260,8
DA:262,7
DA:264,7
DA:267,7
DA:270,7
DA:271,0
DA:272,0
DA:273,0
DA:274,0
DA:277,0
DA:279,0
DA:280,0
DA:281,0
DA:286,7
DA:287,7
DA:288,2
DA:289,2
DA:290,2
DA:292,2
DA:293,2
DA:296,0
DA:302,14
DA:304,14
DA:306,14
DA:309,14
DA:312,14
DA:313,0
DA:314,0
DA:315,0
DA:316,0
DA:319,0
DA:321,0
DA:322,0
DA:323,0
DA:328,14
DA:329,14
DA:330,14
DA:331,14
DA:332,14
DA:334,14
DA:335,14
DA:338,0
DA:343,26
DA:345,25
DA:349,25
DA:351,25
DA:355,25
DA:360,13
DA:361,3
DA:362,3
DA:366,3
DA:367,3
DA:371,10
DA:373,10
DA:374,10
DA:377,10
DA:378,10
DA:379,10
DA:381,10
DA:382,6
DA:383,6
DA:384,5
DA:386,5
DA:387,5
DA:390,1
DA:391,1
DA:394,4
DA:395,4
DA:400,10
DA:405,20
DA:406,20
DA:407,20
DA:408,20
DA:409,20
DA:410,20
DA:411,20
DA:412,20
DA:414,20
DA:415,20
DA:418,0
DA:430,4
DA:431,4
DA:433,4
DA:434,8
DA:435,1
DA:436,1
DA:438,7
DA:443,29
DA:444,6
DA:445,6
DA:446,6
DA:447,6
DA:452,1
DA:453,1
DA:454,1
DA:455,1
DA:456,1
DA:462,6
DA:464,6
DA:466,2
DA:467,2
DA:469,2
DA:470,2
DA:472,2
DA:473,2
DA:474,1
DA:476,2
DA:479,0
DA:484,5
DA:485,5
DA:486,1
DA:491,2
DA:492,2
DA:493,1
DA:498,4
DA:500,3
DA:501,3
DA:502,3
DA:503,3
DA:505,3
DA:506,6
DA:507,4
DA:512,2
DA:513,2
DA:514,2
DA:521,4
DA:523,4
DA:525,3
DA:526,3
DA:527,3
DA:529,3
DA:530,6
DA:531,4
DA:536,2
DA:537,2
DA:549,1
DA:550,1
DA:551,1
DA:552,1
DA:556,6
DA:561,1
DA:568,1
DA:569,1
DA:573,1
DA:574,1
DA:578,1
DA:579,1
DA:583,1
DA:588,1
DA:592,1
DA:596,1
DA:600,1
DA:617,0
DA:621,0
DA:626,0
DA:627,0
DA:628,0
DA:630,0
DA:631,0
DA:632,0
DA:635,0
DA:636,0
DA:653,1
DA:654,1
DA:655,1
DA:656,1
DA:657,1
DA:662,1
DA:665,1
DA:668,1
DA:669,0
DA:673,1
DA:675,1
DA:698,14
DA:710,0
DA:718,0
DA:726,0
DA:734,0
DA:747,0
DA:755,0
DA:762,0
DA:773,0
DA:774,0
DA:776,0
DA:788,0
LF:262
LH:207
BRDA:71,0,0,11
BRDA:71,0,1,70
BRDA:72,1,0,11
BRDA:72,1,1,0
BRDA:73,2,0,11
BRDA:73,2,1,0
BRDA:74,3,0,11
BRDA:74,3,1,0
BRDA:87,4,0,81
BRDA:87,4,1,81
BRDA:98,5,0,0
BRDA:98,5,1,0
BRDA:144,6,0,74
BRDA:144,6,1,23
BRDA:151,7,0,41
BRDA:151,7,1,33
BRDA:152,8,0,41
BRDA:152,8,1,41
BRDA:153,9,0,41
BRDA:153,9,1,41
BRDA:154,10,0,41
BRDA:154,10,1,41
BRDA:158,11,0,41
BRDA:158,11,1,10
BRDA:180,12,0,0
BRDA:180,12,1,574
BRDA:183,13,0,0
BRDA:183,13,1,0
BRDA:191,14,0,574
BRDA:191,14,1,574
BRDA:193,15,0,574
BRDA:193,15,1,0
BRDA:194,16,0,574
BRDA:194,16,1,0
BRDA:195,17,0,574
BRDA:195,17,1,0
BRDA:202,18,0,573
BRDA:202,18,1,1
BRDA:202,19,0,574
BRDA:202,19,1,573
BRDA:203,20,0,573
BRDA:203,20,1,0
BRDA:219,21,0,23
BRDA:219,21,1,550
BRDA:228,22,0,1
BRDA:228,22,1,0
BRDA:232,23,0,0
BRDA:232,23,1,1
BRDA:241,24,0,0
BRDA:241,24,1,0
BRDA:260,25,0,1
BRDA:260,25,1,7
BRDA:270,26,0,0
BRDA:270,26,1,7
BRDA:270,27,0,7
BRDA:270,27,1,1
BRDA:272,28,0,0
BRDA:272,28,1,0
BRDA:287,29,0,2
BRDA:287,29,1,5
BRDA:302,30,0,0
BRDA:302,30,1,14
BRDA:312,31,0,0
BRDA:312,31,1,14
BRDA:312,32,0,14
BRDA:312,32,1,0
BRDA:314,33,0,0
BRDA:314,33,1,0
BRDA:315,34,0,0
BRDA:315,34,1,0
BRDA:329,35,0,14
BRDA:329,35,1,0
BRDA:331,36,0,14
BRDA:331,36,1,13
BRDA:343,37,0,1
BRDA:343,37,1,25
BRDA:355,38,0,13
BRDA:355,38,1,12
BRDA:360,39,0,3
BRDA:360,39,1,10
BRDA:361,40,0,3
BRDA:361,40,1,0
BRDA:373,41,0,10
BRDA:373,41,1,0
BRDA:381,42,0,6
BRDA:381,42,1,4
BRDA:386,43,0,5
BRDA:386,43,1,0
BRDA:386,44,0,5
BRDA:386,44,1,5
BRDA:405,45,0,20
BRDA:405,45,1,0
BRDA:408,46,0,20
BRDA:408,46,1,16
BRDA:414,47,0,20
BRDA:414,47,1,0
BRDA:429,48,0,4
BRDA:434,49,0,1
BRDA:434,49,1,7
BRDA:443,50,0,6
BRDA:443,50,1,23
BRDA:454,51,0,1
BRDA:454,51,1,0
BRDA:464,52,0,2
BRDA:464,52,1,2
BRDA:464,52,2,2
BRDA:464,52,3,0
BRDA:473,53,0,1
BRDA:473,53,1,1
BRDA:485,54,0,1
BRDA:485,54,1,4
BRDA:492,55,0,1
BRDA:492,55,1,1
BRDA:497,56,0,4
BRDA:498,57,0,1
BRDA:498,57,1,3
BRDA:506,58,0,4
BRDA:506,58,1,2
BRDA:506,59,0,6
BRDA:506,59,1,6
BRDA:520,60,0,4
BRDA:523,61,0,1
BRDA:523,61,1,3
BRDA:530,62,0,4
BRDA:530,62,1,2
BRDA:530,63,0,6
BRDA:530,63,1,6
BRDA:546,64,0,1
BRDA:630,65,0,0
BRDA:630,65,1,0
BRDA:630,66,0,0
BRDA:630,66,1,0
BRDA:631,67,0,0
BRDA:631,67,1,0
BRDA:635,68,0,0
BRDA:635,68,1,0
BRDA:654,69,0,1
BRDA:654,69,1,0
BRDA:668,70,0,0
BRDA:668,70,1,1
BRDA:675,71,0,1
BRDA:675,71,1,0
BRDA:675,71,2,0
BRDA:773,72,0,0
BRDA:773,72,1,0
BRF:145
BRH:97
end_of_record
TN:
SF:src/audio/AudioMonitor.ts
FN:57,(anonymous_0)
FN:74,(anonymous_1)
FN:83,(anonymous_2)
FN:95,(anonymous_3)
FN:116,(anonymous_4)
FN:118,(anonymous_5)
FN:134,(anonymous_6)
FN:137,(anonymous_7)
FN:148,(anonymous_8)
FN:165,(anonymous_9)
FN:168,(anonymous_10)
FN:188,(anonymous_11)
FN:195,(anonymous_12)
FN:202,(anonymous_13)
FN:209,(anonymous_14)
FN:216,(anonymous_15)
FN:262,(anonymous_16)
FN:281,(anonymous_17)
FN:288,(anonymous_18)
FN:302,(anonymous_19)
FN:315,(anonymous_20)
FN:322,(anonymous_21)
FNF:22
FNH:21
FNDA:920,(anonymous_0)
FNDA:3,(anonymous_1)
FNDA:171,(anonymous_2)
FNDA:1286,(anonymous_3)
FNDA:928,(anonymous_4)
FNDA:39091,(anonymous_5)
FNDA:12,(anonymous_6)
FNDA:119,(anonymous_7)
FNDA:104,(anonymous_8)
FNDA:9,(anonymous_9)
FNDA:275,(anonymous_10)
FNDA:10,(anonymous_11)
FNDA:3,(anonymous_12)
FNDA:1,(anonymous_13)
FNDA:51,(anonymous_14)
FNDA:920,(anonymous_15)
FNDA:12,(anonymous_16)
FNDA:9,(anonymous_17)
FNDA:0,(anonymous_18)
FNDA:1,(anonymous_19)
FNDA:2,(anonymous_20)
FNDA:2,(anonymous_21)
DA:40,113
DA:41,113
DA:42,113
DA:43,113
DA:44,113
DA:45,113
DA:46,113
DA:47,113
DA:48,113
DA:49,113
DA:50,113
DA:51,113
DA:52,113
DA:58,920
DA:59,920
DA:60,920
DA:63,920
DA:64,101
DA:68,920
DA:75,3
DA:76,3
DA:77,3
DA:84,171
DA:87,171
DA:88,50
DA:96,1286
DA:97,1286
DA:100,1286
DA:101,1010
DA:105,1286
DA:106,1286
DA:108,9
DA:109,9
DA:117,928
DA:118,39091
DA:119,928
DA:120,928
DA:122,928
DA:136,12
DA:137,119
DA:141,12
DA:144,12
DA:147,12
DA:148,104
DA:152,12
DA:167,9
DA:168,275
DA:172,9
DA:173,9
DA:174,9
DA:176,9
DA:189,10
DA:196,3
DA:203,1
DA:210,51
DA:217,920
DA:218,920
DA:219,920
DA:222,920
DA:223,219
DA:226,701
DA:228,2
DA:235,2
DA:236,699
DA:238,1
DA:245,1
DA:246,698
DA:248,9
DA:255,9
DA:263,12
DA:266,12
DA:267,0
DA:271,12
DA:272,2
DA:273,10
DA:274,1
DA:282,9
DA:283,9
DA:287,0
DA:288,0
DA:291,0
DA:292,0
DA:293,0
DA:295,0
DA:303,1
DA:304,1
DA:305,1
DA:306,1
DA:307,1
DA:308,1
DA:309,1
DA:316,2
DA:328,2
LF:93
LH:86
BRDA:63,0,0,101
BRDA:63,0,1,819
BRDA:87,1,0,50
BRDA:87,1,1,121
BRDA:100,2,0,1010
BRDA:100,2,1,276
BRDA:106,3,0,9
BRDA:106,3,1,1277
BRDA:119,4,0,926
BRDA:119,4,1,2
BRDA:120,5,0,926
BRDA:120,5,1,2
BRDA:136,6,0,7
BRDA:136,6,1,5
BRDA:141,7,0,7
BRDA:141,7,1,5
BRDA:144,8,0,7
BRDA:144,8,1,5
BRDA:147,9,0,3
BRDA:147,9,1,9
BRDA:167,10,0,8
BRDA:167,10,1,1
BRDA:174,11,0,9
BRDA:174,11,1,7
BRDA:195,12,0,3
BRDA:222,13,0,219
BRDA:222,13,1,701
BRDA:226,14,0,2
BRDA:226,14,1,699
BRDA:236,15,0,1
BRDA:236,15,1,698
BRDA:246,16,0,9
BRDA:246,16,1,689
BRDA:266,17,0,0
BRDA:266,17,1,12
BRDA:271,18,0,2
BRDA:271,18,1,10
BRDA:273,19,0,1
BRDA:273,19,1,9
BRDA:282,20,0,9
BRDA:282,20,1,0
BRDA:291,21,0,0
BRDA:291,21,1,0
BRDA:293,22,0,0
BRDA:293,22,1,0
BRF:45
BRH:39
end_of_record
TN:
SF:src/audio/AudioPool.ts
FN:31,(anonymous_0)
FN:49,(anonymous_1)
FN:71,(anonymous_2)
FN:87,(anonymous_3)
FN:88,(anonymous_4)
FN:99,(anonymous_5)
FN:113,(anonymous_6)
FN:118,(anonymous_7)
FN:123,(anonymous_8)
FN:143,(anonymous_9)
FN:155,(anonymous_10)
FN:162,(anonymous_11)
FN:176,(anonymous_12)
FN:183,(anonymous_13)
FN:195,(anonymous_14)
FN:207,(anonymous_15)
FN:208,(anonymous_16)
FN:214,(anonymous_17)
FN:222,(anonymous_18)
FN:224,(anonymous_19)
FN:235,(anonymous_20)
FN:248,(anonymous_21)
FN:249,(anonymous_22)
FN:256,(anonymous_23)
FN:263,(anonymous_24)
FNF:25
FNH:25
FNDA:58,(anonymous_0)
FNDA:41,(anonymous_1)
FNDA:6,(anonymous_2)
FNDA:3,(anonymous_3)
FNDA:6,(anonymous_4)
FNDA:20,(anonymous_5)
FNDA:5,(anonymous_6)
FNDA:228,(anonymous_7)
FNDA:3,(anonymous_8)
FNDA:48,(anonymous_9)
FNDA:197,(anonymous_10)
FNDA:5,(anonymous_11)
FNDA:3,(anonymous_12)
FNDA:21,(anonymous_13)
FNDA:3,(anonymous_14)
FNDA:1,(anonymous_15)
FNDA:2,(anonymous_16)
FNDA:6,(anonymous_17)
FNDA:15,(anonymous_18)
FNDA:4,(anonymous_19)
FNDA:2,(anonymous_20)
FNDA:1,(anonymous_21)
FNDA:3,(anonymous_22)
FNDA:7,(anonymous_23)
FNDA:4,(anonymous_24)
DA:25,58
DA:26,58
DA:27,58
DA:28,58
DA:29,58
DA:32,58
DA:33,58
DA:34,58
DA:41,58
DA:42,226
DA:50,41
DA:52,41
DA:54,41
DA:56,5
DA:57,2
DA:59,3
DA:60,3
DA:64,38
DA:65,38
DA:72,6
DA:73,1
DA:74,1
DA:77,5
DA:78,5
DA:79,5
DA:80,5
DA:88,3
DA:89,6
DA:90,6
DA:91,6
DA:93,3
DA:100,20
DA:114,5
DA:115,5
DA:119,228
DA:120,228
DA:124,3
DA:125,3
DA:133,105
DA:134,105
DA:148,48
DA:149,48
DA:150,1
DA:153,47
DA:155,47
DA:157,197
DA:158,197
DA:159,197
DA:160,197
DA:163,5
DA:164,5
DA:169,47
DA:170,47
DA:177,3
DA:184,21
DA:185,21
DA:186,1
DA:187,1
DA:189,20
DA:196,3
DA:197,3
DA:198,1
DA:199,1
DA:201,2
DA:208,2
DA:215,6
DA:216,6
DA:223,15
DA:224,15
DA:225,4
DA:227,15
DA:236,2
DA:237,2
DA:238,1
DA:239,1
DA:240,1
DA:242,1
DA:249,3
DA:250,1
DA:257,7
DA:264,4
LF:81
LH:81
BRDA:34,0,0,58
BRDA:54,1,0,5
BRDA:54,1,1,36
BRDA:56,2,0,2
BRDA:56,2,1,3
BRDA:56,3,0,5
BRDA:56,3,1,3
BRDA:72,4,0,1
BRDA:72,4,1,5
BRDA:149,5,0,1
BRDA:149,5,1,47
BRDA:185,6,0,1
BRDA:185,6,1,20
BRDA:197,7,0,1
BRDA:197,7,1,2
BRDA:237,8,0,1
BRDA:237,8,1,1
BRF:17
BRH:17
end_of_record
TN:
SF:src/audio/AudioProvider.tsx
FN:39,(anonymous_0)
FN:45,(anonymous_1)
FN:51,(anonymous_2)
FN:58,(anonymous_3)
FN:67,(anonymous_4)
FN:77,(anonymous_5)
FN:98,(anonymous_6)
FN:115,(anonymous_7)
FN:125,(anonymous_8)
FN:136,(anonymous_9)
FN:137,(anonymous_10)
FN:159,(anonymous_11)
FN:165,(anonymous_12)
FN:167,(anonymous_13)
FN:175,(anonymous_14)
FN:180,(anonymous_15)
FN:209,(anonymous_16)
FN:212,(anonymous_17)
FN:215,(anonymous_18)
FN:218,(anonymous_19)
FN:221,(anonymous_20)
FNF:21
FNH:18
FNDA:205,(anonymous_0)
FNDA:169,(anonymous_1)
FNDA:115,(anonymous_2)
FNDA:115,(anonymous_3)
FNDA:2,(anonymous_4)
FNDA:111,(anonymous_5)
FNDA:555,(anonymous_6)
FNDA:888,(anonymous_7)
FNDA:333,(anonymous_8)
FNDA:999,(anonymous_9)
FNDA:0,(anonymous_10)
FNDA:115,(anonymous_11)
FNDA:168,(anonymous_12)
FNDA:0,(anonymous_13)
FNDA:2,(anonymous_14)
FNDA:0,(anonymous_15)
FNDA:28,(anonymous_16)
FNDA:36,(anonymous_17)
FNDA:142,(anonymous_18)
FNDA:142,(anonymous_19)
FNDA:263,(anonymous_20)
DA:37,12
DA:39,12
DA:40,205
DA:41,205
DA:42,205
DA:45,12
DA:51,169
DA:52,115
DA:54,169
DA:58,169
DA:67,169
DA:68,2
DA:77,169
DA:81,111
DA:82,111
DA:90,111
DA:98,111
DA:99,555
DA:104,111
DA:115,111
DA:116,888
DA:121,111
DA:122,111
DA:123,111
DA:125,111
DA:126,333
DA:131,111
DA:135,111
DA:137,999
DA:138,0
DA:150,111
DA:152,0
DA:154,0
DA:159,169
DA:160,115
DA:161,109
DA:165,169
DA:167,168
DA:171,0
DA:172,0
DA:175,168
DA:176,2
DA:177,2
DA:180,168
DA:181,0
DA:182,0
DA:187,168
DA:210,28
DA:213,36
DA:216,142
DA:219,142
DA:222,263
DA:237,169
LF:53
LH:46
BRDA:41,0,0,0
BRDA:41,0,1,205
BRDA:49,1,0,169
BRDA:52,2,0,115
BRDA:52,2,1,26
BRDA:160,3,0,109
BRDA:160,3,1,6
BRF:7
BRH:6
end_of_record
TN:
SF:src/audio/AudioUtils.ts
FN:17,selectAudioFormat
FN:42,getPreferredFormat
FN:65,canPlayType
FN:79,clampVolume
FN:86,getBestFormatMetadata
FN:97,getFormatQuality
FN:118,(anonymous_6)
FN:127,(anonymous_7)
FN:160,(anonymous_8)
FN:189,detectSupportedFormats
FN:215,createAudioElement
FN:228,validateAudioUrl
FN:235,normalizeVolume
FN:242,formatDuration
FN:251,isAudioSupported
FN:258,getOptimalFormat
FNF:16
FNH:16
FNDA:23,selectAudioFormat
FNDA:8,getPreferredFormat
FNDA:37,canPlayType
FNDA:3,clampVolume
FNDA:8,getBestFormatMetadata
FNDA:8,getFormatQuality
FNDA:1,(anonymous_6)
FNDA:1,(anonymous_7)
FNDA:1,(anonymous_8)
FNDA:3,detectSupportedFormats
FNDA:4,createAudioElement
FNDA:7,validateAudioUrl
FNDA:7,normalizeVolume
FNDA:10,formatDuration
FNDA:2,isAudioSupported
FNDA:6,getOptimalFormat
DA:7,1
DA:22,23
DA:23,62
DA:24,13
DA:29,10
DA:30,6
DA:31,2
DA:35,8
DA:46,8
DA:48,8
DA:50,2
DA:51,2
DA:52,1
DA:53,1
DA:55,1
DA:58,6
DA:59,6
DA:66,37
DA:68,3
DA:71,34
DA:72,34
DA:73,34
DA:80,3
DA:89,8
DA:90,8
DA:100,8
DA:102,4
DA:104,2
DA:107,0
DA:110,2
DA:119,14
DA:120,14
DA:121,14
DA:137,8
DA:138,8
DA:141,8
DA:142,16
DA:143,6
DA:148,2
DA:149,0
DA:150,0
DA:154,2
DA:165,6
DA:167,6
DA:168,2
DA:175,4
DA:176,4
DA:178,4
DA:190,3
DA:191,3
DA:193,3
DA:194,3
DA:197,3
DA:198,3
DA:201,3
DA:202,3
DA:205,3
DA:206,0
DA:209,3
DA:219,4
DA:220,4
DA:221,4
DA:222,4
DA:229,7
DA:236,7
DA:243,10
DA:244,10
DA:245,10
DA:252,2
DA:261,6
DA:268,6
DA:269,15
DA:270,5
DA:274,1
LF:74
LH:70
BRDA:19,0,0,23
BRDA:23,1,0,13
BRDA:23,1,1,49
BRDA:23,2,0,62
BRDA:23,2,1,19
BRDA:30,3,0,2
BRDA:30,3,1,4
BRDA:48,4,0,2
BRDA:48,4,1,6
BRDA:51,5,0,1
BRDA:51,5,1,1
BRDA:66,6,0,3
BRDA:66,6,1,34
BRDA:73,7,0,34
BRDA:73,7,1,20
BRDA:92,8,0,4
BRDA:92,8,1,4
BRDA:100,9,0,4
BRDA:100,9,1,4
BRDA:102,10,0,2
BRDA:102,10,1,0
BRDA:102,10,2,0
BRDA:102,10,3,2
BRDA:102,10,4,2
BRDA:121,11,0,14
BRDA:121,11,1,6
BRDA:129,12,0,8
BRDA:142,13,0,6
BRDA:142,13,1,10
BRDA:142,14,0,16
BRDA:142,14,1,6
BRDA:149,15,0,0
BRDA:149,15,1,0
BRDA:167,16,0,2
BRDA:167,16,1,4
BRDA:193,17,0,3
BRDA:193,17,1,0
BRDA:197,18,0,3
BRDA:197,18,1,0
BRDA:201,19,0,3
BRDA:201,19,1,0
BRDA:205,20,0,0
BRDA:205,20,1,3
BRDA:217,21,0,4
BRDA:229,22,0,7
BRDA:229,22,1,4
BRDA:269,23,0,5
BRDA:269,23,1,10
BRDA:274,24,0,0
BRDA:274,24,1,1
BRF:50
BRH:41
end_of_record
TN:
SF:src/audio/BoneImpactAudioMap.ts
FN:98,getBoneImpactSoundId
FN:128,calculateImpactIntensity
FN:173,detectAudioBodyRegion
FN:205,getImpactVolumeMultiplier
FNF:4
FNH:4
FNDA:118,getBoneImpactSoundId
FNDA:57,calculateImpactIntensity
FNDA:37,detectAudioBodyRegion
FNDA:80,getImpactVolumeMultiplier
DA:23,6
DA:70,6
DA:83,6
DA:103,118
DA:105,118
DA:106,30
DA:110,88
DA:112,118
DA:113,1
DA:117,87
DA:118,87
DA:134,57
DA:135,12
DA:140,45
DA:145,5
DA:149,40
DA:150,36
DA:151,19
DA:152,5
DA:159,6
DA:177,37
DA:178,37
DA:181,37
DA:182,11
DA:186,26
DA:188,19
DA:189,19
DA:191,6
DA:193,13
DA:197,7
DA:206,80
LF:31
LH:31
BRDA:101,0,0,118
BRDA:105,1,0,30
BRDA:105,1,1,88
BRDA:110,2,0,88
BRDA:110,2,1,0
BRDA:112,3,0,1
BRDA:112,3,1,117
BRDA:134,4,0,12
BRDA:134,4,1,45
BRDA:140,5,0,5
BRDA:140,5,1,40
BRDA:141,6,0,45
BRDA:141,6,1,22
BRDA:141,6,2,6
BRDA:149,7,0,4
BRDA:149,7,1,36
BRDA:150,8,0,17
BRDA:150,8,1,19
BRDA:151,9,0,14
BRDA:151,9,1,5
BRDA:175,10,0,37
BRDA:181,11,0,11
BRDA:181,11,1,26
BRDA:186,12,0,19
BRDA:186,12,1,7
BRDA:189,13,0,6
BRDA:189,13,1,13
BRF:27
BRH:26
end_of_record
TN:
SF:src/audio/types.ts
FN:10,(anonymous_0)
FNF:1
FNH:1
FNDA:2,(anonymous_0)
DA:10,2
DA:11,2
DA:12,2
DA:13,2
DA:14,2
LF:5
LH:5
BRF:0
BRH:0
end_of_record
TN:
SF:src/components/effects/WindParticles3D.tsx
FN:160,(anonymous_0)
FN:177,(anonymous_1)
FN:187,(anonymous_2)
FN:191,(anonymous_3)
FN:196,(anonymous_4)
FN:201,(anonymous_5)
FN:224,(anonymous_6)
FN:232,(anonymous_7)
FN:258,(anonymous_8)
FN:265,(anonymous_9)
FN:317,(anonymous_10)
FN:328,(anonymous_11)
FN:350,(anonymous_12)
FN:351,(anonymous_13)
FN:353,(anonymous_14)
FN:361,(anonymous_15)
FNF:16
FNH:0
FNDA:0,(anonymous_0)
FNDA:0,(anonymous_1)
FNDA:0,(anonymous_2)
FNDA:0,(anonymous_3)
FNDA:0,(anonymous_4)
FNDA:0,(anonymous_5)
FNDA:0,(anonymous_6)
FNDA:0,(anonymous_7)
FNDA:0,(anonymous_8)
FNDA:0,(anonymous_9)
FNDA:0,(anonymous_10)
FNDA:0,(anonymous_11)
FNDA:0,(anonymous_12)
FNDA:0,(anonymous_13)
FNDA:0,(anonymous_14)
FNDA:0,(anonymous_15)
DA:103,1
DA:160,1
DA:166,0
DA:167,0
DA:168,0
DA:169,0
DA:172,0
DA:173,0
DA:177,0
DA:178,0
DA:182,0
DA:187,0
DA:188,0
DA:191,0
DA:192,0
DA:196,0
DA:197,0
DA:199,0
DA:201,0
DA:202,0
DA:204,0
DA:205,0
DA:207,0
DA:208,0
DA:210,0
DA:220,0
DA:224,0
DA:225,0
DA:227,0
DA:228,0
DA:231,0
DA:233,0
DA:235,0
DA:237,0
DA:238,0
DA:239,0
DA:241,0
DA:245,0
DA:248,0
DA:249,0
DA:252,0
DA:253,0
DA:254,0
DA:256,0
DA:258,0
DA:261,0
DA:262,0
DA:263,0
DA:265,0
DA:266,0
DA:268,0
DA:269,0
DA:270,0
DA:271,0
DA:274,0
DA:275,0
DA:276,0
DA:278,0
DA:282,0
DA:283,0
DA:284,0
DA:285,0
DA:288,0
DA:289,0
DA:292,0
DA:293,0
DA:296,0
DA:297,0
DA:298,0
DA:299,0
DA:301,0
DA:317,0
DA:318,0
DA:321,0
DA:324,0
DA:325,0
DA:326,0
DA:328,0
DA:329,0
DA:330,0
DA:331,0
DA:332,0
DA:335,0
DA:336,0
DA:337,0
DA:338,0
DA:341,0
DA:342,0
DA:343,0
DA:344,0
DA:345,0
DA:350,0
DA:351,0
DA:353,0
DA:354,0
DA:355,0
DA:356,0
DA:361,0
DA:362,0
DA:363,0
DA:364,0
DA:370,0
DA:372,0
LF:103
LH:2
BRDA:162,0,0,0
BRDA:163,1,0,0
BRDA:182,2,0,0
BRDA:182,2,1,0
BRDA:197,3,0,0
BRDA:197,3,1,0
BRDA:202,4,0,0
BRDA:202,4,1,0
BRDA:202,5,0,0
BRDA:202,5,1,0
BRDA:225,6,0,0
BRDA:225,6,1,0
BRDA:225,7,0,0
BRDA:225,7,1,0
BRDA:235,8,0,0
BRDA:235,8,1,0
BRDA:237,9,0,0
BRDA:237,9,1,0
BRDA:268,10,0,0
BRDA:268,10,1,0
BRDA:274,11,0,0
BRDA:274,11,1,0
BRDA:282,12,0,0
BRDA:282,12,1,0
BRDA:324,13,0,0
BRDA:324,13,1,0
BRDA:324,14,0,0
BRDA:324,14,1,0
BRDA:354,15,0,0
BRDA:354,15,1,0
BRDA:362,16,0,0
BRDA:362,16,1,0
BRDA:370,17,0,0
BRDA:370,17,1,0
BRDA:370,18,0,0
BRDA:370,18,1,0
BRF:36
BRH:0
end_of_record
TN:
SF:src/components/screens/combat/CombatScreen3D.tsx
FN:217,(anonymous_0)
FN:225,(anonymous_1)
FN:234,(anonymous_2)
FN:255,(anonymous_3)
FN:260,(anonymous_4)
FN:262,(anonymous_5)
FN:268,(anonymous_6)
FN:269,(anonymous_7)
FN:270,(anonymous_8)
FN:277,(anonymous_9)
FN:280,(anonymous_10)
FN:304,(anonymous_11)
FN:326,(anonymous_12)
FN:342,(anonymous_13)
FN:382,(anonymous_14)
FN:383,(anonymous_15)
FN:385,(anonymous_16)
FN:392,(anonymous_17)
FN:397,(anonymous_18)
FN:419,(anonymous_19)
FN:432,(anonymous_20)
FN:441,(anonymous_21)
FN:468,(anonymous_22)
FN:473,(anonymous_23)
FN:478,(anonymous_24)
FN:540,(anonymous_25)
FN:561,(anonymous_26)
FN:567,(anonymous_27)
FN:646,(anonymous_28)
FN:657,(anonymous_29)
FN:663,(anonymous_30)
FN:669,(anonymous_31)
FN:678,(anonymous_32)
FN:685,(anonymous_33)
FN:688,(anonymous_34)
FN:691,(anonymous_35)
FN:715,(anonymous_36)
FN:716,(anonymous_37)
FN:764,(anonymous_38)
FN:771,(anonymous_39)
FN:772,(anonymous_40)
FN:779,(anonymous_41)
FN:784,(anonymous_42)
FN:801,(anonymous_43)
FN:835,(anonymous_44)
FN:836,(anonymous_45)
FN:845,(anonymous_46)
FN:864,(anonymous_47)
FN:874,(anonymous_48)
FN:930,(anonymous_49)
FN:980,(anonymous_50)
FN:984,(anonymous_51)
FN:991,(anonymous_52)
FN:993,(anonymous_53)
FN:1006,(anonymous_54)
FN:1038,(anonymous_55)
FN:1044,(anonymous_56)
FN:1049,(anonymous_57)
FN:1063,(anonymous_58)
FN:1101,(anonymous_59)
FN:1107,(anonymous_60)
FN:1136,(anonymous_61)
FN:1159,(anonymous_62)
FN:1168,(anonymous_63)
FN:1212,(anonymous_64)
FN:1218,(anonymous_65)
FN:1229,(anonymous_66)
FN:1235,(anonymous_67)
FN:1244,(anonymous_68)
FN:1277,(anonymous_69)
FN:1293,(anonymous_70)
FN:1303,(anonymous_71)
FN:1326,(anonymous_72)
FN:1352,(anonymous_73)
FN:1355,(anonymous_74)
FN:1365,(anonymous_75)
FN:1375,(anonymous_76)
FN:1381,(anonymous_77)
FN:1398,(anonymous_78)
FN:1405,(anonymous_79)
FN:1425,(anonymous_80)
FN:1439,(anonymous_81)
FN:1455,(anonymous_82)
FN:1457,(anonymous_83)
FN:1462,(anonymous_84)
FN:1477,(anonymous_85)
FN:1520,(anonymous_86)
FN:1535,(anonymous_87)
FN:1550,(anonymous_88)
FN:1616,(anonymous_89)
FN:1618,(anonymous_90)
FN:1629,(anonymous_91)
FN:1634,(anonymous_92)
FN:1669,(anonymous_93)
FN:1676,(anonymous_94)
FN:1716,(anonymous_95)
FN:1743,(anonymous_96)
FN:1779,(anonymous_97)
FN:1815,(anonymous_98)
FN:1828,(anonymous_99)
FN:1838,(anonymous_100)
FN:1951,(anonymous_101)
FN:2013,(anonymous_102)
FN:2018,(anonymous_103)
FN:2028,(anonymous_104)
FN:2039,(anonymous_105)
FN:2045,(anonymous_106)
FN:2052,(anonymous_107)
FN:2074,(anonymous_108)
FN:2075,(anonymous_109)
FN:2093,(anonymous_110)
FN:2112,(anonymous_111)
FN:2154,(anonymous_112)
FN:2162,(anonymous_113)
FN:2169,(anonymous_114)
FN:2175,(anonymous_115)
FN:2225,(anonymous_116)
FN:2326,(anonymous_117)
FN:2409,(anonymous_118)
FN:2414,(anonymous_119)
FN:2436,(anonymous_120)
FN:2458,(anonymous_121)
FN:2472,(anonymous_122)
FN:2477,(anonymous_123)
FN:2478,(anonymous_124)
FN:2552,(anonymous_125)
FN:2571,(anonymous_126)
FN:2595,(anonymous_127)
FN:2648,(anonymous_128)
FN:2854,(anonymous_129)
FN:2869,(anonymous_130)
FN:2922,(anonymous_131)
FN:3186,(anonymous_132)
FN:3196,(anonymous_133)
FN:3213,(anonymous_134)
FN:3231,(anonymous_135)
FNF:136
FNH:66
FNDA:60,(anonymous_0)
FNDA:0,(anonymous_1)
FNDA:60,(anonymous_2)
FNDA:0,(anonymous_3)
FNDA:0,(anonymous_4)
FNDA:0,(anonymous_5)
FNDA:30,(anonymous_6)
FNDA:0,(anonymous_7)
FNDA:30,(anonymous_8)
FNDA:30,(anonymous_9)
FNDA:30,(anonymous_10)
FNDA:30,(anonymous_11)
FNDA:30,(anonymous_12)
FNDA:30,(anonymous_13)
FNDA:60,(anonymous_14)
FNDA:0,(anonymous_15)
FNDA:0,(anonymous_16)
FNDA:0,(anonymous_17)
FNDA:60,(anonymous_18)
FNDA:0,(anonymous_19)
FNDA:0,(anonymous_20)
FNDA:30,(anonymous_21)
FNDA:0,(anonymous_22)
FNDA:0,(anonymous_23)
FNDA:0,(anonymous_24)
FNDA:0,(anonymous_25)
FNDA:0,(anonymous_26)
FNDA:0,(anonymous_27)
FNDA:30,(anonymous_28)
FNDA:30,(anonymous_29)
FNDA:30,(anonymous_30)
FNDA:30,(anonymous_31)
FNDA:30,(anonymous_32)
FNDA:30,(anonymous_33)
FNDA:30,(anonymous_34)
FNDA:30,(anonymous_35)
FNDA:30,(anonymous_36)
FNDA:30,(anonymous_37)
FNDA:30,(anonymous_38)
FNDA:30,(anonymous_39)
FNDA:0,(anonymous_40)
FNDA:30,(anonymous_41)
FNDA:30,(anonymous_42)
FNDA:30,(anonymous_43)
FNDA:30,(anonymous_44)
FNDA:30,(anonymous_45)
FNDA:30,(anonymous_46)
FNDA:0,(anonymous_47)
FNDA:30,(anonymous_48)
FNDA:30,(anonymous_49)
FNDA:0,(anonymous_50)
FNDA:0,(anonymous_51)
FNDA:60,(anonymous_52)
FNDA:0,(anonymous_53)
FNDA:0,(anonymous_54)
FNDA:60,(anonymous_55)
FNDA:0,(anonymous_56)
FNDA:0,(anonymous_57)
FNDA:60,(anonymous_58)
FNDA:30,(anonymous_59)
FNDA:60,(anonymous_60)
FNDA:30,(anonymous_61)
FNDA:30,(anonymous_62)
FNDA:120,(anonymous_63)
FNDA:30,(anonymous_64)
FNDA:30,(anonymous_65)
FNDA:60,(anonymous_66)
FNDA:30,(anonymous_67)
FNDA:0,(anonymous_68)
FNDA:60,(anonymous_69)
FNDA:0,(anonymous_70)
FNDA:0,(anonymous_71)
FNDA:60,(anonymous_72)
FNDA:30,(anonymous_73)
FNDA:30,(anonymous_74)
FNDA:30,(anonymous_75)
FNDA:30,(anonymous_76)
FNDA:0,(anonymous_77)
FNDA:0,(anonymous_78)
FNDA:0,(anonymous_79)
FNDA:0,(anonymous_80)
FNDA:0,(anonymous_81)
FNDA:0,(anonymous_82)
FNDA:0,(anonymous_83)
FNDA:0,(anonymous_84)
FNDA:0,(anonymous_85)
FNDA:0,(anonymous_86)
FNDA:60,(anonymous_87)
FNDA:0,(anonymous_88)
FNDA:30,(anonymous_89)
FNDA:0,(anonymous_90)
FNDA:30,(anonymous_91)
FNDA:0,(anonymous_92)
FNDA:60,(anonymous_93)
FNDA:0,(anonymous_94)
FNDA:60,(anonymous_95)
FNDA:0,(anonymous_96)
FNDA:0,(anonymous_97)
FNDA:0,(anonymous_98)
FNDA:0,(anonymous_99)
FNDA:0,(anonymous_100)
FNDA:0,(anonymous_101)
FNDA:0,(anonymous_102)
FNDA:0,(anonymous_103)
FNDA:0,(anonymous_104)
FNDA:0,(anonymous_105)
FNDA:0,(anonymous_106)
FNDA:0,(anonymous_107)
FNDA:0,(anonymous_108)
FNDA:0,(anonymous_109)
FNDA:60,(anonymous_110)
FNDA:0,(anonymous_111)
FNDA:0,(anonymous_112)
FNDA:0,(anonymous_113)
FNDA:30,(anonymous_114)
FNDA:30,(anonymous_115)
FNDA:0,(anonymous_116)
FNDA:0,(anonymous_117)
FNDA:60,(anonymous_118)
FNDA:30,(anonymous_119)
FNDA:60,(anonymous_120)
FNDA:0,(anonymous_121)
FNDA:60,(anonymous_122)
FNDA:60,(anonymous_123)
FNDA:0,(anonymous_124)
FNDA:60,(anonymous_125)
FNDA:30,(anonymous_126)
FNDA:30,(anonymous_127)
FNDA:0,(anonymous_128)
FNDA:0,(anonymous_129)
FNDA:0,(anonymous_130)
FNDA:0,(anonymous_131)
FNDA:0,(anonymous_132)
FNDA:0,(anonymous_133)
FNDA:0,(anonymous_134)
FNDA:0,(anonymous_135)
DA:217,1
DA:225,60
DA:226,0
DA:227,0
DA:231,60
DA:234,1
DA:248,60
DA:251,60
DA:254,60
DA:256,0
DA:257,0
DA:258,0
DA:262,0
DA:268,60
DA:269,30
DA:270,30
DA:274,60
DA:277,60
DA:278,30
DA:279,30
DA:280,30
DA:281,30
DA:282,30
DA:292,60
DA:296,60
DA:304,60
DA:305,30
DA:307,1
DA:309,1
DA:311,26
DA:313,0
DA:315,2
DA:317,0
DA:326,60
DA:327,30
DA:328,30
DA:329,2
DA:342,60
DA:343,30
DA:345,30
DA:355,60
DA:358,60
DA:365,60
DA:366,60
DA:369,60
DA:373,60
DA:374,60
DA:375,60
DA:376,60
DA:378,60
DA:382,60
DA:383,60
DA:384,0
DA:385,0
DA:386,0
DA:390,0
DA:391,0
DA:392,0
DA:396,60
DA:397,60
DA:398,60
DA:403,60
DA:411,60
DA:412,60
DA:415,60
DA:416,60
DA:419,60
DA:420,0
DA:430,0
DA:432,0
DA:436,60
DA:441,60
DA:445,60
DA:446,60
DA:447,60
DA:448,60
DA:453,60
DA:465,60
DA:468,60
DA:469,0
DA:470,0
DA:473,60
DA:474,0
DA:475,0
DA:478,60
DA:483,0
DA:484,0
DA:485,0
DA:488,0
DA:489,0
DA:490,0
DA:495,0
DA:506,0
DA:520,0
DA:524,0
DA:533,0
DA:534,0
DA:536,0
DA:540,60
DA:541,0
DA:542,0
DA:545,0
DA:546,0
DA:548,0
DA:549,0
DA:550,0
DA:552,0
DA:553,0
DA:557,0
DA:561,0
DA:562,0
DA:563,0
DA:564,0
DA:567,0
DA:568,0
DA:569,0
DA:574,0
DA:576,0
DA:582,0
DA:593,0
DA:607,0
DA:612,0
DA:633,60
DA:646,60
DA:647,30
DA:648,30
DA:650,0
DA:657,60
DA:658,30
DA:663,60
DA:666,30
DA:669,60
DA:670,30
DA:678,60
DA:679,30
DA:680,30
DA:681,30
DA:685,60
DA:688,60
DA:691,60
DA:695,60
DA:700,60
DA:707,60
DA:715,60
DA:716,30
DA:717,30
DA:720,30
DA:725,30
DA:731,30
DA:739,30
DA:745,30
DA:750,30
DA:759,30
DA:762,30
DA:764,30
DA:771,60
DA:772,30
DA:773,0
DA:777,30
DA:779,30
DA:784,60
DA:786,30
DA:788,30
DA:789,30
DA:790,30
DA:792,30
DA:793,30
DA:800,60
DA:801,60
DA:802,30
DA:803,30
DA:812,60
DA:815,60
DA:821,60
DA:824,60
DA:830,60
DA:831,60
DA:835,60
DA:836,30
DA:838,30
DA:839,30
DA:845,60
DA:847,30
DA:848,30
DA:849,30
DA:852,30
DA:856,29
DA:857,29
DA:864,60
DA:866,0
DA:867,0
DA:874,60
DA:875,30
DA:887,60
DA:888,60
DA:895,60
DA:899,60
DA:906,60
DA:930,60
DA:931,30
DA:939,0
DA:940,0
DA:943,30
DA:944,30
DA:945,30
DA:946,30
DA:951,60
DA:954,60
DA:959,60
DA:965,60
DA:966,60
DA:974,60
DA:976,60
DA:980,60
DA:981,0
DA:982,0
DA:984,60
DA:985,0
DA:986,0
DA:991,60
DA:992,60
DA:997,0
DA:1002,0
DA:1003,0
DA:1008,0
DA:1012,0
DA:1015,0
DA:1016,0
DA:1018,0
DA:1021,0
DA:1022,0
DA:1023,0
DA:1024,0
DA:1025,0
DA:1033,60
DA:1038,60
DA:1039,60
DA:1042,60
DA:1045,0
DA:1052,0
DA:1053,0
DA:1061,60
DA:1062,60
DA:1063,60
DA:1065,60
DA:1066,60
DA:1068,60
DA:1069,0
DA:1071,0
DA:1074,0
DA:1075,0
DA:1078,0
DA:1083,0
DA:1085,0
DA:1086,0
DA:1097,60
DA:1101,60
DA:1102,30
DA:1106,60
DA:1107,60
DA:1108,60
DA:1109,60
DA:1113,60
DA:1116,60
DA:1118,0
DA:1122,0
DA:1127,60
DA:1128,0
DA:1132,60
DA:1136,60
DA:1137,30
DA:1138,0
DA:1139,0
DA:1141,0
DA:1147,30
DA:1149,30
DA:1151,30
DA:1158,60
DA:1159,60
DA:1160,30
DA:1161,30
DA:1168,60
DA:1170,120
DA:1176,0
DA:1186,60
DA:1207,60
DA:1212,60
DA:1213,30
DA:1218,60
DA:1219,30
DA:1227,60
DA:1228,60
DA:1229,60
DA:1230,60
DA:1231,60
DA:1235,60
DA:1237,30
DA:1238,30
DA:1244,60
DA:1246,0
DA:1247,0
DA:1248,0
DA:1251,0
DA:1252,0
DA:1253,0
DA:1255,0
DA:1257,0
DA:1258,0
DA:1259,0
DA:1261,0
DA:1262,0
DA:1265,0
DA:1276,60
DA:1277,60
DA:1278,60
DA:1283,60
DA:1285,60
DA:1293,0
DA:1303,60
DA:1306,0
DA:1307,0
DA:1309,0
DA:1310,0
DA:1311,0
DA:1313,0
DA:1314,0
DA:1315,0
DA:1316,0
DA:1318,0
DA:1324,60
DA:1326,60
DA:1327,60
DA:1328,30
DA:1331,30
DA:1332,30
DA:1335,30
DA:1336,30
DA:1337,30
DA:1338,30
DA:1340,0
DA:1352,60
DA:1355,60
DA:1356,30
DA:1357,30
DA:1358,30
DA:1359,0
DA:1362,30
DA:1365,30
DA:1366,30
DA:1367,30
DA:1368,30
DA:1370,30
DA:1375,60
DA:1381,60
DA:1383,0
DA:1386,0
DA:1388,0
DA:1389,0
DA:1398,60
DA:1400,0
DA:1405,60
DA:1411,0
DA:1425,60
DA:1427,0
DA:1433,0
DA:1439,60
DA:1441,0
DA:1442,0
DA:1443,0
DA:1444,0
DA:1447,0
DA:1455,60
DA:1457,0
DA:1459,0
DA:1460,0
DA:1462,0
DA:1464,0
DA:1470,0
DA:1472,0
DA:1473,0
DA:1477,0
DA:1478,0
DA:1490,0
DA:1493,0
DA:1494,0
DA:1495,0
DA:1496,0
DA:1511,60
DA:1521,0
DA:1535,60
DA:1536,60
DA:1542,60
DA:1553,0
DA:1563,0
DA:1564,0
DA:1568,0
DA:1574,0
DA:1575,0
DA:1579,0
DA:1581,0
DA:1582,0
DA:1584,0
DA:1585,0
DA:1586,0
DA:1589,0
DA:1595,0
DA:1598,0
DA:1616,60
DA:1617,30
DA:1618,30
DA:1619,0
DA:1621,30
DA:1625,60
DA:1628,60
DA:1629,60
DA:1630,30
DA:1634,60
DA:1636,0
DA:1641,0
DA:1643,0
DA:1645,0
DA:1646,0
DA:1651,0
DA:1654,0
DA:1657,0
DA:1664,60
DA:1665,60
DA:1668,60
DA:1669,60
DA:1670,60
DA:1671,60
DA:1672,60
DA:1674,60
DA:1676,0
DA:1677,0
DA:1678,0
DA:1679,0
DA:1681,0
DA:1684,0
DA:1691,0
DA:1694,0
DA:1695,0
DA:1704,60
DA:1715,60
DA:1716,60
DA:1717,60
DA:1718,60
DA:1719,60
DA:1721,60
DA:1724,0
DA:1725,0
DA:1732,60
DA:1743,60
DA:1750,0
DA:1751,0
DA:1754,0
DA:1755,0
DA:1756,0
DA:1760,0
DA:1761,0
DA:1763,0
DA:1766,0
DA:1769,0
DA:1779,60
DA:1780,0
DA:1782,0
DA:1783,0
DA:1784,0
DA:1785,0
DA:1793,0
DA:1796,0
DA:1797,0
DA:1815,60
DA:1816,0
DA:1819,0
DA:1820,0
DA:1821,0
DA:1822,0
DA:1827,60
DA:1830,0
DA:1831,0
DA:1833,0
DA:1840,0
DA:1843,0
DA:1844,0
DA:1846,0
DA:1847,0
DA:1851,0
DA:1852,0
DA:1856,0
DA:1857,0
DA:1858,0
DA:1862,0
DA:1863,0
DA:1866,0
DA:1867,0
DA:1868,0
DA:1874,0
DA:1876,0
DA:1880,0
DA:1881,0
DA:1893,0
DA:1894,0
DA:1899,0
DA:1900,0
DA:1932,60
DA:1933,60
DA:1951,60
DA:1954,0
DA:1965,0
DA:1967,0
DA:1971,0
DA:1972,0
DA:1984,0
DA:1985,0
DA:1986,0
DA:1994,0
DA:1996,0
DA:1997,0
DA:1998,0
DA:2006,0
DA:2013,60
DA:2015,0
DA:2018,60
DA:2020,0
DA:2021,0
DA:2028,60
DA:2030,0
DA:2031,0
DA:2033,0
DA:2039,60
DA:2041,0
DA:2044,0
DA:2045,0
DA:2046,0
DA:2048,0
DA:2051,0
DA:2052,0
DA:2053,0
DA:2055,0
DA:2058,0
DA:2059,0
DA:2062,0
DA:2063,0
DA:2067,0
DA:2068,0
DA:2074,60
DA:2075,0
DA:2080,60
DA:2093,60
DA:2094,60
DA:2096,58
DA:2097,0
DA:2098,0
DA:2099,0
DA:2101,0
DA:2103,0
DA:2104,0
DA:2107,0
DA:2109,0
DA:2112,0
DA:2113,0
DA:2134,60
DA:2145,60
DA:2155,0
DA:2162,0
DA:2169,60
DA:2170,30
DA:2175,60
DA:2177,30
DA:2178,30
DA:2183,0
DA:2184,0
DA:2192,0
DA:2194,0
DA:2207,0
DA:2208,0
DA:2210,0
DA:2211,0
DA:2212,0
DA:2225,60
DA:2240,0
DA:2241,0
DA:2242,0
DA:2245,0
DA:2249,0
DA:2250,0
DA:2251,0
DA:2255,0
DA:2256,0
DA:2258,0
DA:2259,0
DA:2260,0
DA:2261,0
DA:2263,0
DA:2264,0
DA:2265,0
DA:2267,0
DA:2268,0
DA:2269,0
DA:2270,0
DA:2272,0
DA:2273,0
DA:2275,0
DA:2276,0
DA:2277,0
DA:2282,0
DA:2283,0
DA:2284,0
DA:2288,0
DA:2289,0
DA:2291,0
DA:2292,0
DA:2293,0
DA:2294,0
DA:2296,0
DA:2297,0
DA:2298,0
DA:2300,0
DA:2301,0
DA:2302,0
DA:2303,0
DA:2305,0
DA:2306,0
DA:2310,0
DA:2311,0
DA:2313,0
DA:2316,0
DA:2318,0
DA:2319,0
DA:2323,0
DA:2324,0
DA:2326,0
DA:2327,0
DA:2332,0
DA:2333,0
DA:2334,0
DA:2335,0
DA:2336,0
DA:2338,0
DA:2340,0
DA:2341,0
DA:2342,0
DA:2358,0
DA:2362,0
DA:2366,0
DA:2367,0
DA:2368,0
DA:2372,0
DA:2373,0
DA:2375,0
DA:2376,0
DA:2377,0
DA:2378,0
DA:2380,0
DA:2381,0
DA:2382,0
DA:2384,0
DA:2385,0
DA:2386,0
DA:2387,0
DA:2389,0
DA:2390,0
DA:2391,0
DA:2409,60
DA:2410,60
DA:2414,60
DA:2415,30
DA:2416,0
DA:2417,0
DA:2419,0
DA:2421,0
DA:2436,60
DA:2437,60
DA:2439,60
DA:2440,60
DA:2442,60
DA:2443,0
DA:2444,0
DA:2445,0
DA:2446,0
DA:2447,0
DA:2450,0
DA:2452,0
DA:2458,0
DA:2459,0
DA:2472,60
DA:2473,60
DA:2477,60
DA:2478,60
DA:2480,0
DA:2481,0
DA:2482,0
DA:2483,0
DA:2485,0
DA:2487,0
DA:2494,0
DA:2495,0
DA:2499,0
DA:2500,0
DA:2503,0
DA:2508,0
DA:2511,0
DA:2513,0
DA:2514,0
DA:2515,0
DA:2525,0
DA:2526,0
DA:2529,0
DA:2530,0
DA:2531,0
DA:2534,0
DA:2535,0
DA:2536,0
DA:2545,0
DA:2546,0
DA:2547,0
DA:2551,60
DA:2552,60
DA:2571,60
DA:2572,30
DA:2573,0
DA:2580,30
DA:2587,30
DA:2595,60
DA:2596,30
DA:2597,0
DA:2604,30
DA:2611,30
DA:2619,60
DA:2649,0
DA:2922,0
DA:3188,0
DA:3189,0
DA:3190,0
DA:3193,0
DA:3198,0
DA:3199,0
DA:3200,0
DA:3202,0
DA:3214,0
DA:3215,0
DA:3216,0
DA:3218,0
DA:3232,0
DA:3233,0
DA:3238,0
DA:3240,0
LF:748
LH:312
BRDA:226,0,0,0
BRDA:226,0,1,0
BRDA:242,1,0,60
BRDA:243,2,0,60
BRDA:245,3,0,60
BRDA:278,4,0,30
BRDA:278,4,1,0
BRDA:305,5,0,1
BRDA:305,5,1,1
BRDA:305,5,2,26
BRDA:305,5,3,0
BRDA:305,5,4,2
BRDA:305,5,5,0
BRDA:328,6,0,28
BRDA:328,6,1,2
BRDA:355,7,0,60
BRDA:355,7,1,60
BRDA:384,8,0,0
BRDA:384,8,1,0
BRDA:384,9,0,0
BRDA:384,9,1,0
BRDA:390,10,0,0
BRDA:390,10,1,0
BRDA:390,11,0,0
BRDA:390,11,1,0
BRDA:422,12,0,0
BRDA:422,12,1,0
BRDA:426,13,0,0
BRDA:426,13,1,0
BRDA:541,14,0,0
BRDA:541,14,1,0
BRDA:546,15,0,0
BRDA:546,15,1,0
BRDA:546,16,0,0
BRDA:546,16,1,0
BRDA:548,17,0,0
BRDA:548,17,1,0
BRDA:549,18,0,0
BRDA:549,18,1,0
BRDA:563,19,0,0
BRDA:563,19,1,0
BRDA:568,20,0,0
BRDA:568,20,1,0
BRDA:647,21,0,30
BRDA:647,21,1,0
BRDA:647,22,0,30
BRDA:647,22,1,30
BRDA:717,23,0,30
BRDA:717,23,1,0
BRDA:786,24,0,0
BRDA:786,24,1,30
BRDA:788,25,0,30
BRDA:788,25,1,0
BRDA:789,26,0,30
BRDA:789,26,1,0
BRDA:800,27,0,60
BRDA:800,27,1,0
BRDA:802,28,0,30
BRDA:802,28,1,0
BRDA:847,29,0,30
BRDA:847,29,1,0
BRDA:852,30,0,29
BRDA:852,30,1,1
BRDA:853,31,0,30
BRDA:853,31,1,29
BRDA:909,32,0,60
BRDA:909,32,1,58
BRDA:909,32,2,29
BRDA:909,32,3,29
BRDA:909,32,4,29
BRDA:931,33,0,0
BRDA:931,33,1,30
BRDA:932,34,0,30
BRDA:932,34,1,0
BRDA:932,34,2,0
BRDA:932,34,3,0
BRDA:997,35,0,0
BRDA:997,35,1,0
BRDA:998,36,0,0
BRDA:998,36,1,0
BRDA:998,36,2,0
BRDA:1008,37,0,0
BRDA:1008,37,1,0
BRDA:1009,38,0,0
BRDA:1009,38,1,0
BRDA:1015,39,0,0
BRDA:1015,39,1,0
BRDA:1018,40,0,0
BRDA:1018,40,1,0
BRDA:1024,41,0,0
BRDA:1024,41,1,0
BRDA:1024,42,0,0
BRDA:1024,42,1,0
BRDA:1045,43,0,0
BRDA:1045,43,1,0
BRDA:1045,44,0,0
BRDA:1045,44,1,0
BRDA:1052,45,0,0
BRDA:1052,45,1,0
BRDA:1068,46,0,0
BRDA:1068,46,1,60
BRDA:1068,47,0,60
BRDA:1068,47,1,60
BRDA:1069,48,0,0
BRDA:1069,48,1,0
BRDA:1071,49,0,0
BRDA:1071,49,1,0
BRDA:1074,50,0,0
BRDA:1074,50,1,0
BRDA:1078,51,0,0
BRDA:1078,51,1,0
BRDA:1078,52,0,0
BRDA:1078,52,1,0
BRDA:1102,53,0,30
BRDA:1102,53,1,0
BRDA:1113,54,0,60
BRDA:1113,54,1,60
BRDA:1116,55,0,0
BRDA:1116,55,1,60
BRDA:1118,56,0,0
BRDA:1118,56,1,0
BRDA:1119,57,0,0
BRDA:1119,57,1,0
BRDA:1127,58,0,0
BRDA:1127,58,1,60
BRDA:1137,59,0,0
BRDA:1137,59,1,30
BRDA:1149,60,0,30
BRDA:1149,60,1,0
BRDA:1170,61,0,120
BRDA:1170,61,1,0
BRDA:1246,62,0,0
BRDA:1246,62,1,0
BRDA:1255,63,0,0
BRDA:1255,63,1,0
BRDA:1259,64,0,0
BRDA:1259,64,1,0
BRDA:1288,65,0,60
BRDA:1288,65,1,58
BRDA:1288,65,2,29
BRDA:1288,65,3,29
BRDA:1288,65,4,29
BRDA:1306,66,0,0
BRDA:1306,66,1,0
BRDA:1314,67,0,0
BRDA:1314,67,1,0
BRDA:1327,68,0,30
BRDA:1327,68,1,30
BRDA:1327,69,0,60
BRDA:1327,69,1,60
BRDA:1336,70,0,30
BRDA:1336,70,1,0
BRDA:1358,71,0,0
BRDA:1358,71,1,30
BRDA:1426,72,0,0
BRDA:1441,73,0,0
BRDA:1441,73,1,0
BRDA:1444,74,0,0
BRDA:1444,74,1,0
BRDA:1464,75,0,0
BRDA:1464,75,1,0
BRDA:1464,75,2,0
BRDA:1464,75,3,0
BRDA:1470,76,0,0
BRDA:1470,76,1,0
BRDA:1478,77,0,0
BRDA:1478,77,1,0
BRDA:1493,78,0,0
BRDA:1493,78,1,0
BRDA:1495,79,0,0
BRDA:1495,79,1,0
BRDA:1545,80,0,60
BRDA:1545,80,1,58
BRDA:1545,80,2,29
BRDA:1545,80,3,29
BRDA:1545,80,4,29
BRDA:1575,81,0,0
BRDA:1575,81,1,0
BRDA:1630,82,0,30
BRDA:1630,82,1,0
BRDA:1643,83,0,0
BRDA:1643,83,1,0
BRDA:1645,84,0,0
BRDA:1645,84,1,0
BRDA:1674,85,0,0
BRDA:1674,85,1,60
BRDA:1674,86,0,60
BRDA:1674,86,1,0
BRDA:1674,86,2,0
BRDA:1677,87,0,0
BRDA:1677,87,1,0
BRDA:1678,88,0,0
BRDA:1678,88,1,0
BRDA:1694,89,0,0
BRDA:1694,89,1,0
BRDA:1721,90,0,0
BRDA:1721,90,1,60
BRDA:1721,91,0,60
BRDA:1721,91,1,0
BRDA:1721,91,2,0
BRDA:1724,92,0,0
BRDA:1724,92,1,0
BRDA:1751,93,0,0
BRDA:1751,93,1,0
BRDA:1755,94,0,0
BRDA:1755,94,1,0
BRDA:1761,95,0,0
BRDA:1761,95,1,0
BRDA:1783,96,0,0
BRDA:1783,96,1,0
BRDA:1819,97,0,0
BRDA:1819,97,1,0
BRDA:1831,98,0,0
BRDA:1831,98,1,0
BRDA:1840,99,0,0
BRDA:1840,99,1,0
BRDA:1840,99,2,0
BRDA:1840,99,3,0
BRDA:1840,99,4,0
BRDA:1840,99,5,0
BRDA:1840,99,6,0
BRDA:1840,99,7,0
BRDA:1840,99,8,0
BRDA:1840,99,9,0
BRDA:1840,99,10,0
BRDA:1840,99,11,0
BRDA:1840,99,12,0
BRDA:1857,100,0,0
BRDA:1857,100,1,0
BRDA:1919,101,0,60
BRDA:1919,101,1,58
BRDA:1919,101,2,58
BRDA:1919,101,3,29
BRDA:1919,101,4,29
BRDA:1919,101,5,29
BRDA:1919,101,6,29
BRDA:1965,102,0,0
BRDA:1965,102,1,0
BRDA:1965,103,0,0
BRDA:1965,103,1,0
BRDA:1967,104,0,0
BRDA:1967,104,1,0
BRDA:1968,105,0,0
BRDA:1968,105,1,0
BRDA:1994,106,0,0
BRDA:1994,106,1,0
BRDA:1996,107,0,0
BRDA:1996,107,1,0
BRDA:2020,108,0,0
BRDA:2020,108,1,0
BRDA:2031,109,0,0
BRDA:2031,109,1,0
BRDA:2041,110,0,0
BRDA:2041,110,1,0
BRDA:2041,110,2,0
BRDA:2041,110,3,0
BRDA:2041,110,4,0
BRDA:2080,111,0,60
BRDA:2080,111,1,60
BRDA:2080,111,2,58
BRDA:2080,111,3,58
BRDA:2080,111,4,29
BRDA:2080,111,5,29
BRDA:2080,111,6,29
BRDA:2080,111,7,29
BRDA:2094,112,0,2
BRDA:2094,112,1,58
BRDA:2096,113,0,0
BRDA:2096,113,1,58
BRDA:2096,114,0,58
BRDA:2096,114,1,0
BRDA:2103,115,0,0
BRDA:2103,115,1,0
BRDA:2177,116,0,30
BRDA:2177,116,1,0
BRDA:2177,117,0,30
BRDA:2177,117,1,0
BRDA:2184,118,0,0
BRDA:2184,118,1,0
BRDA:2195,119,0,0
BRDA:2195,119,1,0
BRDA:2196,120,0,0
BRDA:2196,120,1,0
BRDA:2196,121,0,0
BRDA:2196,121,1,0
BRDA:2202,122,0,0
BRDA:2202,122,1,0
BRDA:2203,123,0,0
BRDA:2203,123,1,0
BRDA:2210,124,0,0
BRDA:2210,124,1,0
BRDA:2240,125,0,0
BRDA:2240,125,1,0
BRDA:2242,126,0,0
BRDA:2242,126,1,0
BRDA:2245,127,0,0
BRDA:2245,127,1,0
BRDA:2245,127,2,0
BRDA:2245,127,3,0
BRDA:2245,127,4,0
BRDA:2245,127,5,0
BRDA:2245,127,6,0
BRDA:2245,127,7,0
BRDA:2245,127,8,0
BRDA:2249,128,0,0
BRDA:2249,128,1,0
BRDA:2255,129,0,0
BRDA:2255,129,1,0
BRDA:2259,130,0,0
BRDA:2259,130,1,0
BRDA:2264,131,0,0
BRDA:2264,131,1,0
BRDA:2268,132,0,0
BRDA:2268,132,1,0
BRDA:2282,133,0,0
BRDA:2282,133,1,0
BRDA:2288,134,0,0
BRDA:2288,134,1,0
BRDA:2292,135,0,0
BRDA:2292,135,1,0
BRDA:2297,136,0,0
BRDA:2297,136,1,0
BRDA:2301,137,0,0
BRDA:2301,137,1,0
BRDA:2310,138,0,0
BRDA:2310,138,1,0
BRDA:2327,139,0,0
BRDA:2327,139,1,0
BRDA:2328,140,0,0
BRDA:2328,140,1,0
BRDA:2328,140,2,0
BRDA:2336,141,0,0
BRDA:2336,141,1,0
BRDA:2366,142,0,0
BRDA:2366,142,1,0
BRDA:2372,143,0,0
BRDA:2372,143,1,0
BRDA:2376,144,0,0
BRDA:2376,144,1,0
BRDA:2381,145,0,0
BRDA:2381,145,1,0
BRDA:2385,146,0,0
BRDA:2385,146,1,0
BRDA:2415,147,0,0
BRDA:2415,147,1,30
BRDA:2415,148,0,30
BRDA:2415,148,1,0
BRDA:2417,149,0,0
BRDA:2417,149,1,0
BRDA:2417,150,0,0
BRDA:2417,150,1,0
BRDA:2419,151,0,0
BRDA:2419,151,1,0
BRDA:2422,152,0,0
BRDA:2422,152,1,0
BRDA:2424,153,0,0
BRDA:2424,153,1,0
BRDA:2427,154,0,0
BRDA:2427,154,1,0
BRDA:2429,155,0,0
BRDA:2429,155,1,0
BRDA:2430,156,0,0
BRDA:2430,156,1,0
BRDA:2437,157,0,0
BRDA:2437,157,1,60
BRDA:2442,158,0,0
BRDA:2442,158,1,60
BRDA:2442,159,0,60
BRDA:2442,159,1,60
BRDA:2446,160,0,0
BRDA:2446,160,1,0
BRDA:2453,161,0,0
BRDA:2453,161,1,0
BRDA:2454,162,0,0
BRDA:2454,162,1,0
BRDA:2480,163,0,0
BRDA:2480,163,1,0
BRDA:2482,164,0,0
BRDA:2482,164,1,0
BRDA:2494,165,0,0
BRDA:2494,165,1,0
BRDA:2494,166,0,0
BRDA:2494,166,1,0
BRDA:2499,167,0,0
BRDA:2499,167,1,0
BRDA:2499,168,0,0
BRDA:2499,168,1,0
BRDA:2503,169,0,0
BRDA:2503,169,1,0
BRDA:2504,170,0,0
BRDA:2504,170,1,0
BRDA:2504,170,2,0
BRDA:2513,171,0,0
BRDA:2513,171,1,0
BRDA:2513,172,0,0
BRDA:2513,172,1,0
BRDA:2529,173,0,0
BRDA:2529,173,1,0
BRDA:2534,174,0,0
BRDA:2534,174,1,0
BRDA:2545,175,0,0
BRDA:2545,175,1,0
BRDA:2545,176,0,0
BRDA:2545,176,1,0
BRDA:2572,177,0,0
BRDA:2572,177,1,30
BRDA:2583,178,0,30
BRDA:2583,178,1,0
BRDA:2584,179,0,30
BRDA:2584,179,1,0
BRDA:2596,180,0,0
BRDA:2596,180,1,30
BRDA:2607,181,0,30
BRDA:2607,181,1,0
BRDA:2608,182,0,30
BRDA:2608,182,1,0
BRDA:2662,183,0,60
BRDA:2662,183,1,60
BRDA:2662,183,2,60
BRDA:2741,184,0,60
BRDA:2741,184,1,60
BRDA:2741,184,2,0
BRDA:2754,185,0,0
BRDA:2754,185,1,0
BRDA:2755,186,0,0
BRDA:2755,186,1,0
BRDA:2774,187,0,60
BRDA:2774,187,1,60
BRDA:2774,187,2,0
BRDA:2787,188,0,0
BRDA:2787,188,1,0
BRDA:2788,189,0,0
BRDA:2788,189,1,0
BRDA:2842,190,0,60
BRDA:2842,190,1,0
BRDA:2917,191,0,60
BRDA:2917,191,1,0
BRDA:2927,192,0,60
BRDA:2927,192,1,60
BRDA:2927,192,2,0
BRDA:2948,193,0,60
BRDA:2948,193,1,60
BRDA:2962,194,0,60
BRDA:2962,194,1,60
BRDA:2978,195,0,60
BRDA:2978,195,1,0
BRDA:2978,195,2,0
BRDA:2988,196,0,60
BRDA:2988,196,1,0
BRDA:3041,197,0,60
BRDA:3041,197,1,30
BRDA:3041,197,2,30
BRDA:3041,197,3,30
BRDA:3047,198,0,60
BRDA:3047,198,1,58
BRDA:3054,199,0,60
BRDA:3054,199,1,56
BRDA:3054,200,0,60
BRDA:3054,200,1,60
BRDA:3068,201,0,60
BRDA:3068,201,1,56
BRDA:3068,202,0,60
BRDA:3068,202,1,60
BRDA:3084,203,0,60
BRDA:3084,203,1,60
BRDA:3084,203,2,4
BRDA:3102,204,0,60
BRDA:3102,204,1,30
BRDA:3102,204,2,30
BRDA:3102,204,3,30
BRDA:3128,205,0,4
BRDA:3128,205,1,56
BRDA:3128,206,0,60
BRDA:3128,206,1,60
BRDA:3139,207,0,60
BRDA:3139,207,1,0
BRDA:3140,208,0,60
BRDA:3140,208,1,0
BRDA:3153,209,0,60
BRDA:3153,209,1,0
BRDA:3154,210,0,60
BRDA:3154,210,1,0
BRDA:3164,211,0,60
BRDA:3164,211,1,58
BRDA:3164,211,2,2
BRDA:3175,212,0,60
BRDA:3175,212,1,0
BRDA:3175,212,2,0
BRDA:3181,213,0,0
BRDA:3181,213,1,0
BRDA:3182,214,0,0
BRDA:3182,214,1,0
BRDA:3183,215,0,0
BRDA:3183,215,1,0
BRDA:3188,216,0,0
BRDA:3188,216,1,0
BRDA:3188,217,0,0
BRDA:3188,217,1,0
BRDA:3189,218,0,0
BRDA:3189,218,1,0
BRDA:3198,219,0,0
BRDA:3198,219,1,0
BRDA:3198,220,0,0
BRDA:3198,220,1,0
BRDA:3199,221,0,0
BRDA:3199,221,1,0
BRDA:3211,222,0,60
BRDA:3211,222,1,0
BRDA:3211,222,2,0
BRDA:3227,223,0,60
BRDA:3227,223,1,0
BRDA:3232,224,0,0
BRDA:3232,224,1,0
BRDA:3247,225,0,60
BRDA:3247,225,1,0
BRDA:3247,225,2,0
BRDA:3256,226,0,60
BRDA:3256,226,1,60
BRF:518
BRH:153
end_of_record
TN:
SF:src/components/screens/combat/components/controls/CombatButtons.tsx
FN:43,(anonymous_0)
FN:48,(anonymous_1)
FNF:2
FNH:2
FNDA:77,(anonymous_0)
FNDA:46,(anonymous_1)
DA:43,3
DA:46,77
DA:48,77
DA:53,77
LF:4
LH:4
BRDA:60,0,0,62
BRDA:60,0,1,15
BRDA:64,1,0,62
BRDA:64,1,1,15
BRDA:65,2,0,62
BRDA:65,2,1,15
BRF:6
BRH:6
end_of_record
TN:
SF:src/components/screens/combat/components/controls/CombatControlsPanel.tsx
FN:43,(anonymous_0)
FN:98,(anonymous_1)
FNF:2
FNH:2
FNDA:6,(anonymous_0)
FNDA:25,(anonymous_1)
DA:19,1
DA:43,1
DA:48,6
DA:49,6
DA:51,6
DA:99,25
LF:6
LH:6
BRDA:56,0,0,1
BRDA:56,0,1,5
BRDA:57,1,0,1
BRDA:57,1,1,5
BRDA:58,2,0,1
BRDA:58,2,1,5
BRDA:69,3,0,1
BRDA:69,3,1,5
BRDA:78,4,0,1
BRDA:78,4,1,5
BRDA:87,5,0,1
BRDA:87,5,1,5
BRDA:94,6,0,0
BRDA:94,6,1,6
BRF:14
BRH:13
end_of_record
TN:
SF:src/components/screens/combat/components/controls/ControlsGuide.tsx
FN:43,(anonymous_0)
FN:93,(anonymous_1)
FN:191,(anonymous_2)
FN:195,(anonymous_3)
FN:211,(anonymous_4)
FN:218,(anonymous_5)
FNF:6
FNH:5
FNDA:23,(anonymous_0)
FNDA:161,(anonymous_1)
FNDA:1,(anonymous_2)
FNDA:2,(anonymous_3)
FNDA:2,(anonymous_4)
FNDA:0,(anonymous_5)
DA:29,3
DA:43,3
DA:47,23
DA:48,23
DA:50,23
DA:94,161
DA:192,1
DA:193,1
DA:195,2
DA:212,2
DA:216,2
DA:219,0
DA:223,0
LF:13
LH:11
BRDA:58,0,0,3
BRDA:58,0,1,20
BRDA:62,1,0,3
BRDA:62,1,1,20
BRDA:63,2,0,3
BRDA:63,2,1,20
BRDA:73,3,0,3
BRDA:73,3,1,20
BRDA:90,4,0,3
BRDA:90,4,1,20
BRDA:101,5,0,21
BRDA:101,5,1,140
BRDA:110,6,0,21
BRDA:110,6,1,140
BRDA:120,7,0,21
BRDA:120,7,1,140
BRDA:130,8,0,21
BRDA:130,8,1,140
BRDA:131,9,0,21
BRDA:131,9,1,140
BRDA:138,10,0,21
BRDA:138,10,1,140
BRDA:151,11,0,3
BRDA:151,11,1,20
BRDA:152,12,0,3
BRDA:152,12,1,20
BRDA:160,13,0,3
BRDA:160,13,1,20
BRDA:171,14,0,3
BRDA:171,14,1,20
BRDA:198,15,0,3
BRDA:198,15,1,20
BRDA:200,16,0,3
BRDA:200,16,1,20
BRDA:201,17,0,3
BRDA:201,17,1,20
BRF:36
BRH:36
end_of_record
TN:
SF:src/components/screens/combat/components/controls/KeyboardHints.tsx
FN:59,(anonymous_0)
FN:68,(anonymous_1)
FN:76,(anonymous_2)
FN:150,(anonymous_3)
FNF:4
FNH:4
FNDA:82,(anonymous_0)
FNDA:52,(anonymous_1)
FNDA:52,(anonymous_2)
FNDA:168,(anonymous_3)
DA:59,2
DA:65,82
DA:68,82
DA:69,52
DA:70,2
DA:72,50
DA:76,82
DA:77,52
DA:78,52
DA:79,52
DA:80,52
DA:81,52
DA:83,52
DA:86,82
DA:88,21
DA:151,168
DA:152,168
DA:155,168
DA:159,168
LF:19
LH:19
BRDA:62,0,0,82
BRDA:69,1,0,2
BRDA:69,1,1,50
BRDA:77,2,0,32
BRDA:77,2,1,20
BRDA:78,3,0,32
BRDA:78,3,1,20
BRDA:79,4,0,32
BRDA:79,4,1,20
BRDA:80,5,0,32
BRDA:80,5,1,20
BRDA:81,6,0,32
BRDA:81,6,1,20
BRDA:86,7,0,61
BRDA:86,7,1,21
BRDA:97,8,0,2
BRDA:97,8,1,19
BRDA:152,9,0,21
BRDA:152,9,1,147
BRDA:155,10,0,21
BRDA:155,10,1,147
BRDA:166,11,0,21
BRDA:166,11,1,147
BRDA:175,12,0,21
BRDA:175,12,1,147
BRDA:176,13,0,21
BRDA:176,13,1,147
BRDA:195,14,0,2
BRDA:195,14,1,19
BRF:29
BRH:29
end_of_record
TN:
SF:src/components/screens/combat/components/controls/PauseMenu.tsx
FN:51,(anonymous_0)
FN:59,(anonymous_1)
FN:75,(anonymous_2)
FN:82,(anonymous_3)
FN:93,(anonymous_4)
FN:104,(anonymous_5)
FN:115,(anonymous_6)
FN:126,(anonymous_7)
FN:137,(anonymous_8)
FN:144,(anonymous_9)
FN:147,(anonymous_10)
FN:150,(anonymous_11)
FN:153,(anonymous_12)
FN:224,(anonymous_13)
FN:227,(anonymous_14)
FN:232,(anonymous_15)
FN:233,(anonymous_16)
FN:234,(anonymous_17)
FN:263,(anonymous_18)
FN:273,(anonymous_19)
FN:288,(anonymous_20)
FN:292,(anonymous_21)
FN:307,(anonymous_22)
FN:311,(anonymous_23)
FNF:24
FNH:13
FNDA:31,(anonymous_0)
FNDA:11,(anonymous_1)
FNDA:18,(anonymous_2)
FNDA:1,(anonymous_3)
FNDA:1,(anonymous_4)
FNDA:1,(anonymous_5)
FNDA:1,(anonymous_6)
FNDA:1,(anonymous_7)
FNDA:17,(anonymous_8)
FNDA:0,(anonymous_9)
FNDA:0,(anonymous_10)
FNDA:0,(anonymous_11)
FNDA:0,(anonymous_12)
FNDA:155,(anonymous_13)
FNDA:250,(anonymous_14)
FNDA:5,(anonymous_15)
FNDA:0,(anonymous_16)
FNDA:15,(anonymous_17)
FNDA:0,(anonymous_18)
FNDA:0,(anonymous_19)
FNDA:0,(anonymous_20)
FNDA:0,(anonymous_21)
FNDA:0,(anonymous_22)
FNDA:0,(anonymous_23)
DA:51,2
DA:57,31
DA:58,31
DA:59,31
DA:65,31
DA:68,31
DA:71,31
DA:72,31
DA:75,31
DA:76,18
DA:83,1
DA:84,1
DA:94,1
DA:95,1
DA:105,1
DA:106,1
DA:116,1
DA:117,1
DA:127,1
DA:128,1
DA:137,31
DA:138,17
DA:139,17
DA:144,31
DA:146,0
DA:148,0
DA:151,0
DA:154,0
DA:155,0
DA:156,0
DA:157,0
DA:158,0
DA:159,0
DA:160,0
DA:161,0
DA:171,31
DA:225,155
DA:227,250
DA:232,5
DA:233,0
DA:234,15
DA:264,0
DA:274,0
DA:289,0
DA:290,0
DA:293,0
DA:308,0
DA:309,0
DA:312,0
LF:49
LH:29
BRDA:138,0,0,17
BRDA:138,0,1,0
BRDA:154,1,0,0
BRDA:154,1,1,0
BRDA:158,2,0,0
BRDA:158,2,1,0
BRDA:201,3,0,4
BRDA:201,3,1,27
BRDA:205,4,0,4
BRDA:205,4,1,27
BRDA:220,5,0,4
BRDA:220,5,1,27
BRDA:221,6,0,4
BRDA:221,6,1,27
BRDA:247,7,0,4
BRDA:247,7,1,27
BRDA:248,8,0,4
BRDA:248,8,1,27
BRDA:261,9,0,31
BRDA:261,9,1,1
BRDA:271,10,0,31
BRDA:271,10,1,1
BRDA:281,11,0,31
BRDA:281,11,1,1
BRDA:300,12,0,31
BRDA:300,12,1,1
BRF:26
BRH:21
end_of_record
TN:
SF:src/components/screens/combat/components/controls/PauseMenuButton.tsx
FN:67,(anonymous_0)
FN:124,(anonymous_1)
FN:139,(anonymous_2)
FNF:3
FNH:3
FNDA:141,(anonymous_0)
FNDA:9,(anonymous_1)
FNDA:1,(anonymous_2)
DA:67,3
DA:86,141
DA:88,141
DA:125,9
DA:129,9
DA:133,9
DA:134,9
DA:140,1
DA:144,1
DA:148,1
DA:149,1
DA:161,3
LF:12
LH:12
BRDA:100,0,0,16
BRDA:100,0,1,125
BRDA:101,1,0,16
BRDA:101,1,1,125
BRDA:152,2,0,141
BRDA:152,2,1,126
BRF:6
BRH:6
end_of_record
TN:
SF:src/components/screens/combat/components/controls/QuickSettings.tsx
FN:46,(anonymous_0)
FN:119,(anonymous_1)
FN:172,(anonymous_2)
FN:226,(anonymous_3)
FN:234,(anonymous_4)
FN:264,(anonymous_5)
FN:268,(anonymous_6)
FN:285,(anonymous_7)
FN:292,(anonymous_8)
FNF:9
FNH:6
FNDA:36,(anonymous_0)
FNDA:0,(anonymous_1)
FNDA:0,(anonymous_2)
FNDA:2,(anonymous_3)
FNDA:3,(anonymous_4)
FNDA:1,(anonymous_5)
FNDA:2,(anonymous_6)
FNDA:2,(anonymous_7)
FNDA:0,(anonymous_8)
DA:46,3
DA:50,36
DA:51,36
DA:53,36
DA:120,0
DA:121,0
DA:173,0
DA:174,0
DA:227,2
DA:228,0
DA:230,2
DA:232,2
DA:234,3
DA:265,1
DA:266,1
DA:268,2
DA:286,2
DA:290,2
DA:293,0
DA:297,0
LF:20
LH:13
BRDA:64,0,0,3
BRDA:64,0,1,33
BRDA:68,1,0,3
BRDA:68,1,1,33
BRDA:78,2,0,3
BRDA:78,2,1,33
BRDA:95,3,0,3
BRDA:95,3,1,33
BRDA:104,4,0,3
BRDA:104,4,1,33
BRDA:140,5,0,3
BRDA:140,5,1,33
BRDA:157,6,0,3
BRDA:157,6,1,33
BRDA:193,7,0,3
BRDA:193,7,1,33
BRDA:216,8,0,3
BRDA:216,8,1,33
BRDA:227,9,0,0
BRDA:227,9,1,2
BRDA:235,10,0,0
BRDA:235,10,1,36
BRDA:239,11,0,3
BRDA:239,11,1,33
BRDA:240,12,0,3
BRDA:240,12,1,33
BRDA:241,13,0,0
BRDA:241,13,1,36
BRDA:244,14,0,0
BRDA:244,14,1,36
BRDA:247,15,0,0
BRDA:247,15,1,36
BRDA:257,16,0,0
BRDA:257,16,1,36
BRDA:272,17,0,3
BRDA:272,17,1,33
BRDA:274,18,0,3
BRDA:274,18,1,33
BRDA:275,19,0,3
BRDA:275,19,1,33
BRF:40
BRH:34
end_of_record
TN:
SF:src/components/screens/combat/components/effects/ArterialSpray3D.tsx
FN:142,(anonymous_0)
FN:157,(anonymous_1)
FN:167,(anonymous_2)
FN:170,(anonymous_3)
FN:243,(anonymous_4)
FN:244,(anonymous_5)
FN:252,(anonymous_6)
FN:259,(anonymous_7)
FN:272,(anonymous_8)
FNF:9
FNH:0
FNDA:0,(anonymous_0)
FNDA:0,(anonymous_1)
FNDA:0,(anonymous_2)
FNDA:0,(anonymous_3)
FNDA:0,(anonymous_4)
FNDA:0,(anonymous_5)
FNDA:0,(anonymous_6)
FNDA:0,(anonymous_7)
FNDA:0,(anonymous_8)
DA:74,1
DA:142,1
DA:148,0
DA:149,0
DA:152,0
DA:157,0
DA:158,0
DA:159,0
DA:167,0
DA:168,0
DA:170,0
DA:171,0
DA:173,0
DA:174,0
DA:177,0
DA:181,0
DA:182,0
DA:183,0
DA:184,0
DA:186,0
DA:187,0
DA:188,0
DA:190,0
DA:192,0
DA:194,0
DA:198,0
DA:199,0
DA:200,0
DA:201,0
DA:205,0
DA:208,0
DA:211,0
DA:228,0
DA:229,0
DA:230,0
DA:231,0
DA:234,0
DA:243,0
DA:244,0
DA:245,0
DA:246,0
DA:252,0
DA:253,0
DA:255,0
DA:256,0
DA:257,0
DA:259,0
DA:260,0
DA:261,0
DA:264,0
DA:270,0
DA:272,0
DA:273,0
DA:275,0
DA:276,0
DA:278,0
DA:280,0
DA:281,0
DA:285,0
DA:288,0
DA:291,0
DA:294,0
DA:295,0
DA:296,0
DA:297,0
DA:302,0
DA:303,0
DA:304,0
DA:305,0
DA:306,0
DA:308,0
DA:311,0
DA:312,0
DA:313,0
DA:315,0
DA:316,0
DA:317,0
DA:321,0
DA:323,0
DA:329,0
DA:330,0
DA:335,0
DA:336,0
DA:337,0
DA:338,0
DA:339,0
DA:343,0
DA:345,0
DA:368,1
LF:89
LH:3
BRDA:144,0,0,0
BRDA:145,1,0,0
BRDA:152,2,0,0
BRDA:152,2,1,0
BRDA:168,3,0,0
BRDA:168,3,1,0
BRDA:171,4,0,0
BRDA:171,4,1,0
BRDA:173,5,0,0
BRDA:173,5,1,0
BRDA:245,6,0,0
BRDA:245,6,1,0
BRDA:253,7,0,0
BRDA:253,7,1,0
BRDA:253,8,0,0
BRDA:253,8,1,0
BRDA:264,9,0,0
BRDA:264,9,1,0
BRDA:275,10,0,0
BRDA:275,10,1,0
BRDA:278,11,0,0
BRDA:278,11,1,0
BRDA:280,12,0,0
BRDA:280,12,1,0
BRDA:294,13,0,0
BRDA:294,13,1,0
BRDA:302,14,0,0
BRDA:302,14,1,0
BRDA:312,15,0,0
BRDA:312,15,1,0
BRDA:316,16,0,0
BRDA:316,16,1,0
BRDA:329,17,0,0
BRDA:329,17,1,0
BRDA:329,18,0,0
BRDA:329,18,1,0
BRDA:336,19,0,0
BRDA:336,19,1,0
BRDA:343,20,0,0
BRDA:343,20,1,0
BRDA:343,21,0,0
BRDA:343,21,1,0
BRF:42
BRH:0
end_of_record
TN:
SF:src/components/screens/combat/components/effects/BloodDecals3D.tsx
FN:93,(anonymous_0)
FN:160,(anonymous_1)
FN:171,(anonymous_2)
FN:211,(anonymous_3)
FN:283,(anonymous_4)
FN:300,(anonymous_5)
FN:303,(anonymous_6)
FN:305,(anonymous_7)
FN:313,(anonymous_8)
FN:314,(anonymous_9)
FN:322,(anonymous_10)
FN:323,(anonymous_11)
FN:343,(anonymous_12)
FN:344,(anonymous_13)
FN:352,(anonymous_14)
FN:363,(anonymous_15)
FNF:16
FNH:0
FNDA:0,(anonymous_0)
FNDA:0,(anonymous_1)
FNDA:0,(anonymous_2)
FNDA:0,(anonymous_3)
FNDA:0,(anonymous_4)
FNDA:0,(anonymous_5)
FNDA:0,(anonymous_6)
FNDA:0,(anonymous_7)
FNDA:0,(anonymous_8)
FNDA:0,(anonymous_9)
FNDA:0,(anonymous_10)
FNDA:0,(anonymous_11)
FNDA:0,(anonymous_12)
FNDA:0,(anonymous_13)
FNDA:0,(anonymous_14)
FNDA:0,(anonymous_15)
DA:69,1
DA:93,1
DA:94,0
DA:95,0
DA:96,0
DA:97,0
DA:99,0
DA:101,0
DA:102,0
DA:103,0
DA:104,0
DA:105,0
DA:109,0
DA:112,0
DA:113,0
DA:116,0
DA:126,0
DA:127,0
DA:128,0
DA:129,0
DA:131,0
DA:132,0
DA:133,0
DA:135,0
DA:136,0
DA:139,0
DA:140,0
DA:141,0
DA:142,0
DA:143,0
DA:144,0
DA:146,0
DA:147,0
DA:148,0
DA:149,0
DA:152,0
DA:153,0
DA:154,0
DA:160,1
DA:166,0
DA:167,0
DA:168,0
DA:171,0
DA:172,0
DA:174,0
DA:175,0
DA:176,0
DA:180,0
DA:181,0
DA:183,0
DA:190,0
DA:193,0
DA:198,0
DA:200,0
DA:211,0
DA:212,0
DA:215,0
DA:216,0
DA:217,0
DA:220,0
DA:283,1
DA:292,0
DA:295,0
DA:300,0
DA:303,0
DA:305,0
DA:306,0
DA:310,0
DA:313,0
DA:314,0
DA:315,0
DA:316,0
DA:322,0
DA:323,0
DA:324,0
DA:325,0
DA:327,0
DA:329,0
DA:334,0
DA:335,0
DA:343,0
DA:344,0
DA:345,0
DA:350,0
DA:352,0
DA:353,0
DA:357,0
DA:358,0
DA:361,0
DA:364,0
LF:90
LH:4
BRDA:99,0,0,0
BRDA:99,0,1,0
BRDA:172,1,0,0
BRDA:172,1,1,0
BRDA:172,2,0,0
BRDA:172,2,1,0
BRDA:198,3,0,0
BRDA:198,3,1,0
BRDA:212,4,0,0
BRDA:212,4,1,0
BRDA:286,5,0,0
BRDA:287,6,0,0
BRDA:288,7,0,0
BRDA:295,8,0,0
BRDA:295,8,1,0
BRDA:315,9,0,0
BRDA:315,9,1,0
BRDA:324,10,0,0
BRDA:324,10,1,0
BRDA:329,11,0,0
BRDA:329,11,1,0
BRDA:330,12,0,0
BRDA:330,12,1,0
BRDA:330,12,2,0
BRDA:353,13,0,0
BRDA:353,13,1,0
BRDA:357,14,0,0
BRDA:357,14,1,0
BRDA:357,15,0,0
BRDA:357,15,1,0
BRF:30
BRH:0
end_of_record
TN:
SF:src/components/screens/combat/components/effects/BloodLossOverlayHtml.tsx
FN:67,(anonymous_0)
FN:69,(anonymous_1)
FN:139,(anonymous_2)
FNF:3
FNH:3
FNDA:32,(anonymous_0)
FNDA:32,(anonymous_1)
FNDA:1,(anonymous_2)
DA:67,4
DA:69,32
DA:71,32
DA:72,32
DA:73,30
DA:77,2
DA:83,2
DA:87,2
DA:88,2
DA:89,32
DA:92,32
DA:93,32
DA:97,32
DA:111,32
DA:112,30
DA:116,2
DA:141,1
DA:142,1
DA:145,1
DA:148,1
DA:152,1
DA:160,4
LF:22
LH:22
BRDA:68,0,0,32
BRDA:72,1,0,30
BRDA:72,1,1,2
BRDA:88,2,0,0
BRDA:88,2,1,2
BRDA:111,3,0,30
BRDA:111,3,1,2
BRDA:111,4,0,32
BRDA:111,4,1,2
BRDA:145,5,0,0
BRDA:145,5,1,1
BRDA:145,6,0,1
BRDA:145,6,1,0
BRDA:148,7,0,0
BRDA:148,7,1,1
BRDA:153,8,0,1
BRDA:153,8,1,1
BRDA:153,8,2,1
BRF:18
BRH:14
end_of_record
TN:
SF:src/components/screens/combat/components/effects/BloodParticles3D.tsx
FN:131,(anonymous_0)
FN:227,(anonymous_1)
FN:245,(anonymous_2)
FN:248,(anonymous_3)
FN:251,(anonymous_4)
FN:259,(anonymous_5)
FN:260,(anonymous_6)
FN:263,(anonymous_7)
FN:277,(anonymous_8)
FN:283,(anonymous_9)
FN:285,(anonymous_10)
FN:286,(anonymous_11)
FN:296,(anonymous_12)
FN:315,(anonymous_13)
FN:322,(anonymous_14)
FN:332,(anonymous_15)
FN:391,(anonymous_16)
FN:406,(anonymous_17)
FNF:18
FNH:0
FNDA:0,(anonymous_0)
FNDA:0,(anonymous_1)
FNDA:0,(anonymous_2)
FNDA:0,(anonymous_3)
FNDA:0,(anonymous_4)
FNDA:0,(anonymous_5)
FNDA:0,(anonymous_6)
FNDA:0,(anonymous_7)
FNDA:0,(anonymous_8)
FNDA:0,(anonymous_9)
FNDA:0,(anonymous_10)
FNDA:0,(anonymous_11)
FNDA:0,(anonymous_12)
FNDA:0,(anonymous_13)
FNDA:0,(anonymous_14)
FNDA:0,(anonymous_15)
FNDA:0,(anonymous_16)
FNDA:0,(anonymous_17)
DA:80,1
DA:131,1
DA:135,0
DA:136,0
DA:140,0
DA:141,0
DA:142,0
DA:143,0
DA:144,0
DA:147,0
DA:148,0
DA:149,0
DA:150,0
DA:152,0
DA:154,0
DA:155,0
DA:156,0
DA:159,0
DA:160,0
DA:161,0
DA:165,0
DA:170,0
DA:171,0
DA:173,0
DA:174,0
DA:176,0
DA:187,0
DA:188,0
DA:189,0
DA:190,0
DA:191,0
DA:193,0
DA:227,1
DA:234,0
DA:235,0
DA:236,0
DA:237,0
DA:240,0
DA:245,0
DA:248,0
DA:249,0
DA:251,0
DA:252,0
DA:253,0
DA:254,0
DA:259,0
DA:260,0
DA:261,0
DA:263,0
DA:264,0
DA:265,0
DA:266,0
DA:267,0
DA:270,0
DA:271,0
DA:277,0
DA:279,0
DA:280,0
DA:281,0
DA:283,0
DA:285,0
DA:286,0
DA:287,0
DA:288,0
DA:289,0
DA:290,0
DA:296,0
DA:297,0
DA:298,0
DA:299,0
DA:300,0
DA:305,0
DA:308,0
DA:309,0
DA:315,0
DA:316,0
DA:318,0
DA:322,0
DA:323,0
DA:325,0
DA:327,0
DA:328,0
DA:329,0
DA:332,0
DA:333,0
DA:335,0
DA:336,0
DA:337,0
DA:339,0
DA:341,0
DA:344,0
DA:347,0
DA:348,0
DA:349,0
DA:350,0
DA:351,0
DA:352,0
DA:355,0
DA:357,0
DA:362,0
DA:363,0
DA:364,0
DA:365,0
DA:366,0
DA:367,0
DA:369,0
DA:378,0
DA:379,0
DA:380,0
DA:386,0
DA:389,0
DA:391,0
DA:392,0
DA:393,0
DA:396,0
DA:397,0
DA:398,0
DA:399,0
DA:402,0
DA:406,0
DA:407,0
DA:408,0
DA:410,0
DA:411,0
DA:412,0
DA:413,0
DA:414,0
DA:418,0
DA:419,0
DA:420,0
DA:421,0
DA:424,0
DA:428,0
DA:432,0
DA:433,0
DA:436,0
LF:136
LH:3
BRDA:229,0,0,0
BRDA:230,1,0,0
BRDA:240,2,0,0
BRDA:240,2,1,0
BRDA:249,3,0,0
BRDA:249,3,1,0
BRDA:252,4,0,0
BRDA:252,4,1,0
BRDA:261,5,0,0
BRDA:261,5,1,0
BRDA:264,6,0,0
BRDA:264,6,1,0
BRDA:287,7,0,0
BRDA:287,7,1,0
BRDA:297,8,0,0
BRDA:297,8,1,0
BRDA:323,9,0,0
BRDA:323,9,1,0
BRDA:323,10,0,0
BRDA:323,10,1,0
BRDA:339,11,0,0
BRDA:339,11,1,0
BRDA:347,12,0,0
BRDA:347,12,1,0
BRDA:362,13,0,0
BRDA:362,13,1,0
BRDA:367,14,0,0
BRDA:367,14,1,0
BRDA:378,15,0,0
BRDA:378,15,1,0
BRDA:378,16,0,0
BRDA:378,16,1,0
BRDA:389,17,0,0
BRDA:389,17,1,0
BRDA:396,18,0,0
BRDA:396,18,1,0
BRDA:396,19,0,0
BRDA:396,19,1,0
BRDA:410,20,0,0
BRDA:410,20,1,0
BRDA:410,21,0,0
BRDA:410,21,1,0
BRDA:418,22,0,0
BRDA:418,22,1,0
BRDA:418,23,0,0
BRDA:418,23,1,0
BRDA:432,24,0,0
BRDA:432,24,1,0
BRDA:432,25,0,0
BRDA:432,25,1,0
BRF:50
BRH:0
end_of_record
TN:
SF:src/components/screens/combat/components/effects/BloodViscosity3D.tsx
FN:125,(anonymous_0)
FN:146,(anonymous_1)
FN:155,(anonymous_2)
FN:254,(anonymous_3)
FN:257,(anonymous_4)
FN:260,(anonymous_5)
FN:273,(anonymous_6)
FN:274,(anonymous_7)
FN:290,(anonymous_8)
FN:297,(anonymous_9)
FN:352,(anonymous_10)
FN:359,(anonymous_11)
FNF:12
FNH:5
FNDA:60,(anonymous_0)
FNDA:30,(anonymous_1)
FNDA:30,(anonymous_2)
FNDA:30,(anonymous_3)
FNDA:30,(anonymous_4)
FNDA:0,(anonymous_5)
FNDA:0,(anonymous_6)
FNDA:0,(anonymous_7)
FNDA:0,(anonymous_8)
FNDA:0,(anonymous_9)
FNDA:0,(anonymous_10)
FNDA:0,(anonymous_11)
DA:62,2
DA:125,2
DA:132,60
DA:146,60
DA:148,0
DA:149,0
DA:155,60
DA:157,0
DA:158,0
DA:159,0
DA:160,0
DA:161,0
DA:162,0
DA:163,0
DA:166,0
DA:167,0
DA:168,0
DA:169,0
DA:171,0
DA:172,0
DA:173,0
DA:174,0
DA:175,0
DA:178,0
DA:180,0
DA:182,0
DA:183,0
DA:184,0
DA:187,0
DA:188,0
DA:189,0
DA:193,0
DA:196,0
DA:200,0
DA:204,0
DA:205,0
DA:208,0
DA:214,0
DA:220,0
DA:221,0
DA:225,0
DA:226,0
DA:227,0
DA:228,0
DA:231,0
DA:232,0
DA:233,0
DA:235,0
DA:245,0
DA:246,0
DA:248,0
DA:254,60
DA:255,30
DA:257,30
DA:258,30
DA:260,30
DA:261,0
DA:262,0
DA:263,0
DA:273,30
DA:274,30
DA:275,0
DA:276,0
DA:277,0
DA:278,0
DA:279,0
DA:281,0
DA:285,30
DA:290,60
DA:291,0
DA:293,0
DA:294,0
DA:295,0
DA:297,0
DA:298,0
DA:301,0
DA:302,0
DA:303,0
DA:306,0
DA:307,0
DA:308,0
DA:311,0
DA:312,0
DA:314,0
DA:316,0
DA:320,0
DA:325,0
DA:326,0
DA:327,0
DA:330,0
DA:331,0
DA:332,0
DA:335,0
DA:340,0
DA:343,0
DA:344,0
DA:347,0
DA:348,0
DA:352,0
DA:353,0
DA:357,60
DA:360,0
LF:102
LH:15
BRDA:127,0,0,60
BRDA:128,1,0,60
BRDA:149,2,0,0
BRDA:149,2,1,0
BRDA:255,3,0,0
BRDA:255,3,1,30
BRDA:261,4,0,0
BRDA:261,4,1,0
BRDA:275,5,0,0
BRDA:275,5,1,0
BRDA:277,6,0,0
BRDA:277,6,1,0
BRDA:291,7,0,0
BRDA:291,7,1,0
BRDA:291,8,0,0
BRDA:291,8,1,0
BRDA:301,9,0,0
BRDA:301,9,1,0
BRDA:314,10,0,0
BRDA:314,10,1,0
BRDA:330,11,0,0
BRDA:330,11,1,0
BRDA:343,12,0,0
BRDA:343,12,1,0
BRF:24
BRH:3
end_of_record
TN:
SF:src/components/screens/combat/components/effects/BoneCrackParticles3D.tsx
FN:90,getParticleCount
FN:101,getFragmentSize
FN:115,getVelocitySpread
FN:143,(anonymous_3)
FN:154,(anonymous_4)
FN:157,(anonymous_5)
FN:232,(anonymous_6)
FN:238,(anonymous_7)
FN:244,(anonymous_8)
FN:311,(anonymous_9)
FN:326,(anonymous_10)
FNF:11
FNH:0
FNDA:0,getParticleCount
FNDA:0,getFragmentSize
FNDA:0,getVelocitySpread
FNDA:0,(anonymous_3)
FNDA:0,(anonymous_4)
FNDA:0,(anonymous_5)
FNDA:0,(anonymous_6)
FNDA:0,(anonymous_7)
FNDA:0,(anonymous_8)
FNDA:0,(anonymous_9)
FNDA:0,(anonymous_10)
DA:66,1
DA:81,1
DA:94,0
DA:95,0
DA:102,0
DA:104,0
DA:106,0
DA:108,0
DA:116,0
DA:118,0
DA:120,0
DA:122,0
DA:143,1
DA:149,0
DA:154,0
DA:155,0
DA:157,0
DA:158,0
DA:159,0
DA:160,0
DA:161,0
DA:164,0
DA:165,0
DA:166,0
DA:167,0
DA:170,0
DA:171,0
DA:174,0
DA:175,0
DA:176,0
DA:179,0
DA:180,0
DA:182,0
DA:183,0
DA:186,0
DA:187,0
DA:192,0
DA:193,0
DA:195,0
DA:199,0
DA:204,0
DA:205,0
DA:211,0
DA:221,0
DA:223,0
DA:232,0
DA:238,0
DA:239,0
DA:241,0
DA:242,0
DA:244,0
DA:245,0
DA:247,0
DA:248,0
DA:250,0
DA:251,0
DA:252,0
DA:254,0
DA:255,0
DA:257,0
DA:261,0
DA:263,0
DA:264,0
DA:265,0
DA:268,0
DA:271,0
DA:272,0
DA:273,0
DA:276,0
DA:277,0
DA:278,0
DA:279,0
DA:280,0
DA:286,0
DA:287,0
DA:291,0
DA:292,0
DA:293,0
DA:294,0
DA:300,0
DA:304,0
DA:307,0
DA:308,0
DA:309,0
DA:311,0
DA:312,0
DA:313,0
DA:314,0
DA:317,0
DA:322,0
DA:324,0
DA:327,0
DA:333,1
LF:93
LH:4
BRDA:95,0,0,0
BRDA:95,0,1,0
BRDA:102,1,0,0
BRDA:102,1,1,0
BRDA:102,1,2,0
BRDA:116,2,0,0
BRDA:116,2,1,0
BRDA:116,2,2,0
BRDA:145,3,0,0
BRDA:146,4,0,0
BRDA:155,5,0,0
BRDA:155,5,1,0
BRDA:158,6,0,0
BRDA:158,6,1,0
BRDA:239,7,0,0
BRDA:239,7,1,0
BRDA:254,8,0,0
BRDA:254,8,1,0
BRDA:261,9,0,0
BRDA:261,9,1,0
BRDA:276,10,0,0
BRDA:276,10,1,0
BRDA:286,11,0,0
BRDA:286,11,1,0
BRDA:292,12,0,0
BRDA:292,12,1,0
BRDA:307,13,0,0
BRDA:307,13,1,0
BRDA:322,14,0,0
BRDA:322,14,1,0
BRF:30
BRH:0
end_of_record
TN:
SF:src/components/screens/combat/components/effects/CombatParticleEffects3D.tsx
FN:51,getViscosityForHitType
FN:70,getOrganForPosition
FN:87,getPenetrationDepth
FN:98,getAudioEffectType
FN:123,hashToFloat
FN:141,(anonymous_5)
FN:155,(anonymous_6)
FN:216,(anonymous_7)
FN:221,(anonymous_8)
FN:226,(anonymous_9)
FN:237,(anonymous_10)
FN:238,(anonymous_11)
FN:238,(anonymous_12)
FN:241,(anonymous_13)
FN:242,(anonymous_14)
FN:242,(anonymous_15)
FN:245,(anonymous_16)
FN:246,(anonymous_17)
FN:246,(anonymous_18)
FNF:19
FNH:2
FNDA:0,getViscosityForHitType
FNDA:0,getOrganForPosition
FNDA:0,getPenetrationDepth
FNDA:0,getAudioEffectType
FNDA:0,hashToFloat
FNDA:60,(anonymous_5)
FNDA:30,(anonymous_6)
FNDA:0,(anonymous_7)
FNDA:0,(anonymous_8)
FNDA:0,(anonymous_9)
FNDA:0,(anonymous_10)
FNDA:0,(anonymous_11)
FNDA:0,(anonymous_12)
FNDA:0,(anonymous_13)
FNDA:0,(anonymous_14)
FNDA:0,(anonymous_15)
FNDA:0,(anonymous_16)
FNDA:0,(anonymous_17)
FNDA:0,(anonymous_18)
DA:52,0
DA:54,0
DA:56,0
DA:58,0
DA:60,0
DA:62,0
DA:73,0
DA:75,0
DA:76,0
DA:77,0
DA:78,0
DA:79,0
DA:80,0
DA:88,0
DA:89,0
DA:90,0
DA:91,0
DA:99,0
DA:102,0
DA:104,0
DA:106,0
DA:109,0
DA:111,0
DA:116,2
DA:117,2
DA:124,0
DA:125,0
DA:126,0
DA:128,0
DA:141,2
DA:145,60
DA:148,60
DA:149,60
DA:150,60
DA:155,60
DA:156,30
DA:157,30
DA:158,30
DA:160,30
DA:161,0
DA:162,0
DA:164,0
DA:171,0
DA:172,0
DA:174,0
DA:175,0
DA:176,0
DA:182,0
DA:193,0
DA:194,0
DA:204,0
DA:205,0
DA:206,0
DA:215,30
DA:216,0
DA:217,0
DA:220,30
DA:221,0
DA:222,0
DA:225,30
DA:226,0
DA:230,30
DA:231,0
DA:232,0
DA:237,60
DA:238,0
DA:241,60
DA:242,0
DA:245,60
DA:246,0
DA:249,60
DA:251,60
LF:72
LH:21
BRDA:52,0,0,0
BRDA:52,0,1,0
BRDA:52,0,2,0
BRDA:52,0,3,0
BRDA:52,0,4,0
BRDA:73,1,0,0
BRDA:73,1,1,0
BRDA:76,2,0,0
BRDA:76,2,1,0
BRDA:77,3,0,0
BRDA:77,3,1,0
BRDA:78,4,0,0
BRDA:78,4,1,0
BRDA:79,5,0,0
BRDA:79,5,1,0
BRDA:88,6,0,0
BRDA:88,6,1,0
BRDA:89,7,0,0
BRDA:89,7,1,0
BRDA:90,8,0,0
BRDA:90,8,1,0
BRDA:99,9,0,0
BRDA:99,9,1,0
BRDA:99,9,2,0
BRDA:99,9,3,0
BRDA:99,9,4,0
BRDA:99,9,5,0
BRDA:99,9,6,0
BRDA:143,10,0,60
BRDA:143,11,0,60
BRDA:161,12,0,0
BRDA:161,12,1,0
BRDA:165,13,0,0
BRDA:165,13,1,0
BRDA:166,14,0,0
BRDA:166,14,1,0
BRDA:172,15,0,0
BRDA:172,15,1,0
BRDA:193,16,0,0
BRDA:193,16,1,0
BRDA:205,17,0,0
BRDA:205,17,1,0
BRDA:215,18,0,0
BRDA:215,18,1,30
BRDA:220,19,0,0
BRDA:220,19,1,30
BRDA:225,20,0,0
BRDA:225,20,1,30
BRDA:230,21,0,0
BRDA:230,21,1,30
BRDA:249,22,0,0
BRDA:249,22,1,60
BRF:52
BRH:7
end_of_record
TN:
SF:src/components/screens/combat/components/effects/ConsciousnessBlur.tsx
FN:62,(anonymous_0)
FN:67,(anonymous_1)
FNF:2
FNH:2
FNDA:32,(anonymous_0)
FNDA:32,(anonymous_1)
DA:62,4
DA:67,32
DA:69,32
DA:72,32
DA:76,32
DA:77,32
DA:83,32
DA:86,32
DA:87,30
DA:90,2
DA:104,32
DA:105,30
DA:109,2
DA:118,4
LF:14
LH:14
BRDA:65,0,0,32
BRDA:76,1,0,30
BRDA:76,1,1,2
BRDA:86,2,0,30
BRDA:86,2,1,2
BRDA:104,3,0,30
BRDA:104,3,1,2
BRDA:104,4,0,32
BRDA:104,4,1,2
BRF:9
BRH:9
end_of_record
TN:
SF:src/components/screens/combat/components/effects/DustClouds3D.tsx
FN:126,(anonymous_0)
FN:216,(anonymous_1)
FN:228,(anonymous_2)
FN:236,(anonymous_3)
FN:253,(anonymous_4)
FN:254,(anonymous_5)
FN:262,(anonymous_6)
FN:266,(anonymous_7)
FN:273,(anonymous_8)
FN:282,(anonymous_9)
FN:283,(anonymous_10)
FN:292,(anonymous_11)
FN:298,(anonymous_12)
FN:308,(anonymous_13)
FNF:14
FNH:0
FNDA:0,(anonymous_0)
FNDA:0,(anonymous_1)
FNDA:0,(anonymous_2)
FNDA:0,(anonymous_3)
FNDA:0,(anonymous_4)
FNDA:0,(anonymous_5)
FNDA:0,(anonymous_6)
FNDA:0,(anonymous_7)
FNDA:0,(anonymous_8)
FNDA:0,(anonymous_9)
FNDA:0,(anonymous_10)
FNDA:0,(anonymous_11)
FNDA:0,(anonymous_12)
FNDA:0,(anonymous_13)
DA:83,1
DA:126,1
DA:130,0
DA:133,0
DA:134,0
DA:135,0
DA:137,0
DA:138,0
DA:140,0
DA:142,0
DA:144,0
DA:145,0
DA:146,0
DA:153,0
DA:155,0
DA:157,0
DA:159,0
DA:165,0
DA:176,0
DA:179,0
DA:180,0
DA:181,0
DA:216,1
DA:223,0
DA:224,0
DA:225,0
DA:228,0
DA:229,0
DA:232,0
DA:236,0
DA:237,0
DA:240,0
DA:243,0
DA:253,0
DA:254,0
DA:255,0
DA:258,0
DA:262,0
DA:263,0
DA:266,0
DA:267,0
DA:270,0
DA:273,0
DA:274,0
DA:275,0
DA:276,0
DA:277,0
DA:282,0
DA:283,0
DA:284,0
DA:285,0
DA:286,0
DA:292,0
DA:293,0
DA:294,0
DA:298,0
DA:299,0
DA:301,0
DA:303,0
DA:304,0
DA:305,0
DA:308,0
DA:309,0
DA:311,0
DA:312,0
DA:313,0
DA:315,0
DA:316,0
DA:319,0
DA:322,0
DA:325,0
DA:328,0
DA:329,0
DA:330,0
DA:331,0
DA:332,0
DA:336,0
DA:337,0
DA:338,0
DA:339,0
DA:340,0
DA:346,0
DA:347,0
DA:348,0
DA:352,0
DA:356,0
DA:357,0
DA:360,0
LF:88
LH:3
BRDA:218,0,0,0
BRDA:219,1,0,0
BRDA:229,2,0,0
BRDA:229,2,1,0
BRDA:237,3,0,0
BRDA:237,3,1,0
BRDA:254,4,0,0
BRDA:254,4,1,0
BRDA:263,5,0,0
BRDA:263,5,1,0
BRDA:267,6,0,0
BRDA:267,6,1,0
BRDA:274,7,0,0
BRDA:274,7,1,0
BRDA:284,8,0,0
BRDA:284,8,1,0
BRDA:299,9,0,0
BRDA:299,9,1,0
BRDA:299,10,0,0
BRDA:299,10,1,0
BRDA:315,11,0,0
BRDA:315,11,1,0
BRDA:328,12,0,0
BRDA:328,12,1,0
BRDA:336,13,0,0
BRDA:336,13,1,0
BRDA:346,14,0,0
BRDA:346,14,1,0
BRDA:346,15,0,0
BRDA:346,15,1,0
BRDA:356,16,0,0
BRDA:356,16,1,0
BRDA:356,17,0,0
BRDA:356,17,1,0
BRF:34
BRH:0
end_of_record
TN:
SF:src/components/screens/combat/components/effects/EarthCrackEffect3D.tsx
FN:109,(anonymous_0)
FN:223,(anonymous_1)
FN:225,(anonymous_2)
FN:249,(anonymous_3)
FN:258,(anonymous_4)
FN:261,(anonymous_5)
FN:271,(anonymous_6)
FN:277,(anonymous_7)
FN:280,(anonymous_8)
FN:292,(anonymous_9)
FN:293,(anonymous_10)
FN:302,(anonymous_11)
FN:308,(anonymous_12)
FN:355,(anonymous_13)
FN:361,(anonymous_14)
FN:362,(anonymous_15)
FNF:16
FNH:0
FNDA:0,(anonymous_0)
FNDA:0,(anonymous_1)
FNDA:0,(anonymous_2)
FNDA:0,(anonymous_3)
FNDA:0,(anonymous_4)
FNDA:0,(anonymous_5)
FNDA:0,(anonymous_6)
FNDA:0,(anonymous_7)
FNDA:0,(anonymous_8)
FNDA:0,(anonymous_9)
FNDA:0,(anonymous_10)
FNDA:0,(anonymous_11)
FNDA:0,(anonymous_12)
FNDA:0,(anonymous_13)
FNDA:0,(anonymous_14)
FNDA:0,(anonymous_15)
DA:78,1
DA:109,1
DA:114,0
DA:117,0
DA:118,0
DA:119,0
DA:121,0
DA:122,0
DA:124,0
DA:126,0
DA:128,0
DA:131,0
DA:132,0
DA:133,0
DA:135,0
DA:138,0
DA:140,0
DA:141,0
DA:147,0
DA:150,0
DA:152,0
DA:156,0
DA:165,0
DA:169,0
DA:171,0
DA:172,0
DA:173,0
DA:223,1
DA:225,0
DA:226,0
DA:227,0
DA:228,0
DA:229,0
DA:230,0
DA:233,0
DA:247,1
DA:249,1
DA:255,0
DA:256,0
DA:257,0
DA:258,0
DA:261,0
DA:271,0
DA:272,0
DA:277,0
DA:278,0
DA:280,0
DA:281,0
DA:282,0
DA:287,0
DA:292,0
DA:293,0
DA:294,0
DA:295,0
DA:296,0
DA:302,0
DA:303,0
DA:305,0
DA:306,0
DA:308,0
DA:309,0
DA:311,0
DA:312,0
DA:313,0
DA:315,0
DA:316,0
DA:317,0
DA:320,0
DA:321,0
DA:323,0
DA:324,0
DA:326,0
DA:332,0
DA:333,0
DA:334,0
DA:339,0
DA:340,0
DA:345,0
DA:346,0
DA:353,0
DA:355,0
DA:356,0
DA:359,0
DA:362,0
DA:364,0
DA:366,0
DA:370,0
DA:372,0
DA:376,0
DA:377,0
DA:378,0
DA:379,0
DA:380,0
DA:381,0
DA:383,0
DA:384,0
DA:385,0
DA:389,0
DA:390,0
DA:391,0
DA:394,0
DA:396,0
LF:102
LH:5
BRDA:251,0,0,0
BRDA:252,1,0,0
BRDA:262,2,0,0
BRDA:262,2,1,0
BRDA:265,3,0,0
BRDA:265,3,1,0
BRDA:278,4,0,0
BRDA:278,4,1,0
BRDA:281,5,0,0
BRDA:281,5,1,0
BRDA:294,6,0,0
BRDA:294,6,1,0
BRDA:303,7,0,0
BRDA:303,7,1,0
BRDA:303,8,0,0
BRDA:303,8,1,0
BRDA:315,9,0,0
BRDA:315,9,1,0
BRDA:320,10,0,0
BRDA:320,10,1,0
BRDA:332,11,0,0
BRDA:332,11,1,0
BRDA:332,12,0,0
BRDA:332,12,1,0
BRDA:339,13,0,0
BRDA:339,13,1,0
BRDA:345,14,0,0
BRDA:345,14,1,0
BRDA:345,15,0,0
BRDA:345,15,1,0
BRDA:366,16,0,0
BRDA:366,16,1,0
BRDA:372,17,0,0
BRDA:372,17,1,0
BRDA:381,18,0,0
BRDA:381,18,1,0
BRF:36
BRH:0
end_of_record
TN:
SF:src/components/screens/combat/components/effects/EarthHealingEffect3D.tsx
FN:128,(anonymous_0)
FN:151,(anonymous_1)
FN:243,(anonymous_2)
FN:255,(anonymous_3)
FN:265,(anonymous_4)
FN:270,(anonymous_5)
FN:279,(anonymous_6)
FN:282,(anonymous_7)
FN:296,(anonymous_8)
FN:297,(anonymous_9)
FN:307,(anonymous_10)
FN:312,(anonymous_11)
FN:322,(anonymous_12)
FNF:13
FNH:0
FNDA:0,(anonymous_0)
FNDA:0,(anonymous_1)
FNDA:0,(anonymous_2)
FNDA:0,(anonymous_3)
FNDA:0,(anonymous_4)
FNDA:0,(anonymous_5)
FNDA:0,(anonymous_6)
FNDA:0,(anonymous_7)
FNDA:0,(anonymous_8)
FNDA:0,(anonymous_9)
FNDA:0,(anonymous_10)
FNDA:0,(anonymous_11)
FNDA:0,(anonymous_12)
DA:93,1
DA:128,1
DA:129,0
DA:131,0
DA:132,0
DA:133,0
DA:143,0
DA:151,1
DA:156,0
DA:158,0
DA:159,0
DA:160,0
DA:162,0
DA:163,0
DA:165,0
DA:167,0
DA:169,0
DA:170,0
DA:173,0
DA:174,0
DA:182,0
DA:185,0
DA:186,0
DA:193,0
DA:205,0
DA:207,0
DA:208,0
DA:209,0
DA:243,1
DA:249,0
DA:250,0
DA:251,0
DA:252,0
DA:255,0
DA:265,0
DA:266,0
DA:270,0
DA:272,0
DA:279,0
DA:280,0
DA:282,0
DA:283,0
DA:285,0
DA:286,0
DA:289,0
DA:290,0
DA:291,0
DA:296,0
DA:297,0
DA:298,0
DA:299,0
DA:300,0
DA:301,0
DA:307,0
DA:308,0
DA:312,0
DA:313,0
DA:315,0
DA:317,0
DA:318,0
DA:319,0
DA:322,0
DA:323,0
DA:324,0
DA:326,0
DA:328,0
DA:329,0
DA:330,0
DA:332,0
DA:333,0
DA:336,0
DA:337,0
DA:338,0
DA:341,0
DA:342,0
DA:343,0
DA:344,0
DA:346,0
DA:347,0
DA:350,0
DA:353,0
DA:354,0
DA:355,0
DA:356,0
DA:357,0
DA:363,0
DA:364,0
DA:365,0
DA:369,0
DA:373,0
DA:374,0
DA:377,0
LF:92
LH:4
BRDA:245,0,0,0
BRDA:246,1,0,0
BRDA:256,2,0,0
BRDA:256,2,1,0
BRDA:259,3,0,0
BRDA:259,3,1,0
BRDA:280,4,0,0
BRDA:280,4,1,0
BRDA:283,5,0,0
BRDA:283,5,1,0
BRDA:298,6,0,0
BRDA:298,6,1,0
BRDA:313,7,0,0
BRDA:313,7,1,0
BRDA:313,8,0,0
BRDA:313,8,1,0
BRDA:324,9,0,0
BRDA:324,9,1,0
BRDA:332,10,0,0
BRDA:332,10,1,0
BRDA:353,11,0,0
BRDA:353,11,1,0
BRDA:363,12,0,0
BRDA:363,12,1,0
BRDA:363,13,0,0
BRDA:363,13,1,0
BRDA:373,14,0,0
BRDA:373,14,1,0
BRDA:373,15,0,0
BRDA:373,15,1,0
BRF:30
BRH:0
end_of_record
TN:
SF:src/components/screens/combat/components/effects/ImpactSparks3D.tsx
FN:115,(anonymous_0)
FN:204,(anonymous_1)
FN:216,(anonymous_2)
FN:223,(anonymous_3)
FN:232,(anonymous_4)
FN:236,(anonymous_5)
FN:247,(anonymous_6)
FN:256,(anonymous_7)
FN:257,(anonymous_8)
FN:260,(anonymous_9)
FN:274,(anonymous_10)
FN:279,(anonymous_11)
FN:281,(anonymous_12)
FN:282,(anonymous_13)
FN:298,(anonymous_14)
FN:305,(anonymous_15)
FN:315,(anonymous_16)
FNF:17
FNH:0
FNDA:0,(anonymous_0)
FNDA:0,(anonymous_1)
FNDA:0,(anonymous_2)
FNDA:0,(anonymous_3)
FNDA:0,(anonymous_4)
FNDA:0,(anonymous_5)
FNDA:0,(anonymous_6)
FNDA:0,(anonymous_7)
FNDA:0,(anonymous_8)
FNDA:0,(anonymous_9)
FNDA:0,(anonymous_10)
FNDA:0,(anonymous_11)
FNDA:0,(anonymous_12)
FNDA:0,(anonymous_13)
FNDA:0,(anonymous_14)
FNDA:0,(anonymous_15)
FNDA:0,(anonymous_16)
DA:82,1
DA:115,1
DA:119,0
DA:120,0
DA:123,0
DA:124,0
DA:126,0
DA:127,0
DA:129,0
DA:131,0
DA:132,0
DA:135,0
DA:136,0
DA:143,0
DA:150,0
DA:151,0
DA:153,0
DA:154,0
DA:156,0
DA:165,0
DA:168,0
DA:169,0
DA:204,1
DA:211,0
DA:212,0
DA:213,0
DA:216,0
DA:217,0
DA:223,0
DA:224,0
DA:232,0
DA:233,0
DA:236,0
DA:237,0
DA:238,0
DA:242,0
DA:247,0
DA:248,0
DA:249,0
DA:250,0
[...]
FNDA:2,optimizedAnimationStyle
FNDA:0,measureRender
FNDA:0,useRenderCount
FNDA:0,batchUpdates
FNDA:0,(anonymous_10)
FNDA:0,(anonymous_11)
FNDA:5,hasPropsChanged
FNDA:5,useStableCallback
FNDA:5,(anonymous_14)
FNDA:3,(anonymous_15)
DA:29,6
DA:30,6
DA:32,6
DA:33,1
DA:36,5
DA:37,6
DA:38,2
DA:42,3
DA:62,2
DA:63,1
DA:66,1
DA:67,0
DA:68,0
DA:69,0
DA:72,0
DA:80,5
DA:121,5
DA:122,8
DA:135,30
DA:157,2
DA:177,0
DA:178,0
DA:179,0
DA:180,0
DA:181,0
DA:183,0
DA:184,0
DA:189,0
DA:192,0
DA:209,0
DA:210,0
DA:212,0
DA:234,0
DA:235,0
DA:257,5
DA:258,6
DA:259,2
DA:262,3
DA:275,5
DA:278,5
DA:279,5
DA:283,5
DA:284,3
DA:288,5
LF:44
LH:26
BRDA:32,0,0,1
BRDA:32,0,1,5
BRDA:37,1,0,2
BRDA:37,1,1,4
BRDA:62,2,0,1
BRDA:62,2,1,1
BRDA:62,3,0,2
BRDA:62,3,1,1
BRDA:68,4,0,0
BRDA:68,4,1,0
BRDA:117,5,0,5
BRDA:118,6,0,5
BRDA:119,7,0,5
BRDA:152,8,0,2
BRDA:153,9,0,2
BRDA:154,10,0,2
BRDA:155,11,0,2
BRDA:177,12,0,0
BRDA:177,12,1,0
BRDA:183,13,0,0
BRDA:183,13,1,0
BRDA:209,14,0,0
BRDA:209,14,1,0
BRDA:258,15,0,2
BRDA:258,15,1,4
BRF:25
BRH:17
end_of_record
TN:
SF:src/utils/player3DHelpers.ts
FN:107,animationStateToPlayerAnimation
FN:120,getBalanceState
FN:138,getPlayerAnimation
FN:186,convertPlayerStateToProps
FNF:4
FNH:4
FNDA:205,animationStateToPlayerAnimation
FNDA:3995,getBalanceState
FNDA:207,getPlayerAnimation
FNDA:197,convertPlayerStateToProps
DA:29,6
DA:110,205
DA:121,3995
DA:122,111
DA:123,104
DA:124,102
DA:139,207
DA:140,206
DA:141,204
DA:144,203
DA:146,2
DA:148,1
DA:150,0
DA:156,200
DA:204,197
LF:15
LH:14
BRDA:121,0,0,3884
BRDA:121,0,1,111
BRDA:122,1,0,7
BRDA:122,1,1,104
BRDA:123,2,0,2
BRDA:123,2,1,102
BRDA:139,3,0,1
BRDA:139,3,1,206
BRDA:140,4,0,2
BRDA:140,4,1,204
BRDA:141,5,0,1
BRDA:141,5,1,203
BRDA:144,6,0,2
BRDA:144,6,1,1
BRDA:144,6,2,0
BRDA:144,6,3,1
BRDA:144,6,4,200
BRDA:144,6,5,200
BRDA:190,7,0,197
BRDA:232,8,0,197
BRDA:232,8,1,4
BRDA:233,9,0,197
BRDA:233,9,1,4
BRDA:234,10,0,197
BRDA:234,10,1,196
BRDA:241,11,0,197
BRDA:241,11,1,5
BRDA:242,12,0,197
BRDA:242,12,1,5
BRF:29
BRH:28
end_of_record
TN:
SF:src/utils/playerUtils.ts
FN:54,createPlayerFromArchetype
FN:129,updatePlayerState
FN:157,applyDamage
FN:177,applyStatusEffect
FN:181,(anonymous_4)
FN:204,getVitalPointByOnPlayerId
FN:213,(anonymous_6)
FN:219,canPlayerAct
FN:230,getStanceEffectiveness
FN:241,hasEnoughResources
FN:252,getArchetypeBonuses
FN:270,calculateCombatEffectiveness
FN:284,updateStatusEffects
FN:288,(anonymous_13)
FN:294,(anonymous_14)
FN:301,resetPlayerState
FN:314,getArchetypeAssets
FN:363,initializeBodyFacing
FN:390,toggleStanceSide
FN:406,getPlayerLeadFoot
FN:417,getPlayerRearFoot
FNF:21
FNH:15
FNDA:527,createPlayerFromArchetype
FNDA:43,updatePlayerState
FNDA:11,applyDamage
FNDA:7,applyStatusEffect
FNDA:2,(anonymous_4)
FNDA:0,getVitalPointByOnPlayerId
FNDA:0,(anonymous_6)
FNDA:5,canPlayerAct
FNDA:0,getStanceEffectiveness
FNDA:5,hasEnoughResources
FNDA:3,getArchetypeBonuses
FNDA:4,calculateCombatEffectiveness
FNDA:2,updateStatusEffects
FNDA:2,(anonymous_13)
FNDA:1,(anonymous_14)
FNDA:2,resetPlayerState
FNDA:10,getArchetypeAssets
FNDA:9,initializeBodyFacing
FNDA:0,toggleStanceSide
FNDA:0,getPlayerLeadFoot
FNDA:0,getPlayerRearFoot
DA:25,15
DA:40,15
DA:58,527
DA:60,527
DA:65,527
DA:133,43
DA:162,11
DA:163,11
DA:165,11
DA:181,7
DA:182,2
DA:186,7
DA:188,1
DA:189,1
DA:192,6
DA:195,7
DA:213,0
DA:220,5
DA:221,4
DA:222,3
DA:223,2
DA:224,2
DA:235,0
DA:246,5
DA:258,3
DA:259,3
DA:271,4
DA:272,4
DA:273,4
DA:274,4
DA:276,4
DA:288,2
DA:289,2
DA:292,2
DA:294,1
DA:305,2
DA:323,10
DA:324,10
DA:326,10
DA:327,0
DA:328,0
DA:339,10
DA:368,9
DA:370,9
DA:391,0
DA:393,0
DA:407,0
DA:418,0
LF:48
LH:40
BRDA:61,0,0,398
BRDA:61,0,1,129
BRDA:101,1,0,398
BRDA:101,1,1,129
BRDA:139,2,0,43
BRDA:139,2,1,23
BRDA:141,3,0,43
BRDA:141,3,1,37
BRDA:144,4,0,43
BRDA:144,4,1,35
BRDA:148,5,0,43
BRDA:148,5,1,27
BRDA:150,6,0,43
BRDA:150,6,1,39
BRDA:169,7,0,2
BRDA:169,7,1,9
BRDA:170,8,0,2
BRDA:170,8,1,9
BRDA:182,9,0,2
BRDA:182,9,1,1
BRDA:186,10,0,1
BRDA:186,10,1,6
BRDA:186,11,0,7
BRDA:186,11,1,1
BRDA:213,12,0,0
BRDA:213,12,1,0
BRDA:220,13,0,1
BRDA:220,13,1,4
BRDA:221,14,0,1
BRDA:221,14,1,3
BRDA:222,15,0,1
BRDA:222,15,1,2
BRDA:223,16,0,0
BRDA:223,16,1,2
BRDA:246,17,0,5
BRDA:246,17,1,4
BRDA:326,18,0,0
BRDA:326,18,1,10
BRDA:391,19,0,0
BRDA:391,19,1,0
BRDA:407,20,0,0
BRDA:407,20,1,0
BRDA:418,21,0,0
BRDA:418,21,1,0
BRF:44
BRH:34
end_of_record
TN:
SF:src/utils/responsiveLayout.ts
FN:30,isValidTouchTarget
FN:53,calculateFontSize
FN:83,calculateSafePosition
FN:104,calculateHUDHeight
FN:132,calculateControlsHeight
FN:155,calculateSpacing
FN:180,calculateProgressBarSize
FN:208,getStanceSelectorLayout
FN:260,getResponsiveSize
FN:293,getHUDHeight
FN:309,getResponsivePadding
FN:325,getResponsiveFontSize
FN:344,shouldShowMobileControls
FNF:13
FNH:13
FNDA:11,isValidTouchTarget
FNDA:8,calculateFontSize
FNDA:8,calculateSafePosition
FNDA:7,calculateHUDHeight
FNDA:4,calculateControlsHeight
FNDA:8,calculateSpacing
FNDA:9,calculateProgressBarSize
FNDA:8,getStanceSelectorLayout
FNDA:856,getResponsiveSize
FNDA:494,getHUDHeight
FNDA:316,getResponsivePadding
FNDA:95,getResponsiveFontSize
FNDA:245,shouldShowMobileControls
DA:14,13
DA:35,11
DA:58,8
DA:60,4
DA:61,4
DA:63,1
DA:66,3
DA:87,8
DA:108,7
DA:109,7
DA:111,7
DA:113,3
DA:116,4
DA:118,3
DA:122,1
DA:136,4
DA:137,2
DA:140,2
DA:141,1
DA:144,1
DA:159,8
DA:161,8
DA:163,1
DA:165,1
DA:168,6
DA:184,9
DA:186,5
DA:187,5
DA:194,4
DA:195,9
DA:212,8
DA:213,6
DA:215,3
DA:218,3
DA:222,2
DA:239,13
DA:264,856
DA:265,38
DA:267,818
DA:268,624
DA:269,624
DA:271,194
DA:272,5
DA:273,5
DA:275,189
DA:294,494
DA:310,316
DA:326,95
DA:345,245
LF:49
LH:49
BRDA:33,0,0,11
BRDA:35,1,0,11
BRDA:35,1,1,6
BRDA:55,2,0,8
BRDA:56,3,0,8
BRDA:58,4,0,4
BRDA:58,4,1,4
BRDA:61,5,0,1
BRDA:61,5,1,3
BRDA:111,6,0,3
BRDA:111,6,1,4
BRDA:111,7,0,7
BRDA:111,7,1,3
BRDA:113,8,0,1
BRDA:113,8,1,2
BRDA:116,9,0,3
BRDA:116,9,1,1
BRDA:118,10,0,3
BRDA:118,10,1,0
BRDA:136,11,0,2
BRDA:136,11,1,2
BRDA:140,12,0,1
BRDA:140,12,1,1
BRDA:157,13,0,8
BRDA:159,14,0,7
BRDA:159,14,1,1
BRDA:161,15,0,1
BRDA:161,15,1,1
BRDA:161,15,2,6
BRDA:161,15,3,6
BRDA:184,16,0,5
BRDA:184,16,1,4
BRDA:186,17,0,3
BRDA:186,17,1,2
BRDA:194,18,0,2
BRDA:194,18,1,2
BRDA:212,19,0,6
BRDA:212,19,1,2
BRDA:213,20,0,3
BRDA:213,20,1,3
BRDA:264,21,0,38
BRDA:264,21,1,818
BRDA:267,22,0,624
BRDA:267,22,1,194
BRDA:271,23,0,5
BRDA:271,23,1,189
BRDA:344,24,0,245
BRDA:345,25,0,245
BRDA:345,25,1,47
BRF:49
BRH:48
end_of_record
TN:
SF:src/utils/responsiveLayoutHelpers.ts
FN:77,getResponsivePadding
FN:95,getResponsiveHeaderHeight
FN:113,getResponsiveFooterHeight
FN:131,getResponsiveSectionSpacing
FN:149,getResponsiveButtonArea
FN:174,getLayoutConstants
FN:218,getCombatLayoutConstants
FNF:7
FNH:7
FNDA:54,getResponsivePadding
FNDA:54,getResponsiveHeaderHeight
FNDA:54,getResponsiveFooterHeight
FNDA:54,getResponsiveSectionSpacing
FNDA:54,getResponsiveButtonArea
FNDA:49,getLayoutConstants
FNDA:91,getCombatLayoutConstants
DA:20,7
DA:78,54
DA:96,54
DA:114,54
DA:132,54
DA:150,54
DA:175,49
DA:177,49
DA:221,91
DA:224,91
DA:227,91
DA:239,91
DA:247,91
DA:255,91
DA:264,91
DA:272,91
LF:16
LH:16
BRDA:221,0,0,64
BRDA:221,0,1,27
BRDA:224,1,0,91
BRDA:224,1,1,64
BRDA:228,2,0,13
BRDA:228,2,1,78
BRDA:240,3,0,13
BRDA:240,3,1,78
BRDA:265,4,0,13
BRDA:265,4,1,78
BRDA:273,5,0,13
BRDA:273,5,1,78
BRF:12
BRH:12
end_of_record
TN:
SF:src/utils/responsiveOrientationConstants.ts
FN:74,portraitMobileControlsBottomBand
FNF:1
FNH:1
FNDA:28,portraitMobileControlsBottomBand
DA:23,5
DA:35,5
DA:52,5
DA:81,28
DA:89,28
LF:5
LH:5
BRDA:81,0,0,19
BRDA:81,0,1,9
BRDA:82,1,0,6
BRDA:82,1,1,13
BRDA:85,2,0,7
BRDA:85,2,1,2
BRF:6
BRH:6
end_of_record
TN:
SF:src/utils/safeAreaUtils.ts
FN:39,getSafeAreaInset
FN:76,getSafeAreaPadding
FN:111,getSafeAreaPosition
FN:134,getSafeAreaHeight
FN:137,(anonymous_4)
FN:157,hasSafeAreaInsets
FN:194,getSafeAreaStyles
FNF:7
FNH:2
FNDA:32,getSafeAreaInset
FNDA:27,getSafeAreaPadding
FNDA:0,getSafeAreaPosition
FNDA:0,getSafeAreaHeight
FNDA:0,(anonymous_4)
FNDA:0,hasSafeAreaInsets
FNDA:0,getSafeAreaStyles
DA:44,32
DA:52,32
DA:53,32
DA:81,27
DA:83,27
DA:85,32
DA:86,32
DA:88,32
DA:91,27
DA:115,0
DA:137,0
DA:138,0
DA:159,0
DA:160,0
DA:164,0
DA:165,0
DA:199,0
DA:201,0
DA:203,0
LF:19
LH:9
BRDA:44,0,0,27
BRDA:44,0,1,5
BRDA:46,1,0,5
BRDA:46,1,1,0
BRDA:48,2,0,0
BRDA:48,2,1,0
BRDA:52,3,0,32
BRDA:52,3,1,32
BRDA:78,4,0,27
BRDA:113,5,0,0
BRDA:159,6,0,0
BRDA:159,6,1,0
BRDA:159,7,0,0
BRDA:159,7,1,0
BRDA:166,8,0,0
BRDA:166,8,1,0
BRDA:166,8,2,0
BRDA:166,8,3,0
BRDA:166,8,4,0
BRDA:166,8,5,0
BRDA:166,8,6,0
BRDA:166,8,7,0
BRDA:166,8,8,0
BRDA:166,8,9,0
BRDA:166,8,10,0
BRDA:199,9,0,0
BRDA:199,10,0,0
BRDA:205,11,0,0
BRDA:205,11,1,0
BRF:29
BRH:6
end_of_record
TN:
SF:src/utils/sharedPhysicsConfig.ts
FN:100,createCameraConfig
FN:152,createPhysicsConfig
FNF:2
FNH:2
FNDA:115,createCameraConfig
FNDA:55,createPhysicsConfig
DA:101,115
DA:102,66
DA:110,49
DA:160,55
DA:168,55
DA:170,55
LF:6
LH:6
BRDA:101,0,0,66
BRDA:101,0,1,49
BRF:2
BRH:2
end_of_record
TN:
SF:src/utils/skeletonScaling.ts
FN:175,calculateBoneScalingFactors
FN:240,getScaledBoneLength
FN:322,calculateShoulderOffset
FN:351,calculateHitboxDimensions
FN:385,calculateVitalPointAdjustment
FN:458,calculateChokeEffectiveness
FN:492,calculateHeadStrikeVulnerability
FN:539,calculateBodyRadius
FNF:8
FNH:8
FNDA:70,calculateBoneScalingFactors
FNDA:22,getScaledBoneLength
FNDA:27,calculateShoulderOffset
FNDA:13,calculateHitboxDimensions
FNDA:10,calculateVitalPointAdjustment
FNDA:19,calculateChokeEffectiveness
FNDA:12,calculateHeadStrikeVulnerability
FNDA:32,calculateBodyRadius
DA:104,22
DA:146,22
DA:179,70
DA:180,70
DA:181,70
DA:182,70
DA:183,70
DA:184,70
DA:186,70
DA:190,70
DA:193,70
DA:194,70
DA:195,70
DA:198,70
DA:199,70
DA:200,70
DA:201,70
DA:204,70
DA:206,70
DA:244,22
DA:247,22
DA:250,4
DA:252,2
DA:256,1
DA:258,1
DA:260,1
DA:262,1
DA:267,1
DA:270,1
DA:273,1
DA:276,1
DA:281,6
DA:284,1
DA:287,1
DA:291,0
DA:327,27
DA:328,27
DA:356,13
DA:389,10
DA:393,10
DA:395,5
DA:399,5
DA:401,0
DA:405,5
DA:407,0
DA:412,5
DA:416,2
DA:421,3
DA:425,2
DA:432,1
DA:462,19
DA:465,19
DA:468,19
DA:496,12
DA:500,12
DA:542,32
DA:548,32
LF:57
LH:54
BRDA:247,0,0,4
BRDA:247,0,1,2
BRDA:247,0,2,1
BRDA:247,0,3,1
BRDA:247,0,4,1
BRDA:247,0,5,1
BRDA:247,0,6,1
BRDA:247,0,7,1
BRDA:247,0,8,1
BRDA:247,0,9,1
BRDA:247,0,10,1
BRDA:247,0,11,1
BRDA:247,0,12,1
BRDA:247,0,13,1
BRDA:247,0,14,5
BRDA:247,0,15,6
BRDA:247,0,16,1
BRDA:247,0,17,1
BRDA:247,0,18,1
BRDA:247,0,19,1
BRDA:247,0,20,0
BRDA:393,1,0,5
BRDA:393,1,1,5
BRDA:399,2,0,0
BRDA:399,2,1,5
BRDA:405,3,0,0
BRDA:405,3,1,5
BRDA:412,4,0,2
BRDA:412,4,1,3
BRDA:412,5,0,5
BRDA:412,5,1,5
BRDA:421,6,0,2
BRDA:421,6,1,1
BRDA:421,7,0,3
BRDA:421,7,1,1
BRF:35
BRH:32
end_of_record
TN:
SF:src/utils/stanceHelpers.ts
FN:23,(anonymous_0)
FN:44,(anonymous_1)
FN:75,(anonymous_2)
FN:96,(anonymous_3)
FN:107,(anonymous_4)
FNF:5
FNH:5
FNDA:55,(anonymous_0)
FNDA:51,(anonymous_1)
FNDA:41,(anonymous_2)
FNDA:41,(anonymous_3)
FNDA:35,(anonymous_4)
DA:23,10
DA:24,55
DA:34,55
DA:44,10
DA:45,51
DA:63,51
DA:75,10
DA:76,41
DA:86,41
DA:96,10
DA:97,41
DA:107,10
DA:108,35
DA:109,35
LF:14
LH:14
BRDA:34,0,0,55
BRDA:34,0,1,0
BRDA:64,1,0,51
BRDA:64,1,1,0
BRDA:86,2,0,41
BRDA:86,2,1,0
BRF:6
BRH:3
end_of_record
TN:
SF:src/utils/threeObjectPool.ts
FN:28,(anonymous_0)
FN:36,(anonymous_1)
FN:49,(anonymous_2)
FN:59,(anonymous_3)
FN:69,(anonymous_4)
FN:76,(anonymous_5)
FN:93,(anonymous_6)
FN:101,(anonymous_7)
FN:114,(anonymous_8)
FN:124,(anonymous_9)
FN:134,(anonymous_10)
FN:141,(anonymous_11)
FN:158,(anonymous_12)
FN:166,(anonymous_13)
FN:179,(anonymous_14)
FN:189,(anonymous_15)
FN:199,(anonymous_16)
FN:206,(anonymous_17)
FN:223,(anonymous_18)
FN:231,(anonymous_19)
FN:244,(anonymous_20)
FN:254,(anonymous_21)
FN:264,(anonymous_22)
FN:271,(anonymous_23)
FN:289,(anonymous_24)
FN:297,(anonymous_25)
FN:310,(anonymous_26)
FN:320,(anonymous_27)
FN:330,(anonymous_28)
FN:337,(anonymous_29)
FN:395,(anonymous_30)
FN:407,(anonymous_31)
FN:426,(anonymous_32)
FN:454,withTempEulers
FN:465,(anonymous_34)
FN:479,withTempVectors
FN:490,(anonymous_36)
FN:504,withTempMatrices
FN:515,(anonymous_38)
FN:538,withTempColors
FN:549,(anonymous_40)
FNF:41
FNH:41
FNDA:92,(anonymous_0)
FNDA:8655,(anonymous_1)
FNDA:8652,(anonymous_2)
FNDA:14,(anonymous_3)
FNDA:20,(anonymous_4)
FNDA:115,(anonymous_5)
FNDA:92,(anonymous_6)
FNDA:180,(anonymous_7)
FNDA:178,(anonymous_8)
FNDA:9,(anonymous_9)
FNDA:12,(anonymous_10)
FNDA:115,(anonymous_11)
FNDA:92,(anonymous_12)
FNDA:7,(anonymous_13)
FNDA:5,(anonymous_14)
FNDA:8,(anonymous_15)
FNDA:8,(anonymous_16)
FNDA:115,(anonymous_17)
FNDA:92,(anonymous_18)
FNDA:5718,(anonymous_19)
FNDA:5716,(anonymous_20)
FNDA:8,(anonymous_21)
FNDA:6,(anonymous_22)
FNDA:115,(anonymous_23)
FNDA:92,(anonymous_24)
FNDA:13,(anonymous_25)
FNDA:10,(anonymous_26)
FNDA:10,(anonymous_27)
FNDA:12,(anonymous_28)
FNDA:115,(anonymous_29)
FNDA:6,(anonymous_30)
FNDA:1,(anonymous_31)
FNDA:115,(anonymous_32)
FNDA:63,withTempEulers
FNDA:1688,(anonymous_34)
FNDA:2,withTempVectors
FNDA:4,(anonymous_36)
FNDA:2,withTempMatrices
FNDA:4,(anonymous_38)
FNDA:3,withTempColors
FNDA:8,(anonymous_40)
DA:25,92
DA:29,92
DA:37,8655
DA:38,8655
DA:39,8640
DA:40,8640
DA:42,15
DA:50,8652
DA:51,8652
DA:60,14
DA:61,14
DA:62,2710
DA:70,20
DA:77,115
DA:90,92
DA:94,92
DA:102,180
DA:103,180
DA:104,167
DA:105,167
DA:107,13
DA:115,178
DA:116,178
DA:125,9
DA:126,9
DA:127,1700
DA:135,12
DA:142,115
DA:155,92
DA:159,92
DA:167,7
DA:168,7
DA:169,1
DA:170,1
DA:172,6
DA:180,5
DA:181,5
DA:190,8
DA:191,8
DA:192,675
DA:200,8
DA:207,115
DA:220,92
DA:224,92
DA:232,5718
DA:233,5718
DA:234,5692
DA:235,5692
DA:237,26
DA:245,5716
DA:246,5716
DA:255,8
DA:256,8
DA:257,680
DA:265,6
DA:272,115
DA:286,92
DA:290,92
DA:298,13
DA:299,13
DA:300,5
DA:301,5
DA:303,8
DA:311,10
DA:312,10
DA:321,10
DA:322,10
DA:323,425
DA:331,12
DA:338,115
DA:368,92
DA:396,6
DA:397,6
DA:398,6
DA:399,6
DA:400,6
DA:414,1
DA:427,115
DA:428,115
DA:429,115
DA:430,115
DA:431,115
DA:458,63
DA:459,63
DA:460,63
DA:461,1688
DA:463,63
DA:465,1688
DA:483,2
DA:484,2
DA:485,2
DA:486,4
DA:488,2
DA:490,4
DA:508,2
DA:509,2
DA:510,2
DA:511,4
DA:513,2
DA:515,4
DA:542,3
DA:543,3
DA:544,3
DA:545,8
DA:547,3
DA:549,8
LF:106
LH:106
BRDA:28,0,0,92
BRDA:38,1,0,8640
BRDA:38,1,1,15
BRDA:50,2,0,8652
BRDA:50,2,1,0
BRDA:93,3,0,92
BRDA:103,4,0,167
BRDA:103,4,1,13
BRDA:115,5,0,178
BRDA:115,5,1,0
BRDA:158,6,0,92
BRDA:168,7,0,1
BRDA:168,7,1,6
BRDA:180,8,0,5
BRDA:180,8,1,0
BRDA:223,9,0,92
BRDA:233,10,0,5692
BRDA:233,10,1,26
BRDA:245,11,0,5716
BRDA:245,11,1,0
BRDA:289,12,0,92
BRDA:299,13,0,5
BRDA:299,13,1,8
BRDA:311,14,0,10
BRDA:311,14,1,0
BRF:25
BRH:20
end_of_record
TN:
SF:src/utils/visualEffects.ts
FN:76,getNeonGlowEffect
FN:115,getNeonTextShadow
FN:144,(anonymous_2)
FN:172,getLayeredDepthEffect
FN:212,getCyberpunkGradient
FN:246,getSmoothTransition
FN:279,getKoreanFontOptimization
FN:323,mapGlowIntensityLevel
FN:352,getHoverStateStyles
FN:427,getFocusStateStyles
FN:463,getBackdropBlurEffect
FN:497,getTrigramSymbolGlow
FN:529,getGPUAccelerationHint
FN:557,combineShadowEffects
FN:596,getPulsingKeyframes
FNF:15
FNH:15
FNDA:614,getNeonGlowEffect
FNDA:1426,getNeonTextShadow
FNDA:3417,(anonymous_2)
FNDA:441,getLayeredDepthEffect
FNDA:5,getCyberpunkGradient
FNDA:2293,getSmoothTransition
FNDA:1060,getKoreanFontOptimization
FNDA:17,mapGlowIntensityLevel
FNDA:75,getHoverStateStyles
FNDA:7,getFocusStateStyles
FNDA:326,getBackdropBlurEffect
FNDA:17,getTrigramSymbolGlow
FNDA:3,getGPUAccelerationHint
FNDA:366,combineShadowEffects
FNDA:4,getPulsingKeyframes
DA:81,614
DA:88,614
DA:89,614
DA:90,614
DA:94,614
DA:119,1426
DA:142,1426
DA:143,1426
DA:145,3417
DA:173,441
DA:174,441
DA:176,441
DA:177,1169
DA:178,1169
DA:179,1169
DA:180,1169
DA:185,441
DA:218,5
DA:219,5
DA:221,5
DA:222,1
DA:225,4
DA:250,2293
DA:257,2293
DA:258,2293
DA:286,1060
DA:324,17
DA:325,13
DA:326,9
DA:327,5
DA:357,75
DA:362,75
DA:366,75
DA:370,75
DA:381,75
DA:385,75
DA:387,3
DA:389,2
DA:391,1
DA:393,0
DA:395,69
DA:401,0
DA:431,7
DA:436,7
DA:437,6
DA:443,1
DA:469,326
DA:501,17
DA:502,17
DA:504,17
DA:532,3
DA:558,366
DA:597,4
LF:53
LH:51
BRDA:78,0,0,614
BRDA:79,1,0,614
BRDA:90,2,0,551
BRDA:90,2,1,63
BRDA:117,3,0,1426
BRDA:215,4,0,5
BRDA:216,5,0,5
BRDA:221,6,0,1
BRDA:221,6,1,4
BRDA:247,7,0,2293
BRDA:248,8,0,2293
BRDA:281,9,0,1060
BRDA:324,10,0,4
BRDA:324,10,1,13
BRDA:325,11,0,4
BRDA:325,11,1,9
BRDA:326,12,0,4
BRDA:326,12,1,5
BRDA:354,13,0,75
BRDA:355,14,0,75
BRDA:385,15,0,3
BRDA:385,15,1,2
BRDA:385,15,2,1
BRDA:385,15,3,0
BRDA:385,15,4,69
BRDA:385,15,5,0
BRDA:429,16,0,7
BRDA:436,17,0,6
BRDA:436,17,1,1
BRDA:464,18,0,326
BRDA:465,19,0,326
BRDA:501,20,0,4
BRDA:501,20,1,13
BRDA:502,21,0,4
BRDA:502,21,1,13
BRDA:509,22,0,4
BRDA:509,22,1,13
BRDA:530,23,0,3
BRDA:596,24,0,4
BRF:39
BRH:37
end_of_record
TN:
SF:src/utils/performance/PerformanceMonitor.ts
FN:54,(anonymous_0)
FN:63,(anonymous_1)
FN:96,(anonymous_2)
FN:104,(anonymous_3)
FN:106,(anonymous_4)
FN:112,(anonymous_5)
FN:119,(anonymous_6)
FN:126,(anonymous_7)
FN:134,(anonymous_8)
FN:153,(anonymous_9)
FN:165,(anonymous_10)
FN:201,(anonymous_11)
FN:208,(anonymous_12)
FN:220,(anonymous_13)
FN:238,createPerformanceMonitor
FNF:15
FNH:15
FNDA:51,(anonymous_0)
FNDA:214,(anonymous_1)
FNDA:34,(anonymous_2)
FNDA:72,(anonymous_3)
FNDA:223,(anonymous_4)
FNDA:34,(anonymous_5)
FNDA:34,(anonymous_6)
FNDA:32,(anonymous_7)
FNDA:32,(anonymous_8)
FNDA:34,(anonymous_9)
FNDA:2,(anonymous_10)
FNDA:32,(anonymous_11)
FNDA:40,(anonymous_12)
FNDA:1,(anonymous_13)
FNDA:2,createPerformanceMonitor
DA:28,2
DA:36,2
DA:37,2
DA:43,51
DA:44,51
DA:45,51
DA:46,51
DA:48,51
DA:49,51
DA:52,51
DA:55,51
DA:64,214
DA:65,214
DA:66,214
DA:68,214
DA:70,211
DA:71,211
DA:72,211
DA:75,211
DA:76,211
DA:79,211
DA:80,45
DA:83,211
DA:86,211
DA:87,2
DA:90,211
DA:97,34
DA:98,2
DA:105,72
DA:106,223
DA:113,34
DA:120,34
DA:127,32
DA:128,32
DA:135,32
DA:136,32
DA:138,32
DA:155,34
DA:156,34
DA:157,0
DA:159,34
DA:166,2
DA:168,2
DA:169,2
DA:170,2
DA:173,2
DA:174,0
DA:177,0
DA:178,0
DA:182,2
DA:183,0
DA:186,0
DA:187,0
DA:191,2
DA:192,0
DA:193,0
DA:194,0
DA:202,32
DA:209,40
DA:210,40
DA:211,40
DA:212,40
DA:213,40
DA:214,40
DA:221,1
DA:222,1
DA:241,2
LF:67
LH:57
BRDA:54,0,0,51
BRDA:68,1,0,3
BRDA:68,1,1,211
BRDA:75,2,0,20
BRDA:75,2,1,191
BRDA:76,3,0,18
BRDA:76,3,1,193
BRDA:79,4,0,45
BRDA:79,4,1,166
BRDA:86,5,0,2
BRDA:86,5,1,209
BRDA:86,6,0,211
BRDA:86,6,1,211
BRDA:97,7,0,32
BRDA:97,7,1,2
BRDA:105,8,0,62
BRDA:105,8,1,10
BRDA:113,9,0,31
BRDA:113,9,1,3
BRDA:143,10,0,2
BRDA:143,10,1,30
BRDA:145,11,0,32
BRDA:145,11,1,32
BRDA:146,12,0,32
BRDA:146,12,1,32
BRDA:156,13,0,0
BRDA:156,13,1,34
BRDA:170,14,0,2
BRDA:170,14,1,2
BRDA:173,15,0,0
BRDA:173,15,1,2
BRDA:182,16,0,0
BRDA:182,16,1,2
BRDA:182,17,0,2
BRDA:182,17,1,0
BRDA:191,18,0,0
BRDA:191,18,1,2
BRF:37
BRH:32
end_of_record
TN:
SF:src/utils/performance/PerformanceOverlay3D.tsx
FN:23,(anonymous_0)
FN:219,(anonymous_1)
FNF:2
FNH:1
FNDA:60,(anonymous_0)
FNDA:0,(anonymous_1)
DA:23,1
DA:27,60
DA:32,60
DA:33,0
DA:36,60
DA:42,60
DA:220,0
LF:7
LH:5
BRDA:24,0,0,60
BRDA:25,1,0,60
BRDA:32,2,0,0
BRDA:32,2,1,60
BRDA:36,3,0,0
BRDA:36,3,1,60
BRDA:38,4,0,60
BRDA:38,4,1,0
BRDA:138,5,0,0
BRDA:138,5,1,60
BRDA:140,6,0,0
BRDA:140,6,1,60
BRDA:145,7,0,0
BRDA:145,7,1,60
BRDA:161,8,0,0
BRDA:161,8,1,60
BRDA:163,9,0,0
BRDA:163,9,1,60
BRDA:191,10,0,0
BRDA:191,10,1,60
BRDA:196,11,0,0
BRDA:196,11,1,60
BRDA:202,12,0,60
BRDA:202,12,1,0
BRF:24
BRH:13
end_of_record
TN:
SF:src/utils/performance/index.ts
FNF:0
FNH:0
LF:0
LH:0
BRF:0
BRH:0
end_of_record
TN:
SF:src/utils/performance/usePerformanceMonitor.ts
FN:50,usePerformanceMonitor
FN:55,(anonymous_1)
FN:58,(anonymous_2)
FN:63,(anonymous_3)
FN:68,(anonymous_4)
FN:77,(anonymous_5)
FN:96,(anonymous_6)
FN:97,(anonymous_7)
FNF:8
FNH:6
FNDA:60,usePerformanceMonitor
FNDA:0,(anonymous_1)
FNDA:30,(anonymous_2)
FNDA:30,(anonymous_3)
FNDA:30,(anonymous_4)
FNDA:0,(anonymous_5)
FNDA:30,(anonymous_6)
FNDA:30,(anonymous_7)
DA:53,60
DA:55,60
DA:58,60
DA:59,30
DA:63,60
DA:64,30
DA:68,60
DA:74,60
DA:77,60
DA:78,0
DA:80,0
DA:83,0
DA:84,0
DA:85,0
DA:87,0
DA:96,60
DA:97,30
DA:98,30
DA:102,60
LF:19
LH:13
BRDA:51,0,0,60
BRDA:53,1,0,60
BRDA:53,2,0,60
BRDA:78,3,0,0
BRDA:78,3,1,0
BRDA:84,4,0,0
BRDA:84,4,1,0
BRF:7
BRH:3
end_of_record
